DEBUG 2017-09-26 17:06:42,399: 	 Executing command: 'submit'
DEBUG 2017-09-26 17:06:42,400: 	 Found CRAB cache file /home/users/mmasciov/.crab3
DEBUG 2017-09-26 17:06:42,407: 	 Checking credentials
DEBUG 2017-09-26 17:06:42,408: 	 Found proxy file /tmp/x509up_u31607
DEBUG 2017-09-26 17:06:42,408: 	 Getting proxy life time left
DEBUG 2017-09-26 17:06:42,511: 	 Executing : 
 command : voms-proxy-info -file /tmp/x509up_u31607 -timeleft
 output : 591713

 error: 
 retcode : 0
DEBUG 2017-09-26 17:06:42,614: 	 Executing : 
 command : voms-proxy-info -file /tmp/x509up_u31607 -actimeleft
 output : 591713

 error: 
 retcode : 0
DEBUG 2017-09-26 17:06:42,614: 	 Proxy valid for 164:21:53 hours
INFO 2017-09-26 17:06:42,614: 	 Will use CRAB configuration file crabConfig_MC.py
DEBUG 2017-09-26 17:06:42,615: 	 Loading CRAB configuration file.
DEBUG 2017-09-26 17:06:42,655: 	 Will use CRAB Analysis plugin (i.e. will run an analysis job type).
DEBUG 2017-09-26 17:06:42,769: 	 Executing : 
 command : openssl x509 -in ~/.globus/usercert.pem -subject -noout
 output : subject= /DC=ch/DC=cern/OU=Organic Units/OU=Users/CN=mmasciov/CN=720044/CN=Mario Masciovecchio

 error: 
 retcode : 0
DEBUG 2017-09-26 17:06:42,769: 	 Checking credentials
DEBUG 2017-09-26 17:06:42,769: 	 Found proxy file /tmp/x509up_u31607
DEBUG 2017-09-26 17:06:42,770: 	 Getting proxy life time left
DEBUG 2017-09-26 17:06:42,873: 	 Executing : 
 command : voms-proxy-info -file /tmp/x509up_u31607 -timeleft
 output : 591713

 error: 
 retcode : 0
DEBUG 2017-09-26 17:06:42,976: 	 Executing : 
 command : voms-proxy-info -file /tmp/x509up_u31607 -actimeleft
 output : 591713

 error: 
 retcode : 0
DEBUG 2017-09-26 17:06:42,976: 	 Proxy valid for 164:21:53 hours
DEBUG 2017-09-26 17:06:43,080: 	 Executing : 
 command : env X509_USER_PROXY=/tmp/x509up_u31607 voms-proxy-info -fqan
 output : /cms/Role=NULL/Capability=NULL

 error: 
 retcode : 0
DEBUG 2017-09-26 17:06:44,421: 	 Registering user credentials for server /DC=ch/DC=cern/OU=computers/CN=vocms(045|052|021|031|0118|0118a|0119|0108|0105|0109).cern.ch
DEBUG 2017-09-26 17:06:44,530: 	 Executing : 
 command : openssl x509 -in ~/.globus/usercert.pem -subject -noout
 output : subject= /DC=ch/DC=cern/OU=Organic Units/OU=Users/CN=mmasciov/CN=720044/CN=Mario Masciovecchio

 error: 
 retcode : 0
DEBUG 2017-09-26 17:06:44,530: 	 Getting myproxy life time left for myproxy.cern.ch
DEBUG 2017-09-26 17:06:44,530: 	 Calculating hash of /DC=ch/DC=cern/OU=Organic Units/OU=Users/CN=mmasciov/CN=720044/CN=Mario Masciovecchio_cmsweb.cern.ch for credential name
DEBUG 2017-09-26 17:06:45,736: 	 Executing : 
 command : myproxy-info -l 675d286d0e68c23071389f9d911f5838308f7790 -s myproxy.cern.ch
 output : username: 675d286d0e68c23071389f9d911f5838308f7790
owner: /DC=ch/DC=cern/OU=Organic Units/OU=Users/CN=mmasciov/CN=720044/CN=Mario Masciovecchio
  renewal policy: /DC=ch/DC=cern/OU=computers/CN=vocms(045|052|021|031|0118|0118a|0119|0108|0105|0109).cern.ch
  trusted retrieval policy: /DC=ch/DC=cern/OU=computers/CN=vocms(045|052|021|031|0118|0118a|0119|0108|0105|0109).cern.ch
  timeleft: 716:21:10  (29.8 days)

 error: 
 retcode : 0
DEBUG 2017-09-26 17:06:45,737: 	 Myproxy is valid: 2578870
DEBUG 2017-09-26 17:06:45,737: 	 Command use: submit
DEBUG 2017-09-26 17:06:45,737: 	 Options use: ['-c', 'crabConfig_MC.py']
DEBUG 2017-09-26 17:06:46,912: 	 CRABClient version: 3.3.1707.patch1
DEBUG 2017-09-26 17:06:46,912: 	 Instance is prod
DEBUG 2017-09-26 17:06:46,912: 	 Server base url is cmsweb.cern.ch
DEBUG 2017-09-26 17:06:46,912: 	 Command url /crabserver/prod/workflow
DEBUG 2017-09-26 17:06:46,912: 	 Started submission
DEBUG 2017-09-26 17:06:46,912: 	 Working on /home/users/mmasciov/MT2/8_0_26/src/Histo/HistoAnalyzer/python/crab_projects/crab_stoppedTracks_wlnu_ht400to600_Sep2017
DEBUG 2017-09-26 17:06:48,169: 	 Loading required information from the environment
DEBUG 2017-09-26 17:06:48,169: 	 Found CMSSW_8_0_26 for slc6_amd64_gcc530 with base /home/users/mmasciov/MT2/8_0_26
DEBUG 2017-09-26 17:06:48,169: 	 Loading required information from the environment
DEBUG 2017-09-26 17:06:48,169: 	 Found CMSSW_8_0_26 for slc6_amd64_gcc530 with base /home/users/mmasciov/MT2/8_0_26
DEBUG 2017-09-26 17:06:48,182: 	 UNIQUE NAME: tarUUID 8b252c7a-00ec-45d2-ac7a-78dea02ec1c9 
DEBUG 2017-09-26 17:06:48,183: 	 self.config: from WMCore.Configuration import Configuration
config = Configuration()
config.section_('General')
config.General.transferLogs = False
config.General.transferOutputs = True
config.General.workArea = 'crab_projects'
config.General.requestName = 'stoppedTracks_wlnu_ht400to600_Sep2017'
config.section_('JobType')
config.JobType.psetName = 'ConfFile_cfg.py'
config.JobType.pluginName = 'Analysis'
config.section_('Data')
config.Data.inputDataset = '/WJetsToLNu_HT-400To600_TuneCUETP8M1_13TeV-madgraphMLM-pythia8/RunIISummer16DR80Premix-PUMoriond17_80X_mcRun2_asymptotic_2016_TrancheIV_v6-v1/AODSIM'
config.Data.outputDatasetTag = 'WJetsLNu_HT400to600_Sep2017'
config.Data.publication = False
config.Data.unitsPerJob = 10
config.Data.inputDBS = 'global'
config.Data.splitting = 'FileBased'
config.Data.outLFNDirBase = '/store/user/mmasciov/'
config.section_('Site')
config.Site.storageSite = 'T2_US_UCSD'
config.section_('User')
config.section_('Debug')

DEBUG 2017-09-26 17:06:48,183: 	 self.config.JobType.psetName: ConfFile_cfg.py
INFO 2017-09-26 17:06:48,183: 	 Importing CMSSW configuration ConfFile_cfg.py
INFO 2017-09-26 17:06:48,302: 	 Finished importing CMSSW configuration ConfFile_cfg.py
DEBUG 2017-09-26 17:06:48,302: 	 Writing CMSSW configuration to /home/users/mmasciov/MT2/8_0_26/src/Histo/HistoAnalyzer/python/crab_projects/crab_stoppedTracks_wlnu_ht400to600_Sep2017/inputs/PSet.py
DEBUG 2017-09-26 17:06:48,328: 	 The following EDM output files will be collected: []
DEBUG 2017-09-26 17:06:48,328: 	 The following TFile output files will be collected: ['wlnu_ht400to600.root']
DEBUG 2017-09-26 17:06:48,328: 	 The following user output files will be collected: []
DEBUG 2017-09-26 17:06:48,328: 	 Loading required information from the environment
DEBUG 2017-09-26 17:06:48,328: 	 Found CMSSW_8_0_26 for slc6_amd64_gcc530 with base /home/users/mmasciov/MT2/8_0_26
DEBUG 2017-09-26 17:06:48,328: 	 Making tarball in /home/users/mmasciov/MT2/8_0_26/src/Histo/HistoAnalyzer/python/crab_projects/crab_stoppedTracks_wlnu_ht400to600_Sep2017/inputs/8b252c7a-00ec-45d2-ac7a-78dea02ec1c9default.tgz
DEBUG 2017-09-26 17:06:48,388: 	 Checking directory /home/users/mmasciov/MT2/8_0_26/lib
DEBUG 2017-09-26 17:06:48,388: 	 Adding directory /home/users/mmasciov/MT2/8_0_26/lib to tarball
DEBUG 2017-09-26 17:06:48,648: 	 Checking directory /home/users/mmasciov/MT2/8_0_26/biglib
DEBUG 2017-09-26 17:06:48,648: 	 Adding directory /home/users/mmasciov/MT2/8_0_26/biglib to tarball
DEBUG 2017-09-26 17:06:48,649: 	 Checking directory /home/users/mmasciov/MT2/8_0_26/module
DEBUG 2017-09-26 17:06:50,929: 	 Adding data directory /home/users/mmasciov/MT2/8_0_26/src/PhysicsTools/HepMCCandAlgos/data to tarball
DEBUG 2017-09-26 17:06:51,056: 	 Adding data directory /home/users/mmasciov/MT2/8_0_26/src/PhysicsTools/HepMCCandAlgos/interface to tarball
DEBUG 2017-09-26 17:06:51,946: 	 Uploading archive /home/users/mmasciov/MT2/8_0_26/src/Histo/HistoAnalyzer/python/crab_projects/crab_stoppedTracks_wlnu_ht400to600_Sep2017/inputs/8b252c7a-00ec-45d2-ac7a-78dea02ec1c9default.tgz (0.693359.1 MB) to the CRAB cache. Using URI https://cmsweb.cern.ch/crabcache
DEBUG 2017-09-26 17:06:55,386: 	 Loading required information from the environment
DEBUG 2017-09-26 17:06:55,386: 	 Found CMSSW_8_0_26 for slc6_amd64_gcc530 with base /home/users/mmasciov/MT2/8_0_26
DEBUG 2017-09-26 17:06:55,386: 	 Making tarball in /home/users/mmasciov/MT2/8_0_26/src/Histo/HistoAnalyzer/python/crab_projects/crab_stoppedTracks_wlnu_ht400to600_Sep2017/inputs/debugFiles.tgz
DEBUG 2017-09-26 17:06:55,390: 	 Uploading archive /home/users/mmasciov/MT2/8_0_26/src/Histo/HistoAnalyzer/python/crab_projects/crab_stoppedTracks_wlnu_ht400to600_Sep2017/inputs/debugFiles.tgz (1 KB) to the CRAB cache. Using URI https://cmsweb.cern.ch/crabcache
DEBUG 2017-09-26 17:06:56,872: 	 Result uploading input files: 74ad9fc18d412398395480d6b410816e6056a4c4c003e42190c64297596ae7da.tar.gz 
INFO 2017-09-26 17:06:56,872: 	 Sending the request to the server
DEBUG 2017-09-26 17:06:56,872: 	 Submitting {'maxjobruntime': 1250, 'extrajdl': [], 'ignorelocality': 0, 'savelogsflag': 0, 'useparent': 0, 'asyncdest': 'T2_US_UCSD', 'algoargs': 10, 'cachefilename': '74ad9fc18d412398395480d6b410816e6056a4c4c003e42190c64297596ae7da.tar.gz', 'numcores': 1, 'addoutputfiles': [], 'generator': 'pythia', 'maxmemory': 2000, 'publishdbsurl': 'https://cmsweb.cern.ch/dbs/prod/phys03/DBSWriter', 'priority': 10, 'jobsw': 'CMSSW_8_0_26', 'edmoutfiles': [], 'userfiles': [], 'primarydataset': '', 'inputdata': '/WJetsToLNu_HT-400To600_TuneCUETP8M1_13TeV-madgraphMLM-pythia8/RunIISummer16DR80Premix-PUMoriond17_80X_mcRun2_asymptotic_2016_TrancheIV_v6-v1/AODSIM', 'lfn': '/store/user/mmasciov/', 'dryrun': 0, 'workflow': 'crab_stoppedTracks_wlnu_ht400to600_Sep2017', 'cacheurl': u'https://cmsweb.cern.ch/crabcache', 'nonprodsw': 0, 'tfileoutfiles': ['wlnu_ht400to600.root'], 'oneEventMode': 0, 'debugfilename': 'bb8501d1e16ea90e61769a8a43c90c7332a3257c9317b16cb74df02b562e980d.tar.gz', 'saveoutput': 1, 'publication': 0, 'jobarch': 'slc6_amd64_gcc530', 'totalunits': 0, 'splitalgo': 'FileBased', 'ignoreglobalblacklist': 0, 'nonvaliddata': 0, 'dbsurl': 'https://cmsweb.cern.ch/dbs/prod/global/DBSReader', 'publishgroupname': 0, 'jobtype': 'Analysis', 'publishname2': 'WJetsLNu_HT400to600_Sep2017'} 
DEBUG 2017-09-26 17:06:56,873: 	 Encoded submit request: maxjobruntime=1250&ignorelocality=0&savelogsflag=0&useparent=0&asyncdest=T2_US_UCSD&algoargs=10&cachefilename=74ad9fc18d412398395480d6b410816e6056a4c4c003e42190c64297596ae7da.tar.gz&numcores=1&generator=pythia&maxmemory=2000&publishdbsurl=https%3A%2F%2Fcmsweb.cern.ch%2Fdbs%2Fprod%2Fphys03%2FDBSWriter&priority=10&jobsw=CMSSW_8_0_26&primarydataset=&inputdata=%2FWJetsToLNu_HT-400To600_TuneCUETP8M1_13TeV-madgraphMLM-pythia8%2FRunIISummer16DR80Premix-PUMoriond17_80X_mcRun2_asymptotic_2016_TrancheIV_v6-v1%2FAODSIM&lfn=%2Fstore%2Fuser%2Fmmasciov%2F&dryrun=0&workflow=crab_stoppedTracks_wlnu_ht400to600_Sep2017&cacheurl=https%3A%2F%2Fcmsweb.cern.ch%2Fcrabcache&nonprodsw=0&oneEventMode=0&debugfilename=bb8501d1e16ea90e61769a8a43c90c7332a3257c9317b16cb74df02b562e980d.tar.gz&saveoutput=1&publication=0&jobarch=slc6_amd64_gcc530&totalunits=0&splitalgo=FileBased&ignoreglobalblacklist=0&nonvaliddata=0&dbsurl=https%3A%2F%2Fcmsweb.cern.ch%2Fdbs%2Fprod%2Fglobal%2FDBSReader&publishgroupname=0&jobtype=Analysis&publishname2=WJetsLNu_HT400to600_Sep2017&tfileoutfiles=wlnu_ht400to600.root
DEBUG 2017-09-26 17:06:58,523: 	 Result: {u'result': [{u'RequestName': u'170927_000658:mmasciov_crab_stoppedTracks_wlnu_ht400to600_Sep2017'}]}
INFO 2017-09-26 17:06:58,525: 	 Success: Your task has been delivered to the CRAB3 server.
INFO 2017-09-26 17:06:58,525: 	 Task name: 170927_000658:mmasciov_crab_stoppedTracks_wlnu_ht400to600_Sep2017
INFO 2017-09-26 17:06:58,525: 	 Please use 'crab status' to check how the submission process proceeds.
DEBUG 2017-09-26 17:06:58,525: 	 About to return
INFO 2017-09-26 17:06:58,530: 	 Log file is /home/users/mmasciov/MT2/8_0_26/src/Histo/HistoAnalyzer/python/crab_projects/crab_stoppedTracks_wlnu_ht400to600_Sep2017/crab.log
DEBUG 2017-09-27 07:52:17,152: 	 Executing command: 'resubmit'
DEBUG 2017-09-27 07:52:17,152: 	 Found CRAB cache file /home/users/mmasciov/.crab3
DEBUG 2017-09-27 07:52:17,159: 	 Checking credentials
DEBUG 2017-09-27 07:52:17,160: 	 Found proxy file /tmp/x509up_u31607
DEBUG 2017-09-27 07:52:17,160: 	 Getting proxy life time left
DEBUG 2017-09-27 07:52:17,263: 	 Executing : 
 command : voms-proxy-info -file /tmp/x509up_u31607 -timeleft
 output : 538578

 error: 
 retcode : 0
DEBUG 2017-09-27 07:52:17,366: 	 Executing : 
 command : voms-proxy-info -file /tmp/x509up_u31607 -actimeleft
 output : 538578

 error: 
 retcode : 0
DEBUG 2017-09-27 07:52:17,366: 	 Proxy valid for 149:36:18 hours
DEBUG 2017-09-27 07:52:17,503: 	 Executing : 
 command : openssl x509 -in ~/.globus/usercert.pem -subject -noout
 output : subject= /DC=ch/DC=cern/OU=Organic Units/OU=Users/CN=mmasciov/CN=720044/CN=Mario Masciovecchio

 error: 
 retcode : 0
DEBUG 2017-09-27 07:52:17,503: 	 Checking credentials
DEBUG 2017-09-27 07:52:17,503: 	 Found proxy file /tmp/x509up_u31607
DEBUG 2017-09-27 07:52:17,503: 	 Getting proxy life time left
DEBUG 2017-09-27 07:52:17,606: 	 Executing : 
 command : voms-proxy-info -file /tmp/x509up_u31607 -timeleft
 output : 538578

 error: 
 retcode : 0
DEBUG 2017-09-27 07:52:17,710: 	 Executing : 
 command : voms-proxy-info -file /tmp/x509up_u31607 -actimeleft
 output : 538578

 error: 
 retcode : 0
DEBUG 2017-09-27 07:52:17,710: 	 Proxy valid for 149:36:18 hours
DEBUG 2017-09-27 07:52:18,872: 	 Registering user credentials for server /DC=ch/DC=cern/OU=computers/CN=vocms(045|052|021|031|0118|0118a|0119|0108|0105|0109).cern.ch
DEBUG 2017-09-27 07:52:18,980: 	 Executing : 
 command : openssl x509 -in ~/.globus/usercert.pem -subject -noout
 output : subject= /DC=ch/DC=cern/OU=Organic Units/OU=Users/CN=mmasciov/CN=720044/CN=Mario Masciovecchio

 error: 
 retcode : 0
DEBUG 2017-09-27 07:52:18,980: 	 Getting myproxy life time left for myproxy.cern.ch
DEBUG 2017-09-27 07:52:18,980: 	 Calculating hash of /DC=ch/DC=cern/OU=Organic Units/OU=Users/CN=mmasciov/CN=720044/CN=Mario Masciovecchio_cmsweb.cern.ch for credential name
DEBUG 2017-09-27 07:52:19,985: 	 Executing : 
 command : myproxy-info -l 675d286d0e68c23071389f9d911f5838308f7790 -s myproxy.cern.ch
 output : username: 675d286d0e68c23071389f9d911f5838308f7790
owner: /DC=ch/DC=cern/OU=Organic Units/OU=Users/CN=mmasciov/CN=720044/CN=Mario Masciovecchio
  renewal policy: /DC=ch/DC=cern/OU=computers/CN=vocms(045|052|021|031|0118|0118a|0119|0108|0105|0109).cern.ch
  trusted retrieval policy: /DC=ch/DC=cern/OU=computers/CN=vocms(045|052|021|031|0118|0118a|0119|0108|0105|0109).cern.ch
  timeleft: 701:35:36  (29.2 days)

 error: 
 retcode : 0
DEBUG 2017-09-27 07:52:19,986: 	 Myproxy is valid: 2525736
DEBUG 2017-09-27 07:52:19,986: 	 Command use: resubmit
DEBUG 2017-09-27 07:52:19,986: 	 Options use: ['-d', 'crab_projects/crab_stoppedTracks_wlnu_ht400to600_Sep2017/']
DEBUG 2017-09-27 07:52:21,152: 	 CRABClient version: 3.3.1707.patch1
DEBUG 2017-09-27 07:52:21,152: 	 Instance is prod
DEBUG 2017-09-27 07:52:21,152: 	 Server base url is cmsweb.cern.ch
DEBUG 2017-09-27 07:52:21,152: 	 Command url /crabserver/prod/workflow
DEBUG 2017-09-27 07:52:21,152: 	 Executing command: 'status'
DEBUG 2017-09-27 07:52:21,153: 	 Found CRAB cache file /home/users/mmasciov/.crab3
DEBUG 2017-09-27 07:52:21,159: 	 Checking credentials
DEBUG 2017-09-27 07:52:21,159: 	 Found proxy file /tmp/x509up_u31607
DEBUG 2017-09-27 07:52:21,159: 	 Getting proxy life time left
DEBUG 2017-09-27 07:52:21,262: 	 Executing : 
 command : voms-proxy-info -file /tmp/x509up_u31607 -timeleft
 output : 538574

 error: 
 retcode : 0
DEBUG 2017-09-27 07:52:21,366: 	 Executing : 
 command : voms-proxy-info -file /tmp/x509up_u31607 -actimeleft
 output : 538574

 error: 
 retcode : 0
DEBUG 2017-09-27 07:52:21,366: 	 Proxy valid for 149:36:14 hours
DEBUG 2017-09-27 07:52:21,477: 	 Executing : 
 command : openssl x509 -in ~/.globus/usercert.pem -subject -noout
 output : subject= /DC=ch/DC=cern/OU=Organic Units/OU=Users/CN=mmasciov/CN=720044/CN=Mario Masciovecchio

 error: 
 retcode : 0
DEBUG 2017-09-27 07:52:21,477: 	 Checking credentials
DEBUG 2017-09-27 07:52:21,477: 	 Found proxy file /tmp/x509up_u31607
DEBUG 2017-09-27 07:52:21,477: 	 Getting proxy life time left
DEBUG 2017-09-27 07:52:21,580: 	 Executing : 
 command : voms-proxy-info -file /tmp/x509up_u31607 -timeleft
 output : 538574

 error: 
 retcode : 0
DEBUG 2017-09-27 07:52:21,684: 	 Executing : 
 command : voms-proxy-info -file /tmp/x509up_u31607 -actimeleft
 output : 538574

 error: 
 retcode : 0
DEBUG 2017-09-27 07:52:21,684: 	 Proxy valid for 149:36:14 hours
DEBUG 2017-09-27 07:52:22,847: 	 Registering user credentials for server /DC=ch/DC=cern/OU=computers/CN=vocms(045|052|021|031|0118|0118a|0119|0108|0105|0109).cern.ch
DEBUG 2017-09-27 07:52:22,956: 	 Executing : 
 command : openssl x509 -in ~/.globus/usercert.pem -subject -noout
 output : subject= /DC=ch/DC=cern/OU=Organic Units/OU=Users/CN=mmasciov/CN=720044/CN=Mario Masciovecchio

 error: 
 retcode : 0
DEBUG 2017-09-27 07:52:22,956: 	 Getting myproxy life time left for myproxy.cern.ch
DEBUG 2017-09-27 07:52:22,956: 	 Calculating hash of /DC=ch/DC=cern/OU=Organic Units/OU=Users/CN=mmasciov/CN=720044/CN=Mario Masciovecchio_cmsweb.cern.ch for credential name
DEBUG 2017-09-27 07:52:23,962: 	 Executing : 
 command : myproxy-info -l 675d286d0e68c23071389f9d911f5838308f7790 -s myproxy.cern.ch
 output : username: 675d286d0e68c23071389f9d911f5838308f7790
owner: /DC=ch/DC=cern/OU=Organic Units/OU=Users/CN=mmasciov/CN=720044/CN=Mario Masciovecchio
  renewal policy: /DC=ch/DC=cern/OU=computers/CN=vocms(045|052|021|031|0118|0118a|0119|0108|0105|0109).cern.ch
  trusted retrieval policy: /DC=ch/DC=cern/OU=computers/CN=vocms(045|052|021|031|0118|0118a|0119|0108|0105|0109).cern.ch
  timeleft: 701:35:32  (29.2 days)

 error: 
 retcode : 0
DEBUG 2017-09-27 07:52:23,962: 	 Myproxy is valid: 2525732
DEBUG 2017-09-27 07:52:23,962: 	 Command use: status
DEBUG 2017-09-27 07:52:23,962: 	 Options use: []
DEBUG 2017-09-27 07:52:25,117: 	 CRABClient version: 3.3.1707.patch1
DEBUG 2017-09-27 07:52:25,118: 	 Instance is prod
DEBUG 2017-09-27 07:52:25,118: 	 Server base url is cmsweb.cern.ch
DEBUG 2017-09-27 07:52:25,118: 	 Command url /crabserver/prod/workflow
DEBUG 2017-09-27 07:52:26,292: 	 Got information from server oracle database: {u'result': [u'170927_000658:mmasciov_crab_stoppedTracks_wlnu_ht400to600_Sep2017', u'None', u'SUBMITTED', u'2017-09-27 00:06:58.422469', u'None', u'2017-09-27 00:08:17.779387', u'None', u'CMSSW_8_0_26', u'slc6_amd64_gcc530', u'/WJetsToLNu_HT-400To600_TuneCUETP8M1_13TeV-madgraphMLM-pythia8/RunIISummer16DR80Premix-PUMoriond17_80X_mcRun2_asymptotic_2016_TrancheIV_v6-v1/AODSIM', u'[]', u'[]', u'FileBased', u"{'splitOnRun': False, 'halt_job_on_file_boundaries': False, 'files_per_job': 10, 'runs': [], 'lumis': []}", u'0', u'74ad9fc18d412398395480d6b410816e6056a4c4c003e42190c64297596ae7da.tar.gz', u'https://cmsweb.cern.ch/crabcache', u'mmasciov', u'/DC=ch/DC=cern/OU=Organic Units/OU=Users/CN=mmasciov/CN=720044/CN=Mario Masciovecchio', u'cms', u'None', u'None', u'WJetsLNu_HT400to600_Sep2017-00000000000000000000000000000000', u'T2_US_UCSD', u'https://cmsweb.cern.ch/dbs/prod/global/DBSReader', u'https://cmsweb.cern.ch/dbs/prod/phys03/DBSWriter', u'F', u'Analysis', u'{}', u'[]', u'F', u'vocms052', u'[]', u'1250', u'1', u'2000', u'10', u'None', u'http://vocms0195.cern.ch/mon/cms1422/170927_000658:mmasciov_crab_stoppedTracks_wlnu_ht400to600_Sep2017', u'None', u'None', u'[]', u'[]', u'[]', u'pythia', u'[]', u"['wlnu_ht400to600.root']", u'[]', u'https://cmsweb.cern.ch/crabserver/prod', u'None', u'0', u'cmsgwms-collector-global.cern.ch:9620,cmssrv221.fnal.gov:9620', u'crab3@vocms0195.cern.ch', u'F', u'[]', u'T', u'/store/user/mmasciov/', u'F', u'None', u'F', u'F', u'F', u'None', u'WJetsToLNu_HT-400To600_TuneCUETP8M1_13TeV-madgraphMLM-pythia8', u'filetransfers', u'SUBMIT', u'11831262', u'bb8501d1e16ea90e61769a8a43c90c7332a3257c9317b16cb74df02b562e980d.tar.gz', u'169.228.130.5', u'F', u'None'], u'desc': {u'columns': [u'tm_taskname', u'panda_jobset_id', u'tm_task_status', u'tm_start_time', u'tm_start_injection', u'tm_end_injection', u'tm_task_failure', u'tm_job_sw', u'tm_job_arch', u'tm_input_dataset', u'tm_site_whitelist', u'tm_site_blacklist', u'tm_split_algo', u'tm_split_args', u'tm_totalunits', u'tm_user_sandbox', u'tm_cache_url', u'tm_username', u'tm_user_dn', u'tm_user_vo', u'tm_user_role', u'tm_user_group', u'tm_publish_name', u'tm_asyncdest', u'tm_dbs_url', u'tm_publish_dbs_url', u'tm_publication', u'tm_job_type', u'tm_arguments', u'panda_resubmitted_jobs', u'tm_save_logs', u'tw_name', u'tm_user_infiles', u'tm_maxjobruntime', u'tm_numcores', u'tm_maxmemory', u'tm_priority', u'tm_output_dataset', u'tm_user_webdir', u'tm_activity', u'tm_scriptexe', u'tm_scriptargs', u'tm_extrajdl', u'tm_task_warnings', u'tm_generator', u'tm_outfiles', u'tm_tfile_outfiles', u'tm_edm_outfiles', u'tm_asourl', u'tm_events_per_lumi', u'tm_use_parent', u'tm_collector', u'tm_schedd', u'tm_dry_run', u'tm_user_files', u'tm_transfer_outputs', u'tm_output_lfn', u'tm_ignore_locality', u'tm_fail_limit', u'tm_one_event_mode', u'tm_publish_groupname', u'tm_nonvalid_input_dataset', u'tm_secondary_input_dataset', u'tm_primary_dataset', u'tm_asodb', u'tm_task_command', u'clusterid', u'tm_debug_files', u'tm_submitter_ip_addr', u'tm_ignore_global_blacklist', u'tm_last_publication']}}
INFO 2017-09-27 07:52:26,293: 	 CRAB project directory:		/home/users/mmasciov/MT2/8_0_26/src/Histo/HistoAnalyzer/python/crab_projects/crab_stoppedTracks_wlnu_ht400to600_Sep2017
INFO 2017-09-27 07:52:26,293: 	 Task name:			170927_000658:mmasciov_crab_stoppedTracks_wlnu_ht400to600_Sep2017
INFO 2017-09-27 07:52:26,293: 	 Grid scheduler:			crab3@vocms0195.cern.ch
INFO 2017-09-27 07:52:26,293: 	 Status on the CRAB server:	SUBMITTED
INFO 2017-09-27 07:52:26,293: 	 Task URL to use for HELP:	https://cmsweb.cern.ch/crabserver/ui/task/170927_000658%3Ammasciov_crab_stoppedTracks_wlnu_ht400to600_Sep2017
INFO 2017-09-27 07:52:26,293: 	 Dashboard monitoring URL:	http://dashb-cms-job.cern.ch/dashboard/templates/task-analysis/#user=mmasciov&refresh=0&table=Jobs&p=1&records=25&activemenu=2&status=&site=&tid=170927_000658%3Ammasciov_crab_stoppedTracks_wlnu_ht400to600_Sep2017
DEBUG 2017-09-27 07:52:26,293: 	 The CRAB server submitted your task to the Grid scheduler (cluster ID: 11831262)
DEBUG 2017-09-27 07:52:26,293: 	 Webdir is located at http://vocms0195.cern.ch/mon/cms1422/170927_000658:mmasciov_crab_stoppedTracks_wlnu_ht400to600_Sep2017
DEBUG 2017-09-27 07:52:27,487: 	 Proxied webdir is located at https://cmsweb.cern.ch/scheddmon/0195/cms1422/170927_000658:mmasciov_crab_stoppedTracks_wlnu_ht400to600_Sep2017
DEBUG 2017-09-27 07:52:27,487: 	 Retrieving 'status_cache' file from https://cmsweb.cern.ch/scheddmon/0195/cms1422/170927_000658:mmasciov_crab_stoppedTracks_wlnu_ht400to600_Sep2017/status_cache
DEBUG 2017-09-27 07:52:28,624: 	 Got information from status cache file: {'24': {'Retries': 0, 'WallDurations': [0], 'StartTimes': [], 'SubmitTimes': [1506470895.0], 'JobIds': ['11831288.0'], 'EndTimes': [], 'Restarts': 0, 'RecordedSite': False, 'State': 'idle', 'ResidentSetSize': [0], 'TotalUserCpuTimeHistory': [0.0], 'SiteHistory': ['Unknown'], 'TotalSysCpuTimeHistory': [0.0]}, '20': {'Retries': 0, 'WallDurations': [0], 'StartTimes': [], 'SubmitTimes': [1506470894.0], 'JobIds': ['11831279.0'], 'EndTimes': [], 'Restarts': 0, 'RecordedSite': False, 'State': 'idle', 'ResidentSetSize': [0], 'TotalUserCpuTimeHistory': [0.0], 'SiteHistory': ['Unknown'], 'TotalSysCpuTimeHistory': [0.0]}, '21': {'Retries': 0, 'WallDurations': [0], 'StartTimes': [], 'SubmitTimes': [1506470895.0], 'JobIds': ['11831286.0'], 'EndTimes': [], 'Restarts': 0, 'RecordedSite': False, 'State': 'idle', 'ResidentSetSize': [0], 'TotalUserCpuTimeHistory': [0.0], 'SiteHistory': ['Unknown'], 'TotalSysCpuTimeHistory': [0.0]}, '22': {'Retries': 0, 'WallDurations': [0], 'StartTimes': [], 'SubmitTimes': [1506470895.0], 'JobIds': ['11831287.0'], 'EndTimes': [], 'Restarts': 0, 'RecordedSite': False, 'State': 'idle', 'ResidentSetSize': [0], 'TotalUserCpuTimeHistory': [0.0], 'SiteHistory': ['Unknown'], 'TotalSysCpuTimeHistory': [0.0]}, '23': {'Retries': 0, 'WallDurations': [0], 'StartTimes': [], 'SubmitTimes': [1506470894.0], 'JobIds': ['11831285.0'], 'EndTimes': [], 'Restarts': 0, 'RecordedSite': False, 'State': 'idle', 'ResidentSetSize': [0], 'TotalUserCpuTimeHistory': [0.0], 'SiteHistory': ['Unknown'], 'TotalSysCpuTimeHistory': [0.0]}, '1': {'Retries': 0, 'WallDurations': [0], 'StartTimes': [], 'SubmitTimes': [1506470892.0], 'JobIds': ['11831265.0'], 'EndTimes': [], 'Restarts': 0, 'RecordedSite': False, 'State': 'idle', 'ResidentSetSize': [0], 'TotalUserCpuTimeHistory': [0.0], 'SiteHistory': ['Unknown'], 'TotalSysCpuTimeHistory': [0.0]}, '3': {'Retries': 0, 'WallDurations': [0], 'StartTimes': [], 'SubmitTimes': [1506470893.0], 'JobIds': ['11831267.0'], 'EndTimes': [], 'Restarts': 0, 'RecordedSite': False, 'State': 'idle', 'ResidentSetSize': [0], 'TotalUserCpuTimeHistory': [0.0], 'SiteHistory': ['Unknown'], 'TotalSysCpuTimeHistory': [0.0]}, '2': {'Retries': 0, 'WallDurations': [0], 'StartTimes': [], 'SubmitTimes': [1506470892.0], 'JobIds': ['11831266.0'], 'EndTimes': [], 'Restarts': 0, 'RecordedSite': False, 'State': 'idle', 'ResidentSetSize': [0], 'TotalUserCpuTimeHistory': [0.0], 'SiteHistory': ['Unknown'], 'TotalSysCpuTimeHistory': [0.0]}, '5': {'Retries': 0, 'WallDurations': [0], 'StartTimes': [], 'SubmitTimes': [1506470893.0], 'JobIds': ['11831269.0'], 'EndTimes': [], 'Restarts': 0, 'RecordedSite': False, 'State': 'idle', 'ResidentSetSize': [0], 'TotalUserCpuTimeHistory': [0.0], 'SiteHistory': ['Unknown'], 'TotalSysCpuTimeHistory': [0.0]}, '4': {'Retries': 0, 'WallDurations': [0], 'StartTimes': [], 'SubmitTimes': [1506470893.0], 'JobIds': ['11831268.0'], 'EndTimes': [], 'Restarts': 0, 'RecordedSite': False, 'State': 'idle', 'ResidentSetSize': [0], 'TotalUserCpuTimeHistory': [0.0], 'SiteHistory': ['Unknown'], 'TotalSysCpuTimeHistory': [0.0]}, '7': {'Retries': 0, 'WallDurations': [9.0, 6296.0], 'StartTimes': [1506504785.0], 'SubmitTimes': [1506470893.0], 'JobIds': ['11831271.0'], 'EndTimes': [1506511081.0], 'Restarts': 0, 'RecordedSite': True, 'State': 'transferring', 'ResidentSetSize': [854756], 'TotalUserCpuTimeHistory': [5124], 'SiteHistory': ['Unknown', 'T1_ES_PIC'], 'TotalSysCpuTimeHistory': [40]}, '6': {'Retries': 1, 'WallDurations': [9.0, 10622.0, 0], 'StartTimes': [1506498580.0], 'SubmitTimes': [1506470893.0, 1506518281.0], 'JobIds': ['11831270.0', '11850247.0'], 'EndTimes': [1506509202.0], 'Restarts': 0, 'RecordedSite': False, 'State': 'idle', 'ResidentSetSize': [897488, 0], 'TotalUserCpuTimeHistory': [10108, 0.0], 'SiteHistory': ['Unknown', 'T1_ES_PIC', 'Unknown'], 'TotalSysCpuTimeHistory': [54, 0.0]}, '9': {'Retries': 0, 'WallDurations': [9.0, 10872.0], 'StartTimes': [1506509207.0], 'SubmitTimes': [1506470893.0], 'JobIds': ['11831273.0'], 'EndTimes': [1506520079.0], 'Restarts': 0, 'RecordedSite': True, 'State': 'transferring', 'ResidentSetSize': [903744], 'TotalUserCpuTimeHistory': [10074], 'SiteHistory': ['Unknown', 'T1_ES_PIC'], 'TotalSysCpuTimeHistory': [57]}, '8': {'Retries': 0, 'WallDurations': [9.0, 6024.0], 'StartTimes': [1506498757.0], 'SubmitTimes': [1506470893.0], 'JobIds': ['11831272.0'], 'EndTimes': [1506504781.0], 'Restarts': 0, 'RecordedSite': True, 'State': 'finished', 'ResidentSetSize': [1005424], 'TotalUserCpuTimeHistory': [5621], 'SiteHistory': ['Unknown', 'T1_ES_PIC'], 'TotalSysCpuTimeHistory': [45]}, '11': {'Retries': 0, 'WallDurations': [9.0, 6921.0], 'StartTimes': [1506516698.0], 'SubmitTimes': [1506470893.0], 'JobIds': ['11831275.0'], 'EndTimes': [], 'Restarts': 0, 'RecordedSite': True, 'State': 'running', 'ResidentSetSize': [971952], 'TotalUserCpuTimeHistory': [4460.0], 'SiteHistory': ['Unknown', 'T1_ES_PIC'], 'TotalSysCpuTimeHistory': [36.0]}, '10': {'Retries': 0, 'WallDurations': [9.0, 5604.0], 'StartTimes': [1506511089.0], 'SubmitTimes': [1506470893.0], 'JobIds': ['11831274.0'], 'EndTimes': [1506516693.0], 'Restarts': 0, 'RecordedSite': True, 'State': 'transferring', 'ResidentSetSize': [909984], 'TotalUserCpuTimeHistory': [4977], 'SiteHistory': ['Unknown', 'T1_ES_PIC'], 'TotalSysCpuTimeHistory': [35]}, '13': {'Retries': 0, 'WallDurations': [0], 'StartTimes': [], 'SubmitTimes': [1506470894.0], 'JobIds': ['11831277.0'], 'EndTimes': [], 'Restarts': 0, 'RecordedSite': False, 'State': 'idle', 'ResidentSetSize': [0], 'TotalUserCpuTimeHistory': [0.0], 'SiteHistory': ['Unknown'], 'TotalSysCpuTimeHistory': [0.0]}, '12': {'Retries': 0, 'WallDurations': [0], 'StartTimes': [], 'SubmitTimes': [1506470894.0], 'JobIds': ['11831276.0'], 'EndTimes': [], 'Restarts': 0, 'RecordedSite': False, 'State': 'idle', 'ResidentSetSize': [0], 'TotalUserCpuTimeHistory': [0.0], 'SiteHistory': ['Unknown'], 'TotalSysCpuTimeHistory': [0.0]}, '15': {'Retries': 0, 'WallDurations': [0], 'StartTimes': [], 'SubmitTimes': [1506470894.0], 'JobIds': ['11831280.0'], 'EndTimes': [], 'Restarts': 0, 'RecordedSite': False, 'State': 'idle', 'ResidentSetSize': [0], 'TotalUserCpuTimeHistory': [0.0], 'SiteHistory': ['Unknown'], 'TotalSysCpuTimeHistory': [0.0]}, '14': {'Retries': 0, 'WallDurations': [0], 'StartTimes': [], 'SubmitTimes': [1506470894.0], 'JobIds': ['11831284.0'], 'EndTimes': [], 'Restarts': 0, 'RecordedSite': False, 'State': 'idle', 'ResidentSetSize': [0], 'TotalUserCpuTimeHistory': [0.0], 'SiteHistory': ['Unknown'], 'TotalSysCpuTimeHistory': [0.0]}, '17': {'Retries': 0, 'WallDurations': [0], 'StartTimes': [], 'SubmitTimes': [1506470894.0], 'JobIds': ['11831281.0'], 'EndTimes': [], 'Restarts': 0, 'RecordedSite': False, 'State': 'idle', 'ResidentSetSize': [0], 'TotalUserCpuTimeHistory': [0.0], 'SiteHistory': ['Unknown'], 'TotalSysCpuTimeHistory': [0.0]}, '16': {'Retries': 0, 'WallDurations': [0], 'StartTimes': [], 'SubmitTimes': [1506470894.0], 'JobIds': ['11831278.0'], 'EndTimes': [], 'Restarts': 0, 'RecordedSite': False, 'State': 'idle', 'ResidentSetSize': [0], 'TotalUserCpuTimeHistory': [0.0], 'SiteHistory': ['Unknown'], 'TotalSysCpuTimeHistory': [0.0]}, '19': {'Retries': 0, 'WallDurations': [0], 'StartTimes': [], 'SubmitTimes': [1506470894.0], 'JobIds': ['11831283.0'], 'EndTimes': [], 'Restarts': 0, 'RecordedSite': False, 'State': 'idle', 'ResidentSetSize': [0], 'TotalUserCpuTimeHistory': [0.0], 'SiteHistory': ['Unknown'], 'TotalSysCpuTimeHistory': [0.0]}, '18': {'Retries': 0, 'WallDurations': [0], 'StartTimes': [], 'SubmitTimes': [1506470894.0], 'JobIds': ['11831282.0'], 'EndTimes': [], 'Restarts': 0, 'RecordedSite': False, 'State': 'idle', 'ResidentSetSize': [0], 'TotalUserCpuTimeHistory': [0.0], 'SiteHistory': ['Unknown'], 'TotalSysCpuTimeHistory': [0.0]}}
INFO 2017-09-27 07:52:28,624: 	 Status on the scheduler:	SUBMITTED
INFO 2017-09-27 07:52:28,624: 	 
Jobs status:                    finished        4.2% ( 1/24)
INFO 2017-09-27 07:52:28,624: 	 				idle           79.2% (19/24)
INFO 2017-09-27 07:52:28,624: 	 				running         4.2% ( 1/24)
INFO 2017-09-27 07:52:28,624: 	 				transferring   12.5% ( 3/24)
INFO 2017-09-27 07:52:28,624: 	 
No publication information (publication has been disabled in the CRAB configuration file)
DEBUG 2017-09-27 07:52:28,631: 	 Requesting resubmission of failed jobs in task 170927_000658:mmasciov_crab_stoppedTracks_wlnu_ht400to600_Sep2017
ERROR 2017-09-27 07:52:28,631: 	 Found no jobs to resubmit. Only jobs in status failed can be resubmitted. Jobs in status finished can also be resubmitted, but only if the jobids are specified and the force option is set.
ERROR 2017-09-27 07:52:28,631: 	 Caught exception
Traceback (most recent call last):
  File "/cvmfs/cms.cern.ch/crab3/slc6_amd64_gcc493/cms/crabclient/3.3.1707.patch1/bin/crab", line 160, in <module>
    client()
  File "/cvmfs/cms.cern.ch/crab3/slc6_amd64_gcc493/cms/crabclient/3.3.1707.patch1/bin/crab", line 148, in __call__
    self.cmd()
  File "/cvmfs/cms.cern.ch/crab3/slc6_amd64_gcc493/cms/crabclient/3.3.1707.patch1/lib/python2.7/site-packages/CRABClient/Commands/resubmit.py", line 60, in __call__
    self.jobids = self.processJobIds(jobList)
  File "/cvmfs/cms.cern.ch/crab3/slc6_amd64_gcc493/cms/crabclient/3.3.1707.patch1/lib/python2.7/site-packages/CRABClient/Commands/resubmit.py", line 161, in processJobIds
    raise ConfigurationException(msg)
ConfigurationException: Found no jobs to resubmit. Only jobs in status failed can be resubmitted. Jobs in status finished can also be resubmitted, but only if the jobids are specified and the force option is set.
DEBUG 2017-09-27 11:15:45,498: 	 Executing command: 'resubmit'
DEBUG 2017-09-27 11:15:45,499: 	 Found CRAB cache file /home/users/mmasciov/.crab3
DEBUG 2017-09-27 11:15:45,506: 	 Checking credentials
DEBUG 2017-09-27 11:15:45,506: 	 Found proxy file /tmp/x509up_u31607
DEBUG 2017-09-27 11:15:45,506: 	 Getting proxy life time left
DEBUG 2017-09-27 11:15:45,609: 	 Executing : 
 command : voms-proxy-info -file /tmp/x509up_u31607 -timeleft
 output : 526370

 error: 
 retcode : 0
DEBUG 2017-09-27 11:15:45,712: 	 Executing : 
 command : voms-proxy-info -file /tmp/x509up_u31607 -actimeleft
 output : 526370

 error: 
 retcode : 0
DEBUG 2017-09-27 11:15:45,713: 	 Proxy valid for 146:12:50 hours
DEBUG 2017-09-27 11:15:45,844: 	 Executing : 
 command : openssl x509 -in ~/.globus/usercert.pem -subject -noout
 output : subject= /DC=ch/DC=cern/OU=Organic Units/OU=Users/CN=mmasciov/CN=720044/CN=Mario Masciovecchio

 error: 
 retcode : 0
DEBUG 2017-09-27 11:15:45,844: 	 Checking credentials
DEBUG 2017-09-27 11:15:45,844: 	 Found proxy file /tmp/x509up_u31607
DEBUG 2017-09-27 11:15:45,844: 	 Getting proxy life time left
DEBUG 2017-09-27 11:15:45,947: 	 Executing : 
 command : voms-proxy-info -file /tmp/x509up_u31607 -timeleft
 output : 526370

 error: 
 retcode : 0
DEBUG 2017-09-27 11:15:46,051: 	 Executing : 
 command : voms-proxy-info -file /tmp/x509up_u31607 -actimeleft
 output : 526370

 error: 
 retcode : 0
DEBUG 2017-09-27 11:15:46,051: 	 Proxy valid for 146:12:50 hours
DEBUG 2017-09-27 11:15:47,250: 	 Registering user credentials for server /DC=ch/DC=cern/OU=computers/CN=vocms(045|052|021|031|0118|0118a|0119|0108|0105|0109).cern.ch
DEBUG 2017-09-27 11:15:47,358: 	 Executing : 
 command : openssl x509 -in ~/.globus/usercert.pem -subject -noout
 output : subject= /DC=ch/DC=cern/OU=Organic Units/OU=Users/CN=mmasciov/CN=720044/CN=Mario Masciovecchio

 error: 
 retcode : 0
DEBUG 2017-09-27 11:15:47,358: 	 Getting myproxy life time left for myproxy.cern.ch
DEBUG 2017-09-27 11:15:47,358: 	 Calculating hash of /DC=ch/DC=cern/OU=Organic Units/OU=Users/CN=mmasciov/CN=720044/CN=Mario Masciovecchio_cmsweb.cern.ch for credential name
DEBUG 2017-09-27 11:15:48,363: 	 Executing : 
 command : myproxy-info -l 675d286d0e68c23071389f9d911f5838308f7790 -s myproxy.cern.ch
 output : username: 675d286d0e68c23071389f9d911f5838308f7790
owner: /DC=ch/DC=cern/OU=Organic Units/OU=Users/CN=mmasciov/CN=720044/CN=Mario Masciovecchio
  renewal policy: /DC=ch/DC=cern/OU=computers/CN=vocms(045|052|021|031|0118|0118a|0119|0108|0105|0109).cern.ch
  trusted retrieval policy: /DC=ch/DC=cern/OU=computers/CN=vocms(045|052|021|031|0118|0118a|0119|0108|0105|0109).cern.ch
  timeleft: 698:12:07  (29.1 days)

 error: 
 retcode : 0
DEBUG 2017-09-27 11:15:48,365: 	 Myproxy is valid: 2513527
DEBUG 2017-09-27 11:15:48,365: 	 Command use: resubmit
DEBUG 2017-09-27 11:15:48,365: 	 Options use: ['-d', 'crab_projects/crab_stoppedTracks_wlnu_ht400to600_Sep2017/']
DEBUG 2017-09-27 11:15:49,569: 	 CRABClient version: 3.3.1707.patch1
DEBUG 2017-09-27 11:15:49,569: 	 Instance is prod
DEBUG 2017-09-27 11:15:49,569: 	 Server base url is cmsweb.cern.ch
DEBUG 2017-09-27 11:15:49,569: 	 Command url /crabserver/prod/workflow
DEBUG 2017-09-27 11:15:49,569: 	 Executing command: 'status'
DEBUG 2017-09-27 11:15:49,570: 	 Found CRAB cache file /home/users/mmasciov/.crab3
DEBUG 2017-09-27 11:15:49,576: 	 Checking credentials
DEBUG 2017-09-27 11:15:49,577: 	 Found proxy file /tmp/x509up_u31607
DEBUG 2017-09-27 11:15:49,577: 	 Getting proxy life time left
DEBUG 2017-09-27 11:15:49,680: 	 Executing : 
 command : voms-proxy-info -file /tmp/x509up_u31607 -timeleft
 output : 526366

 error: 
 retcode : 0
DEBUG 2017-09-27 11:15:49,783: 	 Executing : 
 command : voms-proxy-info -file /tmp/x509up_u31607 -actimeleft
 output : 526366

 error: 
 retcode : 0
DEBUG 2017-09-27 11:15:49,784: 	 Proxy valid for 146:12:46 hours
DEBUG 2017-09-27 11:15:49,914: 	 Executing : 
 command : openssl x509 -in ~/.globus/usercert.pem -subject -noout
 output : subject= /DC=ch/DC=cern/OU=Organic Units/OU=Users/CN=mmasciov/CN=720044/CN=Mario Masciovecchio

 error: 
 retcode : 0
DEBUG 2017-09-27 11:15:49,914: 	 Checking credentials
DEBUG 2017-09-27 11:15:49,915: 	 Found proxy file /tmp/x509up_u31607
DEBUG 2017-09-27 11:15:49,915: 	 Getting proxy life time left
DEBUG 2017-09-27 11:15:50,018: 	 Executing : 
 command : voms-proxy-info -file /tmp/x509up_u31607 -timeleft
 output : 526366

 error: 
 retcode : 0
DEBUG 2017-09-27 11:15:50,121: 	 Executing : 
 command : voms-proxy-info -file /tmp/x509up_u31607 -actimeleft
 output : 526365

 error: 
 retcode : 0
DEBUG 2017-09-27 11:15:50,122: 	 Proxy valid for 146:12:46 hours
DEBUG 2017-09-27 11:15:51,285: 	 Registering user credentials for server /DC=ch/DC=cern/OU=computers/CN=vocms(045|052|021|031|0118|0118a|0119|0108|0105|0109).cern.ch
DEBUG 2017-09-27 11:15:51,393: 	 Executing : 
 command : openssl x509 -in ~/.globus/usercert.pem -subject -noout
 output : subject= /DC=ch/DC=cern/OU=Organic Units/OU=Users/CN=mmasciov/CN=720044/CN=Mario Masciovecchio

 error: 
 retcode : 0
DEBUG 2017-09-27 11:15:51,393: 	 Getting myproxy life time left for myproxy.cern.ch
DEBUG 2017-09-27 11:15:51,394: 	 Calculating hash of /DC=ch/DC=cern/OU=Organic Units/OU=Users/CN=mmasciov/CN=720044/CN=Mario Masciovecchio_cmsweb.cern.ch for credential name
DEBUG 2017-09-27 11:15:52,499: 	 Executing : 
 command : myproxy-info -l 675d286d0e68c23071389f9d911f5838308f7790 -s myproxy.cern.ch
 output : username: 675d286d0e68c23071389f9d911f5838308f7790
owner: /DC=ch/DC=cern/OU=Organic Units/OU=Users/CN=mmasciov/CN=720044/CN=Mario Masciovecchio
  renewal policy: /DC=ch/DC=cern/OU=computers/CN=vocms(045|052|021|031|0118|0118a|0119|0108|0105|0109).cern.ch
  trusted retrieval policy: /DC=ch/DC=cern/OU=computers/CN=vocms(045|052|021|031|0118|0118a|0119|0108|0105|0109).cern.ch
  timeleft: 698:12:03  (29.1 days)

 error: 
 retcode : 0
DEBUG 2017-09-27 11:15:52,499: 	 Myproxy is valid: 2513523
DEBUG 2017-09-27 11:15:52,499: 	 Command use: status
DEBUG 2017-09-27 11:15:52,499: 	 Options use: []
DEBUG 2017-09-27 11:15:53,651: 	 CRABClient version: 3.3.1707.patch1
DEBUG 2017-09-27 11:15:53,652: 	 Instance is prod
DEBUG 2017-09-27 11:15:53,652: 	 Server base url is cmsweb.cern.ch
DEBUG 2017-09-27 11:15:53,652: 	 Command url /crabserver/prod/workflow
DEBUG 2017-09-27 11:15:54,808: 	 Got information from server oracle database: {u'result': [u'170927_000658:mmasciov_crab_stoppedTracks_wlnu_ht400to600_Sep2017', u'None', u'SUBMITTED', u'2017-09-27 00:06:58.422469', u'None', u'2017-09-27 00:08:17.779387', u'None', u'CMSSW_8_0_26', u'slc6_amd64_gcc530', u'/WJetsToLNu_HT-400To600_TuneCUETP8M1_13TeV-madgraphMLM-pythia8/RunIISummer16DR80Premix-PUMoriond17_80X_mcRun2_asymptotic_2016_TrancheIV_v6-v1/AODSIM', u'[]', u'[]', u'FileBased', u"{'splitOnRun': False, 'halt_job_on_file_boundaries': False, 'files_per_job': 10, 'runs': [], 'lumis': []}", u'0', u'74ad9fc18d412398395480d6b410816e6056a4c4c003e42190c64297596ae7da.tar.gz', u'https://cmsweb.cern.ch/crabcache', u'mmasciov', u'/DC=ch/DC=cern/OU=Organic Units/OU=Users/CN=mmasciov/CN=720044/CN=Mario Masciovecchio', u'cms', u'None', u'None', u'WJetsLNu_HT400to600_Sep2017-00000000000000000000000000000000', u'T2_US_UCSD', u'https://cmsweb.cern.ch/dbs/prod/global/DBSReader', u'https://cmsweb.cern.ch/dbs/prod/phys03/DBSWriter', u'F', u'Analysis', u'{}', u'[]', u'F', u'vocms052', u'[]', u'1250', u'1', u'2000', u'10', u'None', u'http://vocms0195.cern.ch/mon/cms1422/170927_000658:mmasciov_crab_stoppedTracks_wlnu_ht400to600_Sep2017', u'None', u'None', u'[]', u'[]', u'[]', u'pythia', u'[]', u"['wlnu_ht400to600.root']", u'[]', u'https://cmsweb.cern.ch/crabserver/prod', u'None', u'0', u'cmsgwms-collector-global.cern.ch:9620,cmssrv221.fnal.gov:9620', u'crab3@vocms0195.cern.ch', u'F', u'[]', u'T', u'/store/user/mmasciov/', u'F', u'None', u'F', u'F', u'F', u'None', u'WJetsToLNu_HT-400To600_TuneCUETP8M1_13TeV-madgraphMLM-pythia8', u'filetransfers', u'SUBMIT', u'11831262', u'bb8501d1e16ea90e61769a8a43c90c7332a3257c9317b16cb74df02b562e980d.tar.gz', u'169.228.130.5', u'F', u'None'], u'desc': {u'columns': [u'tm_taskname', u'panda_jobset_id', u'tm_task_status', u'tm_start_time', u'tm_start_injection', u'tm_end_injection', u'tm_task_failure', u'tm_job_sw', u'tm_job_arch', u'tm_input_dataset', u'tm_site_whitelist', u'tm_site_blacklist', u'tm_split_algo', u'tm_split_args', u'tm_totalunits', u'tm_user_sandbox', u'tm_cache_url', u'tm_username', u'tm_user_dn', u'tm_user_vo', u'tm_user_role', u'tm_user_group', u'tm_publish_name', u'tm_asyncdest', u'tm_dbs_url', u'tm_publish_dbs_url', u'tm_publication', u'tm_job_type', u'tm_arguments', u'panda_resubmitted_jobs', u'tm_save_logs', u'tw_name', u'tm_user_infiles', u'tm_maxjobruntime', u'tm_numcores', u'tm_maxmemory', u'tm_priority', u'tm_output_dataset', u'tm_user_webdir', u'tm_activity', u'tm_scriptexe', u'tm_scriptargs', u'tm_extrajdl', u'tm_task_warnings', u'tm_generator', u'tm_outfiles', u'tm_tfile_outfiles', u'tm_edm_outfiles', u'tm_asourl', u'tm_events_per_lumi', u'tm_use_parent', u'tm_collector', u'tm_schedd', u'tm_dry_run', u'tm_user_files', u'tm_transfer_outputs', u'tm_output_lfn', u'tm_ignore_locality', u'tm_fail_limit', u'tm_one_event_mode', u'tm_publish_groupname', u'tm_nonvalid_input_dataset', u'tm_secondary_input_dataset', u'tm_primary_dataset', u'tm_asodb', u'tm_task_command', u'clusterid', u'tm_debug_files', u'tm_submitter_ip_addr', u'tm_ignore_global_blacklist', u'tm_last_publication']}}
INFO 2017-09-27 11:15:54,808: 	 CRAB project directory:		/home/users/mmasciov/MT2/8_0_26/src/Histo/HistoAnalyzer/python/crab_projects/crab_stoppedTracks_wlnu_ht400to600_Sep2017
INFO 2017-09-27 11:15:54,808: 	 Task name:			170927_000658:mmasciov_crab_stoppedTracks_wlnu_ht400to600_Sep2017
INFO 2017-09-27 11:15:54,808: 	 Grid scheduler:			crab3@vocms0195.cern.ch
INFO 2017-09-27 11:15:54,809: 	 Status on the CRAB server:	SUBMITTED
INFO 2017-09-27 11:15:54,809: 	 Task URL to use for HELP:	https://cmsweb.cern.ch/crabserver/ui/task/170927_000658%3Ammasciov_crab_stoppedTracks_wlnu_ht400to600_Sep2017
INFO 2017-09-27 11:15:54,809: 	 Dashboard monitoring URL:	http://dashb-cms-job.cern.ch/dashboard/templates/task-analysis/#user=mmasciov&refresh=0&table=Jobs&p=1&records=25&activemenu=2&status=&site=&tid=170927_000658%3Ammasciov_crab_stoppedTracks_wlnu_ht400to600_Sep2017
DEBUG 2017-09-27 11:15:54,809: 	 The CRAB server submitted your task to the Grid scheduler (cluster ID: 11831262)
DEBUG 2017-09-27 11:15:54,809: 	 Webdir is located at http://vocms0195.cern.ch/mon/cms1422/170927_000658:mmasciov_crab_stoppedTracks_wlnu_ht400to600_Sep2017
DEBUG 2017-09-27 11:15:55,964: 	 Proxied webdir is located at https://cmsweb.cern.ch/scheddmon/0195/cms1422/170927_000658:mmasciov_crab_stoppedTracks_wlnu_ht400to600_Sep2017
DEBUG 2017-09-27 11:15:55,964: 	 Retrieving 'status_cache' file from https://cmsweb.cern.ch/scheddmon/0195/cms1422/170927_000658:mmasciov_crab_stoppedTracks_wlnu_ht400to600_Sep2017/status_cache
DEBUG 2017-09-27 11:15:57,103: 	 Got information from status cache file: {'24': {'Retries': 0, 'WallDurations': [0], 'StartTimes': [], 'SubmitTimes': [1506470895.0], 'JobIds': ['11831288.0'], 'EndTimes': [], 'Restarts': 0, 'RecordedSite': False, 'State': 'idle', 'ResidentSetSize': [0], 'TotalUserCpuTimeHistory': [0.0], 'SiteHistory': ['Unknown'], 'TotalSysCpuTimeHistory': [0.0]}, '20': {'Retries': 0, 'WallDurations': [0], 'StartTimes': [], 'SubmitTimes': [1506470894.0], 'JobIds': ['11831279.0'], 'EndTimes': [], 'Restarts': 0, 'RecordedSite': False, 'State': 'idle', 'ResidentSetSize': [0], 'TotalUserCpuTimeHistory': [0.0], 'SiteHistory': ['Unknown'], 'TotalSysCpuTimeHistory': [0.0]}, '21': {'Retries': 0, 'WallDurations': [0], 'StartTimes': [], 'SubmitTimes': [1506470895.0], 'JobIds': ['11831286.0'], 'EndTimes': [], 'Restarts': 0, 'RecordedSite': False, 'State': 'idle', 'ResidentSetSize': [0], 'TotalUserCpuTimeHistory': [0.0], 'SiteHistory': ['Unknown'], 'TotalSysCpuTimeHistory': [0.0]}, '22': {'Retries': 0, 'WallDurations': [0], 'StartTimes': [], 'SubmitTimes': [1506470895.0], 'JobIds': ['11831287.0'], 'EndTimes': [], 'Restarts': 0, 'RecordedSite': False, 'State': 'idle', 'ResidentSetSize': [0], 'TotalUserCpuTimeHistory': [0.0], 'SiteHistory': ['Unknown'], 'TotalSysCpuTimeHistory': [0.0]}, '23': {'Retries': 0, 'WallDurations': [0], 'StartTimes': [], 'SubmitTimes': [1506470894.0], 'JobIds': ['11831285.0'], 'EndTimes': [], 'Restarts': 0, 'RecordedSite': False, 'State': 'idle', 'ResidentSetSize': [0], 'TotalUserCpuTimeHistory': [0.0], 'SiteHistory': ['Unknown'], 'TotalSysCpuTimeHistory': [0.0]}, '1': {'Retries': 0, 'WallDurations': [0], 'StartTimes': [], 'SubmitTimes': [1506470892.0], 'JobIds': ['11831265.0'], 'EndTimes': [], 'Restarts': 0, 'RecordedSite': False, 'State': 'idle', 'ResidentSetSize': [0], 'TotalUserCpuTimeHistory': [0.0], 'SiteHistory': ['Unknown'], 'TotalSysCpuTimeHistory': [0.0]}, '3': {'Retries': 0, 'WallDurations': [0], 'StartTimes': [], 'SubmitTimes': [1506470893.0], 'JobIds': ['11831267.0'], 'EndTimes': [], 'Restarts': 0, 'RecordedSite': False, 'State': 'idle', 'ResidentSetSize': [0], 'TotalUserCpuTimeHistory': [0.0], 'SiteHistory': ['Unknown'], 'TotalSysCpuTimeHistory': [0.0]}, '2': {'Retries': 0, 'WallDurations': [0], 'StartTimes': [], 'SubmitTimes': [1506470892.0], 'JobIds': ['11831266.0'], 'EndTimes': [], 'Restarts': 0, 'RecordedSite': False, 'State': 'idle', 'ResidentSetSize': [0], 'TotalUserCpuTimeHistory': [0.0], 'SiteHistory': ['Unknown'], 'TotalSysCpuTimeHistory': [0.0]}, '5': {'Retries': 0, 'WallDurations': [0], 'StartTimes': [], 'SubmitTimes': [1506470893.0], 'JobIds': ['11831269.0'], 'EndTimes': [], 'Restarts': 0, 'RecordedSite': False, 'State': 'idle', 'ResidentSetSize': [0], 'TotalUserCpuTimeHistory': [0.0], 'SiteHistory': ['Unknown'], 'TotalSysCpuTimeHistory': [0.0]}, '4': {'Retries': 0, 'WallDurations': [0], 'StartTimes': [], 'SubmitTimes': [1506470893.0], 'JobIds': ['11831268.0'], 'EndTimes': [], 'Restarts': 0, 'RecordedSite': False, 'State': 'idle', 'ResidentSetSize': [0], 'TotalUserCpuTimeHistory': [0.0], 'SiteHistory': ['Unknown'], 'TotalSysCpuTimeHistory': [0.0]}, '7': {'Retries': 0, 'WallDurations': [9.0, 6296.0], 'StartTimes': [1506504785.0], 'SubmitTimes': [1506470893.0], 'JobIds': ['11831271.0'], 'EndTimes': [1506511081.0], 'Restarts': 0, 'RecordedSite': True, 'State': 'transferring', 'ResidentSetSize': [854756], 'TotalUserCpuTimeHistory': [5124], 'SiteHistory': ['Unknown', 'T1_ES_PIC'], 'TotalSysCpuTimeHistory': [40]}, '6': {'Retries': 1, 'WallDurations': [9.0, 10622.0, 0], 'StartTimes': [1506498580.0], 'SubmitTimes': [1506470893.0, 1506518281.0], 'JobIds': ['11831270.0', '11850247.0'], 'EndTimes': [1506509202.0], 'Restarts': 0, 'RecordedSite': False, 'State': 'idle', 'ResidentSetSize': [897488, 0], 'TotalUserCpuTimeHistory': [10108, 0.0], 'SiteHistory': ['Unknown', 'T1_ES_PIC', 'Unknown'], 'TotalSysCpuTimeHistory': [54, 0.0]}, '9': {'Retries': 0, 'WallDurations': [9.0, 10872.0], 'StartTimes': [1506509207.0], 'SubmitTimes': [1506470893.0], 'JobIds': ['11831273.0'], 'EndTimes': [1506520079.0], 'Restarts': 0, 'RecordedSite': True, 'State': 'finished', 'ResidentSetSize': [903744], 'TotalUserCpuTimeHistory': [10074], 'SiteHistory': ['Unknown', 'T1_ES_PIC'], 'TotalSysCpuTimeHistory': [57]}, '8': {'Retries': 0, 'WallDurations': [9.0, 6024.0], 'StartTimes': [1506498757.0], 'SubmitTimes': [1506470893.0], 'JobIds': ['11831272.0'], 'EndTimes': [1506504781.0], 'Restarts': 0, 'RecordedSite': True, 'State': 'finished', 'ResidentSetSize': [1005424], 'TotalUserCpuTimeHistory': [5621], 'SiteHistory': ['Unknown', 'T1_ES_PIC'], 'TotalSysCpuTimeHistory': [45]}, '11': {'Retries': 1, 'WallDurations': [9.0, 7373.0, 0], 'StartTimes': [1506516698.0], 'SubmitTimes': [1506470893.0, 1506525941.0], 'JobIds': ['11831275.0', '11858543.0'], 'EndTimes': [1506524071.0], 'Restarts': 0, 'RecordedSite': False, 'State': 'idle', 'ResidentSetSize': [971952, 0], 'TotalUserCpuTimeHistory': [4885, 0.0], 'SiteHistory': ['Unknown', 'T1_ES_PIC', 'Unknown'], 'TotalSysCpuTimeHistory': [39, 0.0]}, '10': {'Retries': 1, 'WallDurations': [9.0, 5604.0, 0], 'StartTimes': [1506511089.0], 'SubmitTimes': [1506470893.0, 1506525779.0], 'JobIds': ['11831274.0', '11858298.0'], 'EndTimes': [1506516693.0], 'Restarts': 0, 'RecordedSite': False, 'State': 'idle', 'ResidentSetSize': [909984, 0], 'TotalUserCpuTimeHistory': [4977, 0.0], 'SiteHistory': ['Unknown', 'T1_ES_PIC', 'Unknown'], 'TotalSysCpuTimeHistory': [35, 0.0]}, '13': {'Retries': 0, 'WallDurations': [0], 'StartTimes': [], 'SubmitTimes': [1506470894.0], 'JobIds': ['11831277.0'], 'EndTimes': [], 'Restarts': 0, 'RecordedSite': False, 'State': 'idle', 'ResidentSetSize': [0], 'TotalUserCpuTimeHistory': [0.0], 'SiteHistory': ['Unknown'], 'TotalSysCpuTimeHistory': [0.0]}, '12': {'Retries': 0, 'WallDurations': [0], 'StartTimes': [], 'SubmitTimes': [1506470894.0], 'JobIds': ['11831276.0'], 'EndTimes': [], 'Restarts': 0, 'RecordedSite': False, 'State': 'idle', 'ResidentSetSize': [0], 'TotalUserCpuTimeHistory': [0.0], 'SiteHistory': ['Unknown'], 'TotalSysCpuTimeHistory': [0.0]}, '15': {'Retries': 0, 'WallDurations': [0], 'StartTimes': [], 'SubmitTimes': [1506470894.0], 'JobIds': ['11831280.0'], 'EndTimes': [], 'Restarts': 0, 'RecordedSite': False, 'State': 'idle', 'ResidentSetSize': [0], 'TotalUserCpuTimeHistory': [0.0], 'SiteHistory': ['Unknown'], 'TotalSysCpuTimeHistory': [0.0]}, '14': {'Retries': 0, 'WallDurations': [0], 'StartTimes': [], 'SubmitTimes': [1506470894.0], 'JobIds': ['11831284.0'], 'EndTimes': [], 'Restarts': 0, 'RecordedSite': False, 'State': 'idle', 'ResidentSetSize': [0], 'TotalUserCpuTimeHistory': [0.0], 'SiteHistory': ['Unknown'], 'TotalSysCpuTimeHistory': [0.0]}, '17': {'Retries': 0, 'WallDurations': [0], 'StartTimes': [], 'SubmitTimes': [1506470894.0], 'JobIds': ['11831281.0'], 'EndTimes': [], 'Restarts': 0, 'RecordedSite': False, 'State': 'idle', 'ResidentSetSize': [0], 'TotalUserCpuTimeHistory': [0.0], 'SiteHistory': ['Unknown'], 'TotalSysCpuTimeHistory': [0.0]}, '16': {'Retries': 0, 'WallDurations': [0], 'StartTimes': [], 'SubmitTimes': [1506470894.0], 'JobIds': ['11831278.0'], 'EndTimes': [], 'Restarts': 0, 'RecordedSite': False, 'State': 'idle', 'ResidentSetSize': [0], 'TotalUserCpuTimeHistory': [0.0], 'SiteHistory': ['Unknown'], 'TotalSysCpuTimeHistory': [0.0]}, '19': {'Retries': 0, 'WallDurations': [0], 'StartTimes': [], 'SubmitTimes': [1506470894.0], 'JobIds': ['11831283.0'], 'EndTimes': [], 'Restarts': 0, 'RecordedSite': False, 'State': 'idle', 'ResidentSetSize': [0], 'TotalUserCpuTimeHistory': [0.0], 'SiteHistory': ['Unknown'], 'TotalSysCpuTimeHistory': [0.0]}, '18': {'Retries': 0, 'WallDurations': [0], 'StartTimes': [], 'SubmitTimes': [1506470894.0], 'JobIds': ['11831282.0'], 'EndTimes': [], 'Restarts': 0, 'RecordedSite': False, 'State': 'idle', 'ResidentSetSize': [0], 'TotalUserCpuTimeHistory': [0.0], 'SiteHistory': ['Unknown'], 'TotalSysCpuTimeHistory': [0.0]}}
INFO 2017-09-27 11:15:57,103: 	 Status on the scheduler:	SUBMITTED
INFO 2017-09-27 11:15:57,103: 	 
Jobs status:                    finished        8.3% ( 2/24)
INFO 2017-09-27 11:15:57,103: 	 				idle           87.5% (21/24)
INFO 2017-09-27 11:15:57,103: 	 				transferring    4.2% ( 1/24)
INFO 2017-09-27 11:15:57,103: 	 
No publication information (publication has been disabled in the CRAB configuration file)
DEBUG 2017-09-27 11:15:57,108: 	 Requesting resubmission of failed jobs in task 170927_000658:mmasciov_crab_stoppedTracks_wlnu_ht400to600_Sep2017
ERROR 2017-09-27 11:15:57,108: 	 Found no jobs to resubmit. Only jobs in status failed can be resubmitted. Jobs in status finished can also be resubmitted, but only if the jobids are specified and the force option is set.
ERROR 2017-09-27 11:15:57,108: 	 Caught exception
Traceback (most recent call last):
  File "/cvmfs/cms.cern.ch/crab3/slc6_amd64_gcc493/cms/crabclient/3.3.1707.patch1/bin/crab", line 160, in <module>
    client()
  File "/cvmfs/cms.cern.ch/crab3/slc6_amd64_gcc493/cms/crabclient/3.3.1707.patch1/bin/crab", line 148, in __call__
    self.cmd()
  File "/cvmfs/cms.cern.ch/crab3/slc6_amd64_gcc493/cms/crabclient/3.3.1707.patch1/lib/python2.7/site-packages/CRABClient/Commands/resubmit.py", line 60, in __call__
    self.jobids = self.processJobIds(jobList)
  File "/cvmfs/cms.cern.ch/crab3/slc6_amd64_gcc493/cms/crabclient/3.3.1707.patch1/lib/python2.7/site-packages/CRABClient/Commands/resubmit.py", line 161, in processJobIds
    raise ConfigurationException(msg)
ConfigurationException: Found no jobs to resubmit. Only jobs in status failed can be resubmitted. Jobs in status finished can also be resubmitted, but only if the jobids are specified and the force option is set.
DEBUG 2017-09-27 17:15:38,559: 	 Executing command: 'resubmit'
DEBUG 2017-09-27 17:15:38,559: 	 Found CRAB cache file /home/users/mmasciov/.crab3
DEBUG 2017-09-27 17:15:38,569: 	 Checking credentials
DEBUG 2017-09-27 17:15:38,569: 	 Found proxy file /tmp/x509up_u31607
DEBUG 2017-09-27 17:15:38,569: 	 Getting proxy life time left
DEBUG 2017-09-27 17:15:38,674: 	 Executing : 
 command : voms-proxy-info -file /tmp/x509up_u31607 -timeleft
 output : 86322

 error: 
 retcode : 0
DEBUG 2017-09-27 17:15:38,779: 	 Executing : 
 command : voms-proxy-info -file /tmp/x509up_u31607 -actimeleft
 output : 86322

 error: 
 retcode : 0
DEBUG 2017-09-27 17:15:38,779: 	 Proxy valid for 23:58:42 hours
DEBUG 2017-09-27 17:15:38,906: 	 Executing : 
 command : openssl x509 -in ~/.globus/usercert.pem -subject -noout
 output : subject= /DC=ch/DC=cern/OU=Organic Units/OU=Users/CN=mmasciov/CN=720044/CN=Mario Masciovecchio

 error: 
 retcode : 0
DEBUG 2017-09-27 17:15:38,907: 	 Checking credentials
DEBUG 2017-09-27 17:15:38,907: 	 Found proxy file /tmp/x509up_u31607
DEBUG 2017-09-27 17:15:38,907: 	 Getting proxy life time left
DEBUG 2017-09-27 17:15:39,011: 	 Executing : 
 command : voms-proxy-info -file /tmp/x509up_u31607 -timeleft
 output : 86322

 error: 
 retcode : 0
DEBUG 2017-09-27 17:15:39,115: 	 Executing : 
 command : voms-proxy-info -file /tmp/x509up_u31607 -actimeleft
 output : 86321

 error: 
 retcode : 0
DEBUG 2017-09-27 17:15:39,115: 	 Proxy valid for 23:58:42 hours
DEBUG 2017-09-27 17:15:40,219: 	 Registering user credentials for server /DC=ch/DC=cern/OU=computers/CN=vocms(045|052|021|031|0118|0118a|0119|0108|0105|0109).cern.ch
DEBUG 2017-09-27 17:15:40,331: 	 Executing : 
 command : openssl x509 -in ~/.globus/usercert.pem -subject -noout
 output : subject= /DC=ch/DC=cern/OU=Organic Units/OU=Users/CN=mmasciov/CN=720044/CN=Mario Masciovecchio

 error: 
 retcode : 0
DEBUG 2017-09-27 17:15:40,331: 	 Getting myproxy life time left for myproxy.cern.ch
DEBUG 2017-09-27 17:15:40,331: 	 Calculating hash of /DC=ch/DC=cern/OU=Organic Units/OU=Users/CN=mmasciov/CN=720044/CN=Mario Masciovecchio_cmsweb.cern.ch for credential name
DEBUG 2017-09-27 17:15:41,337: 	 Executing : 
 command : myproxy-info -l 675d286d0e68c23071389f9d911f5838308f7790 -s myproxy.cern.ch
 output : username: 675d286d0e68c23071389f9d911f5838308f7790
owner: /DC=ch/DC=cern/OU=Organic Units/OU=Users/CN=mmasciov/CN=720044/CN=Mario Masciovecchio
  renewal policy: /DC=ch/DC=cern/OU=computers/CN=vocms(045|052|021|031|0118|0118a|0119|0108|0105|0109).cern.ch
  trusted retrieval policy: /DC=ch/DC=cern/OU=computers/CN=vocms(045|052|021|031|0118|0118a|0119|0108|0105|0109).cern.ch
  timeleft: 692:12:14  (28.8 days)

 error: 
 retcode : 0
DEBUG 2017-09-27 17:15:41,338: 	 Myproxy is valid: 2491934
DEBUG 2017-09-27 17:15:41,338: 	 Command use: resubmit
DEBUG 2017-09-27 17:15:41,339: 	 Options use: ['-d', 'crab_projects/crab_stoppedTracks_wlnu_ht400to600_Sep2017/']
DEBUG 2017-09-27 17:15:42,430: 	 CRABClient version: 3.3.1707.patch1
DEBUG 2017-09-27 17:15:42,430: 	 Instance is prod
DEBUG 2017-09-27 17:15:42,430: 	 Server base url is cmsweb.cern.ch
DEBUG 2017-09-27 17:15:42,430: 	 Command url /crabserver/prod/workflow
DEBUG 2017-09-27 17:15:42,430: 	 Executing command: 'status'
DEBUG 2017-09-27 17:15:42,430: 	 Found CRAB cache file /home/users/mmasciov/.crab3
DEBUG 2017-09-27 17:15:42,438: 	 Checking credentials
DEBUG 2017-09-27 17:15:42,440: 	 Found proxy file /tmp/x509up_u31607
DEBUG 2017-09-27 17:15:42,440: 	 Getting proxy life time left
DEBUG 2017-09-27 17:15:42,544: 	 Executing : 
 command : voms-proxy-info -file /tmp/x509up_u31607 -timeleft
 output : 86318

 error: 
 retcode : 0
DEBUG 2017-09-27 17:15:42,648: 	 Executing : 
 command : voms-proxy-info -file /tmp/x509up_u31607 -actimeleft
 output : 86318

 error: 
 retcode : 0
DEBUG 2017-09-27 17:15:42,648: 	 Proxy valid for 23:58:38 hours
DEBUG 2017-09-27 17:15:42,773: 	 Executing : 
 command : openssl x509 -in ~/.globus/usercert.pem -subject -noout
 output : subject= /DC=ch/DC=cern/OU=Organic Units/OU=Users/CN=mmasciov/CN=720044/CN=Mario Masciovecchio

 error: 
 retcode : 0
DEBUG 2017-09-27 17:15:42,774: 	 Checking credentials
DEBUG 2017-09-27 17:15:42,774: 	 Found proxy file /tmp/x509up_u31607
DEBUG 2017-09-27 17:15:42,774: 	 Getting proxy life time left
DEBUG 2017-09-27 17:15:42,878: 	 Executing : 
 command : voms-proxy-info -file /tmp/x509up_u31607 -timeleft
 output : 86318

 error: 
 retcode : 0
DEBUG 2017-09-27 17:15:42,982: 	 Executing : 
 command : voms-proxy-info -file /tmp/x509up_u31607 -actimeleft
 output : 86318

 error: 
 retcode : 0
DEBUG 2017-09-27 17:15:42,982: 	 Proxy valid for 23:58:38 hours
DEBUG 2017-09-27 17:15:44,079: 	 Registering user credentials for server /DC=ch/DC=cern/OU=computers/CN=vocms(045|052|021|031|0118|0118a|0119|0108|0105|0109).cern.ch
DEBUG 2017-09-27 17:15:44,189: 	 Executing : 
 command : openssl x509 -in ~/.globus/usercert.pem -subject -noout
 output : subject= /DC=ch/DC=cern/OU=Organic Units/OU=Users/CN=mmasciov/CN=720044/CN=Mario Masciovecchio

 error: 
 retcode : 0
DEBUG 2017-09-27 17:15:44,189: 	 Getting myproxy life time left for myproxy.cern.ch
DEBUG 2017-09-27 17:15:44,189: 	 Calculating hash of /DC=ch/DC=cern/OU=Organic Units/OU=Users/CN=mmasciov/CN=720044/CN=Mario Masciovecchio_cmsweb.cern.ch for credential name
DEBUG 2017-09-27 17:15:45,194: 	 Executing : 
 command : myproxy-info -l 675d286d0e68c23071389f9d911f5838308f7790 -s myproxy.cern.ch
 output : username: 675d286d0e68c23071389f9d911f5838308f7790
owner: /DC=ch/DC=cern/OU=Organic Units/OU=Users/CN=mmasciov/CN=720044/CN=Mario Masciovecchio
  renewal policy: /DC=ch/DC=cern/OU=computers/CN=vocms(045|052|021|031|0118|0118a|0119|0108|0105|0109).cern.ch
  trusted retrieval policy: /DC=ch/DC=cern/OU=computers/CN=vocms(045|052|021|031|0118|0118a|0119|0108|0105|0109).cern.ch
  timeleft: 692:12:10  (28.8 days)

 error: 
 retcode : 0
DEBUG 2017-09-27 17:15:45,195: 	 Myproxy is valid: 2491930
DEBUG 2017-09-27 17:15:45,195: 	 Command use: status
DEBUG 2017-09-27 17:15:45,195: 	 Options use: []
DEBUG 2017-09-27 17:15:46,346: 	 CRABClient version: 3.3.1707.patch1
DEBUG 2017-09-27 17:15:46,347: 	 Instance is prod
DEBUG 2017-09-27 17:15:46,347: 	 Server base url is cmsweb.cern.ch
DEBUG 2017-09-27 17:15:46,347: 	 Command url /crabserver/prod/workflow
DEBUG 2017-09-27 17:15:47,518: 	 Got information from server oracle database: {u'result': [u'170927_000658:mmasciov_crab_stoppedTracks_wlnu_ht400to600_Sep2017', u'None', u'SUBMITTED', u'2017-09-27 00:06:58.422469', u'None', u'2017-09-27 00:08:17.779387', u'None', u'CMSSW_8_0_26', u'slc6_amd64_gcc530', u'/WJetsToLNu_HT-400To600_TuneCUETP8M1_13TeV-madgraphMLM-pythia8/RunIISummer16DR80Premix-PUMoriond17_80X_mcRun2_asymptotic_2016_TrancheIV_v6-v1/AODSIM', u'[]', u'[]', u'FileBased', u"{'splitOnRun': False, 'halt_job_on_file_boundaries': False, 'files_per_job': 10, 'runs': [], 'lumis': []}", u'0', u'74ad9fc18d412398395480d6b410816e6056a4c4c003e42190c64297596ae7da.tar.gz', u'https://cmsweb.cern.ch/crabcache', u'mmasciov', u'/DC=ch/DC=cern/OU=Organic Units/OU=Users/CN=mmasciov/CN=720044/CN=Mario Masciovecchio', u'cms', u'None', u'None', u'WJetsLNu_HT400to600_Sep2017-00000000000000000000000000000000', u'T2_US_UCSD', u'https://cmsweb.cern.ch/dbs/prod/global/DBSReader', u'https://cmsweb.cern.ch/dbs/prod/phys03/DBSWriter', u'F', u'Analysis', u'{}', u'[]', u'F', u'vocms052', u'[]', u'1250', u'1', u'2000', u'10', u'None', u'http://vocms0195.cern.ch/mon/cms1422/170927_000658:mmasciov_crab_stoppedTracks_wlnu_ht400to600_Sep2017', u'None', u'None', u'[]', u'[]', u'[]', u'pythia', u'[]', u"['wlnu_ht400to600.root']", u'[]', u'https://cmsweb.cern.ch/crabserver/prod', u'None', u'0', u'cmsgwms-collector-global.cern.ch:9620,cmssrv221.fnal.gov:9620', u'crab3@vocms0195.cern.ch', u'F', u'[]', u'T', u'/store/user/mmasciov/', u'F', u'None', u'F', u'F', u'F', u'None', u'WJetsToLNu_HT-400To600_TuneCUETP8M1_13TeV-madgraphMLM-pythia8', u'filetransfers', u'SUBMIT', u'11831262', u'bb8501d1e16ea90e61769a8a43c90c7332a3257c9317b16cb74df02b562e980d.tar.gz', u'169.228.130.5', u'F', u'None'], u'desc': {u'columns': [u'tm_taskname', u'panda_jobset_id', u'tm_task_status', u'tm_start_time', u'tm_start_injection', u'tm_end_injection', u'tm_task_failure', u'tm_job_sw', u'tm_job_arch', u'tm_input_dataset', u'tm_site_whitelist', u'tm_site_blacklist', u'tm_split_algo', u'tm_split_args', u'tm_totalunits', u'tm_user_sandbox', u'tm_cache_url', u'tm_username', u'tm_user_dn', u'tm_user_vo', u'tm_user_role', u'tm_user_group', u'tm_publish_name', u'tm_asyncdest', u'tm_dbs_url', u'tm_publish_dbs_url', u'tm_publication', u'tm_job_type', u'tm_arguments', u'panda_resubmitted_jobs', u'tm_save_logs', u'tw_name', u'tm_user_infiles', u'tm_maxjobruntime', u'tm_numcores', u'tm_maxmemory', u'tm_priority', u'tm_output_dataset', u'tm_user_webdir', u'tm_activity', u'tm_scriptexe', u'tm_scriptargs', u'tm_extrajdl', u'tm_task_warnings', u'tm_generator', u'tm_outfiles', u'tm_tfile_outfiles', u'tm_edm_outfiles', u'tm_asourl', u'tm_events_per_lumi', u'tm_use_parent', u'tm_collector', u'tm_schedd', u'tm_dry_run', u'tm_user_files', u'tm_transfer_outputs', u'tm_output_lfn', u'tm_ignore_locality', u'tm_fail_limit', u'tm_one_event_mode', u'tm_publish_groupname', u'tm_nonvalid_input_dataset', u'tm_secondary_input_dataset', u'tm_primary_dataset', u'tm_asodb', u'tm_task_command', u'clusterid', u'tm_debug_files', u'tm_submitter_ip_addr', u'tm_ignore_global_blacklist', u'tm_last_publication']}}
INFO 2017-09-27 17:15:47,519: 	 CRAB project directory:		/home/users/mmasciov/MT2/8_0_26/src/Histo/HistoAnalyzer/python/crab_projects/crab_stoppedTracks_wlnu_ht400to600_Sep2017
INFO 2017-09-27 17:15:47,519: 	 Task name:			170927_000658:mmasciov_crab_stoppedTracks_wlnu_ht400to600_Sep2017
INFO 2017-09-27 17:15:47,519: 	 Grid scheduler:			crab3@vocms0195.cern.ch
INFO 2017-09-27 17:15:47,519: 	 Status on the CRAB server:	SUBMITTED
INFO 2017-09-27 17:15:47,519: 	 Task URL to use for HELP:	https://cmsweb.cern.ch/crabserver/ui/task/170927_000658%3Ammasciov_crab_stoppedTracks_wlnu_ht400to600_Sep2017
INFO 2017-09-27 17:15:47,519: 	 Dashboard monitoring URL:	http://dashb-cms-job.cern.ch/dashboard/templates/task-analysis/#user=mmasciov&refresh=0&table=Jobs&p=1&records=25&activemenu=2&status=&site=&tid=170927_000658%3Ammasciov_crab_stoppedTracks_wlnu_ht400to600_Sep2017
DEBUG 2017-09-27 17:15:47,519: 	 The CRAB server submitted your task to the Grid scheduler (cluster ID: 11831262)
DEBUG 2017-09-27 17:15:47,520: 	 Webdir is located at http://vocms0195.cern.ch/mon/cms1422/170927_000658:mmasciov_crab_stoppedTracks_wlnu_ht400to600_Sep2017
DEBUG 2017-09-27 17:15:48,695: 	 Proxied webdir is located at https://cmsweb.cern.ch/scheddmon/0195/cms1422/170927_000658:mmasciov_crab_stoppedTracks_wlnu_ht400to600_Sep2017
DEBUG 2017-09-27 17:15:48,695: 	 Retrieving 'status_cache' file from https://cmsweb.cern.ch/scheddmon/0195/cms1422/170927_000658:mmasciov_crab_stoppedTracks_wlnu_ht400to600_Sep2017/status_cache
DEBUG 2017-09-27 17:15:49,782: 	 Got information from status cache file: {'24': {'Retries': 0, 'WallDurations': [0], 'StartTimes': [], 'SubmitTimes': [1506470895.0], 'JobIds': ['11831288.0'], 'EndTimes': [], 'Restarts': 0, 'RecordedSite': False, 'State': 'idle', 'ResidentSetSize': [0], 'TotalUserCpuTimeHistory': [0.0], 'SiteHistory': ['Unknown'], 'TotalSysCpuTimeHistory': [0.0]}, '20': {'Retries': 0, 'WallDurations': [0], 'StartTimes': [], 'SubmitTimes': [1506470894.0], 'JobIds': ['11831279.0'], 'EndTimes': [], 'Restarts': 0, 'RecordedSite': False, 'State': 'idle', 'ResidentSetSize': [0], 'TotalUserCpuTimeHistory': [0.0], 'SiteHistory': ['Unknown'], 'TotalSysCpuTimeHistory': [0.0]}, '21': {'Retries': 0, 'WallDurations': [0], 'StartTimes': [], 'SubmitTimes': [1506470895.0], 'JobIds': ['11831286.0'], 'EndTimes': [], 'Restarts': 0, 'RecordedSite': False, 'State': 'idle', 'ResidentSetSize': [0], 'TotalUserCpuTimeHistory': [0.0], 'SiteHistory': ['Unknown'], 'TotalSysCpuTimeHistory': [0.0]}, '22': {'Retries': 0, 'WallDurations': [0], 'StartTimes': [], 'SubmitTimes': [1506470895.0], 'JobIds': ['11831287.0'], 'EndTimes': [], 'Restarts': 0, 'RecordedSite': False, 'State': 'idle', 'ResidentSetSize': [0], 'TotalUserCpuTimeHistory': [0.0], 'SiteHistory': ['Unknown'], 'TotalSysCpuTimeHistory': [0.0]}, '23': {'Retries': 0, 'WallDurations': [0], 'StartTimes': [], 'SubmitTimes': [1506470894.0], 'JobIds': ['11831285.0'], 'EndTimes': [], 'Restarts': 0, 'RecordedSite': False, 'State': 'idle', 'ResidentSetSize': [0], 'TotalUserCpuTimeHistory': [0.0], 'SiteHistory': ['Unknown'], 'TotalSysCpuTimeHistory': [0.0]}, '1': {'Retries': 0, 'WallDurations': [0], 'StartTimes': [], 'SubmitTimes': [1506470892.0], 'JobIds': ['11831265.0'], 'EndTimes': [], 'Restarts': 0, 'RecordedSite': False, 'State': 'idle', 'ResidentSetSize': [0], 'TotalUserCpuTimeHistory': [0.0], 'SiteHistory': ['Unknown'], 'TotalSysCpuTimeHistory': [0.0]}, '3': {'Retries': 0, 'WallDurations': [0], 'StartTimes': [], 'SubmitTimes': [1506470893.0], 'JobIds': ['11831267.0'], 'EndTimes': [], 'Restarts': 0, 'RecordedSite': False, 'State': 'idle', 'ResidentSetSize': [0], 'TotalUserCpuTimeHistory': [0.0], 'SiteHistory': ['Unknown'], 'TotalSysCpuTimeHistory': [0.0]}, '2': {'Retries': 0, 'WallDurations': [0], 'StartTimes': [], 'SubmitTimes': [1506470892.0], 'JobIds': ['11831266.0'], 'EndTimes': [], 'Restarts': 0, 'RecordedSite': False, 'State': 'idle', 'ResidentSetSize': [0], 'TotalUserCpuTimeHistory': [0.0], 'SiteHistory': ['Unknown'], 'TotalSysCpuTimeHistory': [0.0]}, '5': {'Retries': 0, 'WallDurations': [0], 'StartTimes': [], 'SubmitTimes': [1506470893.0], 'JobIds': ['11831269.0'], 'EndTimes': [], 'Restarts': 0, 'RecordedSite': False, 'State': 'idle', 'ResidentSetSize': [0], 'TotalUserCpuTimeHistory': [0.0], 'SiteHistory': ['Unknown'], 'TotalSysCpuTimeHistory': [0.0]}, '4': {'Retries': 0, 'WallDurations': [0], 'StartTimes': [], 'SubmitTimes': [1506470893.0], 'JobIds': ['11831268.0'], 'EndTimes': [], 'Restarts': 0, 'RecordedSite': False, 'State': 'idle', 'ResidentSetSize': [0], 'TotalUserCpuTimeHistory': [0.0], 'SiteHistory': ['Unknown'], 'TotalSysCpuTimeHistory': [0.0]}, '7': {'Retries': 1, 'WallDurations': [9.0, 6296.0, 0], 'StartTimes': [1506504785.0], 'SubmitTimes': [1506470893.0, 1506536378.0], 'JobIds': ['11831271.0', '11871068.0'], 'EndTimes': [1506511081.0], 'Restarts': 0, 'RecordedSite': False, 'State': 'idle', 'ResidentSetSize': [854756, 0], 'TotalUserCpuTimeHistory': [5124, 0.0], 'SiteHistory': ['Unknown', 'T1_ES_PIC', 'Unknown'], 'TotalSysCpuTimeHistory': [40, 0.0]}, '6': {'Retries': 2, 'WallDurations': [9.0, 10622.0, 9.0, 9678.0, 9.0, 1211.0], 'StartTimes': [1506498580.0, 1506537425.0, 1506556438.0], 'SubmitTimes': [1506470893.0, 1506518281.0, 1506549032.0], 'JobIds': ['11831270.0', '11850247.0', '11874872.0'], 'EndTimes': [1506509202.0, 1506547103.0], 'Restarts': 0, 'RecordedSite': True, 'State': 'running', 'ResidentSetSize': [897488, 877548, 746388], 'TotalUserCpuTimeHistory': [10108, 9271, 1131.0], 'SiteHistory': ['Unknown', 'T1_ES_PIC', 'Unknown', 'T1_ES_PIC', 'Unknown', 'T1_ES_PIC'], 'TotalSysCpuTimeHistory': [54, 55, 8.0]}, '9': {'Retries': 0, 'WallDurations': [9.0, 10872.0], 'StartTimes': [1506509207.0], 'SubmitTimes': [1506470893.0], 'JobIds': ['11831273.0'], 'EndTimes': [1506520079.0], 'Restarts': 0, 'RecordedSite': True, 'State': 'finished', 'ResidentSetSize': [903744], 'TotalUserCpuTimeHistory': [10074], 'SiteHistory': ['Unknown', 'T1_ES_PIC'], 'TotalSysCpuTimeHistory': [57]}, '8': {'Retries': 0, 'WallDurations': [9.0, 6024.0], 'StartTimes': [1506498757.0], 'SubmitTimes': [1506470893.0], 'JobIds': ['11831272.0'], 'EndTimes': [1506504781.0], 'Restarts': 0, 'RecordedSite': True, 'State': 'finished', 'ResidentSetSize': [1005424], 'TotalUserCpuTimeHistory': [5621], 'SiteHistory': ['Unknown', 'T1_ES_PIC'], 'TotalSysCpuTimeHistory': [45]}, '11': {'Retries': 1, 'WallDurations': [9.0, 7373.0, 0], 'StartTimes': [1506516698.0], 'SubmitTimes': [1506470893.0, 1506525941.0], 'JobIds': ['11831275.0', '11858543.0'], 'EndTimes': [1506524071.0], 'Restarts': 0, 'RecordedSite': False, 'State': 'idle', 'ResidentSetSize': [971952, 0], 'TotalUserCpuTimeHistory': [4885, 0.0], 'SiteHistory': ['Unknown', 'T1_ES_PIC', 'Unknown'], 'TotalSysCpuTimeHistory': [39, 0.0]}, '10': {'Retries': 1, 'WallDurations': [9.0, 5604.0, 9.0, 9327.0], 'StartTimes': [1506511089.0, 1506547107.0], 'SubmitTimes': [1506470893.0, 1506525779.0], 'JobIds': ['11831274.0', '11858298.0'], 'EndTimes': [1506516693.0, 1506556434.0], 'Restarts': 0, 'RecordedSite': True, 'State': 'transferring', 'ResidentSetSize': [909984, 912540], 'TotalUserCpuTimeHistory': [4977, 8401], 'SiteHistory': ['Unknown', 'T1_ES_PIC', 'Unknown', 'T1_ES_PIC'], 'TotalSysCpuTimeHistory': [35, 50]}, '13': {'Retries': 0, 'WallDurations': [0], 'StartTimes': [], 'SubmitTimes': [1506470894.0], 'JobIds': ['11831277.0'], 'EndTimes': [], 'Restarts': 0, 'RecordedSite': False, 'State': 'idle', 'ResidentSetSize': [0], 'TotalUserCpuTimeHistory': [0.0], 'SiteHistory': ['Unknown'], 'TotalSysCpuTimeHistory': [0.0]}, '12': {'Retries': 0, 'WallDurations': [0], 'StartTimes': [], 'SubmitTimes': [1506470894.0], 'JobIds': ['11831276.0'], 'EndTimes': [], 'Restarts': 0, 'RecordedSite': False, 'State': 'idle', 'ResidentSetSize': [0], 'TotalUserCpuTimeHistory': [0.0], 'SiteHistory': ['Unknown'], 'TotalSysCpuTimeHistory': [0.0]}, '15': {'Retries': 0, 'WallDurations': [0], 'StartTimes': [], 'SubmitTimes': [1506470894.0], 'JobIds': ['11831280.0'], 'EndTimes': [], 'Restarts': 0, 'RecordedSite': False, 'State': 'idle', 'ResidentSetSize': [0], 'TotalUserCpuTimeHistory': [0.0], 'SiteHistory': ['Unknown'], 'TotalSysCpuTimeHistory': [0.0]}, '14': {'Retries': 0, 'WallDurations': [0], 'StartTimes': [], 'SubmitTimes': [1506470894.0], 'JobIds': ['11831284.0'], 'EndTimes': [], 'Restarts': 0, 'RecordedSite': False, 'State': 'idle', 'ResidentSetSize': [0], 'TotalUserCpuTimeHistory': [0.0], 'SiteHistory': ['Unknown'], 'TotalSysCpuTimeHistory': [0.0]}, '17': {'Retries': 0, 'WallDurations': [0], 'StartTimes': [], 'SubmitTimes': [1506470894.0], 'JobIds': ['11831281.0'], 'EndTimes': [], 'Restarts': 0, 'RecordedSite': False, 'State': 'idle', 'ResidentSetSize': [0], 'TotalUserCpuTimeHistory': [0.0], 'SiteHistory': ['Unknown'], 'TotalSysCpuTimeHistory': [0.0]}, '16': {'Retries': 0, 'WallDurations': [0], 'StartTimes': [], 'SubmitTimes': [1506470894.0], 'JobIds': ['11831278.0'], 'EndTimes': [], 'Restarts': 0, 'RecordedSite': False, 'State': 'idle', 'ResidentSetSize': [0], 'TotalUserCpuTimeHistory': [0.0], 'SiteHistory': ['Unknown'], 'TotalSysCpuTimeHistory': [0.0]}, '19': {'Retries': 0, 'WallDurations': [0], 'StartTimes': [], 'SubmitTimes': [1506470894.0], 'JobIds': ['11831283.0'], 'EndTimes': [], 'Restarts': 0, 'RecordedSite': False, 'State': 'idle', 'ResidentSetSize': [0], 'TotalUserCpuTimeHistory': [0.0], 'SiteHistory': ['Unknown'], 'TotalSysCpuTimeHistory': [0.0]}, '18': {'Retries': 0, 'WallDurations': [0], 'StartTimes': [], 'SubmitTimes': [1506470894.0], 'JobIds': ['11831282.0'], 'EndTimes': [], 'Restarts': 0, 'RecordedSite': False, 'State': 'idle', 'ResidentSetSize': [0], 'TotalUserCpuTimeHistory': [0.0], 'SiteHistory': ['Unknown'], 'TotalSysCpuTimeHistory': [0.0]}}
INFO 2017-09-27 17:15:49,782: 	 Status on the scheduler:	SUBMITTED
INFO 2017-09-27 17:15:49,782: 	 
Jobs status:                    finished        8.3% ( 2/24)
INFO 2017-09-27 17:15:49,782: 	 				idle           83.3% (20/24)
INFO 2017-09-27 17:15:49,782: 	 				running         4.2% ( 1/24)
INFO 2017-09-27 17:15:49,782: 	 				transferring    4.2% ( 1/24)
INFO 2017-09-27 17:15:49,782: 	 
No publication information (publication has been disabled in the CRAB configuration file)
DEBUG 2017-09-27 17:15:49,787: 	 Requesting resubmission of failed jobs in task 170927_000658:mmasciov_crab_stoppedTracks_wlnu_ht400to600_Sep2017
ERROR 2017-09-27 17:15:49,787: 	 Found no jobs to resubmit. Only jobs in status failed can be resubmitted. Jobs in status finished can also be resubmitted, but only if the jobids are specified and the force option is set.
ERROR 2017-09-27 17:15:49,787: 	 Caught exception
Traceback (most recent call last):
  File "/cvmfs/cms.cern.ch/crab3/slc6_amd64_gcc493/cms/crabclient/3.3.1707.patch1/bin/crab", line 160, in <module>
    client()
  File "/cvmfs/cms.cern.ch/crab3/slc6_amd64_gcc493/cms/crabclient/3.3.1707.patch1/bin/crab", line 148, in __call__
    self.cmd()
  File "/cvmfs/cms.cern.ch/crab3/slc6_amd64_gcc493/cms/crabclient/3.3.1707.patch1/lib/python2.7/site-packages/CRABClient/Commands/resubmit.py", line 60, in __call__
    self.jobids = self.processJobIds(jobList)
  File "/cvmfs/cms.cern.ch/crab3/slc6_amd64_gcc493/cms/crabclient/3.3.1707.patch1/lib/python2.7/site-packages/CRABClient/Commands/resubmit.py", line 161, in processJobIds
    raise ConfigurationException(msg)
ConfigurationException: Found no jobs to resubmit. Only jobs in status failed can be resubmitted. Jobs in status finished can also be resubmitted, but only if the jobids are specified and the force option is set.
