DEBUG 2017-09-26 13:53:10,502: 	 Executing command: 'submit'
DEBUG 2017-09-26 13:53:10,503: 	 Found CRAB cache file /home/users/mmasciov/.crab3
DEBUG 2017-09-26 13:53:10,510: 	 Checking credentials
DEBUG 2017-09-26 13:53:10,511: 	 Found proxy file /tmp/x509up_u31607
DEBUG 2017-09-26 13:53:10,511: 	 Getting proxy life time left
DEBUG 2017-09-26 13:53:10,615: 	 Executing : 
 command : voms-proxy-info -file /tmp/x509up_u31607 -timeleft
 output : 603325

 error: 
 retcode : 0
DEBUG 2017-09-26 13:53:10,719: 	 Executing : 
 command : voms-proxy-info -file /tmp/x509up_u31607 -actimeleft
 output : 603325

 error: 
 retcode : 0
DEBUG 2017-09-26 13:53:10,719: 	 Proxy valid for 167:35:25 hours
INFO 2017-09-26 13:53:10,719: 	 Will use CRAB configuration file crabConfig_MC.py
DEBUG 2017-09-26 13:53:10,719: 	 Loading CRAB configuration file.
DEBUG 2017-09-26 13:53:10,723: 	 Will use CRAB Analysis plugin (i.e. will run an analysis job type).
DEBUG 2017-09-26 13:53:10,893: 	 Executing : 
 command : openssl x509 -in ~/.globus/usercert.pem -subject -noout
 output : subject= /DC=ch/DC=cern/OU=Organic Units/OU=Users/CN=mmasciov/CN=720044/CN=Mario Masciovecchio

 error: 
 retcode : 0
DEBUG 2017-09-26 13:53:10,894: 	 Checking credentials
DEBUG 2017-09-26 13:53:10,894: 	 Found proxy file /tmp/x509up_u31607
DEBUG 2017-09-26 13:53:10,894: 	 Getting proxy life time left
DEBUG 2017-09-26 13:53:10,997: 	 Executing : 
 command : voms-proxy-info -file /tmp/x509up_u31607 -timeleft
 output : 603325

 error: 
 retcode : 0
DEBUG 2017-09-26 13:53:11,100: 	 Executing : 
 command : voms-proxy-info -file /tmp/x509up_u31607 -actimeleft
 output : 603324

 error: 
 retcode : 0
DEBUG 2017-09-26 13:53:11,101: 	 Proxy valid for 167:35:25 hours
DEBUG 2017-09-26 13:53:11,204: 	 Executing : 
 command : env X509_USER_PROXY=/tmp/x509up_u31607 voms-proxy-info -fqan
 output : /cms/Role=NULL/Capability=NULL

 error: 
 retcode : 0
DEBUG 2017-09-26 13:53:12,708: 	 Registering user credentials for server /DC=ch/DC=cern/OU=computers/CN=vocms(045|052|021|031|0118|0118a|0119|0108|0105|0109).cern.ch
DEBUG 2017-09-26 13:53:12,816: 	 Executing : 
 command : openssl x509 -in ~/.globus/usercert.pem -subject -noout
 output : subject= /DC=ch/DC=cern/OU=Organic Units/OU=Users/CN=mmasciov/CN=720044/CN=Mario Masciovecchio

 error: 
 retcode : 0
DEBUG 2017-09-26 13:53:12,816: 	 Getting myproxy life time left for myproxy.cern.ch
DEBUG 2017-09-26 13:53:12,816: 	 Calculating hash of /DC=ch/DC=cern/OU=Organic Units/OU=Users/CN=mmasciov/CN=720044/CN=Mario Masciovecchio_cmsweb.cern.ch for credential name
DEBUG 2017-09-26 13:53:14,223: 	 Executing : 
 command : myproxy-info -l 675d286d0e68c23071389f9d911f5838308f7790 -s myproxy.cern.ch
 output : username: 675d286d0e68c23071389f9d911f5838308f7790
owner: /DC=ch/DC=cern/OU=Organic Units/OU=Users/CN=mmasciov/CN=720044/CN=Mario Masciovecchio
  renewal policy: /DC=ch/DC=cern/OU=computers/CN=vocms(045|052|021|031|0118|0118a|0119|0108|0105|0109).cern.ch
  trusted retrieval policy: /DC=ch/DC=cern/OU=computers/CN=vocms(045|052|021|031|0118|0118a|0119|0108|0105|0109).cern.ch
  timeleft: 719:34:41  (30.0 days)

 error: 
 retcode : 0
DEBUG 2017-09-26 13:53:14,224: 	 Myproxy is valid: 2590481
DEBUG 2017-09-26 13:53:14,224: 	 Command use: submit
DEBUG 2017-09-26 13:53:14,224: 	 Options use: ['-c', 'crabConfig_MC.py']
DEBUG 2017-09-26 13:53:15,385: 	 CRABClient version: 3.3.1707.patch1
DEBUG 2017-09-26 13:53:15,385: 	 Instance is prod
DEBUG 2017-09-26 13:53:15,385: 	 Server base url is cmsweb.cern.ch
DEBUG 2017-09-26 13:53:15,385: 	 Command url /crabserver/prod/workflow
DEBUG 2017-09-26 13:53:15,385: 	 Started submission
DEBUG 2017-09-26 13:53:15,385: 	 Working on /home/users/mmasciov/MT2/8_0_26/src/Histo/HistoAnalyzer/python/crab_projects/crab_stoppedTracks_zjetsHT1200to2500Sep2017
DEBUG 2017-09-26 13:53:16,695: 	 Loading required information from the environment
DEBUG 2017-09-26 13:53:16,695: 	 Found CMSSW_8_0_26 for slc6_amd64_gcc530 with base /home/users/mmasciov/MT2/8_0_26
DEBUG 2017-09-26 13:53:16,696: 	 Loading required information from the environment
DEBUG 2017-09-26 13:53:16,696: 	 Found CMSSW_8_0_26 for slc6_amd64_gcc530 with base /home/users/mmasciov/MT2/8_0_26
DEBUG 2017-09-26 13:53:16,710: 	 UNIQUE NAME: tarUUID e528471e-3c2c-4d97-bd5c-6aa88c607002 
DEBUG 2017-09-26 13:53:16,710: 	 self.config: from WMCore.Configuration import Configuration
config = Configuration()
config.section_('General')
config.General.transferLogs = False
config.General.transferOutputs = True
config.General.workArea = 'crab_projects'
config.General.requestName = 'stoppedTracks_zjetsHT1200to2500Sep2017'
config.section_('JobType')
config.JobType.psetName = 'ConfFile_cfg.py'
config.JobType.pluginName = 'Analysis'
config.section_('Data')
config.Data.inputDataset = '/ZJetsToNuNu_HT-1200To2500_13TeV-madgraph/RunIISummer16DR80Premix-PUMoriond17_80X_mcRun2_asymptotic_2016_TrancheIV_v6-v1/AODSIM'
config.Data.outputDatasetTag = 'ZJetsToNuNu_HT1200to2500_SingleLeptFromT_Sep2017'
config.Data.publication = False
config.Data.unitsPerJob = 10
config.Data.inputDBS = 'global'
config.Data.splitting = 'FileBased'
config.Data.outLFNDirBase = '/store/user/mmasciov/'
config.section_('Site')
config.Site.storageSite = 'T2_US_UCSD'
config.section_('User')
config.section_('Debug')

DEBUG 2017-09-26 13:53:16,710: 	 self.config.JobType.psetName: ConfFile_cfg.py
INFO 2017-09-26 13:53:16,711: 	 Importing CMSSW configuration ConfFile_cfg.py
INFO 2017-09-26 13:53:16,841: 	 Finished importing CMSSW configuration ConfFile_cfg.py
DEBUG 2017-09-26 13:53:16,841: 	 Writing CMSSW configuration to /home/users/mmasciov/MT2/8_0_26/src/Histo/HistoAnalyzer/python/crab_projects/crab_stoppedTracks_zjetsHT1200to2500Sep2017/inputs/PSet.py
DEBUG 2017-09-26 13:53:16,973: 	 The following EDM output files will be collected: []
DEBUG 2017-09-26 13:53:16,973: 	 The following TFile output files will be collected: ['zjets_ht1200to2500.root']
DEBUG 2017-09-26 13:53:16,973: 	 The following user output files will be collected: []
DEBUG 2017-09-26 13:53:16,973: 	 Loading required information from the environment
DEBUG 2017-09-26 13:53:16,973: 	 Found CMSSW_8_0_26 for slc6_amd64_gcc530 with base /home/users/mmasciov/MT2/8_0_26
DEBUG 2017-09-26 13:53:16,973: 	 Making tarball in /home/users/mmasciov/MT2/8_0_26/src/Histo/HistoAnalyzer/python/crab_projects/crab_stoppedTracks_zjetsHT1200to2500Sep2017/inputs/e528471e-3c2c-4d97-bd5c-6aa88c607002default.tgz
DEBUG 2017-09-26 13:53:17,037: 	 Checking directory /home/users/mmasciov/MT2/8_0_26/lib
DEBUG 2017-09-26 13:53:17,037: 	 Adding directory /home/users/mmasciov/MT2/8_0_26/lib to tarball
DEBUG 2017-09-26 13:53:17,301: 	 Checking directory /home/users/mmasciov/MT2/8_0_26/biglib
DEBUG 2017-09-26 13:53:17,301: 	 Adding directory /home/users/mmasciov/MT2/8_0_26/biglib to tarball
DEBUG 2017-09-26 13:53:17,302: 	 Checking directory /home/users/mmasciov/MT2/8_0_26/module
DEBUG 2017-09-26 13:53:19,541: 	 Adding data directory /home/users/mmasciov/MT2/8_0_26/src/PhysicsTools/HepMCCandAlgos/data to tarball
DEBUG 2017-09-26 13:53:19,664: 	 Adding data directory /home/users/mmasciov/MT2/8_0_26/src/PhysicsTools/HepMCCandAlgos/interface to tarball
DEBUG 2017-09-26 13:53:20,569: 	 Uploading archive /home/users/mmasciov/MT2/8_0_26/src/Histo/HistoAnalyzer/python/crab_projects/crab_stoppedTracks_zjetsHT1200to2500Sep2017/inputs/e528471e-3c2c-4d97-bd5c-6aa88c607002default.tgz (0.693359.1 MB) to the CRAB cache. Using URI https://cmsweb.cern.ch/crabcache
DEBUG 2017-09-26 13:53:24,209: 	 Loading required information from the environment
DEBUG 2017-09-26 13:53:24,210: 	 Found CMSSW_8_0_26 for slc6_amd64_gcc530 with base /home/users/mmasciov/MT2/8_0_26
DEBUG 2017-09-26 13:53:24,210: 	 Making tarball in /home/users/mmasciov/MT2/8_0_26/src/Histo/HistoAnalyzer/python/crab_projects/crab_stoppedTracks_zjetsHT1200to2500Sep2017/inputs/debugFiles.tgz
DEBUG 2017-09-26 13:53:24,213: 	 Uploading archive /home/users/mmasciov/MT2/8_0_26/src/Histo/HistoAnalyzer/python/crab_projects/crab_stoppedTracks_zjetsHT1200to2500Sep2017/inputs/debugFiles.tgz (1 KB) to the CRAB cache. Using URI https://cmsweb.cern.ch/crabcache
DEBUG 2017-09-26 13:53:25,742: 	 Result uploading input files: c1516bf8cd718068fc90815d5915682b20ca7c95f4e5da40ebfe41ad2fa5bcae.tar.gz 
INFO 2017-09-26 13:53:25,742: 	 Sending the request to the server
DEBUG 2017-09-26 13:53:25,742: 	 Submitting {'maxjobruntime': 1250, 'extrajdl': [], 'ignorelocality': 0, 'savelogsflag': 0, 'useparent': 0, 'asyncdest': 'T2_US_UCSD', 'algoargs': 10, 'cachefilename': 'c1516bf8cd718068fc90815d5915682b20ca7c95f4e5da40ebfe41ad2fa5bcae.tar.gz', 'numcores': 1, 'addoutputfiles': [], 'generator': 'pythia', 'maxmemory': 2000, 'publishdbsurl': 'https://cmsweb.cern.ch/dbs/prod/phys03/DBSWriter', 'priority': 10, 'jobsw': 'CMSSW_8_0_26', 'edmoutfiles': [], 'userfiles': [], 'primarydataset': '', 'inputdata': '/ZJetsToNuNu_HT-1200To2500_13TeV-madgraph/RunIISummer16DR80Premix-PUMoriond17_80X_mcRun2_asymptotic_2016_TrancheIV_v6-v1/AODSIM', 'lfn': '/store/user/mmasciov/', 'dryrun': 0, 'workflow': 'crab_stoppedTracks_zjetsHT1200to2500Sep2017', 'cacheurl': u'https://cmsweb.cern.ch/crabcache', 'nonprodsw': 0, 'tfileoutfiles': ['zjets_ht1200to2500.root'], 'oneEventMode': 0, 'debugfilename': 'e88409db729a513f742b38aba147137ba31fee0320046bc7b54023dea9a79abd.tar.gz', 'saveoutput': 1, 'publication': 0, 'jobarch': 'slc6_amd64_gcc530', 'totalunits': 0, 'splitalgo': 'FileBased', 'ignoreglobalblacklist': 0, 'nonvaliddata': 0, 'dbsurl': 'https://cmsweb.cern.ch/dbs/prod/global/DBSReader', 'publishgroupname': 0, 'jobtype': 'Analysis', 'publishname2': 'ZJetsToNuNu_HT1200to2500_SingleLeptFromT_Sep2017'} 
DEBUG 2017-09-26 13:53:25,742: 	 Encoded submit request: maxjobruntime=1250&ignorelocality=0&savelogsflag=0&useparent=0&asyncdest=T2_US_UCSD&algoargs=10&cachefilename=c1516bf8cd718068fc90815d5915682b20ca7c95f4e5da40ebfe41ad2fa5bcae.tar.gz&numcores=1&generator=pythia&maxmemory=2000&publishdbsurl=https%3A%2F%2Fcmsweb.cern.ch%2Fdbs%2Fprod%2Fphys03%2FDBSWriter&priority=10&jobsw=CMSSW_8_0_26&primarydataset=&inputdata=%2FZJetsToNuNu_HT-1200To2500_13TeV-madgraph%2FRunIISummer16DR80Premix-PUMoriond17_80X_mcRun2_asymptotic_2016_TrancheIV_v6-v1%2FAODSIM&lfn=%2Fstore%2Fuser%2Fmmasciov%2F&dryrun=0&workflow=crab_stoppedTracks_zjetsHT1200to2500Sep2017&cacheurl=https%3A%2F%2Fcmsweb.cern.ch%2Fcrabcache&nonprodsw=0&oneEventMode=0&debugfilename=e88409db729a513f742b38aba147137ba31fee0320046bc7b54023dea9a79abd.tar.gz&saveoutput=1&publication=0&jobarch=slc6_amd64_gcc530&totalunits=0&splitalgo=FileBased&ignoreglobalblacklist=0&nonvaliddata=0&dbsurl=https%3A%2F%2Fcmsweb.cern.ch%2Fdbs%2Fprod%2Fglobal%2FDBSReader&publishgroupname=0&jobtype=Analysis&publishname2=ZJetsToNuNu_HT1200to2500_SingleLeptFromT_Sep2017&tfileoutfiles=zjets_ht1200to2500.root
DEBUG 2017-09-26 13:53:27,390: 	 Result: {u'result': [{u'RequestName': u'170926_205327:mmasciov_crab_stoppedTracks_zjetsHT1200to2500Sep2017'}]}
INFO 2017-09-26 13:53:27,431: 	 Success: Your task has been delivered to the CRAB3 server.
INFO 2017-09-26 13:53:27,431: 	 Task name: 170926_205327:mmasciov_crab_stoppedTracks_zjetsHT1200to2500Sep2017
INFO 2017-09-26 13:53:27,431: 	 Please use 'crab status' to check how the submission process proceeds.
DEBUG 2017-09-26 13:53:27,431: 	 About to return
INFO 2017-09-26 13:53:27,437: 	 Log file is /home/users/mmasciov/MT2/8_0_26/src/Histo/HistoAnalyzer/python/crab_projects/crab_stoppedTracks_zjetsHT1200to2500Sep2017/crab.log
DEBUG 2017-09-26 16:37:55,578: 	 Executing command: 'resubmit'
DEBUG 2017-09-26 16:37:55,579: 	 Found CRAB cache file /home/users/mmasciov/.crab3
DEBUG 2017-09-26 16:37:55,586: 	 Checking credentials
DEBUG 2017-09-26 16:37:55,586: 	 Found proxy file /tmp/x509up_u31607
DEBUG 2017-09-26 16:37:55,586: 	 Getting proxy life time left
DEBUG 2017-09-26 16:37:55,689: 	 Executing : 
 command : voms-proxy-info -file /tmp/x509up_u31607 -timeleft
 output : 593440

 error: 
 retcode : 0
DEBUG 2017-09-26 16:37:55,793: 	 Executing : 
 command : voms-proxy-info -file /tmp/x509up_u31607 -actimeleft
 output : 593440

 error: 
 retcode : 0
DEBUG 2017-09-26 16:37:55,793: 	 Proxy valid for 164:50:40 hours
DEBUG 2017-09-26 16:37:55,926: 	 Executing : 
 command : openssl x509 -in ~/.globus/usercert.pem -subject -noout
 output : subject= /DC=ch/DC=cern/OU=Organic Units/OU=Users/CN=mmasciov/CN=720044/CN=Mario Masciovecchio

 error: 
 retcode : 0
DEBUG 2017-09-26 16:37:55,926: 	 Checking credentials
DEBUG 2017-09-26 16:37:55,926: 	 Found proxy file /tmp/x509up_u31607
DEBUG 2017-09-26 16:37:55,926: 	 Getting proxy life time left
DEBUG 2017-09-26 16:37:56,029: 	 Executing : 
 command : voms-proxy-info -file /tmp/x509up_u31607 -timeleft
 output : 593440

 error: 
 retcode : 0
DEBUG 2017-09-26 16:37:56,132: 	 Executing : 
 command : voms-proxy-info -file /tmp/x509up_u31607 -actimeleft
 output : 593439

 error: 
 retcode : 0
DEBUG 2017-09-26 16:37:56,133: 	 Proxy valid for 164:50:40 hours
DEBUG 2017-09-26 16:37:57,291: 	 Registering user credentials for server /DC=ch/DC=cern/OU=computers/CN=vocms(045|052|021|031|0118|0118a|0119|0108|0105|0109).cern.ch
DEBUG 2017-09-26 16:37:57,398: 	 Executing : 
 command : openssl x509 -in ~/.globus/usercert.pem -subject -noout
 output : subject= /DC=ch/DC=cern/OU=Organic Units/OU=Users/CN=mmasciov/CN=720044/CN=Mario Masciovecchio

 error: 
 retcode : 0
DEBUG 2017-09-26 16:37:57,398: 	 Getting myproxy life time left for myproxy.cern.ch
DEBUG 2017-09-26 16:37:57,398: 	 Calculating hash of /DC=ch/DC=cern/OU=Organic Units/OU=Users/CN=mmasciov/CN=720044/CN=Mario Masciovecchio_cmsweb.cern.ch for credential name
DEBUG 2017-09-26 16:37:58,402: 	 Executing : 
 command : myproxy-info -l 675d286d0e68c23071389f9d911f5838308f7790 -s myproxy.cern.ch
 output : username: 675d286d0e68c23071389f9d911f5838308f7790
owner: /DC=ch/DC=cern/OU=Organic Units/OU=Users/CN=mmasciov/CN=720044/CN=Mario Masciovecchio
  renewal policy: /DC=ch/DC=cern/OU=computers/CN=vocms(045|052|021|031|0118|0118a|0119|0108|0105|0109).cern.ch
  trusted retrieval policy: /DC=ch/DC=cern/OU=computers/CN=vocms(045|052|021|031|0118|0118a|0119|0108|0105|0109).cern.ch
  timeleft: 716:49:57  (29.9 days)

 error: 
 retcode : 0
DEBUG 2017-09-26 16:37:58,403: 	 Myproxy is valid: 2580597
DEBUG 2017-09-26 16:37:58,403: 	 Command use: resubmit
DEBUG 2017-09-26 16:37:58,403: 	 Options use: ['-d', 'crab_projects/crab_stoppedTracks_zjetsHT1200to2500Sep2017/']
DEBUG 2017-09-26 16:37:59,725: 	 CRABClient version: 3.3.1707.patch1
DEBUG 2017-09-26 16:37:59,725: 	 Instance is prod
DEBUG 2017-09-26 16:37:59,725: 	 Server base url is cmsweb.cern.ch
DEBUG 2017-09-26 16:37:59,726: 	 Command url /crabserver/prod/workflow
DEBUG 2017-09-26 16:37:59,726: 	 Executing command: 'status'
DEBUG 2017-09-26 16:37:59,726: 	 Found CRAB cache file /home/users/mmasciov/.crab3
DEBUG 2017-09-26 16:37:59,733: 	 Checking credentials
DEBUG 2017-09-26 16:37:59,734: 	 Found proxy file /tmp/x509up_u31607
DEBUG 2017-09-26 16:37:59,734: 	 Getting proxy life time left
DEBUG 2017-09-26 16:37:59,836: 	 Executing : 
 command : voms-proxy-info -file /tmp/x509up_u31607 -timeleft
 output : 593436

 error: 
 retcode : 0
DEBUG 2017-09-26 16:37:59,940: 	 Executing : 
 command : voms-proxy-info -file /tmp/x509up_u31607 -actimeleft
 output : 593436

 error: 
 retcode : 0
DEBUG 2017-09-26 16:37:59,940: 	 Proxy valid for 164:50:36 hours
DEBUG 2017-09-26 16:38:00,078: 	 Executing : 
 command : openssl x509 -in ~/.globus/usercert.pem -subject -noout
 output : subject= /DC=ch/DC=cern/OU=Organic Units/OU=Users/CN=mmasciov/CN=720044/CN=Mario Masciovecchio

 error: 
 retcode : 0
DEBUG 2017-09-26 16:38:00,078: 	 Checking credentials
DEBUG 2017-09-26 16:38:00,078: 	 Found proxy file /tmp/x509up_u31607
DEBUG 2017-09-26 16:38:00,078: 	 Getting proxy life time left
DEBUG 2017-09-26 16:38:00,180: 	 Executing : 
 command : voms-proxy-info -file /tmp/x509up_u31607 -timeleft
 output : 593435

 error: 
 retcode : 0
DEBUG 2017-09-26 16:38:00,284: 	 Executing : 
 command : voms-proxy-info -file /tmp/x509up_u31607 -actimeleft
 output : 593435

 error: 
 retcode : 0
DEBUG 2017-09-26 16:38:00,285: 	 Proxy valid for 164:50:35 hours
DEBUG 2017-09-26 16:38:01,511: 	 Registering user credentials for server /DC=ch/DC=cern/OU=computers/CN=vocms(045|052|021|031|0118|0118a|0119|0108|0105|0109).cern.ch
DEBUG 2017-09-26 16:38:01,618: 	 Executing : 
 command : openssl x509 -in ~/.globus/usercert.pem -subject -noout
 output : subject= /DC=ch/DC=cern/OU=Organic Units/OU=Users/CN=mmasciov/CN=720044/CN=Mario Masciovecchio

 error: 
 retcode : 0
DEBUG 2017-09-26 16:38:01,618: 	 Getting myproxy life time left for myproxy.cern.ch
DEBUG 2017-09-26 16:38:01,619: 	 Calculating hash of /DC=ch/DC=cern/OU=Organic Units/OU=Users/CN=mmasciov/CN=720044/CN=Mario Masciovecchio_cmsweb.cern.ch for credential name
DEBUG 2017-09-26 16:38:02,623: 	 Executing : 
 command : myproxy-info -l 675d286d0e68c23071389f9d911f5838308f7790 -s myproxy.cern.ch
 output : username: 675d286d0e68c23071389f9d911f5838308f7790
owner: /DC=ch/DC=cern/OU=Organic Units/OU=Users/CN=mmasciov/CN=720044/CN=Mario Masciovecchio
  renewal policy: /DC=ch/DC=cern/OU=computers/CN=vocms(045|052|021|031|0118|0118a|0119|0108|0105|0109).cern.ch
  trusted retrieval policy: /DC=ch/DC=cern/OU=computers/CN=vocms(045|052|021|031|0118|0118a|0119|0108|0105|0109).cern.ch
  timeleft: 716:49:53  (29.9 days)

 error: 
 retcode : 0
DEBUG 2017-09-26 16:38:02,624: 	 Myproxy is valid: 2580593
DEBUG 2017-09-26 16:38:02,624: 	 Command use: status
DEBUG 2017-09-26 16:38:02,624: 	 Options use: []
DEBUG 2017-09-26 16:38:03,796: 	 CRABClient version: 3.3.1707.patch1
DEBUG 2017-09-26 16:38:03,796: 	 Instance is prod
DEBUG 2017-09-26 16:38:03,796: 	 Server base url is cmsweb.cern.ch
DEBUG 2017-09-26 16:38:03,796: 	 Command url /crabserver/prod/workflow
DEBUG 2017-09-26 16:38:05,053: 	 Got information from server oracle database: {u'result': [u'170926_205327:mmasciov_crab_stoppedTracks_zjetsHT1200to2500Sep2017', u'None', u'SUBMITTED', u'2017-09-26 20:53:27.280001', u'None', u'2017-09-26 20:54:55.942078', u'None', u'CMSSW_8_0_26', u'slc6_amd64_gcc530', u'/ZJetsToNuNu_HT-1200To2500_13TeV-madgraph/RunIISummer16DR80Premix-PUMoriond17_80X_mcRun2_asymptotic_2016_TrancheIV_v6-v1/AODSIM', u'[]', u'[]', u'FileBased', u"{'splitOnRun': False, 'halt_job_on_file_boundaries': False, 'files_per_job': 10, 'runs': [], 'lumis': []}", u'0', u'c1516bf8cd718068fc90815d5915682b20ca7c95f4e5da40ebfe41ad2fa5bcae.tar.gz', u'https://cmsweb.cern.ch/crabcache', u'mmasciov', u'/DC=ch/DC=cern/OU=Organic Units/OU=Users/CN=mmasciov/CN=720044/CN=Mario Masciovecchio', u'cms', u'None', u'None', u'ZJetsToNuNu_HT1200to2500_SingleLeptFromT_Sep2017-00000000000000000000000000000000', u'T2_US_UCSD', u'https://cmsweb.cern.ch/dbs/prod/global/DBSReader', u'https://cmsweb.cern.ch/dbs/prod/phys03/DBSWriter', u'F', u'Analysis', u'{}', u'[]', u'F', u'vocms052', u'[]', u'1250', u'1', u'2000', u'10', u'None', u'http://vocms0194.cern.ch/mon/cms1422/170926_205327:mmasciov_crab_stoppedTracks_zjetsHT1200to2500Sep2017', u'None', u'None', u'[]', u'[]', u'[]', u'pythia', u'[]', u"['zjets_ht1200to2500.root']", u'[]', u'https://cmsweb.cern.ch/crabserver/prod', u'None', u'0', u'cmsgwms-collector-global.cern.ch:9620,cmssrv221.fnal.gov:9620', u'crab3@vocms0194.cern.ch', u'F', u'[]', u'T', u'/store/user/mmasciov/', u'F', u'None', u'F', u'F', u'F', u'None', u'ZJetsToNuNu_HT-1200To2500_13TeV-madgraph', u'filetransfers', u'SUBMIT', u'11625767', u'e88409db729a513f742b38aba147137ba31fee0320046bc7b54023dea9a79abd.tar.gz', u'169.228.130.5', u'F', u'None'], u'desc': {u'columns': [u'tm_taskname', u'panda_jobset_id', u'tm_task_status', u'tm_start_time', u'tm_start_injection', u'tm_end_injection', u'tm_task_failure', u'tm_job_sw', u'tm_job_arch', u'tm_input_dataset', u'tm_site_whitelist', u'tm_site_blacklist', u'tm_split_algo', u'tm_split_args', u'tm_totalunits', u'tm_user_sandbox', u'tm_cache_url', u'tm_username', u'tm_user_dn', u'tm_user_vo', u'tm_user_role', u'tm_user_group', u'tm_publish_name', u'tm_asyncdest', u'tm_dbs_url', u'tm_publish_dbs_url', u'tm_publication', u'tm_job_type', u'tm_arguments', u'panda_resubmitted_jobs', u'tm_save_logs', u'tw_name', u'tm_user_infiles', u'tm_maxjobruntime', u'tm_numcores', u'tm_maxmemory', u'tm_priority', u'tm_output_dataset', u'tm_user_webdir', u'tm_activity', u'tm_scriptexe', u'tm_scriptargs', u'tm_extrajdl', u'tm_task_warnings', u'tm_generator', u'tm_outfiles', u'tm_tfile_outfiles', u'tm_edm_outfiles', u'tm_asourl', u'tm_events_per_lumi', u'tm_use_parent', u'tm_collector', u'tm_schedd', u'tm_dry_run', u'tm_user_files', u'tm_transfer_outputs', u'tm_output_lfn', u'tm_ignore_locality', u'tm_fail_limit', u'tm_one_event_mode', u'tm_publish_groupname', u'tm_nonvalid_input_dataset', u'tm_secondary_input_dataset', u'tm_primary_dataset', u'tm_asodb', u'tm_task_command', u'clusterid', u'tm_debug_files', u'tm_submitter_ip_addr', u'tm_ignore_global_blacklist', u'tm_last_publication']}}
INFO 2017-09-26 16:38:05,054: 	 CRAB project directory:		/home/users/mmasciov/MT2/8_0_26/src/Histo/HistoAnalyzer/python/crab_projects/crab_stoppedTracks_zjetsHT1200to2500Sep2017
INFO 2017-09-26 16:38:05,054: 	 Task name:			170926_205327:mmasciov_crab_stoppedTracks_zjetsHT1200to2500Sep2017
INFO 2017-09-26 16:38:05,054: 	 Grid scheduler:			crab3@vocms0194.cern.ch
INFO 2017-09-26 16:38:05,054: 	 Status on the CRAB server:	SUBMITTED
INFO 2017-09-26 16:38:05,054: 	 Task URL to use for HELP:	https://cmsweb.cern.ch/crabserver/ui/task/170926_205327%3Ammasciov_crab_stoppedTracks_zjetsHT1200to2500Sep2017
INFO 2017-09-26 16:38:05,054: 	 Dashboard monitoring URL:	http://dashb-cms-job.cern.ch/dashboard/templates/task-analysis/#user=mmasciov&refresh=0&table=Jobs&p=1&records=25&activemenu=2&status=&site=&tid=170926_205327%3Ammasciov_crab_stoppedTracks_zjetsHT1200to2500Sep2017
DEBUG 2017-09-26 16:38:05,054: 	 The CRAB server submitted your task to the Grid scheduler (cluster ID: 11625767)
DEBUG 2017-09-26 16:38:05,054: 	 Webdir is located at http://vocms0194.cern.ch/mon/cms1422/170926_205327:mmasciov_crab_stoppedTracks_zjetsHT1200to2500Sep2017
DEBUG 2017-09-26 16:38:06,252: 	 Proxied webdir is located at https://cmsweb.cern.ch/scheddmon/0194/cms1422/170926_205327:mmasciov_crab_stoppedTracks_zjetsHT1200to2500Sep2017
DEBUG 2017-09-26 16:38:06,252: 	 Retrieving 'status_cache' file from https://cmsweb.cern.ch/scheddmon/0194/cms1422/170926_205327:mmasciov_crab_stoppedTracks_zjetsHT1200to2500Sep2017/status_cache
DEBUG 2017-09-26 16:38:07,389: 	 Got information from status cache file: {'1': {'Retries': 0, 'WallDurations': [9.0, 9024.0], 'StartTimes': [1506459416.0], 'SubmitTimes': [1506459295.0], 'JobIds': ['11625795.0'], 'EndTimes': [], 'Restarts': 0, 'RecordedSite': True, 'State': 'running', 'ResidentSetSize': [683860], 'TotalUserCpuTimeHistory': [7951.0], 'SiteHistory': ['Unknown', 'T2_US_Wisconsin'], 'TotalSysCpuTimeHistory': [78.0]}, '3': {'Retries': 0, 'WallDurations': [9.0, 7218.0], 'StartTimes': [1506459416.0], 'SubmitTimes': [1506459295.0], 'JobIds': ['11625797.0'], 'EndTimes': [], 'Restarts': 0, 'RecordedSite': True, 'State': 'running', 'ResidentSetSize': [692244], 'TotalUserCpuTimeHistory': [6072.0], 'SiteHistory': ['Unknown', 'T2_US_Wisconsin'], 'TotalSysCpuTimeHistory': [61.0]}, '2': {'Retries': 0, 'WallDurations': [9.0, 9323.0], 'StartTimes': [1506459416.0], 'SubmitTimes': [1506459296.0], 'JobIds': ['11625799.0'], 'EndTimes': [], 'Restarts': 0, 'RecordedSite': True, 'State': 'running', 'ResidentSetSize': [674784], 'TotalUserCpuTimeHistory': [8151.0], 'SiteHistory': ['Unknown', 'T2_US_Wisconsin'], 'TotalSysCpuTimeHistory': [73.0]}, '5': {'Retries': 1, 'WallDurations': [9.0, 5404.0, 2110.0], 'StartTimes': [1506459418.0, 1506466789.0], 'SubmitTimes': [1506459295.0, 1506466695.0], 'JobIds': ['11625796.0', '11628943.0'], 'EndTimes': [1506464822.0], 'Restarts': 0, 'RecordedSite': True, 'State': 'running', 'ResidentSetSize': [761876, 674060], 'TotalUserCpuTimeHistory': [4595, 1767.0], 'SiteHistory': ['Unknown', 'T2_US_Wisconsin', 'T2_US_Wisconsin'], 'TotalSysCpuTimeHistory': [55, 19.0]}, '4': {'Retries': 0, 'WallDurations': [9.0, 5414.0], 'StartTimes': [1506459418.0], 'SubmitTimes': [1506459296.0], 'JobIds': ['11625798.0'], 'EndTimes': [], 'Restarts': 0, 'RecordedSite': True, 'State': 'running', 'ResidentSetSize': [757664], 'TotalUserCpuTimeHistory': [4681.0], 'SiteHistory': ['Unknown', 'T2_US_Wisconsin'], 'TotalSysCpuTimeHistory': [35.0]}}
INFO 2017-09-26 16:38:07,389: 	 Status on the scheduler:	SUBMITTED
INFO 2017-09-26 16:38:07,389: 	 
Jobs status:                    running       100.0% (5/5)
INFO 2017-09-26 16:38:07,389: 	 
No publication information (publication has been disabled in the CRAB configuration file)
DEBUG 2017-09-26 16:38:07,397: 	 Requesting resubmission of failed jobs in task 170926_205327:mmasciov_crab_stoppedTracks_zjetsHT1200to2500Sep2017
ERROR 2017-09-26 16:38:07,398: 	 Found no jobs to resubmit. Only jobs in status failed can be resubmitted. Jobs in status finished can also be resubmitted, but only if the jobids are specified and the force option is set.
ERROR 2017-09-26 16:38:07,398: 	 Caught exception
Traceback (most recent call last):
  File "/cvmfs/cms.cern.ch/crab3/slc6_amd64_gcc493/cms/crabclient/3.3.1707.patch1/bin/crab", line 160, in <module>
    client()
  File "/cvmfs/cms.cern.ch/crab3/slc6_amd64_gcc493/cms/crabclient/3.3.1707.patch1/bin/crab", line 148, in __call__
    self.cmd()
  File "/cvmfs/cms.cern.ch/crab3/slc6_amd64_gcc493/cms/crabclient/3.3.1707.patch1/lib/python2.7/site-packages/CRABClient/Commands/resubmit.py", line 60, in __call__
    self.jobids = self.processJobIds(jobList)
  File "/cvmfs/cms.cern.ch/crab3/slc6_amd64_gcc493/cms/crabclient/3.3.1707.patch1/lib/python2.7/site-packages/CRABClient/Commands/resubmit.py", line 161, in processJobIds
    raise ConfigurationException(msg)
ConfigurationException: Found no jobs to resubmit. Only jobs in status failed can be resubmitted. Jobs in status finished can also be resubmitted, but only if the jobids are specified and the force option is set.
DEBUG 2017-09-27 07:53:24,100: 	 Executing command: 'resubmit'
DEBUG 2017-09-27 07:53:24,101: 	 Found CRAB cache file /home/users/mmasciov/.crab3
DEBUG 2017-09-27 07:53:24,108: 	 Checking credentials
DEBUG 2017-09-27 07:53:24,108: 	 Found proxy file /tmp/x509up_u31607
DEBUG 2017-09-27 07:53:24,108: 	 Getting proxy life time left
DEBUG 2017-09-27 07:53:24,211: 	 Executing : 
 command : voms-proxy-info -file /tmp/x509up_u31607 -timeleft
 output : 538511

 error: 
 retcode : 0
DEBUG 2017-09-27 07:53:24,315: 	 Executing : 
 command : voms-proxy-info -file /tmp/x509up_u31607 -actimeleft
 output : 538511

 error: 
 retcode : 0
DEBUG 2017-09-27 07:53:24,315: 	 Proxy valid for 149:35:11 hours
DEBUG 2017-09-27 07:53:24,438: 	 Executing : 
 command : openssl x509 -in ~/.globus/usercert.pem -subject -noout
 output : subject= /DC=ch/DC=cern/OU=Organic Units/OU=Users/CN=mmasciov/CN=720044/CN=Mario Masciovecchio

 error: 
 retcode : 0
DEBUG 2017-09-27 07:53:24,439: 	 Checking credentials
DEBUG 2017-09-27 07:53:24,439: 	 Found proxy file /tmp/x509up_u31607
DEBUG 2017-09-27 07:53:24,439: 	 Getting proxy life time left
DEBUG 2017-09-27 07:53:24,542: 	 Executing : 
 command : voms-proxy-info -file /tmp/x509up_u31607 -timeleft
 output : 538511

 error: 
 retcode : 0
DEBUG 2017-09-27 07:53:24,645: 	 Executing : 
 command : voms-proxy-info -file /tmp/x509up_u31607 -actimeleft
 output : 538511

 error: 
 retcode : 0
DEBUG 2017-09-27 07:53:24,645: 	 Proxy valid for 149:35:11 hours
DEBUG 2017-09-27 07:53:25,832: 	 Registering user credentials for server /DC=ch/DC=cern/OU=computers/CN=vocms(045|052|021|031|0118|0118a|0119|0108|0105|0109).cern.ch
DEBUG 2017-09-27 07:53:25,940: 	 Executing : 
 command : openssl x509 -in ~/.globus/usercert.pem -subject -noout
 output : subject= /DC=ch/DC=cern/OU=Organic Units/OU=Users/CN=mmasciov/CN=720044/CN=Mario Masciovecchio

 error: 
 retcode : 0
DEBUG 2017-09-27 07:53:25,940: 	 Getting myproxy life time left for myproxy.cern.ch
DEBUG 2017-09-27 07:53:25,940: 	 Calculating hash of /DC=ch/DC=cern/OU=Organic Units/OU=Users/CN=mmasciov/CN=720044/CN=Mario Masciovecchio_cmsweb.cern.ch for credential name
DEBUG 2017-09-27 07:53:26,945: 	 Executing : 
 command : myproxy-info -l 675d286d0e68c23071389f9d911f5838308f7790 -s myproxy.cern.ch
 output : username: 675d286d0e68c23071389f9d911f5838308f7790
owner: /DC=ch/DC=cern/OU=Organic Units/OU=Users/CN=mmasciov/CN=720044/CN=Mario Masciovecchio
  renewal policy: /DC=ch/DC=cern/OU=computers/CN=vocms(045|052|021|031|0118|0118a|0119|0108|0105|0109).cern.ch
  trusted retrieval policy: /DC=ch/DC=cern/OU=computers/CN=vocms(045|052|021|031|0118|0118a|0119|0108|0105|0109).cern.ch
  timeleft: 701:34:29  (29.2 days)

 error: 
 retcode : 0
DEBUG 2017-09-27 07:53:26,946: 	 Myproxy is valid: 2525669
DEBUG 2017-09-27 07:53:26,946: 	 Command use: resubmit
DEBUG 2017-09-27 07:53:26,946: 	 Options use: ['-d', 'crab_projects/crab_stoppedTracks_zjetsHT1200to2500Sep2017/']
DEBUG 2017-09-27 07:53:28,097: 	 CRABClient version: 3.3.1707.patch1
DEBUG 2017-09-27 07:53:28,097: 	 Instance is prod
DEBUG 2017-09-27 07:53:28,097: 	 Server base url is cmsweb.cern.ch
DEBUG 2017-09-27 07:53:28,097: 	 Command url /crabserver/prod/workflow
DEBUG 2017-09-27 07:53:28,097: 	 Executing command: 'status'
DEBUG 2017-09-27 07:53:28,098: 	 Found CRAB cache file /home/users/mmasciov/.crab3
DEBUG 2017-09-27 07:53:28,104: 	 Checking credentials
DEBUG 2017-09-27 07:53:28,104: 	 Found proxy file /tmp/x509up_u31607
DEBUG 2017-09-27 07:53:28,104: 	 Getting proxy life time left
DEBUG 2017-09-27 07:53:28,207: 	 Executing : 
 command : voms-proxy-info -file /tmp/x509up_u31607 -timeleft
 output : 538507

 error: 
 retcode : 0
DEBUG 2017-09-27 07:53:28,310: 	 Executing : 
 command : voms-proxy-info -file /tmp/x509up_u31607 -actimeleft
 output : 538507

 error: 
 retcode : 0
DEBUG 2017-09-27 07:53:28,311: 	 Proxy valid for 149:35:07 hours
DEBUG 2017-09-27 07:53:28,447: 	 Executing : 
 command : openssl x509 -in ~/.globus/usercert.pem -subject -noout
 output : subject= /DC=ch/DC=cern/OU=Organic Units/OU=Users/CN=mmasciov/CN=720044/CN=Mario Masciovecchio

 error: 
 retcode : 0
DEBUG 2017-09-27 07:53:28,447: 	 Checking credentials
DEBUG 2017-09-27 07:53:28,447: 	 Found proxy file /tmp/x509up_u31607
DEBUG 2017-09-27 07:53:28,448: 	 Getting proxy life time left
DEBUG 2017-09-27 07:53:28,551: 	 Executing : 
 command : voms-proxy-info -file /tmp/x509up_u31607 -timeleft
 output : 538507

 error: 
 retcode : 0
DEBUG 2017-09-27 07:53:28,654: 	 Executing : 
 command : voms-proxy-info -file /tmp/x509up_u31607 -actimeleft
 output : 538507

 error: 
 retcode : 0
DEBUG 2017-09-27 07:53:28,654: 	 Proxy valid for 149:35:07 hours
DEBUG 2017-09-27 07:53:29,812: 	 Registering user credentials for server /DC=ch/DC=cern/OU=computers/CN=vocms(045|052|021|031|0118|0118a|0119|0108|0105|0109).cern.ch
DEBUG 2017-09-27 07:53:29,922: 	 Executing : 
 command : openssl x509 -in ~/.globus/usercert.pem -subject -noout
 output : subject= /DC=ch/DC=cern/OU=Organic Units/OU=Users/CN=mmasciov/CN=720044/CN=Mario Masciovecchio

 error: 
 retcode : 0
DEBUG 2017-09-27 07:53:29,923: 	 Getting myproxy life time left for myproxy.cern.ch
DEBUG 2017-09-27 07:53:29,923: 	 Calculating hash of /DC=ch/DC=cern/OU=Organic Units/OU=Users/CN=mmasciov/CN=720044/CN=Mario Masciovecchio_cmsweb.cern.ch for credential name
DEBUG 2017-09-27 07:53:31,328: 	 Executing : 
 command : myproxy-info -l 675d286d0e68c23071389f9d911f5838308f7790 -s myproxy.cern.ch
 output : username: 675d286d0e68c23071389f9d911f5838308f7790
owner: /DC=ch/DC=cern/OU=Organic Units/OU=Users/CN=mmasciov/CN=720044/CN=Mario Masciovecchio
  renewal policy: /DC=ch/DC=cern/OU=computers/CN=vocms(045|052|021|031|0118|0118a|0119|0108|0105|0109).cern.ch
  trusted retrieval policy: /DC=ch/DC=cern/OU=computers/CN=vocms(045|052|021|031|0118|0118a|0119|0108|0105|0109).cern.ch
  timeleft: 701:34:24  (29.2 days)

 error: 
 retcode : 0
DEBUG 2017-09-27 07:53:31,329: 	 Myproxy is valid: 2525664
DEBUG 2017-09-27 07:53:31,329: 	 Command use: status
DEBUG 2017-09-27 07:53:31,329: 	 Options use: []
DEBUG 2017-09-27 07:53:32,512: 	 CRABClient version: 3.3.1707.patch1
DEBUG 2017-09-27 07:53:32,512: 	 Instance is prod
DEBUG 2017-09-27 07:53:32,512: 	 Server base url is cmsweb.cern.ch
DEBUG 2017-09-27 07:53:32,512: 	 Command url /crabserver/prod/workflow
DEBUG 2017-09-27 07:53:33,681: 	 Got information from server oracle database: {u'result': [u'170926_205327:mmasciov_crab_stoppedTracks_zjetsHT1200to2500Sep2017', u'None', u'SUBMITTED', u'2017-09-26 20:53:27.280001', u'None', u'2017-09-26 20:54:55.942078', u'None', u'CMSSW_8_0_26', u'slc6_amd64_gcc530', u'/ZJetsToNuNu_HT-1200To2500_13TeV-madgraph/RunIISummer16DR80Premix-PUMoriond17_80X_mcRun2_asymptotic_2016_TrancheIV_v6-v1/AODSIM', u'[]', u'[]', u'FileBased', u"{'splitOnRun': False, 'halt_job_on_file_boundaries': False, 'files_per_job': 10, 'runs': [], 'lumis': []}", u'0', u'c1516bf8cd718068fc90815d5915682b20ca7c95f4e5da40ebfe41ad2fa5bcae.tar.gz', u'https://cmsweb.cern.ch/crabcache', u'mmasciov', u'/DC=ch/DC=cern/OU=Organic Units/OU=Users/CN=mmasciov/CN=720044/CN=Mario Masciovecchio', u'cms', u'None', u'None', u'ZJetsToNuNu_HT1200to2500_SingleLeptFromT_Sep2017-00000000000000000000000000000000', u'T2_US_UCSD', u'https://cmsweb.cern.ch/dbs/prod/global/DBSReader', u'https://cmsweb.cern.ch/dbs/prod/phys03/DBSWriter', u'F', u'Analysis', u'{}', u'[]', u'F', u'vocms052', u'[]', u'1250', u'1', u'2000', u'10', u'None', u'http://vocms0194.cern.ch/mon/cms1422/170926_205327:mmasciov_crab_stoppedTracks_zjetsHT1200to2500Sep2017', u'None', u'None', u'[]', u'[]', u'[]', u'pythia', u'[]', u"['zjets_ht1200to2500.root']", u'[]', u'https://cmsweb.cern.ch/crabserver/prod', u'None', u'0', u'cmsgwms-collector-global.cern.ch:9620,cmssrv221.fnal.gov:9620', u'crab3@vocms0194.cern.ch', u'F', u'[]', u'T', u'/store/user/mmasciov/', u'F', u'None', u'F', u'F', u'F', u'None', u'ZJetsToNuNu_HT-1200To2500_13TeV-madgraph', u'filetransfers', u'SUBMIT', u'11625767', u'e88409db729a513f742b38aba147137ba31fee0320046bc7b54023dea9a79abd.tar.gz', u'169.228.130.5', u'F', u'None'], u'desc': {u'columns': [u'tm_taskname', u'panda_jobset_id', u'tm_task_status', u'tm_start_time', u'tm_start_injection', u'tm_end_injection', u'tm_task_failure', u'tm_job_sw', u'tm_job_arch', u'tm_input_dataset', u'tm_site_whitelist', u'tm_site_blacklist', u'tm_split_algo', u'tm_split_args', u'tm_totalunits', u'tm_user_sandbox', u'tm_cache_url', u'tm_username', u'tm_user_dn', u'tm_user_vo', u'tm_user_role', u'tm_user_group', u'tm_publish_name', u'tm_asyncdest', u'tm_dbs_url', u'tm_publish_dbs_url', u'tm_publication', u'tm_job_type', u'tm_arguments', u'panda_resubmitted_jobs', u'tm_save_logs', u'tw_name', u'tm_user_infiles', u'tm_maxjobruntime', u'tm_numcores', u'tm_maxmemory', u'tm_priority', u'tm_output_dataset', u'tm_user_webdir', u'tm_activity', u'tm_scriptexe', u'tm_scriptargs', u'tm_extrajdl', u'tm_task_warnings', u'tm_generator', u'tm_outfiles', u'tm_tfile_outfiles', u'tm_edm_outfiles', u'tm_asourl', u'tm_events_per_lumi', u'tm_use_parent', u'tm_collector', u'tm_schedd', u'tm_dry_run', u'tm_user_files', u'tm_transfer_outputs', u'tm_output_lfn', u'tm_ignore_locality', u'tm_fail_limit', u'tm_one_event_mode', u'tm_publish_groupname', u'tm_nonvalid_input_dataset', u'tm_secondary_input_dataset', u'tm_primary_dataset', u'tm_asodb', u'tm_task_command', u'clusterid', u'tm_debug_files', u'tm_submitter_ip_addr', u'tm_ignore_global_blacklist', u'tm_last_publication']}}
INFO 2017-09-27 07:53:33,681: 	 CRAB project directory:		/home/users/mmasciov/MT2/8_0_26/src/Histo/HistoAnalyzer/python/crab_projects/crab_stoppedTracks_zjetsHT1200to2500Sep2017
INFO 2017-09-27 07:53:33,681: 	 Task name:			170926_205327:mmasciov_crab_stoppedTracks_zjetsHT1200to2500Sep2017
INFO 2017-09-27 07:53:33,681: 	 Grid scheduler:			crab3@vocms0194.cern.ch
INFO 2017-09-27 07:53:33,681: 	 Status on the CRAB server:	SUBMITTED
INFO 2017-09-27 07:53:33,681: 	 Task URL to use for HELP:	https://cmsweb.cern.ch/crabserver/ui/task/170926_205327%3Ammasciov_crab_stoppedTracks_zjetsHT1200to2500Sep2017
INFO 2017-09-27 07:53:33,682: 	 Dashboard monitoring URL:	http://dashb-cms-job.cern.ch/dashboard/templates/task-analysis/#user=mmasciov&refresh=0&table=Jobs&p=1&records=25&activemenu=2&status=&site=&tid=170926_205327%3Ammasciov_crab_stoppedTracks_zjetsHT1200to2500Sep2017
DEBUG 2017-09-27 07:53:33,682: 	 The CRAB server submitted your task to the Grid scheduler (cluster ID: 11625767)
DEBUG 2017-09-27 07:53:33,682: 	 Webdir is located at http://vocms0194.cern.ch/mon/cms1422/170926_205327:mmasciov_crab_stoppedTracks_zjetsHT1200to2500Sep2017
DEBUG 2017-09-27 07:53:34,840: 	 Proxied webdir is located at https://cmsweb.cern.ch/scheddmon/0194/cms1422/170926_205327:mmasciov_crab_stoppedTracks_zjetsHT1200to2500Sep2017
DEBUG 2017-09-27 07:53:34,840: 	 Retrieving 'status_cache' file from https://cmsweb.cern.ch/scheddmon/0194/cms1422/170926_205327:mmasciov_crab_stoppedTracks_zjetsHT1200to2500Sep2017/status_cache
DEBUG 2017-09-27 07:53:35,970: 	 Got information from status cache file: {'1': {'Retries': 2, 'WallDurations': [9.0, 11515.0, 9.0, 371.0, 8.0, 433.0], 'StartTimes': [1506459416.0, 1506472881.0, 1506473534.0], 'SubmitTimes': [1506459295.0, 1506472805.0, 1506473382.0], 'JobIds': ['11625795.0', '11633514.0', '11633876.0'], 'TotalUserCpuTimeHistory': [10095, 1, 1], 'EndTimes': [1506470931.0, 1506473252.0, 1506473967.0], 'Restarts': 0, 'RecordedSite': True, 'State': 'failed', 'ResidentSetSize': [683860, 207088, 207292], 'Error': [8028, "CmsRunFailure\nCMSSW error message follows.\nFatal Exception\nAn exception of category 'FallbackFileOpenError' occurred while\n   [0] Constructing the EventProcessor\n   [1] Constructing input source of type PoolSource\n   [2] Calling RootFileSequenceBase::initTheFile()\n   [3] Calling StorageFactory::open()\n   [4] Calling XrdFile::open()\nException Message:\nFailed to open the file 'root://cmsxrootd.fnal.gov//store/mc/RunIISummer16DR80Premix/ZJetsToNuNu_HT-1200To2500_13TeV-madgraph/AODSIM/PUMoriond17_80X_mcRun2_asymptotic_2016_TrancheIV_v6-v1/80000/0A2E3B69-E0B9-E611-8818-1866DAEA6D0C.root'\n   Additional Info:\n      [a] open() failed with system error 'No such file or directory' (error code 2)\n      [b] Input file /cms/store/mc/RunIISummer16DR80Premix/ZJetsToNuNu_HT-1200To2500_13TeV-madgraph/AODSIM/PUMoriond17_80X_mcRun2_asymptotic_2016_TrancheIV_v6-v1/80000/0A2E3B69-E0B9-E611-8818-1866DAEA6D0C.root could not be opened.\nFallback Input file root://cmsxrootd.fnal.gov//store/mc/RunIISummer16DR80Premix/ZJetsToNuNu_HT-1200To2500_13TeV-madgraph/AODSIM/PUMoriond17_80X_mcRun2_asymptotic_2016_TrancheIV_v6-v1/80000/0A2E3B69-E0B9-E611-8818-1866DAEA6D0C.root also could not be opened.\nOriginal exception info is above; fallback exception info is below.\n      [c] XrdCl::File::Open(name='root://cmsxrootd.fnal.gov//store/mc/RunIISummer16DR80Premix/ZJetsToNuNu_HT-1200To2500_13TeV-madgraph/AODSIM/PUMoriond17_80X_mcRun2_asymptotic_2016_TrancheIV_v6-v1/80000/0A2E3B69-E0B9-E611-8818-1866DAEA6D0C.root', flags=0x10, permissions=0660) => error '[ERROR] Operation expired' (errno=0, code=206). No additional data servers were found.\n      [d] Last URL tried: root://cms-xrd-global.cern.ch:1094//store/mc/RunIISummer16DR80Premix/ZJetsToNuNu_HT-1200To2500_13TeV-madgraph/AODSIM/PUMoriond17_80X_mcRun2_asymptotic_2016_TrancheIV_v6-v1/80000/0A2E3B69-E0B9-E611-8818-1866DAEA6D0C.root?tried=+1213cmsxrootd2.fnal.gov1213xrootd.unl.edu,cms-g000.rcac.purdue.edu,cms-g002.rcac.purdue.edu,xrootd.rcac.purdue.edu\n      [e] Problematic data server: cms-xrd-global.cern.ch:1094\n      [f] Disabled source: cms-xrd-global.cern.ch:1094\n", {'type': 'Fatal Exception', 'details': "An exception of category 'FallbackFileOpenError' occurred while\n   [0] Constructing the EventProcessor\n   [1] Constructing input source of type PoolSource\n   [2] Calling RootFileSequenceBase::initTheFile()\n   [3] Calling StorageFactory::open()\n   [4] Calling XrdFile::open()\nException Message:\nFailed to open the file 'root://cmsxrootd.fnal.gov//store/mc/RunIISummer16DR80Premix/ZJetsToNuNu_HT-1200To2500_13TeV-madgraph/AODSIM/PUMoriond17_80X_mcRun2_asymptotic_2016_TrancheIV_v6-v1/80000/0A2E3B69-E0B9-E611-8818-1866DAEA6D0C.root'\n   Additional Info:\n      [a] open() failed with system error 'No such file or directory' (error code 2)\n      [b] Input file /cms/store/mc/RunIISummer16DR80Premix/ZJetsToNuNu_HT-1200To2500_13TeV-madgraph/AODSIM/PUMoriond17_80X_mcRun2_asymptotic_2016_TrancheIV_v6-v1/80000/0A2E3B69-E0B9-E611-8818-1866DAEA6D0C.root could not be opened.\nFallback Input file root://cmsxrootd.fnal.gov//store/mc/RunIISummer16DR80Premix/ZJetsToNuNu_HT-1200To2500_13TeV-madgraph/AODSIM/PUMoriond17_80X_mcRun2_asymptotic_2016_TrancheIV_v6-v1/80000/0A2E3B69-E0B9-E611-8818-1866DAEA6D0C.root also could not be opened.\nOriginal exception info is above; fallback exception info is below.\n      [c] XrdCl::File::Open(name='root://cmsxrootd.fnal.gov//store/mc/RunIISummer16DR80Premix/ZJetsToNuNu_HT-1200To2500_13TeV-madgraph/AODSIM/PUMoriond17_80X_mcRun2_asymptotic_2016_TrancheIV_v6-v1/80000/0A2E3B69-E0B9-E611-8818-1866DAEA6D0C.root', flags=0x10, permissions=0660) => error '[ERROR] Operation expired' (errno=0, code=206). No additional data servers were found.\n      [d] Last URL tried: root://cms-xrd-global.cern.ch:1094//store/mc/RunIISummer16DR80Premix/ZJetsToNuNu_HT-1200To2500_13TeV-madgraph/AODSIM/PUMoriond17_80X_mcRun2_asymptotic_2016_TrancheIV_v6-v1/80000/0A2E3B69-E0B9-E611-8818-1866DAEA6D0C.root?tried=+1213cmsxrootd2.fnal.gov1213xrootd.unl.edu,cms-g000.rcac.purdue.edu,cms-g002.rcac.purdue.edu,xrootd.rcac.purdue.edu\n      [e] Problematic data server: cms-xrd-global.cern.ch:1094\n      [f] Disabled source: cms-xrd-global.cern.ch:1094", 'exitCode': '8028'}], 'SiteHistory': ['Unknown', 'T2_US_Wisconsin', 'Unknown', 'T2_US_Vanderbilt', 'Unknown', 'T2_US_Vanderbilt'], 'TotalSysCpuTimeHistory': [96, 0, 0]}, '3': {'Retries': 1, 'WallDurations': [9.0, 12258.0, 8823.0], 'StartTimes': [1506459416.0, 1506473568.0], 'SubmitTimes': [1506459295.0, 1506473542.0], 'JobIds': ['11625797.0', '11633898.0'], 'EndTimes': [1506471674.0, 1506482391.0], 'Restarts': 0, 'RecordedSite': True, 'State': 'finished', 'ResidentSetSize': [692244, 765468], 'TotalUserCpuTimeHistory': [10444, 7500], 'SiteHistory': ['Unknown', 'T2_US_Wisconsin', 'T2_US_MIT'], 'TotalSysCpuTimeHistory': [102, 62]}, '2': {'Retries': 1, 'WallDurations': [9.0, 13525.0, 10.0, 15076.0], 'StartTimes': [1506459416.0, 1506475007.0], 'SubmitTimes': [1506459296.0, 1506474812.0], 'JobIds': ['11625799.0', '11634507.0'], 'EndTimes': [1506472941.0, 1506490083.0], 'Restarts': 0, 'RecordedSite': True, 'State': 'finished', 'ResidentSetSize': [674784, 682324], 'TotalUserCpuTimeHistory': [11826, 11358], 'SiteHistory': ['Unknown', 'T2_US_Wisconsin', 'Unknown', 'T2_US_Caltech'], 'TotalSysCpuTimeHistory': [104, 128]}, '5': {'Retries': 2, 'WallDurations': [9.0, 5404.0, 4855.0, 8.0, 2481.0, 4532.0], 'StartTimes': [1506459418.0, 1506466789.0, 1506473763.0, 1506476293.0], 'SubmitTimes': [1506459295.0, 1506466695.0, 1506473572.0, -1], 'JobIds': ['11625796.0', '11628943.0', '11633901.0', '11633901.0'], 'EndTimes': [1506464822.0, 1506471644.0, 1506476244.0, 1506480825.0], 'Restarts': 1, 'RecordedSite': True, 'State': 'finished', 'ResidentSetSize': [761876, 674060, 2548, 765740], 'TotalUserCpuTimeHistory': [4595, 4131, 0.0, 3897], 'SiteHistory': ['Unknown', 'T2_US_Wisconsin', 'T2_US_Wisconsin', 'Unknown', 'T2_US_Purdue', 'T2_US_MIT'], 'TotalSysCpuTimeHistory': [55, 43, 0.0, 27]}, '4': {'Retries': 2, 'WallDurations': [9.0, 13491.0, 8.0, 10665.0, 9.0, 370.0], 'StartTimes': [1506459418.0, 1506475005.0, 1506488226.0], 'SubmitTimes': [1506459296.0, 1506474781.0, 1506487608.0], 'JobIds': ['11625798.0', '11634504.0', '11637382.0'], 'EndTimes': [1506472909.0, 1506485670.0, 1506488596.0], 'Restarts': 0, 'RecordedSite': True, 'State': 'failed', 'ResidentSetSize': [757664, 698156, 110152], 'Error': [8028, "CmsRunFailure\nCMSSW error message follows.\nFatal Exception\nAn exception of category 'FallbackFileOpenError' occurred while\n   [0] Constructing the EventProcessor\n   [1] Constructing input source of type PoolSource\n   [2] Calling RootFileSequenceBase::initTheFile()\n   [3] Calling StorageFactory::open()\n   [4] Calling XrdFile::open()\nException Message:\nFailed to open the file 'root://cmsxrootd.fnal.gov//store/mc/RunIISummer16DR80Premix/ZJetsToNuNu_HT-1200To2500_13TeV-madgraph/AODSIM/PUMoriond17_80X_mcRun2_asymptotic_2016_TrancheIV_v6-v1/80000/A6840964-DEB9-E611-B0FE-A0000420FE80.root'\n   Additional Info:\n      [a] open() failed with system error 'No such file or directory' (error code 2)\n      [b] Input file /cms/store/mc/RunIISummer16DR80Premix/ZJetsToNuNu_HT-1200To2500_13TeV-madgraph/AODSIM/PUMoriond17_80X_mcRun2_asymptotic_2016_TrancheIV_v6-v1/80000/A6840964-DEB9-E611-B0FE-A0000420FE80.root could not be opened.\nFallback Input file root://cmsxrootd.fnal.gov//store/mc/RunIISummer16DR80Premix/ZJetsToNuNu_HT-1200To2500_13TeV-madgraph/AODSIM/PUMoriond17_80X_mcRun2_asymptotic_2016_TrancheIV_v6-v1/80000/A6840964-DEB9-E611-B0FE-A0000420FE80.root also could not be opened.\nOriginal exception info is above; fallback exception info is below.\n      [c] XrdCl::File::Open(name='root://cmsxrootd.fnal.gov//store/mc/RunIISummer16DR80Premix/ZJetsToNuNu_HT-1200To2500_13TeV-madgraph/AODSIM/PUMoriond17_80X_mcRun2_asymptotic_2016_TrancheIV_v6-v1/80000/A6840964-DEB9-E611-B0FE-A0000420FE80.root', flags=0x10, permissions=0660) => error '[ERROR] Operation expired' (errno=0, code=206). No additional data servers were found.\n      [d] Last URL tried: root://cms-xrd-global.cern.ch:1094//store/mc/RunIISummer16DR80Premix/ZJetsToNuNu_HT-1200To2500_13TeV-madgraph/AODSIM/PUMoriond17_80X_mcRun2_asymptotic_2016_TrancheIV_v6-v1/80000/A6840964-DEB9-E611-B0FE-A0000420FE80.root?tried=+1213cmsxrootd2.fnal.gov1213xrootd.unl.edu,cms-b011.rcac.purdue.edu,cms-f003.rcac.purdue.edu,xrootd.rcac.purdue.edu\n      [e] Problematic data server: cms-xrd-global.cern.ch:1094\n      [f] Disabled source: cms-xrd-global.cern.ch:1094\n", {'type': 'Fatal Exception', 'details': "An exception of category 'FallbackFileOpenError' occurred while\n   [0] Constructing the EventProcessor\n   [1] Constructing input source of type PoolSource\n   [2] Calling RootFileSequenceBase::initTheFile()\n   [3] Calling StorageFactory::open()\n   [4] Calling XrdFile::open()\nException Message:\nFailed to open the file 'root://cmsxrootd.fnal.gov//store/mc/RunIISummer16DR80Premix/ZJetsToNuNu_HT-1200To2500_13TeV-madgraph/AODSIM/PUMoriond17_80X_mcRun2_asymptotic_2016_TrancheIV_v6-v1/80000/A6840964-DEB9-E611-B0FE-A0000420FE80.root'\n   Additional Info:\n      [a] open() failed with system error 'No such file or directory' (error code 2)\n      [b] Input file /cms/store/mc/RunIISummer16DR80Premix/ZJetsToNuNu_HT-1200To2500_13TeV-madgraph/AODSIM/PUMoriond17_80X_mcRun2_asymptotic_2016_TrancheIV_v6-v1/80000/A6840964-DEB9-E611-B0FE-A0000420FE80.root could not be opened.\nFallback Input file root://cmsxrootd.fnal.gov//store/mc/RunIISummer16DR80Premix/ZJetsToNuNu_HT-1200To2500_13TeV-madgraph/AODSIM/PUMoriond17_80X_mcRun2_asymptotic_2016_TrancheIV_v6-v1/80000/A6840964-DEB9-E611-B0FE-A0000420FE80.root also could not be opened.\nOriginal exception info is above; fallback exception info is below.\n      [c] XrdCl::File::Open(name='root://cmsxrootd.fnal.gov//store/mc/RunIISummer16DR80Premix/ZJetsToNuNu_HT-1200To2500_13TeV-madgraph/AODSIM/PUMoriond17_80X_mcRun2_asymptotic_2016_TrancheIV_v6-v1/80000/A6840964-DEB9-E611-B0FE-A0000420FE80.root', flags=0x10, permissions=0660) => error '[ERROR] Operation expired' (errno=0, code=206). No additional data servers were found.\n      [d] Last URL tried: root://cms-xrd-global.cern.ch:1094//store/mc/RunIISummer16DR80Premix/ZJetsToNuNu_HT-1200To2500_13TeV-madgraph/AODSIM/PUMoriond17_80X_mcRun2_asymptotic_2016_TrancheIV_v6-v1/80000/A6840964-DEB9-E611-B0FE-A0000420FE80.root?tried=+1213cmsxrootd2.fnal.gov1213xrootd.unl.edu,cms-b011.rcac.purdue.edu,cms-f003.rcac.purdue.edu,xrootd.rcac.purdue.edu\n      [e] Problematic data server: cms-xrd-global.cern.ch:1094\n      [f] Disabled source: cms-xrd-global.cern.ch:1094", 'exitCode': '8028'}], 'TotalUserCpuTimeHistory': [11605, 9165, 1], 'SiteHistory': ['Unknown', 'T2_US_Wisconsin', 'Unknown', 'T2_US_Wisconsin', 'Unknown', 'T2_US_Vanderbilt'], 'TotalSysCpuTimeHistory': [88, 80, 0]}}
INFO 2017-09-27 07:53:35,971: 	 Status on the scheduler:	FAILED
INFO 2017-09-27 07:53:35,971: 	 
Jobs status:                    failed         40.0% (2/5)
INFO 2017-09-27 07:53:35,971: 	 				finished       60.0% (3/5)
INFO 2017-09-27 07:53:35,971: 	 
No publication information (publication has been disabled in the CRAB configuration file)
INFO 2017-09-27 07:53:35,971: 	 
Error Summary: (use crab status --verboseErrors for details about the errors)

2 jobs failed with exit code 8028

Have a look at https://twiki.cern.ch/twiki/bin/viewauth/CMSPublic/JobExitCodes for a description of the exit codes.
DEBUG 2017-09-27 07:53:35,980: 	 Requesting resubmission of failed jobs in task 170926_205327:mmasciov_crab_stoppedTracks_zjetsHT1200to2500Sep2017
INFO 2017-09-27 07:53:35,981: 	 Sending resubmit request to the server.
DEBUG 2017-09-27 07:53:35,981: 	 Submitting {'publication': 0, 'jobids': ['1', '4'], 'subresource': 'resubmit2', 'workflow': u'170926_205327:mmasciov_crab_stoppedTracks_zjetsHT1200to2500Sep2017'} 
DEBUG 2017-09-27 07:53:35,981: 	 Encoded resubmit request: publication=0&subresource=resubmit2&workflow=170926_205327%3Ammasciov_crab_stoppedTracks_zjetsHT1200to2500Sep2017&jobids=1&jobids=4
DEBUG 2017-09-27 07:53:37,207: 	 Result: {u'result': [{u'result': u'ok'}], u'desc': {u'columns': [u'tm_site_blacklist', u'tm_site_whitelist', u'tm_maxjobruntime', u'tm_maxmemory', u'tm_numcores', u'tm_priority']}}
INFO 2017-09-27 07:53:37,208: 	 Resubmit request sent to the server.
INFO 2017-09-27 07:53:37,208: 	 Please use 'crab status' to check how the resubmission process proceeds.
Notice it may take a couple of minutes for the resubmission to get fully processed.
INFO 2017-09-27 07:53:37,214: 	 Log file is /home/users/mmasciov/MT2/8_0_26/src/Histo/HistoAnalyzer/python/crab_projects/crab_stoppedTracks_zjetsHT1200to2500Sep2017/crab.log
DEBUG 2017-09-27 11:16:52,031: 	 Executing command: 'resubmit'
DEBUG 2017-09-27 11:16:52,031: 	 Found CRAB cache file /home/users/mmasciov/.crab3
DEBUG 2017-09-27 11:16:52,038: 	 Checking credentials
DEBUG 2017-09-27 11:16:52,038: 	 Found proxy file /tmp/x509up_u31607
DEBUG 2017-09-27 11:16:52,038: 	 Getting proxy life time left
DEBUG 2017-09-27 11:16:52,142: 	 Executing : 
 command : voms-proxy-info -file /tmp/x509up_u31607 -timeleft
 output : 526303

 error: 
 retcode : 0
DEBUG 2017-09-27 11:16:52,245: 	 Executing : 
 command : voms-proxy-info -file /tmp/x509up_u31607 -actimeleft
 output : 526303

 error: 
 retcode : 0
DEBUG 2017-09-27 11:16:52,246: 	 Proxy valid for 146:11:43 hours
DEBUG 2017-09-27 11:16:52,403: 	 Executing : 
 command : openssl x509 -in ~/.globus/usercert.pem -subject -noout
 output : subject= /DC=ch/DC=cern/OU=Organic Units/OU=Users/CN=mmasciov/CN=720044/CN=Mario Masciovecchio

 error: 
 retcode : 0
DEBUG 2017-09-27 11:16:52,404: 	 Checking credentials
DEBUG 2017-09-27 11:16:52,404: 	 Found proxy file /tmp/x509up_u31607
DEBUG 2017-09-27 11:16:52,404: 	 Getting proxy life time left
DEBUG 2017-09-27 11:16:52,507: 	 Executing : 
 command : voms-proxy-info -file /tmp/x509up_u31607 -timeleft
 output : 526303

 error: 
 retcode : 0
DEBUG 2017-09-27 11:16:52,610: 	 Executing : 
 command : voms-proxy-info -file /tmp/x509up_u31607 -actimeleft
 output : 526303

 error: 
 retcode : 0
DEBUG 2017-09-27 11:16:52,611: 	 Proxy valid for 146:11:43 hours
DEBUG 2017-09-27 11:16:53,761: 	 Registering user credentials for server /DC=ch/DC=cern/OU=computers/CN=vocms(045|052|021|031|0118|0118a|0119|0108|0105|0109).cern.ch
DEBUG 2017-09-27 11:16:54,170: 	 Executing : 
 command : openssl x509 -in ~/.globus/usercert.pem -subject -noout
 output : subject= /DC=ch/DC=cern/OU=Organic Units/OU=Users/CN=mmasciov/CN=720044/CN=Mario Masciovecchio

 error: 
 retcode : 0
DEBUG 2017-09-27 11:16:54,170: 	 Getting myproxy life time left for myproxy.cern.ch
DEBUG 2017-09-27 11:16:54,170: 	 Calculating hash of /DC=ch/DC=cern/OU=Organic Units/OU=Users/CN=mmasciov/CN=720044/CN=Mario Masciovecchio_cmsweb.cern.ch for credential name
DEBUG 2017-09-27 11:16:55,176: 	 Executing : 
 command : myproxy-info -l 675d286d0e68c23071389f9d911f5838308f7790 -s myproxy.cern.ch
 output : username: 675d286d0e68c23071389f9d911f5838308f7790
owner: /DC=ch/DC=cern/OU=Organic Units/OU=Users/CN=mmasciov/CN=720044/CN=Mario Masciovecchio
  renewal policy: /DC=ch/DC=cern/OU=computers/CN=vocms(045|052|021|031|0118|0118a|0119|0108|0105|0109).cern.ch
  trusted retrieval policy: /DC=ch/DC=cern/OU=computers/CN=vocms(045|052|021|031|0118|0118a|0119|0108|0105|0109).cern.ch
  timeleft: 698:11:00  (29.1 days)

 error: 
 retcode : 0
DEBUG 2017-09-27 11:16:55,177: 	 Myproxy is valid: 2513460
DEBUG 2017-09-27 11:16:55,177: 	 Command use: resubmit
DEBUG 2017-09-27 11:16:55,177: 	 Options use: ['-d', 'crab_projects/crab_stoppedTracks_zjetsHT1200to2500Sep2017/']
DEBUG 2017-09-27 11:16:56,348: 	 CRABClient version: 3.3.1707.patch1
DEBUG 2017-09-27 11:16:56,348: 	 Instance is prod
DEBUG 2017-09-27 11:16:56,349: 	 Server base url is cmsweb.cern.ch
DEBUG 2017-09-27 11:16:56,349: 	 Command url /crabserver/prod/workflow
DEBUG 2017-09-27 11:16:56,349: 	 Executing command: 'status'
DEBUG 2017-09-27 11:16:56,878: 	 Found CRAB cache file /home/users/mmasciov/.crab3
DEBUG 2017-09-27 11:16:56,887: 	 Checking credentials
DEBUG 2017-09-27 11:16:56,888: 	 Found proxy file /tmp/x509up_u31607
DEBUG 2017-09-27 11:16:56,888: 	 Getting proxy life time left
DEBUG 2017-09-27 11:16:56,991: 	 Executing : 
 command : voms-proxy-info -file /tmp/x509up_u31607 -timeleft
 output : 526299

 error: 
 retcode : 0
DEBUG 2017-09-27 11:16:57,094: 	 Executing : 
 command : voms-proxy-info -file /tmp/x509up_u31607 -actimeleft
 output : 526298

 error: 
 retcode : 0
DEBUG 2017-09-27 11:16:57,094: 	 Proxy valid for 146:11:39 hours
DEBUG 2017-09-27 11:16:57,217: 	 Executing : 
 command : openssl x509 -in ~/.globus/usercert.pem -subject -noout
 output : subject= /DC=ch/DC=cern/OU=Organic Units/OU=Users/CN=mmasciov/CN=720044/CN=Mario Masciovecchio

 error: 
 retcode : 0
DEBUG 2017-09-27 11:16:57,217: 	 Checking credentials
DEBUG 2017-09-27 11:16:57,217: 	 Found proxy file /tmp/x509up_u31607
DEBUG 2017-09-27 11:16:57,217: 	 Getting proxy life time left
DEBUG 2017-09-27 11:16:57,320: 	 Executing : 
 command : voms-proxy-info -file /tmp/x509up_u31607 -timeleft
 output : 526298

 error: 
 retcode : 0
DEBUG 2017-09-27 11:16:57,424: 	 Executing : 
 command : voms-proxy-info -file /tmp/x509up_u31607 -actimeleft
 output : 526298

 error: 
 retcode : 0
DEBUG 2017-09-27 11:16:57,424: 	 Proxy valid for 146:11:38 hours
DEBUG 2017-09-27 11:16:58,587: 	 Registering user credentials for server /DC=ch/DC=cern/OU=computers/CN=vocms(045|052|021|031|0118|0118a|0119|0108|0105|0109).cern.ch
DEBUG 2017-09-27 11:16:58,694: 	 Executing : 
 command : openssl x509 -in ~/.globus/usercert.pem -subject -noout
 output : subject= /DC=ch/DC=cern/OU=Organic Units/OU=Users/CN=mmasciov/CN=720044/CN=Mario Masciovecchio

 error: 
 retcode : 0
DEBUG 2017-09-27 11:16:58,694: 	 Getting myproxy life time left for myproxy.cern.ch
DEBUG 2017-09-27 11:16:58,695: 	 Calculating hash of /DC=ch/DC=cern/OU=Organic Units/OU=Users/CN=mmasciov/CN=720044/CN=Mario Masciovecchio_cmsweb.cern.ch for credential name
DEBUG 2017-09-27 11:16:59,700: 	 Executing : 
 command : myproxy-info -l 675d286d0e68c23071389f9d911f5838308f7790 -s myproxy.cern.ch
 output : username: 675d286d0e68c23071389f9d911f5838308f7790
owner: /DC=ch/DC=cern/OU=Organic Units/OU=Users/CN=mmasciov/CN=720044/CN=Mario Masciovecchio
  renewal policy: /DC=ch/DC=cern/OU=computers/CN=vocms(045|052|021|031|0118|0118a|0119|0108|0105|0109).cern.ch
  trusted retrieval policy: /DC=ch/DC=cern/OU=computers/CN=vocms(045|052|021|031|0118|0118a|0119|0108|0105|0109).cern.ch
  timeleft: 698:10:56  (29.1 days)

 error: 
 retcode : 0
DEBUG 2017-09-27 11:16:59,700: 	 Myproxy is valid: 2513456
DEBUG 2017-09-27 11:16:59,700: 	 Command use: status
DEBUG 2017-09-27 11:16:59,700: 	 Options use: []
DEBUG 2017-09-27 11:17:00,844: 	 CRABClient version: 3.3.1707.patch1
DEBUG 2017-09-27 11:17:00,844: 	 Instance is prod
DEBUG 2017-09-27 11:17:00,844: 	 Server base url is cmsweb.cern.ch
DEBUG 2017-09-27 11:17:00,844: 	 Command url /crabserver/prod/workflow
DEBUG 2017-09-27 11:17:02,023: 	 Got information from server oracle database: {u'result': [u'170926_205327:mmasciov_crab_stoppedTracks_zjetsHT1200to2500Sep2017', u'None', u'SUBMITTED', u'2017-09-26 20:53:27.280001', u'None', u'2017-09-26 20:54:55.942078', u'None', u'CMSSW_8_0_26', u'slc6_amd64_gcc530', u'/ZJetsToNuNu_HT-1200To2500_13TeV-madgraph/RunIISummer16DR80Premix-PUMoriond17_80X_mcRun2_asymptotic_2016_TrancheIV_v6-v1/AODSIM', u'[]', u'[]', u'FileBased', u"{'splitOnRun': False, 'halt_job_on_file_boundaries': False, 'files_per_job': 10, 'runs': [], 'lumis': []}", u'0', u'c1516bf8cd718068fc90815d5915682b20ca7c95f4e5da40ebfe41ad2fa5bcae.tar.gz', u'https://cmsweb.cern.ch/crabcache', u'mmasciov', u'/DC=ch/DC=cern/OU=Organic Units/OU=Users/CN=mmasciov/CN=720044/CN=Mario Masciovecchio', u'cms', u'None', u'None', u'ZJetsToNuNu_HT1200to2500_SingleLeptFromT_Sep2017-00000000000000000000000000000000', u'T2_US_UCSD', u'https://cmsweb.cern.ch/dbs/prod/global/DBSReader', u'https://cmsweb.cern.ch/dbs/prod/phys03/DBSWriter', u'F', u'Analysis', u"{'maxjobruntime': 1250, 'priority': 10, 'site_blacklist': [], 'resubmit_jobids': [1, 4], 'numcores': 1, 'site_whitelist': [], 'maxmemory': 2000, 'resubmit_publication': 0}", u'[]', u'F', u'vocms052', u'[]', u'1250', u'1', u'2000', u'10', u'None', u'http://vocms0194.cern.ch/mon/cms1422/170926_205327:mmasciov_crab_stoppedTracks_zjetsHT1200to2500Sep2017', u'None', u'None', u'[]', u'[]', u'[]', u'pythia', u'[]', u"['zjets_ht1200to2500.root']", u'[]', u'https://cmsweb.cern.ch/crabserver/prod', u'None', u'0', u'cmsgwms-collector-global.cern.ch:9620,cmssrv221.fnal.gov:9620', u'crab3@vocms0194.cern.ch', u'F', u'[]', u'T', u'/store/user/mmasciov/', u'F', u'None', u'F', u'F', u'F', u'None', u'ZJetsToNuNu_HT-1200To2500_13TeV-madgraph', u'filetransfers', u'None', u'11625767', u'e88409db729a513f742b38aba147137ba31fee0320046bc7b54023dea9a79abd.tar.gz', u'169.228.130.5', u'F', u'None'], u'desc': {u'columns': [u'tm_taskname', u'panda_jobset_id', u'tm_task_status', u'tm_start_time', u'tm_start_injection', u'tm_end_injection', u'tm_task_failure', u'tm_job_sw', u'tm_job_arch', u'tm_input_dataset', u'tm_site_whitelist', u'tm_site_blacklist', u'tm_split_algo', u'tm_split_args', u'tm_totalunits', u'tm_user_sandbox', u'tm_cache_url', u'tm_username', u'tm_user_dn', u'tm_user_vo', u'tm_user_role', u'tm_user_group', u'tm_publish_name', u'tm_asyncdest', u'tm_dbs_url', u'tm_publish_dbs_url', u'tm_publication', u'tm_job_type', u'tm_arguments', u'panda_resubmitted_jobs', u'tm_save_logs', u'tw_name', u'tm_user_infiles', u'tm_maxjobruntime', u'tm_numcores', u'tm_maxmemory', u'tm_priority', u'tm_output_dataset', u'tm_user_webdir', u'tm_activity', u'tm_scriptexe', u'tm_scriptargs', u'tm_extrajdl', u'tm_task_warnings', u'tm_generator', u'tm_outfiles', u'tm_tfile_outfiles', u'tm_edm_outfiles', u'tm_asourl', u'tm_events_per_lumi', u'tm_use_parent', u'tm_collector', u'tm_schedd', u'tm_dry_run', u'tm_user_files', u'tm_transfer_outputs', u'tm_output_lfn', u'tm_ignore_locality', u'tm_fail_limit', u'tm_one_event_mode', u'tm_publish_groupname', u'tm_nonvalid_input_dataset', u'tm_secondary_input_dataset', u'tm_primary_dataset', u'tm_asodb', u'tm_task_command', u'clusterid', u'tm_debug_files', u'tm_submitter_ip_addr', u'tm_ignore_global_blacklist', u'tm_last_publication']}}
INFO 2017-09-27 11:17:02,024: 	 CRAB project directory:		/home/users/mmasciov/MT2/8_0_26/src/Histo/HistoAnalyzer/python/crab_projects/crab_stoppedTracks_zjetsHT1200to2500Sep2017
INFO 2017-09-27 11:17:02,024: 	 Task name:			170926_205327:mmasciov_crab_stoppedTracks_zjetsHT1200to2500Sep2017
INFO 2017-09-27 11:17:02,024: 	 Grid scheduler:			crab3@vocms0194.cern.ch
INFO 2017-09-27 11:17:02,024: 	 Status on the CRAB server:	SUBMITTED
INFO 2017-09-27 11:17:02,024: 	 Task URL to use for HELP:	https://cmsweb.cern.ch/crabserver/ui/task/170926_205327%3Ammasciov_crab_stoppedTracks_zjetsHT1200to2500Sep2017
INFO 2017-09-27 11:17:02,024: 	 Dashboard monitoring URL:	http://dashb-cms-job.cern.ch/dashboard/templates/task-analysis/#user=mmasciov&refresh=0&table=Jobs&p=1&records=25&activemenu=2&status=&site=&tid=170926_205327%3Ammasciov_crab_stoppedTracks_zjetsHT1200to2500Sep2017
DEBUG 2017-09-27 11:17:02,024: 	 The CRAB server submitted your task to the Grid scheduler (cluster ID: 11625767)
DEBUG 2017-09-27 11:17:02,024: 	 Webdir is located at http://vocms0194.cern.ch/mon/cms1422/170926_205327:mmasciov_crab_stoppedTracks_zjetsHT1200to2500Sep2017
DEBUG 2017-09-27 11:17:03,176: 	 Proxied webdir is located at https://cmsweb.cern.ch/scheddmon/0194/cms1422/170926_205327:mmasciov_crab_stoppedTracks_zjetsHT1200to2500Sep2017
DEBUG 2017-09-27 11:17:03,176: 	 Retrieving 'status_cache' file from https://cmsweb.cern.ch/scheddmon/0194/cms1422/170926_205327:mmasciov_crab_stoppedTracks_zjetsHT1200to2500Sep2017/status_cache
DEBUG 2017-09-27 11:17:04,484: 	 Got information from status cache file: {'1': {'Retries': 3, 'WallDurations': [9.0, 11515.0, 9.0, 371.0, 8.0, 433.0, 9.0, 2782.0, 0, 2713.0], 'StartTimes': [1506459416.0, 1506472881.0, 1506473534.0, 1506524401.0, 1506529573.0], 'SubmitTimes': [1506459295.0, 1506472805.0, 1506473382.0, 1506524072.0, -1], 'JobIds': ['11625795.0', '11633514.0', '11633876.0', '11659181.0', '11659181.0'], 'EndTimes': [1506470931.0, 1506473252.0, 1506473967.0, 1506527183.0], 'Restarts': 1, 'RecordedSite': True, 'State': 'running', 'ResidentSetSize': [683860, 207088, 207292, 650932, 782888], 'Error': [8028, "CmsRunFailure\nCMSSW error message follows.\nFatal Exception\nAn exception of category 'FallbackFileOpenError' occurred while\n   [0] Constructing the EventProcessor\n   [1] Constructing input source of type PoolSource\n   [2] Calling RootFileSequenceBase::initTheFile()\n   [3] Calling StorageFactory::open()\n   [4] Calling XrdFile::open()\nException Message:\nFailed to open the file 'root://cmsxrootd.fnal.gov//store/mc/RunIISummer16DR80Premix/ZJetsToNuNu_HT-1200To2500_13TeV-madgraph/AODSIM/PUMoriond17_80X_mcRun2_asymptotic_2016_TrancheIV_v6-v1/80000/0A2E3B69-E0B9-E611-8818-1866DAEA6D0C.root'\n   Additional Info:\n      [a] open() failed with system error 'No such file or directory' (error code 2)\n      [b] Input file /cms/store/mc/RunIISummer16DR80Premix/ZJetsToNuNu_HT-1200To2500_13TeV-madgraph/AODSIM/PUMoriond17_80X_mcRun2_asymptotic_2016_TrancheIV_v6-v1/80000/0A2E3B69-E0B9-E611-8818-1866DAEA6D0C.root could not be opened.\nFallback Input file root://cmsxrootd.fnal.gov//store/mc/RunIISummer16DR80Premix/ZJetsToNuNu_HT-1200To2500_13TeV-madgraph/AODSIM/PUMoriond17_80X_mcRun2_asymptotic_2016_TrancheIV_v6-v1/80000/0A2E3B69-E0B9-E611-8818-1866DAEA6D0C.root also could not be opened.\nOriginal exception info is above; fallback exception info is below.\n      [c] XrdCl::File::Open(name='root://cmsxrootd.fnal.gov//store/mc/RunIISummer16DR80Premix/ZJetsToNuNu_HT-1200To2500_13TeV-madgraph/AODSIM/PUMoriond17_80X_mcRun2_asymptotic_2016_TrancheIV_v6-v1/80000/0A2E3B69-E0B9-E611-8818-1866DAEA6D0C.root', flags=0x10, permissions=0660) => error '[ERROR] Operation expired' (errno=0, code=206). No additional data servers were found.\n      [d] Last URL tried: root://cms-xrd-global.cern.ch:1094//store/mc/RunIISummer16DR80Premix/ZJetsToNuNu_HT-1200To2500_13TeV-madgraph/AODSIM/PUMoriond17_80X_mcRun2_asymptotic_2016_TrancheIV_v6-v1/80000/0A2E3B69-E0B9-E611-8818-1866DAEA6D0C.root?tried=+1213cmsxrootd2.fnal.gov1213xrootd.unl.edu,cms-g000.rcac.purdue.edu,cms-g002.rcac.purdue.edu,xrootd.rcac.purdue.edu\n      [e] Problematic data server: cms-xrd-global.cern.ch:1094\n      [f] Disabled source: cms-xrd-global.cern.ch:1094\n", {'type': 'Fatal Exception', 'details': "An exception of category 'FallbackFileOpenError' occurred while\n   [0] Constructing the EventProcessor\n   [1] Constructing input source of type PoolSource\n   [2] Calling RootFileSequenceBase::initTheFile()\n   [3] Calling StorageFactory::open()\n   [4] Calling XrdFile::open()\nException Message:\nFailed to open the file 'root://cmsxrootd.fnal.gov//store/mc/RunIISummer16DR80Premix/ZJetsToNuNu_HT-1200To2500_13TeV-madgraph/AODSIM/PUMoriond17_80X_mcRun2_asymptotic_2016_TrancheIV_v6-v1/80000/0A2E3B69-E0B9-E611-8818-1866DAEA6D0C.root'\n   Additional Info:\n      [a] open() failed with system error 'No such file or directory' (error code 2)\n      [b] Input file /cms/store/mc/RunIISummer16DR80Premix/ZJetsToNuNu_HT-1200To2500_13TeV-madgraph/AODSIM/PUMoriond17_80X_mcRun2_asymptotic_2016_TrancheIV_v6-v1/80000/0A2E3B69-E0B9-E611-8818-1866DAEA6D0C.root could not be opened.\nFallback Input file root://cmsxrootd.fnal.gov//store/mc/RunIISummer16DR80Premix/ZJetsToNuNu_HT-1200To2500_13TeV-madgraph/AODSIM/PUMoriond17_80X_mcRun2_asymptotic_2016_TrancheIV_v6-v1/80000/0A2E3B69-E0B9-E611-8818-1866DAEA6D0C.root also could not be opened.\nOriginal exception info is above; fallback exception info is below.\n      [c] XrdCl::File::Open(name='root://cmsxrootd.fnal.gov//store/mc/RunIISummer16DR80Premix/ZJetsToNuNu_HT-1200To2500_13TeV-madgraph/AODSIM/PUMoriond17_80X_mcRun2_asymptotic_2016_TrancheIV_v6-v1/80000/0A2E3B69-E0B9-E611-8818-1866DAEA6D0C.root', flags=0x10, permissions=0660) => error '[ERROR] Operation expired' (errno=0, code=206). No additional data servers were found.\n      [d] Last URL tried: root://cms-xrd-global.cern.ch:1094//store/mc/RunIISummer16DR80Premix/ZJetsToNuNu_HT-1200To2500_13TeV-madgraph/AODSIM/PUMoriond17_80X_mcRun2_asymptotic_2016_TrancheIV_v6-v1/80000/0A2E3B69-E0B9-E611-8818-1866DAEA6D0C.root?tried=+1213cmsxrootd2.fnal.gov1213xrootd.unl.edu,cms-g000.rcac.purdue.edu,cms-g002.rcac.purdue.edu,xrootd.rcac.purdue.edu\n      [e] Problematic data server: cms-xrd-global.cern.ch:1094\n      [f] Disabled source: cms-xrd-global.cern.ch:1094", 'exitCode': '8028'}], 'TotalUserCpuTimeHistory': [10095, 1, 1, 262.0, 2295.0], 'SiteHistory': ['Unknown', 'T2_US_Wisconsin', 'Unknown', 'T2_US_Vanderbilt', 'Unknown', 'T2_US_Vanderbilt', 'Unknown', 'T2_US_Purdue', 'Unknown', 'T2_US_Wisconsin'], 'TotalSysCpuTimeHistory': [96, 0, 0, 2.0, 27.0]}, '3': {'Retries': 1, 'WallDurations': [9.0, 12258.0, 8823.0], 'StartTimes': [1506459416.0, 1506473568.0], 'SubmitTimes': [1506459295.0, 1506473542.0], 'JobIds': ['11625797.0', '11633898.0'], 'EndTimes': [1506471674.0, 1506482391.0], 'Restarts': 0, 'RecordedSite': True, 'State': 'finished', 'ResidentSetSize': [692244, 765468], 'TotalUserCpuTimeHistory': [10444, 7500], 'SiteHistory': ['Unknown', 'T2_US_Wisconsin', 'T2_US_MIT'], 'TotalSysCpuTimeHistory': [102, 62]}, '2': {'Retries': 1, 'WallDurations': [9.0, 13525.0, 10.0, 15076.0], 'StartTimes': [1506459416.0, 1506475007.0], 'SubmitTimes': [1506459296.0, 1506474812.0], 'JobIds': ['11625799.0', '11634507.0'], 'EndTimes': [1506472941.0, 1506490083.0], 'Restarts': 0, 'RecordedSite': True, 'State': 'finished', 'ResidentSetSize': [674784, 682324], 'TotalUserCpuTimeHistory': [11826, 11358], 'SiteHistory': ['Unknown', 'T2_US_Wisconsin', 'Unknown', 'T2_US_Caltech'], 'TotalSysCpuTimeHistory': [104, 128]}, '5': {'Retries': 2, 'WallDurations': [9.0, 5404.0, 4855.0, 8.0, 2481.0, 4532.0], 'StartTimes': [1506459418.0, 1506466789.0, 1506473763.0, 1506476293.0], 'SubmitTimes': [1506459295.0, 1506466695.0, 1506473572.0, -1], 'JobIds': ['11625796.0', '11628943.0', '11633901.0', '11633901.0'], 'EndTimes': [1506464822.0, 1506471644.0, 1506476244.0, 1506480825.0], 'Restarts': 1, 'RecordedSite': True, 'State': 'finished', 'ResidentSetSize': [761876, 674060, 2548, 765740], 'TotalUserCpuTimeHistory': [4595, 4131, 0.0, 3897], 'SiteHistory': ['Unknown', 'T2_US_Wisconsin', 'T2_US_Wisconsin', 'Unknown', 'T2_US_Purdue', 'T2_US_MIT'], 'TotalSysCpuTimeHistory': [55, 43, 0.0, 27]}, '4': {'Retries': 3, 'WallDurations': [9.0, 13491.0, 8.0, 10665.0, 9.0, 370.0, 8.0, 10819.0], 'StartTimes': [1506459418.0, 1506475005.0, 1506488226.0, 1506525045.0], 'SubmitTimes': [1506459296.0, 1506474781.0, 1506487608.0, 1506524072.0], 'JobIds': ['11625798.0', '11634504.0', '11637382.0', '11659182.0'], 'TotalUserCpuTimeHistory': [11605, 9165, 1, 7949.0], 'EndTimes': [1506472909.0, 1506485670.0, 1506488596.0], 'Restarts': 0, 'RecordedSite': True, 'State': 'running', 'ResidentSetSize': [757664, 698156, 110152, 662672], 'Error': [8028, "CmsRunFailure\nCMSSW error message follows.\nFatal Exception\nAn exception of category 'FallbackFileOpenError' occurred while\n   [0] Constructing the EventProcessor\n   [1] Constructing input source of type PoolSource\n   [2] Calling RootFileSequenceBase::initTheFile()\n   [3] Calling StorageFactory::open()\n   [4] Calling XrdFile::open()\nException Message:\nFailed to open the file 'root://cmsxrootd.fnal.gov//store/mc/RunIISummer16DR80Premix/ZJetsToNuNu_HT-1200To2500_13TeV-madgraph/AODSIM/PUMoriond17_80X_mcRun2_asymptotic_2016_TrancheIV_v6-v1/80000/A6840964-DEB9-E611-B0FE-A0000420FE80.root'\n   Additional Info:\n      [a] open() failed with system error 'No such file or directory' (error code 2)\n      [b] Input file /cms/store/mc/RunIISummer16DR80Premix/ZJetsToNuNu_HT-1200To2500_13TeV-madgraph/AODSIM/PUMoriond17_80X_mcRun2_asymptotic_2016_TrancheIV_v6-v1/80000/A6840964-DEB9-E611-B0FE-A0000420FE80.root could not be opened.\nFallback Input file root://cmsxrootd.fnal.gov//store/mc/RunIISummer16DR80Premix/ZJetsToNuNu_HT-1200To2500_13TeV-madgraph/AODSIM/PUMoriond17_80X_mcRun2_asymptotic_2016_TrancheIV_v6-v1/80000/A6840964-DEB9-E611-B0FE-A0000420FE80.root also could not be opened.\nOriginal exception info is above; fallback exception info is below.\n      [c] XrdCl::File::Open(name='root://cmsxrootd.fnal.gov//store/mc/RunIISummer16DR80Premix/ZJetsToNuNu_HT-1200To2500_13TeV-madgraph/AODSIM/PUMoriond17_80X_mcRun2_asymptotic_2016_TrancheIV_v6-v1/80000/A6840964-DEB9-E611-B0FE-A0000420FE80.root', flags=0x10, permissions=0660) => error '[ERROR] Operation expired' (errno=0, code=206). No additional data servers were found.\n      [d] Last URL tried: root://cms-xrd-global.cern.ch:1094//store/mc/RunIISummer16DR80Premix/ZJetsToNuNu_HT-1200To2500_13TeV-madgraph/AODSIM/PUMoriond17_80X_mcRun2_asymptotic_2016_TrancheIV_v6-v1/80000/A6840964-DEB9-E611-B0FE-A0000420FE80.root?tried=+1213cmsxrootd2.fnal.gov1213xrootd.unl.edu,cms-b011.rcac.purdue.edu,cms-f003.rcac.purdue.edu,xrootd.rcac.purdue.edu\n      [e] Problematic data server: cms-xrd-global.cern.ch:1094\n      [f] Disabled source: cms-xrd-global.cern.ch:1094\n", {'type': 'Fatal Exception', 'details': "An exception of category 'FallbackFileOpenError' occurred while\n   [0] Constructing the EventProcessor\n   [1] Constructing input source of type PoolSource\n   [2] Calling RootFileSequenceBase::initTheFile()\n   [3] Calling StorageFactory::open()\n   [4] Calling XrdFile::open()\nException Message:\nFailed to open the file 'root://cmsxrootd.fnal.gov//store/mc/RunIISummer16DR80Premix/ZJetsToNuNu_HT-1200To2500_13TeV-madgraph/AODSIM/PUMoriond17_80X_mcRun2_asymptotic_2016_TrancheIV_v6-v1/80000/A6840964-DEB9-E611-B0FE-A0000420FE80.root'\n   Additional Info:\n      [a] open() failed with system error 'No such file or directory' (error code 2)\n      [b] Input file /cms/store/mc/RunIISummer16DR80Premix/ZJetsToNuNu_HT-1200To2500_13TeV-madgraph/AODSIM/PUMoriond17_80X_mcRun2_asymptotic_2016_TrancheIV_v6-v1/80000/A6840964-DEB9-E611-B0FE-A0000420FE80.root could not be opened.\nFallback Input file root://cmsxrootd.fnal.gov//store/mc/RunIISummer16DR80Premix/ZJetsToNuNu_HT-1200To2500_13TeV-madgraph/AODSIM/PUMoriond17_80X_mcRun2_asymptotic_2016_TrancheIV_v6-v1/80000/A6840964-DEB9-E611-B0FE-A0000420FE80.root also could not be opened.\nOriginal exception info is above; fallback exception info is below.\n      [c] XrdCl::File::Open(name='root://cmsxrootd.fnal.gov//store/mc/RunIISummer16DR80Premix/ZJetsToNuNu_HT-1200To2500_13TeV-madgraph/AODSIM/PUMoriond17_80X_mcRun2_asymptotic_2016_TrancheIV_v6-v1/80000/A6840964-DEB9-E611-B0FE-A0000420FE80.root', flags=0x10, permissions=0660) => error '[ERROR] Operation expired' (errno=0, code=206). No additional data servers were found.\n      [d] Last URL tried: root://cms-xrd-global.cern.ch:1094//store/mc/RunIISummer16DR80Premix/ZJetsToNuNu_HT-1200To2500_13TeV-madgraph/AODSIM/PUMoriond17_80X_mcRun2_asymptotic_2016_TrancheIV_v6-v1/80000/A6840964-DEB9-E611-B0FE-A0000420FE80.root?tried=+1213cmsxrootd2.fnal.gov1213xrootd.unl.edu,cms-b011.rcac.purdue.edu,cms-f003.rcac.purdue.edu,xrootd.rcac.purdue.edu\n      [e] Problematic data server: cms-xrd-global.cern.ch:1094\n      [f] Disabled source: cms-xrd-global.cern.ch:1094", 'exitCode': '8028'}], 'SiteHistory': ['Unknown', 'T2_US_Wisconsin', 'Unknown', 'T2_US_Wisconsin', 'Unknown', 'T2_US_Vanderbilt', 'Unknown', 'T2_US_UCSD'], 'TotalSysCpuTimeHistory': [88, 80, 0, 94.0]}}
INFO 2017-09-27 11:17:04,484: 	 Status on the scheduler:	SUBMITTED
INFO 2017-09-27 11:17:04,485: 	 
Jobs status:                    finished       60.0% (3/5)
INFO 2017-09-27 11:17:04,485: 	 				running        40.0% (2/5)
INFO 2017-09-27 11:17:04,485: 	 
No publication information (publication has been disabled in the CRAB configuration file)
DEBUG 2017-09-27 11:17:04,491: 	 Requesting resubmission of failed jobs in task 170926_205327:mmasciov_crab_stoppedTracks_zjetsHT1200to2500Sep2017
ERROR 2017-09-27 11:17:04,491: 	 Found no jobs to resubmit. Only jobs in status failed can be resubmitted. Jobs in status finished can also be resubmitted, but only if the jobids are specified and the force option is set.
ERROR 2017-09-27 11:17:04,491: 	 Caught exception
Traceback (most recent call last):
  File "/cvmfs/cms.cern.ch/crab3/slc6_amd64_gcc493/cms/crabclient/3.3.1707.patch1/bin/crab", line 160, in <module>
    client()
  File "/cvmfs/cms.cern.ch/crab3/slc6_amd64_gcc493/cms/crabclient/3.3.1707.patch1/bin/crab", line 148, in __call__
    self.cmd()
  File "/cvmfs/cms.cern.ch/crab3/slc6_amd64_gcc493/cms/crabclient/3.3.1707.patch1/lib/python2.7/site-packages/CRABClient/Commands/resubmit.py", line 60, in __call__
    self.jobids = self.processJobIds(jobList)
  File "/cvmfs/cms.cern.ch/crab3/slc6_amd64_gcc493/cms/crabclient/3.3.1707.patch1/lib/python2.7/site-packages/CRABClient/Commands/resubmit.py", line 161, in processJobIds
    raise ConfigurationException(msg)
ConfigurationException: Found no jobs to resubmit. Only jobs in status failed can be resubmitted. Jobs in status finished can also be resubmitted, but only if the jobids are specified and the force option is set.
DEBUG 2017-09-27 17:16:45,035: 	 Executing command: 'resubmit'
DEBUG 2017-09-27 17:16:45,035: 	 Found CRAB cache file /home/users/mmasciov/.crab3
DEBUG 2017-09-27 17:16:45,045: 	 Checking credentials
DEBUG 2017-09-27 17:16:45,046: 	 Found proxy file /tmp/x509up_u31607
DEBUG 2017-09-27 17:16:45,046: 	 Getting proxy life time left
DEBUG 2017-09-27 17:16:45,150: 	 Executing : 
 command : voms-proxy-info -file /tmp/x509up_u31607 -timeleft
 output : 86255

 error: 
 retcode : 0
DEBUG 2017-09-27 17:16:45,254: 	 Executing : 
 command : voms-proxy-info -file /tmp/x509up_u31607 -actimeleft
 output : 86255

 error: 
 retcode : 0
DEBUG 2017-09-27 17:16:45,254: 	 Proxy valid for 23:57:35 hours
DEBUG 2017-09-27 17:16:45,422: 	 Executing : 
 command : openssl x509 -in ~/.globus/usercert.pem -subject -noout
 output : subject= /DC=ch/DC=cern/OU=Organic Units/OU=Users/CN=mmasciov/CN=720044/CN=Mario Masciovecchio

 error: 
 retcode : 0
DEBUG 2017-09-27 17:16:45,422: 	 Checking credentials
DEBUG 2017-09-27 17:16:45,422: 	 Found proxy file /tmp/x509up_u31607
DEBUG 2017-09-27 17:16:45,422: 	 Getting proxy life time left
DEBUG 2017-09-27 17:16:45,526: 	 Executing : 
 command : voms-proxy-info -file /tmp/x509up_u31607 -timeleft
 output : 86255

 error: 
 retcode : 0
DEBUG 2017-09-27 17:16:45,630: 	 Executing : 
 command : voms-proxy-info -file /tmp/x509up_u31607 -actimeleft
 output : 86255

 error: 
 retcode : 0
DEBUG 2017-09-27 17:16:45,630: 	 Proxy valid for 23:57:35 hours
DEBUG 2017-09-27 17:16:46,710: 	 Registering user credentials for server /DC=ch/DC=cern/OU=computers/CN=vocms(045|052|021|031|0118|0118a|0119|0108|0105|0109).cern.ch
DEBUG 2017-09-27 17:16:46,820: 	 Executing : 
 command : openssl x509 -in ~/.globus/usercert.pem -subject -noout
 output : subject= /DC=ch/DC=cern/OU=Organic Units/OU=Users/CN=mmasciov/CN=720044/CN=Mario Masciovecchio

 error: 
 retcode : 0
DEBUG 2017-09-27 17:16:46,820: 	 Getting myproxy life time left for myproxy.cern.ch
DEBUG 2017-09-27 17:16:46,820: 	 Calculating hash of /DC=ch/DC=cern/OU=Organic Units/OU=Users/CN=mmasciov/CN=720044/CN=Mario Masciovecchio_cmsweb.cern.ch for credential name
DEBUG 2017-09-27 17:16:47,826: 	 Executing : 
 command : myproxy-info -l 675d286d0e68c23071389f9d911f5838308f7790 -s myproxy.cern.ch
 output : username: 675d286d0e68c23071389f9d911f5838308f7790
owner: /DC=ch/DC=cern/OU=Organic Units/OU=Users/CN=mmasciov/CN=720044/CN=Mario Masciovecchio
  renewal policy: /DC=ch/DC=cern/OU=computers/CN=vocms(045|052|021|031|0118|0118a|0119|0108|0105|0109).cern.ch
  trusted retrieval policy: /DC=ch/DC=cern/OU=computers/CN=vocms(045|052|021|031|0118|0118a|0119|0108|0105|0109).cern.ch
  timeleft: 692:11:08  (28.8 days)

 error: 
 retcode : 0
DEBUG 2017-09-27 17:16:47,828: 	 Myproxy is valid: 2491868
DEBUG 2017-09-27 17:16:47,828: 	 Command use: resubmit
DEBUG 2017-09-27 17:16:47,828: 	 Options use: ['-d', 'crab_projects/crab_stoppedTracks_zjetsHT1200to2500Sep2017/']
DEBUG 2017-09-27 17:16:48,995: 	 CRABClient version: 3.3.1707.patch1
DEBUG 2017-09-27 17:16:48,995: 	 Instance is prod
DEBUG 2017-09-27 17:16:48,995: 	 Server base url is cmsweb.cern.ch
DEBUG 2017-09-27 17:16:48,995: 	 Command url /crabserver/prod/workflow
DEBUG 2017-09-27 17:16:48,995: 	 Executing command: 'status'
DEBUG 2017-09-27 17:16:48,996: 	 Found CRAB cache file /home/users/mmasciov/.crab3
DEBUG 2017-09-27 17:16:49,004: 	 Checking credentials
DEBUG 2017-09-27 17:16:49,004: 	 Found proxy file /tmp/x509up_u31607
DEBUG 2017-09-27 17:16:49,004: 	 Getting proxy life time left
DEBUG 2017-09-27 17:16:49,109: 	 Executing : 
 command : voms-proxy-info -file /tmp/x509up_u31607 -timeleft
 output : 86251

 error: 
 retcode : 0
DEBUG 2017-09-27 17:16:49,213: 	 Executing : 
 command : voms-proxy-info -file /tmp/x509up_u31607 -actimeleft
 output : 86251

 error: 
 retcode : 0
DEBUG 2017-09-27 17:16:49,213: 	 Proxy valid for 23:57:31 hours
DEBUG 2017-09-27 17:16:49,338: 	 Executing : 
 command : openssl x509 -in ~/.globus/usercert.pem -subject -noout
 output : subject= /DC=ch/DC=cern/OU=Organic Units/OU=Users/CN=mmasciov/CN=720044/CN=Mario Masciovecchio

 error: 
 retcode : 0
DEBUG 2017-09-27 17:16:49,338: 	 Checking credentials
DEBUG 2017-09-27 17:16:49,339: 	 Found proxy file /tmp/x509up_u31607
DEBUG 2017-09-27 17:16:49,339: 	 Getting proxy life time left
DEBUG 2017-09-27 17:16:49,442: 	 Executing : 
 command : voms-proxy-info -file /tmp/x509up_u31607 -timeleft
 output : 86251

 error: 
 retcode : 0
DEBUG 2017-09-27 17:16:49,547: 	 Executing : 
 command : voms-proxy-info -file /tmp/x509up_u31607 -actimeleft
 output : 86251

 error: 
 retcode : 0
DEBUG 2017-09-27 17:16:49,547: 	 Proxy valid for 23:57:31 hours
DEBUG 2017-09-27 17:16:50,639: 	 Registering user credentials for server /DC=ch/DC=cern/OU=computers/CN=vocms(045|052|021|031|0118|0118a|0119|0108|0105|0109).cern.ch
DEBUG 2017-09-27 17:16:50,749: 	 Executing : 
 command : openssl x509 -in ~/.globus/usercert.pem -subject -noout
 output : subject= /DC=ch/DC=cern/OU=Organic Units/OU=Users/CN=mmasciov/CN=720044/CN=Mario Masciovecchio

 error: 
 retcode : 0
DEBUG 2017-09-27 17:16:50,749: 	 Getting myproxy life time left for myproxy.cern.ch
DEBUG 2017-09-27 17:16:50,750: 	 Calculating hash of /DC=ch/DC=cern/OU=Organic Units/OU=Users/CN=mmasciov/CN=720044/CN=Mario Masciovecchio_cmsweb.cern.ch for credential name
DEBUG 2017-09-27 17:16:51,855: 	 Executing : 
 command : myproxy-info -l 675d286d0e68c23071389f9d911f5838308f7790 -s myproxy.cern.ch
 output : username: 675d286d0e68c23071389f9d911f5838308f7790
owner: /DC=ch/DC=cern/OU=Organic Units/OU=Users/CN=mmasciov/CN=720044/CN=Mario Masciovecchio
  renewal policy: /DC=ch/DC=cern/OU=computers/CN=vocms(045|052|021|031|0118|0118a|0119|0108|0105|0109).cern.ch
  trusted retrieval policy: /DC=ch/DC=cern/OU=computers/CN=vocms(045|052|021|031|0118|0118a|0119|0108|0105|0109).cern.ch
  timeleft: 692:11:04  (28.8 days)

 error: 
 retcode : 0
DEBUG 2017-09-27 17:16:51,856: 	 Myproxy is valid: 2491864
DEBUG 2017-09-27 17:16:51,856: 	 Command use: status
DEBUG 2017-09-27 17:16:51,856: 	 Options use: []
DEBUG 2017-09-27 17:16:52,953: 	 CRABClient version: 3.3.1707.patch1
DEBUG 2017-09-27 17:16:52,953: 	 Instance is prod
DEBUG 2017-09-27 17:16:52,953: 	 Server base url is cmsweb.cern.ch
DEBUG 2017-09-27 17:16:52,953: 	 Command url /crabserver/prod/workflow
DEBUG 2017-09-27 17:16:54,130: 	 Got information from server oracle database: {u'result': [u'170926_205327:mmasciov_crab_stoppedTracks_zjetsHT1200to2500Sep2017', u'None', u'SUBMITTED', u'2017-09-26 20:53:27.280001', u'None', u'2017-09-26 20:54:55.942078', u'None', u'CMSSW_8_0_26', u'slc6_amd64_gcc530', u'/ZJetsToNuNu_HT-1200To2500_13TeV-madgraph/RunIISummer16DR80Premix-PUMoriond17_80X_mcRun2_asymptotic_2016_TrancheIV_v6-v1/AODSIM', u'[]', u'[]', u'FileBased', u"{'splitOnRun': False, 'halt_job_on_file_boundaries': False, 'files_per_job': 10, 'runs': [], 'lumis': []}", u'0', u'c1516bf8cd718068fc90815d5915682b20ca7c95f4e5da40ebfe41ad2fa5bcae.tar.gz', u'https://cmsweb.cern.ch/crabcache', u'mmasciov', u'/DC=ch/DC=cern/OU=Organic Units/OU=Users/CN=mmasciov/CN=720044/CN=Mario Masciovecchio', u'cms', u'None', u'None', u'ZJetsToNuNu_HT1200to2500_SingleLeptFromT_Sep2017-00000000000000000000000000000000', u'T2_US_UCSD', u'https://cmsweb.cern.ch/dbs/prod/global/DBSReader', u'https://cmsweb.cern.ch/dbs/prod/phys03/DBSWriter', u'F', u'Analysis', u"{'maxjobruntime': 1250, 'priority': 10, 'site_blacklist': [], 'resubmit_jobids': [1, 4], 'numcores': 1, 'site_whitelist': [], 'maxmemory': 2000, 'resubmit_publication': 0}", u'[]', u'F', u'vocms052', u'[]', u'1250', u'1', u'2000', u'10', u'None', u'http://vocms0194.cern.ch/mon/cms1422/170926_205327:mmasciov_crab_stoppedTracks_zjetsHT1200to2500Sep2017', u'None', u'None', u'[]', u'[]', u'[]', u'pythia', u'[]', u"['zjets_ht1200to2500.root']", u'[]', u'https://cmsweb.cern.ch/crabserver/prod', u'None', u'0', u'cmsgwms-collector-global.cern.ch:9620,cmssrv221.fnal.gov:9620', u'crab3@vocms0194.cern.ch', u'F', u'[]', u'T', u'/store/user/mmasciov/', u'F', u'None', u'F', u'F', u'F', u'None', u'ZJetsToNuNu_HT-1200To2500_13TeV-madgraph', u'filetransfers', u'None', u'11625767', u'e88409db729a513f742b38aba147137ba31fee0320046bc7b54023dea9a79abd.tar.gz', u'169.228.130.5', u'F', u'None'], u'desc': {u'columns': [u'tm_taskname', u'panda_jobset_id', u'tm_task_status', u'tm_start_time', u'tm_start_injection', u'tm_end_injection', u'tm_task_failure', u'tm_job_sw', u'tm_job_arch', u'tm_input_dataset', u'tm_site_whitelist', u'tm_site_blacklist', u'tm_split_algo', u'tm_split_args', u'tm_totalunits', u'tm_user_sandbox', u'tm_cache_url', u'tm_username', u'tm_user_dn', u'tm_user_vo', u'tm_user_role', u'tm_user_group', u'tm_publish_name', u'tm_asyncdest', u'tm_dbs_url', u'tm_publish_dbs_url', u'tm_publication', u'tm_job_type', u'tm_arguments', u'panda_resubmitted_jobs', u'tm_save_logs', u'tw_name', u'tm_user_infiles', u'tm_maxjobruntime', u'tm_numcores', u'tm_maxmemory', u'tm_priority', u'tm_output_dataset', u'tm_user_webdir', u'tm_activity', u'tm_scriptexe', u'tm_scriptargs', u'tm_extrajdl', u'tm_task_warnings', u'tm_generator', u'tm_outfiles', u'tm_tfile_outfiles', u'tm_edm_outfiles', u'tm_asourl', u'tm_events_per_lumi', u'tm_use_parent', u'tm_collector', u'tm_schedd', u'tm_dry_run', u'tm_user_files', u'tm_transfer_outputs', u'tm_output_lfn', u'tm_ignore_locality', u'tm_fail_limit', u'tm_one_event_mode', u'tm_publish_groupname', u'tm_nonvalid_input_dataset', u'tm_secondary_input_dataset', u'tm_primary_dataset', u'tm_asodb', u'tm_task_command', u'clusterid', u'tm_debug_files', u'tm_submitter_ip_addr', u'tm_ignore_global_blacklist', u'tm_last_publication']}}
INFO 2017-09-27 17:16:54,130: 	 CRAB project directory:		/home/users/mmasciov/MT2/8_0_26/src/Histo/HistoAnalyzer/python/crab_projects/crab_stoppedTracks_zjetsHT1200to2500Sep2017
INFO 2017-09-27 17:16:54,130: 	 Task name:			170926_205327:mmasciov_crab_stoppedTracks_zjetsHT1200to2500Sep2017
INFO 2017-09-27 17:16:54,130: 	 Grid scheduler:			crab3@vocms0194.cern.ch
INFO 2017-09-27 17:16:54,130: 	 Status on the CRAB server:	SUBMITTED
INFO 2017-09-27 17:16:54,130: 	 Task URL to use for HELP:	https://cmsweb.cern.ch/crabserver/ui/task/170926_205327%3Ammasciov_crab_stoppedTracks_zjetsHT1200to2500Sep2017
INFO 2017-09-27 17:16:54,130: 	 Dashboard monitoring URL:	http://dashb-cms-job.cern.ch/dashboard/templates/task-analysis/#user=mmasciov&refresh=0&table=Jobs&p=1&records=25&activemenu=2&status=&site=&tid=170926_205327%3Ammasciov_crab_stoppedTracks_zjetsHT1200to2500Sep2017
DEBUG 2017-09-27 17:16:54,130: 	 The CRAB server submitted your task to the Grid scheduler (cluster ID: 11625767)
DEBUG 2017-09-27 17:16:54,130: 	 Webdir is located at http://vocms0194.cern.ch/mon/cms1422/170926_205327:mmasciov_crab_stoppedTracks_zjetsHT1200to2500Sep2017
DEBUG 2017-09-27 17:16:55,274: 	 Proxied webdir is located at https://cmsweb.cern.ch/scheddmon/0194/cms1422/170926_205327:mmasciov_crab_stoppedTracks_zjetsHT1200to2500Sep2017
DEBUG 2017-09-27 17:16:55,274: 	 Retrieving 'status_cache' file from https://cmsweb.cern.ch/scheddmon/0194/cms1422/170926_205327:mmasciov_crab_stoppedTracks_zjetsHT1200to2500Sep2017/status_cache
DEBUG 2017-09-27 17:16:56,330: 	 Got information from status cache file: {'1': {'Retries': 5, 'WallDurations': [9.0, 11515.0, 9.0, 371.0, 8.0, 433.0, 9.0, 2782.0, 0, 8647.0, 9.0, 7449.0], 'StartTimes': [1506459416.0, 1506472881.0, 1506473534.0, 1506524401.0, 1506529573.0, 1506540592.0], 'SubmitTimes': [1506459295.0, 1506472805.0, 1506473382.0, 1506524072.0, -1, 1506540272.0], 'JobIds': ['11625795.0', '11633514.0', '11633876.0', '11659181.0', '11659181.0', '11669496.0'], 'EndTimes': [1506470931.0, 1506473252.0, 1506473967.0, 1506527183.0, 1506538220.0, 1506548041.0], 'Restarts': 1, 'RecordedSite': True, 'State': 'finished', 'ResidentSetSize': [683860, 207088, 207292, 650932, 792572, 774660], 'Error': [8028, "CmsRunFailure\nCMSSW error message follows.\nFatal Exception\nAn exception of category 'FallbackFileOpenError' occurred while\n   [0] Constructing the EventProcessor\n   [1] Constructing input source of type PoolSource\n   [2] Calling RootFileSequenceBase::initTheFile()\n   [3] Calling StorageFactory::open()\n   [4] Calling XrdFile::open()\nException Message:\nFailed to open the file 'root://cmsxrootd.fnal.gov//store/mc/RunIISummer16DR80Premix/ZJetsToNuNu_HT-1200To2500_13TeV-madgraph/AODSIM/PUMoriond17_80X_mcRun2_asymptotic_2016_TrancheIV_v6-v1/80000/0A2E3B69-E0B9-E611-8818-1866DAEA6D0C.root'\n   Additional Info:\n      [a] open() failed with system error 'No such file or directory' (error code 2)\n      [b] Input file /cms/store/mc/RunIISummer16DR80Premix/ZJetsToNuNu_HT-1200To2500_13TeV-madgraph/AODSIM/PUMoriond17_80X_mcRun2_asymptotic_2016_TrancheIV_v6-v1/80000/0A2E3B69-E0B9-E611-8818-1866DAEA6D0C.root could not be opened.\nFallback Input file root://cmsxrootd.fnal.gov//store/mc/RunIISummer16DR80Premix/ZJetsToNuNu_HT-1200To2500_13TeV-madgraph/AODSIM/PUMoriond17_80X_mcRun2_asymptotic_2016_TrancheIV_v6-v1/80000/0A2E3B69-E0B9-E611-8818-1866DAEA6D0C.root also could not be opened.\nOriginal exception info is above; fallback exception info is below.\n      [c] XrdCl::File::Open(name='root://cmsxrootd.fnal.gov//store/mc/RunIISummer16DR80Premix/ZJetsToNuNu_HT-1200To2500_13TeV-madgraph/AODSIM/PUMoriond17_80X_mcRun2_asymptotic_2016_TrancheIV_v6-v1/80000/0A2E3B69-E0B9-E611-8818-1866DAEA6D0C.root', flags=0x10, permissions=0660) => error '[ERROR] Operation expired' (errno=0, code=206). No additional data servers were found.\n      [d] Last URL tried: root://cms-xrd-global.cern.ch:1094//store/mc/RunIISummer16DR80Premix/ZJetsToNuNu_HT-1200To2500_13TeV-madgraph/AODSIM/PUMoriond17_80X_mcRun2_asymptotic_2016_TrancheIV_v6-v1/80000/0A2E3B69-E0B9-E611-8818-1866DAEA6D0C.root?tried=+1213cmsxrootd2.fnal.gov1213xrootd.unl.edu,cms-g000.rcac.purdue.edu,cms-g002.rcac.purdue.edu,xrootd.rcac.purdue.edu\n      [e] Problematic data server: cms-xrd-global.cern.ch:1094\n      [f] Disabled source: cms-xrd-global.cern.ch:1094\n", {'type': 'Fatal Exception', 'details': "An exception of category 'FallbackFileOpenError' occurred while\n   [0] Constructing the EventProcessor\n   [1] Constructing input source of type PoolSource\n   [2] Calling RootFileSequenceBase::initTheFile()\n   [3] Calling StorageFactory::open()\n   [4] Calling XrdFile::open()\nException Message:\nFailed to open the file 'root://cmsxrootd.fnal.gov//store/mc/RunIISummer16DR80Premix/ZJetsToNuNu_HT-1200To2500_13TeV-madgraph/AODSIM/PUMoriond17_80X_mcRun2_asymptotic_2016_TrancheIV_v6-v1/80000/0A2E3B69-E0B9-E611-8818-1866DAEA6D0C.root'\n   Additional Info:\n      [a] open() failed with system error 'No such file or directory' (error code 2)\n      [b] Input file /cms/store/mc/RunIISummer16DR80Premix/ZJetsToNuNu_HT-1200To2500_13TeV-madgraph/AODSIM/PUMoriond17_80X_mcRun2_asymptotic_2016_TrancheIV_v6-v1/80000/0A2E3B69-E0B9-E611-8818-1866DAEA6D0C.root could not be opened.\nFallback Input file root://cmsxrootd.fnal.gov//store/mc/RunIISummer16DR80Premix/ZJetsToNuNu_HT-1200To2500_13TeV-madgraph/AODSIM/PUMoriond17_80X_mcRun2_asymptotic_2016_TrancheIV_v6-v1/80000/0A2E3B69-E0B9-E611-8818-1866DAEA6D0C.root also could not be opened.\nOriginal exception info is above; fallback exception info is below.\n      [c] XrdCl::File::Open(name='root://cmsxrootd.fnal.gov//store/mc/RunIISummer16DR80Premix/ZJetsToNuNu_HT-1200To2500_13TeV-madgraph/AODSIM/PUMoriond17_80X_mcRun2_asymptotic_2016_TrancheIV_v6-v1/80000/0A2E3B69-E0B9-E611-8818-1866DAEA6D0C.root', flags=0x10, permissions=0660) => error '[ERROR] Operation expired' (errno=0, code=206). No additional data servers were found.\n      [d] Last URL tried: root://cms-xrd-global.cern.ch:1094//store/mc/RunIISummer16DR80Premix/ZJetsToNuNu_HT-1200To2500_13TeV-madgraph/AODSIM/PUMoriond17_80X_mcRun2_asymptotic_2016_TrancheIV_v6-v1/80000/0A2E3B69-E0B9-E611-8818-1866DAEA6D0C.root?tried=+1213cmsxrootd2.fnal.gov1213xrootd.unl.edu,cms-g000.rcac.purdue.edu,cms-g002.rcac.purdue.edu,xrootd.rcac.purdue.edu\n      [e] Problematic data server: cms-xrd-global.cern.ch:1094\n      [f] Disabled source: cms-xrd-global.cern.ch:1094", 'exitCode': '8028'}], 'TotalUserCpuTimeHistory': [10095, 1, 1, 262.0, 7236, 5830], 'SiteHistory': ['Unknown', 'T2_US_Wisconsin', 'Unknown', 'T2_US_Vanderbilt', 'Unknown', 'T2_US_Vanderbilt', 'Unknown', 'T2_US_Purdue', 'Unknown', 'T2_US_Wisconsin', 'Unknown', 'T2_US_MIT'], 'TotalSysCpuTimeHistory': [96, 0, 0, 2.0, 86, 49]}, '3': {'Retries': 1, 'WallDurations': [9.0, 12258.0, 8823.0], 'StartTimes': [1506459416.0, 1506473568.0], 'SubmitTimes': [1506459295.0, 1506473542.0], 'JobIds': ['11625797.0', '11633898.0'], 'EndTimes': [1506471674.0, 1506482391.0], 'Restarts': 0, 'RecordedSite': True, 'State': 'finished', 'ResidentSetSize': [692244, 765468], 'TotalUserCpuTimeHistory': [10444, 7500], 'SiteHistory': ['Unknown', 'T2_US_Wisconsin', 'T2_US_MIT'], 'TotalSysCpuTimeHistory': [102, 62]}, '2': {'Retries': 1, 'WallDurations': [9.0, 13525.0, 10.0, 15076.0], 'StartTimes': [1506459416.0, 1506475007.0], 'SubmitTimes': [1506459296.0, 1506474812.0], 'JobIds': ['11625799.0', '11634507.0'], 'EndTimes': [1506472941.0, 1506490083.0], 'Restarts': 0, 'RecordedSite': True, 'State': 'finished', 'ResidentSetSize': [674784, 682324], 'TotalUserCpuTimeHistory': [11826, 11358], 'SiteHistory': ['Unknown', 'T2_US_Wisconsin', 'Unknown', 'T2_US_Caltech'], 'TotalSysCpuTimeHistory': [104, 128]}, '5': {'Retries': 2, 'WallDurations': [9.0, 5404.0, 4855.0, 8.0, 2481.0, 4532.0], 'StartTimes': [1506459418.0, 1506466789.0, 1506473763.0, 1506476293.0], 'SubmitTimes': [1506459295.0, 1506466695.0, 1506473572.0, -1], 'JobIds': ['11625796.0', '11628943.0', '11633901.0', '11633901.0'], 'EndTimes': [1506464822.0, 1506471644.0, 1506476244.0, 1506480825.0], 'Restarts': 1, 'RecordedSite': True, 'State': 'finished', 'ResidentSetSize': [761876, 674060, 2548, 765740], 'TotalUserCpuTimeHistory': [4595, 4131, 0.0, 3897], 'SiteHistory': ['Unknown', 'T2_US_Wisconsin', 'T2_US_Wisconsin', 'Unknown', 'T2_US_Purdue', 'T2_US_MIT'], 'TotalSysCpuTimeHistory': [55, 43, 0.0, 27]}, '4': {'Retries': 3, 'WallDurations': [9.0, 13491.0, 8.0, 10665.0, 9.0, 370.0, 8.0, 13484.0], 'StartTimes': [1506459418.0, 1506475005.0, 1506488226.0, 1506525045.0], 'SubmitTimes': [1506459296.0, 1506474781.0, 1506487608.0, 1506524072.0], 'JobIds': ['11625798.0', '11634504.0', '11637382.0', '11659182.0'], 'TotalUserCpuTimeHistory': [11605, 9165, 1, 9821], 'EndTimes': [1506472909.0, 1506485670.0, 1506488596.0, 1506538529.0], 'Restarts': 0, 'RecordedSite': True, 'State': 'finished', 'ResidentSetSize': [757664, 698156, 110152, 671892], 'Error': [8028, "CmsRunFailure\nCMSSW error message follows.\nFatal Exception\nAn exception of category 'FallbackFileOpenError' occurred while\n   [0] Constructing the EventProcessor\n   [1] Constructing input source of type PoolSource\n   [2] Calling RootFileSequenceBase::initTheFile()\n   [3] Calling StorageFactory::open()\n   [4] Calling XrdFile::open()\nException Message:\nFailed to open the file 'root://cmsxrootd.fnal.gov//store/mc/RunIISummer16DR80Premix/ZJetsToNuNu_HT-1200To2500_13TeV-madgraph/AODSIM/PUMoriond17_80X_mcRun2_asymptotic_2016_TrancheIV_v6-v1/80000/A6840964-DEB9-E611-B0FE-A0000420FE80.root'\n   Additional Info:\n      [a] open() failed with system error 'No such file or directory' (error code 2)\n      [b] Input file /cms/store/mc/RunIISummer16DR80Premix/ZJetsToNuNu_HT-1200To2500_13TeV-madgraph/AODSIM/PUMoriond17_80X_mcRun2_asymptotic_2016_TrancheIV_v6-v1/80000/A6840964-DEB9-E611-B0FE-A0000420FE80.root could not be opened.\nFallback Input file root://cmsxrootd.fnal.gov//store/mc/RunIISummer16DR80Premix/ZJetsToNuNu_HT-1200To2500_13TeV-madgraph/AODSIM/PUMoriond17_80X_mcRun2_asymptotic_2016_TrancheIV_v6-v1/80000/A6840964-DEB9-E611-B0FE-A0000420FE80.root also could not be opened.\nOriginal exception info is above; fallback exception info is below.\n      [c] XrdCl::File::Open(name='root://cmsxrootd.fnal.gov//store/mc/RunIISummer16DR80Premix/ZJetsToNuNu_HT-1200To2500_13TeV-madgraph/AODSIM/PUMoriond17_80X_mcRun2_asymptotic_2016_TrancheIV_v6-v1/80000/A6840964-DEB9-E611-B0FE-A0000420FE80.root', flags=0x10, permissions=0660) => error '[ERROR] Operation expired' (errno=0, code=206). No additional data servers were found.\n      [d] Last URL tried: root://cms-xrd-global.cern.ch:1094//store/mc/RunIISummer16DR80Premix/ZJetsToNuNu_HT-1200To2500_13TeV-madgraph/AODSIM/PUMoriond17_80X_mcRun2_asymptotic_2016_TrancheIV_v6-v1/80000/A6840964-DEB9-E611-B0FE-A0000420FE80.root?tried=+1213cmsxrootd2.fnal.gov1213xrootd.unl.edu,cms-b011.rcac.purdue.edu,cms-f003.rcac.purdue.edu,xrootd.rcac.purdue.edu\n      [e] Problematic data server: cms-xrd-global.cern.ch:1094\n      [f] Disabled source: cms-xrd-global.cern.ch:1094\n", {'type': 'Fatal Exception', 'details': "An exception of category 'FallbackFileOpenError' occurred while\n   [0] Constructing the EventProcessor\n   [1] Constructing input source of type PoolSource\n   [2] Calling RootFileSequenceBase::initTheFile()\n   [3] Calling StorageFactory::open()\n   [4] Calling XrdFile::open()\nException Message:\nFailed to open the file 'root://cmsxrootd.fnal.gov//store/mc/RunIISummer16DR80Premix/ZJetsToNuNu_HT-1200To2500_13TeV-madgraph/AODSIM/PUMoriond17_80X_mcRun2_asymptotic_2016_TrancheIV_v6-v1/80000/A6840964-DEB9-E611-B0FE-A0000420FE80.root'\n   Additional Info:\n      [a] open() failed with system error 'No such file or directory' (error code 2)\n      [b] Input file /cms/store/mc/RunIISummer16DR80Premix/ZJetsToNuNu_HT-1200To2500_13TeV-madgraph/AODSIM/PUMoriond17_80X_mcRun2_asymptotic_2016_TrancheIV_v6-v1/80000/A6840964-DEB9-E611-B0FE-A0000420FE80.root could not be opened.\nFallback Input file root://cmsxrootd.fnal.gov//store/mc/RunIISummer16DR80Premix/ZJetsToNuNu_HT-1200To2500_13TeV-madgraph/AODSIM/PUMoriond17_80X_mcRun2_asymptotic_2016_TrancheIV_v6-v1/80000/A6840964-DEB9-E611-B0FE-A0000420FE80.root also could not be opened.\nOriginal exception info is above; fallback exception info is below.\n      [c] XrdCl::File::Open(name='root://cmsxrootd.fnal.gov//store/mc/RunIISummer16DR80Premix/ZJetsToNuNu_HT-1200To2500_13TeV-madgraph/AODSIM/PUMoriond17_80X_mcRun2_asymptotic_2016_TrancheIV_v6-v1/80000/A6840964-DEB9-E611-B0FE-A0000420FE80.root', flags=0x10, permissions=0660) => error '[ERROR] Operation expired' (errno=0, code=206). No additional data servers were found.\n      [d] Last URL tried: root://cms-xrd-global.cern.ch:1094//store/mc/RunIISummer16DR80Premix/ZJetsToNuNu_HT-1200To2500_13TeV-madgraph/AODSIM/PUMoriond17_80X_mcRun2_asymptotic_2016_TrancheIV_v6-v1/80000/A6840964-DEB9-E611-B0FE-A0000420FE80.root?tried=+1213cmsxrootd2.fnal.gov1213xrootd.unl.edu,cms-b011.rcac.purdue.edu,cms-f003.rcac.purdue.edu,xrootd.rcac.purdue.edu\n      [e] Problematic data server: cms-xrd-global.cern.ch:1094\n      [f] Disabled source: cms-xrd-global.cern.ch:1094", 'exitCode': '8028'}], 'SiteHistory': ['Unknown', 'T2_US_Wisconsin', 'Unknown', 'T2_US_Wisconsin', 'Unknown', 'T2_US_Vanderbilt', 'Unknown', 'T2_US_UCSD'], 'TotalSysCpuTimeHistory': [88, 80, 0, 114]}}
INFO 2017-09-27 17:16:56,331: 	 Status on the scheduler:	COMPLETED
INFO 2017-09-27 17:16:56,331: 	 
Jobs status:                    finished      100.0% (5/5)
INFO 2017-09-27 17:16:56,331: 	 
No publication information (publication has been disabled in the CRAB configuration file)
DEBUG 2017-09-27 17:16:56,336: 	 Requesting resubmission of failed jobs in task 170926_205327:mmasciov_crab_stoppedTracks_zjetsHT1200to2500Sep2017
ERROR 2017-09-27 17:16:56,336: 	 Found no jobs to resubmit. Only jobs in status failed can be resubmitted. Jobs in status finished can also be resubmitted, but only if the jobids are specified and the force option is set.
ERROR 2017-09-27 17:16:56,336: 	 Caught exception
Traceback (most recent call last):
  File "/cvmfs/cms.cern.ch/crab3/slc6_amd64_gcc493/cms/crabclient/3.3.1707.patch1/bin/crab", line 160, in <module>
    client()
  File "/cvmfs/cms.cern.ch/crab3/slc6_amd64_gcc493/cms/crabclient/3.3.1707.patch1/bin/crab", line 148, in __call__
    self.cmd()
  File "/cvmfs/cms.cern.ch/crab3/slc6_amd64_gcc493/cms/crabclient/3.3.1707.patch1/lib/python2.7/site-packages/CRABClient/Commands/resubmit.py", line 60, in __call__
    self.jobids = self.processJobIds(jobList)
  File "/cvmfs/cms.cern.ch/crab3/slc6_amd64_gcc493/cms/crabclient/3.3.1707.patch1/lib/python2.7/site-packages/CRABClient/Commands/resubmit.py", line 161, in processJobIds
    raise ConfigurationException(msg)
ConfigurationException: Found no jobs to resubmit. Only jobs in status failed can be resubmitted. Jobs in status finished can also be resubmitted, but only if the jobids are specified and the force option is set.
