DEBUG 2017-09-26 13:49:13,896: 	 Executing command: 'submit'
DEBUG 2017-09-26 13:49:13,897: 	 Found CRAB cache file /home/users/mmasciov/.crab3
DEBUG 2017-09-26 13:49:13,904: 	 Checking credentials
DEBUG 2017-09-26 13:49:13,905: 	 Found proxy file /tmp/x509up_u31607
DEBUG 2017-09-26 13:49:13,905: 	 Getting proxy life time left
DEBUG 2017-09-26 13:49:14,008: 	 Executing : 
 command : voms-proxy-info -file /tmp/x509up_u31607 -timeleft
 output : 603562

 error: 
 retcode : 0
DEBUG 2017-09-26 13:49:14,112: 	 Executing : 
 command : voms-proxy-info -file /tmp/x509up_u31607 -actimeleft
 output : 603561

 error: 
 retcode : 0
DEBUG 2017-09-26 13:49:14,112: 	 Proxy valid for 167:39:22 hours
INFO 2017-09-26 13:49:14,112: 	 Will use CRAB configuration file crabConfig_MC.py
DEBUG 2017-09-26 13:49:14,112: 	 Loading CRAB configuration file.
DEBUG 2017-09-26 13:49:14,115: 	 Will use CRAB Analysis plugin (i.e. will run an analysis job type).
DEBUG 2017-09-26 13:49:14,239: 	 Executing : 
 command : openssl x509 -in ~/.globus/usercert.pem -subject -noout
 output : subject= /DC=ch/DC=cern/OU=Organic Units/OU=Users/CN=mmasciov/CN=720044/CN=Mario Masciovecchio

 error: 
 retcode : 0
DEBUG 2017-09-26 13:49:14,239: 	 Checking credentials
DEBUG 2017-09-26 13:49:14,239: 	 Found proxy file /tmp/x509up_u31607
DEBUG 2017-09-26 13:49:14,239: 	 Getting proxy life time left
DEBUG 2017-09-26 13:49:14,343: 	 Executing : 
 command : voms-proxy-info -file /tmp/x509up_u31607 -timeleft
 output : 603561

 error: 
 retcode : 0
DEBUG 2017-09-26 13:49:14,446: 	 Executing : 
 command : voms-proxy-info -file /tmp/x509up_u31607 -actimeleft
 output : 603561

 error: 
 retcode : 0
DEBUG 2017-09-26 13:49:14,447: 	 Proxy valid for 167:39:21 hours
DEBUG 2017-09-26 13:49:14,549: 	 Executing : 
 command : env X509_USER_PROXY=/tmp/x509up_u31607 voms-proxy-info -fqan
 output : /cms/Role=NULL/Capability=NULL

 error: 
 retcode : 0
DEBUG 2017-09-26 13:49:19,017: 	 Registering user credentials for server /DC=ch/DC=cern/OU=computers/CN=vocms(045|052|021|031|0118|0118a|0119|0108|0105|0109).cern.ch
DEBUG 2017-09-26 13:49:19,125: 	 Executing : 
 command : openssl x509 -in ~/.globus/usercert.pem -subject -noout
 output : subject= /DC=ch/DC=cern/OU=Organic Units/OU=Users/CN=mmasciov/CN=720044/CN=Mario Masciovecchio

 error: 
 retcode : 0
DEBUG 2017-09-26 13:49:19,125: 	 Getting myproxy life time left for myproxy.cern.ch
DEBUG 2017-09-26 13:49:19,125: 	 Calculating hash of /DC=ch/DC=cern/OU=Organic Units/OU=Users/CN=mmasciov/CN=720044/CN=Mario Masciovecchio_cmsweb.cern.ch for credential name
DEBUG 2017-09-26 13:49:20,530: 	 Executing : 
 command : myproxy-info -l 675d286d0e68c23071389f9d911f5838308f7790 -s myproxy.cern.ch
 output : username: 675d286d0e68c23071389f9d911f5838308f7790
owner: /DC=ch/DC=cern/OU=Organic Units/OU=Users/CN=mmasciov/CN=720044/CN=Mario Masciovecchio
  renewal policy: /DC=ch/DC=cern/OU=computers/CN=vocms(045|052|021|031|0118|0118a|0119|0108|0105|0109).cern.ch
  trusted retrieval policy: /DC=ch/DC=cern/OU=computers/CN=vocms(045|052|021|031|0118|0118a|0119|0108|0105|0109).cern.ch
  timeleft: 719:38:35  (30.0 days)

 error: 
 retcode : 0
DEBUG 2017-09-26 13:49:20,532: 	 Myproxy is valid: 2590715
DEBUG 2017-09-26 13:49:20,532: 	 Command use: submit
DEBUG 2017-09-26 13:49:20,532: 	 Options use: ['-c', 'crabConfig_MC.py']
DEBUG 2017-09-26 13:49:21,695: 	 CRABClient version: 3.3.1707.patch1
DEBUG 2017-09-26 13:49:21,696: 	 Instance is prod
DEBUG 2017-09-26 13:49:21,696: 	 Server base url is cmsweb.cern.ch
DEBUG 2017-09-26 13:49:21,696: 	 Command url /crabserver/prod/workflow
DEBUG 2017-09-26 13:49:21,696: 	 Started submission
DEBUG 2017-09-26 13:49:21,696: 	 Working on /home/users/mmasciov/MT2/8_0_26/src/Histo/HistoAnalyzer/python/crab_projects/crab_stoppedTracks_zjetsHT400to600Sep2017
DEBUG 2017-09-26 13:49:23,002: 	 Loading required information from the environment
DEBUG 2017-09-26 13:49:23,002: 	 Found CMSSW_8_0_26 for slc6_amd64_gcc530 with base /home/users/mmasciov/MT2/8_0_26
DEBUG 2017-09-26 13:49:23,002: 	 Loading required information from the environment
DEBUG 2017-09-26 13:49:23,002: 	 Found CMSSW_8_0_26 for slc6_amd64_gcc530 with base /home/users/mmasciov/MT2/8_0_26
DEBUG 2017-09-26 13:49:23,011: 	 UNIQUE NAME: tarUUID 5fca6c29-22ef-40ab-aef9-8bdb865c05db 
DEBUG 2017-09-26 13:49:23,011: 	 self.config: from WMCore.Configuration import Configuration
config = Configuration()
config.section_('General')
config.General.transferLogs = False
config.General.transferOutputs = True
config.General.workArea = 'crab_projects'
config.General.requestName = 'stoppedTracks_zjetsHT400to600Sep2017'
config.section_('JobType')
config.JobType.psetName = 'ConfFile_cfg.py'
config.JobType.pluginName = 'Analysis'
config.section_('Data')
config.Data.inputDataset = '/ZJetsToNuNu_HT-400To600_13TeV-madgraph/RunIISummer16DR80Premix-PUMoriond17_80X_mcRun2_asymptotic_2016_TrancheIV_v6-v1/AODSIM'
config.Data.outputDatasetTag = 'ZJetsToNuNu_HT400to600_SingleLeptFromT_Sep2017'
config.Data.publication = False
config.Data.unitsPerJob = 10
config.Data.inputDBS = 'global'
config.Data.splitting = 'FileBased'
config.Data.outLFNDirBase = '/store/user/mmasciov/'
config.section_('Site')
config.Site.storageSite = 'T2_US_UCSD'
config.section_('User')
config.section_('Debug')

DEBUG 2017-09-26 13:49:23,012: 	 self.config.JobType.psetName: ConfFile_cfg.py
INFO 2017-09-26 13:49:23,012: 	 Importing CMSSW configuration ConfFile_cfg.py
INFO 2017-09-26 13:49:23,131: 	 Finished importing CMSSW configuration ConfFile_cfg.py
DEBUG 2017-09-26 13:49:23,131: 	 Writing CMSSW configuration to /home/users/mmasciov/MT2/8_0_26/src/Histo/HistoAnalyzer/python/crab_projects/crab_stoppedTracks_zjetsHT400to600Sep2017/inputs/PSet.py
DEBUG 2017-09-26 13:49:23,155: 	 The following EDM output files will be collected: []
DEBUG 2017-09-26 13:49:23,155: 	 The following TFile output files will be collected: ['zjets_ht400to600.root']
DEBUG 2017-09-26 13:49:23,156: 	 The following user output files will be collected: []
DEBUG 2017-09-26 13:49:23,156: 	 Loading required information from the environment
DEBUG 2017-09-26 13:49:23,156: 	 Found CMSSW_8_0_26 for slc6_amd64_gcc530 with base /home/users/mmasciov/MT2/8_0_26
DEBUG 2017-09-26 13:49:23,156: 	 Making tarball in /home/users/mmasciov/MT2/8_0_26/src/Histo/HistoAnalyzer/python/crab_projects/crab_stoppedTracks_zjetsHT400to600Sep2017/inputs/5fca6c29-22ef-40ab-aef9-8bdb865c05dbdefault.tgz
DEBUG 2017-09-26 13:49:23,213: 	 Checking directory /home/users/mmasciov/MT2/8_0_26/lib
DEBUG 2017-09-26 13:49:23,213: 	 Adding directory /home/users/mmasciov/MT2/8_0_26/lib to tarball
DEBUG 2017-09-26 13:49:23,471: 	 Checking directory /home/users/mmasciov/MT2/8_0_26/biglib
DEBUG 2017-09-26 13:49:23,471: 	 Adding directory /home/users/mmasciov/MT2/8_0_26/biglib to tarball
DEBUG 2017-09-26 13:49:23,473: 	 Checking directory /home/users/mmasciov/MT2/8_0_26/module
DEBUG 2017-09-26 13:49:25,823: 	 Adding data directory /home/users/mmasciov/MT2/8_0_26/src/PhysicsTools/HepMCCandAlgos/data to tarball
DEBUG 2017-09-26 13:49:25,942: 	 Adding data directory /home/users/mmasciov/MT2/8_0_26/src/PhysicsTools/HepMCCandAlgos/interface to tarball
DEBUG 2017-09-26 13:49:26,779: 	 Uploading archive /home/users/mmasciov/MT2/8_0_26/src/Histo/HistoAnalyzer/python/crab_projects/crab_stoppedTracks_zjetsHT400to600Sep2017/inputs/5fca6c29-22ef-40ab-aef9-8bdb865c05dbdefault.tgz (0.693359.1 MB) to the CRAB cache. Using URI https://cmsweb.cern.ch/crabcache
DEBUG 2017-09-26 13:49:30,016: 	 Loading required information from the environment
DEBUG 2017-09-26 13:49:30,016: 	 Found CMSSW_8_0_26 for slc6_amd64_gcc530 with base /home/users/mmasciov/MT2/8_0_26
DEBUG 2017-09-26 13:49:30,016: 	 Making tarball in /home/users/mmasciov/MT2/8_0_26/src/Histo/HistoAnalyzer/python/crab_projects/crab_stoppedTracks_zjetsHT400to600Sep2017/inputs/debugFiles.tgz
DEBUG 2017-09-26 13:49:30,020: 	 Uploading archive /home/users/mmasciov/MT2/8_0_26/src/Histo/HistoAnalyzer/python/crab_projects/crab_stoppedTracks_zjetsHT400to600Sep2017/inputs/debugFiles.tgz (1 KB) to the CRAB cache. Using URI https://cmsweb.cern.ch/crabcache
DEBUG 2017-09-26 13:49:31,526: 	 Result uploading input files: ed05c1a8a12780fab5e92ac48d5732b2c67e369ed2ea7dff6e332f9b5008d7f5.tar.gz 
INFO 2017-09-26 13:49:31,527: 	 Sending the request to the server
DEBUG 2017-09-26 13:49:31,527: 	 Submitting {'maxjobruntime': 1250, 'extrajdl': [], 'ignorelocality': 0, 'savelogsflag': 0, 'useparent': 0, 'asyncdest': 'T2_US_UCSD', 'algoargs': 10, 'cachefilename': 'ed05c1a8a12780fab5e92ac48d5732b2c67e369ed2ea7dff6e332f9b5008d7f5.tar.gz', 'numcores': 1, 'addoutputfiles': [], 'generator': 'pythia', 'maxmemory': 2000, 'publishdbsurl': 'https://cmsweb.cern.ch/dbs/prod/phys03/DBSWriter', 'priority': 10, 'jobsw': 'CMSSW_8_0_26', 'edmoutfiles': [], 'userfiles': [], 'primarydataset': '', 'inputdata': '/ZJetsToNuNu_HT-400To600_13TeV-madgraph/RunIISummer16DR80Premix-PUMoriond17_80X_mcRun2_asymptotic_2016_TrancheIV_v6-v1/AODSIM', 'lfn': '/store/user/mmasciov/', 'dryrun': 0, 'workflow': 'crab_stoppedTracks_zjetsHT400to600Sep2017', 'cacheurl': u'https://cmsweb.cern.ch/crabcache', 'nonprodsw': 0, 'tfileoutfiles': ['zjets_ht400to600.root'], 'oneEventMode': 0, 'debugfilename': 'fc87b144148bbe00985a8f4484052a11ab3dee11949f6eb3db2407f629081afe.tar.gz', 'saveoutput': 1, 'publication': 0, 'jobarch': 'slc6_amd64_gcc530', 'totalunits': 0, 'splitalgo': 'FileBased', 'ignoreglobalblacklist': 0, 'nonvaliddata': 0, 'dbsurl': 'https://cmsweb.cern.ch/dbs/prod/global/DBSReader', 'publishgroupname': 0, 'jobtype': 'Analysis', 'publishname2': 'ZJetsToNuNu_HT400to600_SingleLeptFromT_Sep2017'} 
DEBUG 2017-09-26 13:49:31,527: 	 Encoded submit request: maxjobruntime=1250&ignorelocality=0&savelogsflag=0&useparent=0&asyncdest=T2_US_UCSD&algoargs=10&cachefilename=ed05c1a8a12780fab5e92ac48d5732b2c67e369ed2ea7dff6e332f9b5008d7f5.tar.gz&numcores=1&generator=pythia&maxmemory=2000&publishdbsurl=https%3A%2F%2Fcmsweb.cern.ch%2Fdbs%2Fprod%2Fphys03%2FDBSWriter&priority=10&jobsw=CMSSW_8_0_26&primarydataset=&inputdata=%2FZJetsToNuNu_HT-400To600_13TeV-madgraph%2FRunIISummer16DR80Premix-PUMoriond17_80X_mcRun2_asymptotic_2016_TrancheIV_v6-v1%2FAODSIM&lfn=%2Fstore%2Fuser%2Fmmasciov%2F&dryrun=0&workflow=crab_stoppedTracks_zjetsHT400to600Sep2017&cacheurl=https%3A%2F%2Fcmsweb.cern.ch%2Fcrabcache&nonprodsw=0&oneEventMode=0&debugfilename=fc87b144148bbe00985a8f4484052a11ab3dee11949f6eb3db2407f629081afe.tar.gz&saveoutput=1&publication=0&jobarch=slc6_amd64_gcc530&totalunits=0&splitalgo=FileBased&ignoreglobalblacklist=0&nonvaliddata=0&dbsurl=https%3A%2F%2Fcmsweb.cern.ch%2Fdbs%2Fprod%2Fglobal%2FDBSReader&publishgroupname=0&jobtype=Analysis&publishname2=ZJetsToNuNu_HT400to600_SingleLeptFromT_Sep2017&tfileoutfiles=zjets_ht400to600.root
DEBUG 2017-09-26 13:49:33,123: 	 Result: {u'result': [{u'RequestName': u'170926_204932:mmasciov_crab_stoppedTracks_zjetsHT400to600Sep2017'}]}
INFO 2017-09-26 13:49:33,191: 	 Success: Your task has been delivered to the CRAB3 server.
INFO 2017-09-26 13:49:33,191: 	 Task name: 170926_204932:mmasciov_crab_stoppedTracks_zjetsHT400to600Sep2017
INFO 2017-09-26 13:49:33,191: 	 Please use 'crab status' to check how the submission process proceeds.
DEBUG 2017-09-26 13:49:33,191: 	 About to return
INFO 2017-09-26 13:49:33,197: 	 Log file is /home/users/mmasciov/MT2/8_0_26/src/Histo/HistoAnalyzer/python/crab_projects/crab_stoppedTracks_zjetsHT400to600Sep2017/crab.log
DEBUG 2017-09-26 16:38:44,909: 	 Executing command: 'resubmit'
DEBUG 2017-09-26 16:38:44,910: 	 Found CRAB cache file /home/users/mmasciov/.crab3
DEBUG 2017-09-26 16:38:44,918: 	 Checking credentials
DEBUG 2017-09-26 16:38:44,918: 	 Found proxy file /tmp/x509up_u31607
DEBUG 2017-09-26 16:38:44,918: 	 Getting proxy life time left
DEBUG 2017-09-26 16:38:45,022: 	 Executing : 
 command : voms-proxy-info -file /tmp/x509up_u31607 -timeleft
 output : 593391

 error: 
 retcode : 0
DEBUG 2017-09-26 16:38:45,125: 	 Executing : 
 command : voms-proxy-info -file /tmp/x509up_u31607 -actimeleft
 output : 593390

 error: 
 retcode : 0
DEBUG 2017-09-26 16:38:45,125: 	 Proxy valid for 164:49:51 hours
DEBUG 2017-09-26 16:38:45,256: 	 Executing : 
 command : openssl x509 -in ~/.globus/usercert.pem -subject -noout
 output : subject= /DC=ch/DC=cern/OU=Organic Units/OU=Users/CN=mmasciov/CN=720044/CN=Mario Masciovecchio

 error: 
 retcode : 0
DEBUG 2017-09-26 16:38:45,256: 	 Checking credentials
DEBUG 2017-09-26 16:38:45,256: 	 Found proxy file /tmp/x509up_u31607
DEBUG 2017-09-26 16:38:45,257: 	 Getting proxy life time left
DEBUG 2017-09-26 16:38:45,359: 	 Executing : 
 command : voms-proxy-info -file /tmp/x509up_u31607 -timeleft
 output : 593390

 error: 
 retcode : 0
DEBUG 2017-09-26 16:38:45,463: 	 Executing : 
 command : voms-proxy-info -file /tmp/x509up_u31607 -actimeleft
 output : 593390

 error: 
 retcode : 0
DEBUG 2017-09-26 16:38:45,463: 	 Proxy valid for 164:49:50 hours
DEBUG 2017-09-26 16:38:46,623: 	 Registering user credentials for server /DC=ch/DC=cern/OU=computers/CN=vocms(045|052|021|031|0118|0118a|0119|0108|0105|0109).cern.ch
DEBUG 2017-09-26 16:38:46,731: 	 Executing : 
 command : openssl x509 -in ~/.globus/usercert.pem -subject -noout
 output : subject= /DC=ch/DC=cern/OU=Organic Units/OU=Users/CN=mmasciov/CN=720044/CN=Mario Masciovecchio

 error: 
 retcode : 0
DEBUG 2017-09-26 16:38:46,731: 	 Getting myproxy life time left for myproxy.cern.ch
DEBUG 2017-09-26 16:38:46,731: 	 Calculating hash of /DC=ch/DC=cern/OU=Organic Units/OU=Users/CN=mmasciov/CN=720044/CN=Mario Masciovecchio_cmsweb.cern.ch for credential name
DEBUG 2017-09-26 16:38:47,736: 	 Executing : 
 command : myproxy-info -l 675d286d0e68c23071389f9d911f5838308f7790 -s myproxy.cern.ch
 output : username: 675d286d0e68c23071389f9d911f5838308f7790
owner: /DC=ch/DC=cern/OU=Organic Units/OU=Users/CN=mmasciov/CN=720044/CN=Mario Masciovecchio
  renewal policy: /DC=ch/DC=cern/OU=computers/CN=vocms(045|052|021|031|0118|0118a|0119|0108|0105|0109).cern.ch
  trusted retrieval policy: /DC=ch/DC=cern/OU=computers/CN=vocms(045|052|021|031|0118|0118a|0119|0108|0105|0109).cern.ch
  timeleft: 716:49:08  (29.9 days)

 error: 
 retcode : 0
DEBUG 2017-09-26 16:38:47,738: 	 Myproxy is valid: 2580548
DEBUG 2017-09-26 16:38:47,738: 	 Command use: resubmit
DEBUG 2017-09-26 16:38:47,738: 	 Options use: ['-d', 'crab_projects/crab_stoppedTracks_zjetsHT400to600Sep2017/']
DEBUG 2017-09-26 16:38:48,941: 	 CRABClient version: 3.3.1707.patch1
DEBUG 2017-09-26 16:38:48,942: 	 Instance is prod
DEBUG 2017-09-26 16:38:48,942: 	 Server base url is cmsweb.cern.ch
DEBUG 2017-09-26 16:38:48,942: 	 Command url /crabserver/prod/workflow
DEBUG 2017-09-26 16:38:48,942: 	 Executing command: 'status'
DEBUG 2017-09-26 16:38:48,942: 	 Found CRAB cache file /home/users/mmasciov/.crab3
DEBUG 2017-09-26 16:38:48,948: 	 Checking credentials
DEBUG 2017-09-26 16:38:48,949: 	 Found proxy file /tmp/x509up_u31607
DEBUG 2017-09-26 16:38:48,949: 	 Getting proxy life time left
DEBUG 2017-09-26 16:38:49,052: 	 Executing : 
 command : voms-proxy-info -file /tmp/x509up_u31607 -timeleft
 output : 593387

 error: 
 retcode : 0
DEBUG 2017-09-26 16:38:49,156: 	 Executing : 
 command : voms-proxy-info -file /tmp/x509up_u31607 -actimeleft
 output : 593386

 error: 
 retcode : 0
DEBUG 2017-09-26 16:38:49,157: 	 Proxy valid for 164:49:47 hours
DEBUG 2017-09-26 16:38:49,294: 	 Executing : 
 command : openssl x509 -in ~/.globus/usercert.pem -subject -noout
 output : subject= /DC=ch/DC=cern/OU=Organic Units/OU=Users/CN=mmasciov/CN=720044/CN=Mario Masciovecchio

 error: 
 retcode : 0
DEBUG 2017-09-26 16:38:49,294: 	 Checking credentials
DEBUG 2017-09-26 16:38:49,294: 	 Found proxy file /tmp/x509up_u31607
DEBUG 2017-09-26 16:38:49,294: 	 Getting proxy life time left
DEBUG 2017-09-26 16:38:49,398: 	 Executing : 
 command : voms-proxy-info -file /tmp/x509up_u31607 -timeleft
 output : 593386

 error: 
 retcode : 0
DEBUG 2017-09-26 16:38:49,501: 	 Executing : 
 command : voms-proxy-info -file /tmp/x509up_u31607 -actimeleft
 output : 593386

 error: 
 retcode : 0
DEBUG 2017-09-26 16:38:49,502: 	 Proxy valid for 164:49:46 hours
DEBUG 2017-09-26 16:38:50,726: 	 Registering user credentials for server /DC=ch/DC=cern/OU=computers/CN=vocms(045|052|021|031|0118|0118a|0119|0108|0105|0109).cern.ch
DEBUG 2017-09-26 16:38:50,835: 	 Executing : 
 command : openssl x509 -in ~/.globus/usercert.pem -subject -noout
 output : subject= /DC=ch/DC=cern/OU=Organic Units/OU=Users/CN=mmasciov/CN=720044/CN=Mario Masciovecchio

 error: 
 retcode : 0
DEBUG 2017-09-26 16:38:50,835: 	 Getting myproxy life time left for myproxy.cern.ch
DEBUG 2017-09-26 16:38:50,835: 	 Calculating hash of /DC=ch/DC=cern/OU=Organic Units/OU=Users/CN=mmasciov/CN=720044/CN=Mario Masciovecchio_cmsweb.cern.ch for credential name
DEBUG 2017-09-26 16:38:51,840: 	 Executing : 
 command : myproxy-info -l 675d286d0e68c23071389f9d911f5838308f7790 -s myproxy.cern.ch
 output : username: 675d286d0e68c23071389f9d911f5838308f7790
owner: /DC=ch/DC=cern/OU=Organic Units/OU=Users/CN=mmasciov/CN=720044/CN=Mario Masciovecchio
  renewal policy: /DC=ch/DC=cern/OU=computers/CN=vocms(045|052|021|031|0118|0118a|0119|0108|0105|0109).cern.ch
  trusted retrieval policy: /DC=ch/DC=cern/OU=computers/CN=vocms(045|052|021|031|0118|0118a|0119|0108|0105|0109).cern.ch
  timeleft: 716:49:04  (29.9 days)

 error: 
 retcode : 0
DEBUG 2017-09-26 16:38:51,840: 	 Myproxy is valid: 2580544
DEBUG 2017-09-26 16:38:51,840: 	 Command use: status
DEBUG 2017-09-26 16:38:51,840: 	 Options use: []
DEBUG 2017-09-26 16:38:52,985: 	 CRABClient version: 3.3.1707.patch1
DEBUG 2017-09-26 16:38:52,985: 	 Instance is prod
DEBUG 2017-09-26 16:38:52,985: 	 Server base url is cmsweb.cern.ch
DEBUG 2017-09-26 16:38:52,985: 	 Command url /crabserver/prod/workflow
DEBUG 2017-09-26 16:38:54,262: 	 Got information from server oracle database: {u'result': [u'170926_204932:mmasciov_crab_stoppedTracks_zjetsHT400to600Sep2017', u'None', u'SUBMITTED', u'2017-09-26 20:49:33.030913', u'None', u'2017-09-26 20:50:52.449279', u'None', u'CMSSW_8_0_26', u'slc6_amd64_gcc530', u'/ZJetsToNuNu_HT-400To600_13TeV-madgraph/RunIISummer16DR80Premix-PUMoriond17_80X_mcRun2_asymptotic_2016_TrancheIV_v6-v1/AODSIM', u'[]', u'[]', u'FileBased', u"{'splitOnRun': False, 'halt_job_on_file_boundaries': False, 'files_per_job': 10, 'runs': [], 'lumis': []}", u'0', u'ed05c1a8a12780fab5e92ac48d5732b2c67e369ed2ea7dff6e332f9b5008d7f5.tar.gz', u'https://cmsweb.cern.ch/crabcache', u'mmasciov', u'/DC=ch/DC=cern/OU=Organic Units/OU=Users/CN=mmasciov/CN=720044/CN=Mario Masciovecchio', u'cms', u'None', u'None', u'ZJetsToNuNu_HT400to600_SingleLeptFromT_Sep2017-00000000000000000000000000000000', u'T2_US_UCSD', u'https://cmsweb.cern.ch/dbs/prod/global/DBSReader', u'https://cmsweb.cern.ch/dbs/prod/phys03/DBSWriter', u'F', u'Analysis', u'{}', u'[]', u'F', u'vocms052', u'[]', u'1250', u'1', u'2000', u'10', u'None', u'http://vocms0199.cern.ch/mon/cms1422/170926_204932:mmasciov_crab_stoppedTracks_zjetsHT400to600Sep2017', u'None', u'None', u'[]', u'[]', u'[]', u'pythia', u'[]', u"['zjets_ht400to600.root']", u'[]', u'https://cmsweb.cern.ch/crabserver/prod', u'None', u'0', u'cmsgwms-collector-global.cern.ch:9620,cmssrv221.fnal.gov:9620', u'crab3@vocms0199.cern.ch', u'F', u'[]', u'T', u'/store/user/mmasciov/', u'F', u'None', u'F', u'F', u'F', u'None', u'ZJetsToNuNu_HT-400To600_13TeV-madgraph', u'filetransfers', u'SUBMIT', u'11216537', u'fc87b144148bbe00985a8f4484052a11ab3dee11949f6eb3db2407f629081afe.tar.gz', u'169.228.130.5', u'F', u'None'], u'desc': {u'columns': [u'tm_taskname', u'panda_jobset_id', u'tm_task_status', u'tm_start_time', u'tm_start_injection', u'tm_end_injection', u'tm_task_failure', u'tm_job_sw', u'tm_job_arch', u'tm_input_dataset', u'tm_site_whitelist', u'tm_site_blacklist', u'tm_split_algo', u'tm_split_args', u'tm_totalunits', u'tm_user_sandbox', u'tm_cache_url', u'tm_username', u'tm_user_dn', u'tm_user_vo', u'tm_user_role', u'tm_user_group', u'tm_publish_name', u'tm_asyncdest', u'tm_dbs_url', u'tm_publish_dbs_url', u'tm_publication', u'tm_job_type', u'tm_arguments', u'panda_resubmitted_jobs', u'tm_save_logs', u'tw_name', u'tm_user_infiles', u'tm_maxjobruntime', u'tm_numcores', u'tm_maxmemory', u'tm_priority', u'tm_output_dataset', u'tm_user_webdir', u'tm_activity', u'tm_scriptexe', u'tm_scriptargs', u'tm_extrajdl', u'tm_task_warnings', u'tm_generator', u'tm_outfiles', u'tm_tfile_outfiles', u'tm_edm_outfiles', u'tm_asourl', u'tm_events_per_lumi', u'tm_use_parent', u'tm_collector', u'tm_schedd', u'tm_dry_run', u'tm_user_files', u'tm_transfer_outputs', u'tm_output_lfn', u'tm_ignore_locality', u'tm_fail_limit', u'tm_one_event_mode', u'tm_publish_groupname', u'tm_nonvalid_input_dataset', u'tm_secondary_input_dataset', u'tm_primary_dataset', u'tm_asodb', u'tm_task_command', u'clusterid', u'tm_debug_files', u'tm_submitter_ip_addr', u'tm_ignore_global_blacklist', u'tm_last_publication']}}
INFO 2017-09-26 16:38:54,262: 	 CRAB project directory:		/home/users/mmasciov/MT2/8_0_26/src/Histo/HistoAnalyzer/python/crab_projects/crab_stoppedTracks_zjetsHT400to600Sep2017
INFO 2017-09-26 16:38:54,262: 	 Task name:			170926_204932:mmasciov_crab_stoppedTracks_zjetsHT400to600Sep2017
INFO 2017-09-26 16:38:54,262: 	 Grid scheduler:			crab3@vocms0199.cern.ch
INFO 2017-09-26 16:38:54,262: 	 Status on the CRAB server:	SUBMITTED
INFO 2017-09-26 16:38:54,262: 	 Task URL to use for HELP:	https://cmsweb.cern.ch/crabserver/ui/task/170926_204932%3Ammasciov_crab_stoppedTracks_zjetsHT400to600Sep2017
INFO 2017-09-26 16:38:54,263: 	 Dashboard monitoring URL:	http://dashb-cms-job.cern.ch/dashboard/templates/task-analysis/#user=mmasciov&refresh=0&table=Jobs&p=1&records=25&activemenu=2&status=&site=&tid=170926_204932%3Ammasciov_crab_stoppedTracks_zjetsHT400to600Sep2017
DEBUG 2017-09-26 16:38:54,263: 	 The CRAB server submitted your task to the Grid scheduler (cluster ID: 11216537)
DEBUG 2017-09-26 16:38:54,263: 	 Webdir is located at http://vocms0199.cern.ch/mon/cms1422/170926_204932:mmasciov_crab_stoppedTracks_zjetsHT400to600Sep2017
DEBUG 2017-09-26 16:38:55,498: 	 Proxied webdir is located at https://cmsweb.cern.ch/scheddmon/0199/cms1422/170926_204932:mmasciov_crab_stoppedTracks_zjetsHT400to600Sep2017
DEBUG 2017-09-26 16:38:55,498: 	 Retrieving 'status_cache' file from https://cmsweb.cern.ch/scheddmon/0199/cms1422/170926_204932:mmasciov_crab_stoppedTracks_zjetsHT400to600Sep2017/status_cache
DEBUG 2017-09-26 16:38:56,666: 	 Got information from status cache file: {'11': {'Retries': 0, 'WallDurations': [10.0, 7111.0], 'StartTimes': [1506459274.0], 'SubmitTimes': [1506459049.0], 'JobIds': ['11216550.0'], 'EndTimes': [1506466385.0], 'Restarts': 0, 'RecordedSite': True, 'State': 'finished', 'ResidentSetSize': [890236], 'TotalUserCpuTimeHistory': [6840], 'SiteHistory': ['Unknown', 'T2_ES_CIEMAT'], 'TotalSysCpuTimeHistory': [46]}, '10': {'Retries': 0, 'WallDurations': [9.0, 7123.0], 'StartTimes': [1506459274.0], 'SubmitTimes': [1506459049.0], 'JobIds': ['11216549.0'], 'EndTimes': [1506466397.0], 'Restarts': 0, 'RecordedSite': True, 'State': 'finished', 'ResidentSetSize': [860164], 'TotalUserCpuTimeHistory': [6494], 'SiteHistory': ['Unknown', 'T2_ES_CIEMAT'], 'TotalSysCpuTimeHistory': [31]}, '12': {'Retries': 0, 'WallDurations': [9.0, 4273.0], 'StartTimes': [1506459273.0], 'SubmitTimes': [1506459046.0], 'JobIds': ['11216540.0'], 'EndTimes': [1506463546.0], 'Restarts': 0, 'RecordedSite': True, 'State': 'finished', 'ResidentSetSize': [771664], 'TotalUserCpuTimeHistory': [4115], 'SiteHistory': ['Unknown', 'T2_ES_CIEMAT'], 'TotalSysCpuTimeHistory': [27]}, '1': {'Retries': 0, 'WallDurations': [10.0, 7436.0], 'StartTimes': [1506459274.0], 'SubmitTimes': [1506459046.0], 'JobIds': ['11216544.0'], 'EndTimes': [1506466710.0], 'Restarts': 0, 'RecordedSite': True, 'State': 'finished', 'ResidentSetSize': [811220], 'TotalUserCpuTimeHistory': [7163], 'SiteHistory': ['Unknown', 'T2_ES_CIEMAT'], 'TotalSysCpuTimeHistory': [53]}, '3': {'Retries': 0, 'WallDurations': [10.0, 5877.0], 'StartTimes': [1506459273.0], 'SubmitTimes': [1506459049.0], 'JobIds': ['11216548.0'], 'EndTimes': [1506465150.0], 'Restarts': 0, 'RecordedSite': True, 'State': 'finished', 'ResidentSetSize': [886172], 'TotalUserCpuTimeHistory': [5289], 'SiteHistory': ['Unknown', 'T2_ES_CIEMAT'], 'TotalSysCpuTimeHistory': [31]}, '2': {'Retries': 0, 'WallDurations': [9.0, 9126.0], 'StartTimes': [1506459274.0], 'SubmitTimes': [1506459046.0], 'JobIds': ['11216545.0'], 'EndTimes': [1506468400.0], 'Restarts': 0, 'RecordedSite': True, 'State': 'transferring', 'ResidentSetSize': [852228], 'TotalUserCpuTimeHistory': [8810], 'SiteHistory': ['Unknown', 'T2_ES_CIEMAT'], 'TotalSysCpuTimeHistory': [47]}, '5': {'Retries': 0, 'WallDurations': [10.0, 4064.0], 'StartTimes': [1506459273.0], 'SubmitTimes': [1506459046.0], 'JobIds': ['11216542.0'], 'EndTimes': [1506463337.0], 'Restarts': 0, 'RecordedSite': True, 'State': 'finished', 'ResidentSetSize': [781972], 'TotalUserCpuTimeHistory': [3891], 'SiteHistory': ['Unknown', 'T2_ES_CIEMAT'], 'TotalSysCpuTimeHistory': [22]}, '4': {'Retries': 0, 'WallDurations': [9.0, 3946.0], 'StartTimes': [1506459274.0], 'SubmitTimes': [1506459046.0], 'JobIds': ['11216541.0'], 'EndTimes': [1506463220.0], 'Restarts': 0, 'RecordedSite': True, 'State': 'finished', 'ResidentSetSize': [761324], 'TotalUserCpuTimeHistory': [3790], 'SiteHistory': ['Unknown', 'T2_ES_CIEMAT'], 'TotalSysCpuTimeHistory': [24]}, '7': {'Retries': 0, 'WallDurations': [9.0, 1818.0, 3591.0], 'StartTimes': [1506459273.0, 1506461177.0], 'SubmitTimes': [1506459046.0, -1], 'JobIds': ['11216546.0', '11216546.0'], 'EndTimes': [1506461091.0, 1506464768.0], 'Restarts': 1, 'RecordedSite': True, 'State': 'finished', 'ResidentSetSize': [749876, 849640], 'TotalUserCpuTimeHistory': [1736.0, 3453], 'SiteHistory': ['Unknown', 'T2_ES_CIEMAT', 'T2_ES_CIEMAT'], 'TotalSysCpuTimeHistory': [11.0, 23]}, '6': {'Retries': 0, 'WallDurations': [9.0, 5301.0], 'StartTimes': [1506459273.0], 'SubmitTimes': [1506459046.0], 'JobIds': ['11216543.0'], 'EndTimes': [1506464574.0], 'Restarts': 0, 'RecordedSite': True, 'State': 'finished', 'ResidentSetSize': [848124], 'TotalUserCpuTimeHistory': [4577], 'SiteHistory': ['Unknown', 'T2_ES_CIEMAT'], 'TotalSysCpuTimeHistory': [31]}, '9': {'Retries': 0, 'WallDurations': [9.0, 8750.0], 'StartTimes': [1506459273.0], 'SubmitTimes': [1506459049.0], 'JobIds': ['11216547.0'], 'EndTimes': [1506468023.0], 'Restarts': 0, 'RecordedSite': True, 'State': 'transferring', 'ResidentSetSize': [830976], 'TotalUserCpuTimeHistory': [8400], 'SiteHistory': ['Unknown', 'T2_ES_CIEMAT'], 'TotalSysCpuTimeHistory': [54]}, '8': {'Retries': 0, 'WallDurations': [9.0, 8985.0], 'StartTimes': [1506459274.0], 'SubmitTimes': [1506459046.0], 'JobIds': ['11216539.0'], 'EndTimes': [1506468259.0], 'Restarts': 0, 'RecordedSite': True, 'State': 'transferring', 'ResidentSetSize': [884944], 'TotalUserCpuTimeHistory': [8654], 'SiteHistory': ['Unknown', 'T2_ES_CIEMAT'], 'TotalSysCpuTimeHistory': [50]}}
INFO 2017-09-26 16:38:56,666: 	 Status on the scheduler:	SUBMITTED
INFO 2017-09-26 16:38:56,666: 	 
Jobs status:                    finished       75.0% ( 9/12)
INFO 2017-09-26 16:38:56,667: 	 				transferring   25.0% ( 3/12)
INFO 2017-09-26 16:38:56,667: 	 
No publication information (publication has been disabled in the CRAB configuration file)
DEBUG 2017-09-26 16:38:56,671: 	 Requesting resubmission of failed jobs in task 170926_204932:mmasciov_crab_stoppedTracks_zjetsHT400to600Sep2017
ERROR 2017-09-26 16:38:56,671: 	 Found no jobs to resubmit. Only jobs in status failed can be resubmitted. Jobs in status finished can also be resubmitted, but only if the jobids are specified and the force option is set.
ERROR 2017-09-26 16:38:56,671: 	 Caught exception
Traceback (most recent call last):
  File "/cvmfs/cms.cern.ch/crab3/slc6_amd64_gcc493/cms/crabclient/3.3.1707.patch1/bin/crab", line 160, in <module>
    client()
  File "/cvmfs/cms.cern.ch/crab3/slc6_amd64_gcc493/cms/crabclient/3.3.1707.patch1/bin/crab", line 148, in __call__
    self.cmd()
  File "/cvmfs/cms.cern.ch/crab3/slc6_amd64_gcc493/cms/crabclient/3.3.1707.patch1/lib/python2.7/site-packages/CRABClient/Commands/resubmit.py", line 60, in __call__
    self.jobids = self.processJobIds(jobList)
  File "/cvmfs/cms.cern.ch/crab3/slc6_amd64_gcc493/cms/crabclient/3.3.1707.patch1/lib/python2.7/site-packages/CRABClient/Commands/resubmit.py", line 161, in processJobIds
    raise ConfigurationException(msg)
ConfigurationException: Found no jobs to resubmit. Only jobs in status failed can be resubmitted. Jobs in status finished can also be resubmitted, but only if the jobids are specified and the force option is set.
DEBUG 2017-09-27 07:54:05,036: 	 Executing command: 'resubmit'
DEBUG 2017-09-27 07:54:05,037: 	 Found CRAB cache file /home/users/mmasciov/.crab3
DEBUG 2017-09-27 07:54:05,044: 	 Checking credentials
DEBUG 2017-09-27 07:54:05,044: 	 Found proxy file /tmp/x509up_u31607
DEBUG 2017-09-27 07:54:05,044: 	 Getting proxy life time left
DEBUG 2017-09-27 07:54:05,147: 	 Executing : 
 command : voms-proxy-info -file /tmp/x509up_u31607 -timeleft
 output : 538470

 error: 
 retcode : 0
DEBUG 2017-09-27 07:54:05,251: 	 Executing : 
 command : voms-proxy-info -file /tmp/x509up_u31607 -actimeleft
 output : 538470

 error: 
 retcode : 0
DEBUG 2017-09-27 07:54:05,251: 	 Proxy valid for 149:34:30 hours
DEBUG 2017-09-27 07:54:05,395: 	 Executing : 
 command : openssl x509 -in ~/.globus/usercert.pem -subject -noout
 output : subject= /DC=ch/DC=cern/OU=Organic Units/OU=Users/CN=mmasciov/CN=720044/CN=Mario Masciovecchio

 error: 
 retcode : 0
DEBUG 2017-09-27 07:54:05,395: 	 Checking credentials
DEBUG 2017-09-27 07:54:05,395: 	 Found proxy file /tmp/x509up_u31607
DEBUG 2017-09-27 07:54:05,395: 	 Getting proxy life time left
DEBUG 2017-09-27 07:54:05,498: 	 Executing : 
 command : voms-proxy-info -file /tmp/x509up_u31607 -timeleft
 output : 538470

 error: 
 retcode : 0
DEBUG 2017-09-27 07:54:05,601: 	 Executing : 
 command : voms-proxy-info -file /tmp/x509up_u31607 -actimeleft
 output : 538470

 error: 
 retcode : 0
DEBUG 2017-09-27 07:54:05,601: 	 Proxy valid for 149:34:30 hours
DEBUG 2017-09-27 07:54:06,765: 	 Registering user credentials for server /DC=ch/DC=cern/OU=computers/CN=vocms(045|052|021|031|0118|0118a|0119|0108|0105|0109).cern.ch
DEBUG 2017-09-27 07:54:06,873: 	 Executing : 
 command : openssl x509 -in ~/.globus/usercert.pem -subject -noout
 output : subject= /DC=ch/DC=cern/OU=Organic Units/OU=Users/CN=mmasciov/CN=720044/CN=Mario Masciovecchio

 error: 
 retcode : 0
DEBUG 2017-09-27 07:54:06,873: 	 Getting myproxy life time left for myproxy.cern.ch
DEBUG 2017-09-27 07:54:06,873: 	 Calculating hash of /DC=ch/DC=cern/OU=Organic Units/OU=Users/CN=mmasciov/CN=720044/CN=Mario Masciovecchio_cmsweb.cern.ch for credential name
DEBUG 2017-09-27 07:54:07,979: 	 Executing : 
 command : myproxy-info -l 675d286d0e68c23071389f9d911f5838308f7790 -s myproxy.cern.ch
 output : username: 675d286d0e68c23071389f9d911f5838308f7790
owner: /DC=ch/DC=cern/OU=Organic Units/OU=Users/CN=mmasciov/CN=720044/CN=Mario Masciovecchio
  renewal policy: /DC=ch/DC=cern/OU=computers/CN=vocms(045|052|021|031|0118|0118a|0119|0108|0105|0109).cern.ch
  trusted retrieval policy: /DC=ch/DC=cern/OU=computers/CN=vocms(045|052|021|031|0118|0118a|0119|0108|0105|0109).cern.ch
  timeleft: 701:33:48  (29.2 days)

 error: 
 retcode : 0
DEBUG 2017-09-27 07:54:07,980: 	 Myproxy is valid: 2525628
DEBUG 2017-09-27 07:54:07,980: 	 Command use: resubmit
DEBUG 2017-09-27 07:54:07,980: 	 Options use: ['-d', 'crab_projects/crab_stoppedTracks_zjetsHT400to600Sep2017/']
DEBUG 2017-09-27 07:54:09,182: 	 CRABClient version: 3.3.1707.patch1
DEBUG 2017-09-27 07:54:09,182: 	 Instance is prod
DEBUG 2017-09-27 07:54:09,182: 	 Server base url is cmsweb.cern.ch
DEBUG 2017-09-27 07:54:09,182: 	 Command url /crabserver/prod/workflow
DEBUG 2017-09-27 07:54:09,182: 	 Executing command: 'status'
DEBUG 2017-09-27 07:54:09,183: 	 Found CRAB cache file /home/users/mmasciov/.crab3
DEBUG 2017-09-27 07:54:09,189: 	 Checking credentials
DEBUG 2017-09-27 07:54:09,189: 	 Found proxy file /tmp/x509up_u31607
DEBUG 2017-09-27 07:54:09,189: 	 Getting proxy life time left
DEBUG 2017-09-27 07:54:09,291: 	 Executing : 
 command : voms-proxy-info -file /tmp/x509up_u31607 -timeleft
 output : 538466

 error: 
 retcode : 0
DEBUG 2017-09-27 07:54:09,395: 	 Executing : 
 command : voms-proxy-info -file /tmp/x509up_u31607 -actimeleft
 output : 538466

 error: 
 retcode : 0
DEBUG 2017-09-27 07:54:09,395: 	 Proxy valid for 149:34:26 hours
DEBUG 2017-09-27 07:54:09,506: 	 Executing : 
 command : openssl x509 -in ~/.globus/usercert.pem -subject -noout
 output : subject= /DC=ch/DC=cern/OU=Organic Units/OU=Users/CN=mmasciov/CN=720044/CN=Mario Masciovecchio

 error: 
 retcode : 0
DEBUG 2017-09-27 07:54:09,506: 	 Checking credentials
DEBUG 2017-09-27 07:54:09,506: 	 Found proxy file /tmp/x509up_u31607
DEBUG 2017-09-27 07:54:09,506: 	 Getting proxy life time left
DEBUG 2017-09-27 07:54:09,610: 	 Executing : 
 command : voms-proxy-info -file /tmp/x509up_u31607 -timeleft
 output : 538466

 error: 
 retcode : 0
DEBUG 2017-09-27 07:54:09,713: 	 Executing : 
 command : voms-proxy-info -file /tmp/x509up_u31607 -actimeleft
 output : 538466

 error: 
 retcode : 0
DEBUG 2017-09-27 07:54:09,713: 	 Proxy valid for 149:34:26 hours
DEBUG 2017-09-27 07:54:10,949: 	 Registering user credentials for server /DC=ch/DC=cern/OU=computers/CN=vocms(045|052|021|031|0118|0118a|0119|0108|0105|0109).cern.ch
DEBUG 2017-09-27 07:54:11,056: 	 Executing : 
 command : openssl x509 -in ~/.globus/usercert.pem -subject -noout
 output : subject= /DC=ch/DC=cern/OU=Organic Units/OU=Users/CN=mmasciov/CN=720044/CN=Mario Masciovecchio

 error: 
 retcode : 0
DEBUG 2017-09-27 07:54:11,057: 	 Getting myproxy life time left for myproxy.cern.ch
DEBUG 2017-09-27 07:54:11,057: 	 Calculating hash of /DC=ch/DC=cern/OU=Organic Units/OU=Users/CN=mmasciov/CN=720044/CN=Mario Masciovecchio_cmsweb.cern.ch for credential name
DEBUG 2017-09-27 07:54:12,162: 	 Executing : 
 command : myproxy-info -l 675d286d0e68c23071389f9d911f5838308f7790 -s myproxy.cern.ch
 output : username: 675d286d0e68c23071389f9d911f5838308f7790
owner: /DC=ch/DC=cern/OU=Organic Units/OU=Users/CN=mmasciov/CN=720044/CN=Mario Masciovecchio
  renewal policy: /DC=ch/DC=cern/OU=computers/CN=vocms(045|052|021|031|0118|0118a|0119|0108|0105|0109).cern.ch
  trusted retrieval policy: /DC=ch/DC=cern/OU=computers/CN=vocms(045|052|021|031|0118|0118a|0119|0108|0105|0109).cern.ch
  timeleft: 701:33:43  (29.2 days)

 error: 
 retcode : 0
DEBUG 2017-09-27 07:54:12,162: 	 Myproxy is valid: 2525623
DEBUG 2017-09-27 07:54:12,163: 	 Command use: status
DEBUG 2017-09-27 07:54:12,163: 	 Options use: []
DEBUG 2017-09-27 07:54:13,319: 	 CRABClient version: 3.3.1707.patch1
DEBUG 2017-09-27 07:54:13,319: 	 Instance is prod
DEBUG 2017-09-27 07:54:13,319: 	 Server base url is cmsweb.cern.ch
DEBUG 2017-09-27 07:54:13,319: 	 Command url /crabserver/prod/workflow
DEBUG 2017-09-27 07:54:14,487: 	 Got information from server oracle database: {u'result': [u'170926_204932:mmasciov_crab_stoppedTracks_zjetsHT400to600Sep2017', u'None', u'SUBMITTED', u'2017-09-26 20:49:33.030913', u'None', u'2017-09-26 20:50:52.449279', u'None', u'CMSSW_8_0_26', u'slc6_amd64_gcc530', u'/ZJetsToNuNu_HT-400To600_13TeV-madgraph/RunIISummer16DR80Premix-PUMoriond17_80X_mcRun2_asymptotic_2016_TrancheIV_v6-v1/AODSIM', u'[]', u'[]', u'FileBased', u"{'splitOnRun': False, 'halt_job_on_file_boundaries': False, 'files_per_job': 10, 'runs': [], 'lumis': []}", u'0', u'ed05c1a8a12780fab5e92ac48d5732b2c67e369ed2ea7dff6e332f9b5008d7f5.tar.gz', u'https://cmsweb.cern.ch/crabcache', u'mmasciov', u'/DC=ch/DC=cern/OU=Organic Units/OU=Users/CN=mmasciov/CN=720044/CN=Mario Masciovecchio', u'cms', u'None', u'None', u'ZJetsToNuNu_HT400to600_SingleLeptFromT_Sep2017-00000000000000000000000000000000', u'T2_US_UCSD', u'https://cmsweb.cern.ch/dbs/prod/global/DBSReader', u'https://cmsweb.cern.ch/dbs/prod/phys03/DBSWriter', u'F', u'Analysis', u'{}', u'[]', u'F', u'vocms052', u'[]', u'1250', u'1', u'2000', u'10', u'None', u'http://vocms0199.cern.ch/mon/cms1422/170926_204932:mmasciov_crab_stoppedTracks_zjetsHT400to600Sep2017', u'None', u'None', u'[]', u'[]', u'[]', u'pythia', u'[]', u"['zjets_ht400to600.root']", u'[]', u'https://cmsweb.cern.ch/crabserver/prod', u'None', u'0', u'cmsgwms-collector-global.cern.ch:9620,cmssrv221.fnal.gov:9620', u'crab3@vocms0199.cern.ch', u'F', u'[]', u'T', u'/store/user/mmasciov/', u'F', u'None', u'F', u'F', u'F', u'None', u'ZJetsToNuNu_HT-400To600_13TeV-madgraph', u'filetransfers', u'SUBMIT', u'11216537', u'fc87b144148bbe00985a8f4484052a11ab3dee11949f6eb3db2407f629081afe.tar.gz', u'169.228.130.5', u'F', u'None'], u'desc': {u'columns': [u'tm_taskname', u'panda_jobset_id', u'tm_task_status', u'tm_start_time', u'tm_start_injection', u'tm_end_injection', u'tm_task_failure', u'tm_job_sw', u'tm_job_arch', u'tm_input_dataset', u'tm_site_whitelist', u'tm_site_blacklist', u'tm_split_algo', u'tm_split_args', u'tm_totalunits', u'tm_user_sandbox', u'tm_cache_url', u'tm_username', u'tm_user_dn', u'tm_user_vo', u'tm_user_role', u'tm_user_group', u'tm_publish_name', u'tm_asyncdest', u'tm_dbs_url', u'tm_publish_dbs_url', u'tm_publication', u'tm_job_type', u'tm_arguments', u'panda_resubmitted_jobs', u'tm_save_logs', u'tw_name', u'tm_user_infiles', u'tm_maxjobruntime', u'tm_numcores', u'tm_maxmemory', u'tm_priority', u'tm_output_dataset', u'tm_user_webdir', u'tm_activity', u'tm_scriptexe', u'tm_scriptargs', u'tm_extrajdl', u'tm_task_warnings', u'tm_generator', u'tm_outfiles', u'tm_tfile_outfiles', u'tm_edm_outfiles', u'tm_asourl', u'tm_events_per_lumi', u'tm_use_parent', u'tm_collector', u'tm_schedd', u'tm_dry_run', u'tm_user_files', u'tm_transfer_outputs', u'tm_output_lfn', u'tm_ignore_locality', u'tm_fail_limit', u'tm_one_event_mode', u'tm_publish_groupname', u'tm_nonvalid_input_dataset', u'tm_secondary_input_dataset', u'tm_primary_dataset', u'tm_asodb', u'tm_task_command', u'clusterid', u'tm_debug_files', u'tm_submitter_ip_addr', u'tm_ignore_global_blacklist', u'tm_last_publication']}}
INFO 2017-09-27 07:54:14,488: 	 CRAB project directory:		/home/users/mmasciov/MT2/8_0_26/src/Histo/HistoAnalyzer/python/crab_projects/crab_stoppedTracks_zjetsHT400to600Sep2017
INFO 2017-09-27 07:54:14,488: 	 Task name:			170926_204932:mmasciov_crab_stoppedTracks_zjetsHT400to600Sep2017
INFO 2017-09-27 07:54:14,488: 	 Grid scheduler:			crab3@vocms0199.cern.ch
INFO 2017-09-27 07:54:14,488: 	 Status on the CRAB server:	SUBMITTED
INFO 2017-09-27 07:54:14,488: 	 Task URL to use for HELP:	https://cmsweb.cern.ch/crabserver/ui/task/170926_204932%3Ammasciov_crab_stoppedTracks_zjetsHT400to600Sep2017
INFO 2017-09-27 07:54:14,488: 	 Dashboard monitoring URL:	http://dashb-cms-job.cern.ch/dashboard/templates/task-analysis/#user=mmasciov&refresh=0&table=Jobs&p=1&records=25&activemenu=2&status=&site=&tid=170926_204932%3Ammasciov_crab_stoppedTracks_zjetsHT400to600Sep2017
DEBUG 2017-09-27 07:54:14,488: 	 The CRAB server submitted your task to the Grid scheduler (cluster ID: 11216537)
DEBUG 2017-09-27 07:54:14,488: 	 Webdir is located at http://vocms0199.cern.ch/mon/cms1422/170926_204932:mmasciov_crab_stoppedTracks_zjetsHT400to600Sep2017
DEBUG 2017-09-27 07:54:15,661: 	 Proxied webdir is located at https://cmsweb.cern.ch/scheddmon/0199/cms1422/170926_204932:mmasciov_crab_stoppedTracks_zjetsHT400to600Sep2017
DEBUG 2017-09-27 07:54:15,661: 	 Retrieving 'status_cache' file from https://cmsweb.cern.ch/scheddmon/0199/cms1422/170926_204932:mmasciov_crab_stoppedTracks_zjetsHT400to600Sep2017/status_cache
DEBUG 2017-09-27 07:54:16,791: 	 Got information from status cache file: {'11': {'Retries': 0, 'WallDurations': [10.0, 7111.0], 'StartTimes': [1506459274.0], 'SubmitTimes': [1506459049.0], 'JobIds': ['11216550.0'], 'EndTimes': [1506466385.0], 'Restarts': 0, 'RecordedSite': True, 'State': 'finished', 'ResidentSetSize': [890236], 'TotalUserCpuTimeHistory': [6840], 'SiteHistory': ['Unknown', 'T2_ES_CIEMAT'], 'TotalSysCpuTimeHistory': [46]}, '10': {'Retries': 0, 'WallDurations': [9.0, 7123.0], 'StartTimes': [1506459274.0], 'SubmitTimes': [1506459049.0], 'JobIds': ['11216549.0'], 'EndTimes': [1506466397.0], 'Restarts': 0, 'RecordedSite': True, 'State': 'finished', 'ResidentSetSize': [860164], 'TotalUserCpuTimeHistory': [6494], 'SiteHistory': ['Unknown', 'T2_ES_CIEMAT'], 'TotalSysCpuTimeHistory': [31]}, '12': {'Retries': 0, 'WallDurations': [9.0, 4273.0], 'StartTimes': [1506459273.0], 'SubmitTimes': [1506459046.0], 'JobIds': ['11216540.0'], 'EndTimes': [1506463546.0], 'Restarts': 0, 'RecordedSite': True, 'State': 'finished', 'ResidentSetSize': [771664], 'TotalUserCpuTimeHistory': [4115], 'SiteHistory': ['Unknown', 'T2_ES_CIEMAT'], 'TotalSysCpuTimeHistory': [27]}, '1': {'Retries': 0, 'WallDurations': [10.0, 7436.0], 'StartTimes': [1506459274.0], 'SubmitTimes': [1506459046.0], 'JobIds': ['11216544.0'], 'EndTimes': [1506466710.0], 'Restarts': 0, 'RecordedSite': True, 'State': 'finished', 'ResidentSetSize': [811220], 'TotalUserCpuTimeHistory': [7163], 'SiteHistory': ['Unknown', 'T2_ES_CIEMAT'], 'TotalSysCpuTimeHistory': [53]}, '3': {'Retries': 0, 'WallDurations': [10.0, 5877.0], 'StartTimes': [1506459273.0], 'SubmitTimes': [1506459049.0], 'JobIds': ['11216548.0'], 'EndTimes': [1506465150.0], 'Restarts': 0, 'RecordedSite': True, 'State': 'finished', 'ResidentSetSize': [886172], 'TotalUserCpuTimeHistory': [5289], 'SiteHistory': ['Unknown', 'T2_ES_CIEMAT'], 'TotalSysCpuTimeHistory': [31]}, '2': {'Retries': 0, 'WallDurations': [9.0, 9126.0], 'StartTimes': [1506459274.0], 'SubmitTimes': [1506459046.0], 'JobIds': ['11216545.0'], 'EndTimes': [1506468400.0], 'Restarts': 0, 'RecordedSite': True, 'State': 'finished', 'ResidentSetSize': [852228], 'TotalUserCpuTimeHistory': [8810], 'SiteHistory': ['Unknown', 'T2_ES_CIEMAT'], 'TotalSysCpuTimeHistory': [47]}, '5': {'Retries': 0, 'WallDurations': [10.0, 4064.0], 'StartTimes': [1506459273.0], 'SubmitTimes': [1506459046.0], 'JobIds': ['11216542.0'], 'EndTimes': [1506463337.0], 'Restarts': 0, 'RecordedSite': True, 'State': 'finished', 'ResidentSetSize': [781972], 'TotalUserCpuTimeHistory': [3891], 'SiteHistory': ['Unknown', 'T2_ES_CIEMAT'], 'TotalSysCpuTimeHistory': [22]}, '4': {'Retries': 0, 'WallDurations': [9.0, 3946.0], 'StartTimes': [1506459274.0], 'SubmitTimes': [1506459046.0], 'JobIds': ['11216541.0'], 'EndTimes': [1506463220.0], 'Restarts': 0, 'RecordedSite': True, 'State': 'finished', 'ResidentSetSize': [761324], 'TotalUserCpuTimeHistory': [3790], 'SiteHistory': ['Unknown', 'T2_ES_CIEMAT'], 'TotalSysCpuTimeHistory': [24]}, '7': {'Retries': 0, 'WallDurations': [9.0, 1818.0, 3591.0], 'StartTimes': [1506459273.0, 1506461177.0], 'SubmitTimes': [1506459046.0, -1], 'JobIds': ['11216546.0', '11216546.0'], 'EndTimes': [1506461091.0, 1506464768.0], 'Restarts': 1, 'RecordedSite': True, 'State': 'finished', 'ResidentSetSize': [749876, 849640], 'TotalUserCpuTimeHistory': [1736.0, 3453], 'SiteHistory': ['Unknown', 'T2_ES_CIEMAT', 'T2_ES_CIEMAT'], 'TotalSysCpuTimeHistory': [11.0, 23]}, '6': {'Retries': 0, 'WallDurations': [9.0, 5301.0], 'StartTimes': [1506459273.0], 'SubmitTimes': [1506459046.0], 'JobIds': ['11216543.0'], 'EndTimes': [1506464574.0], 'Restarts': 0, 'RecordedSite': True, 'State': 'finished', 'ResidentSetSize': [848124], 'TotalUserCpuTimeHistory': [4577], 'SiteHistory': ['Unknown', 'T2_ES_CIEMAT'], 'TotalSysCpuTimeHistory': [31]}, '9': {'Retries': 0, 'WallDurations': [9.0, 8750.0], 'StartTimes': [1506459273.0], 'SubmitTimes': [1506459049.0], 'JobIds': ['11216547.0'], 'EndTimes': [1506468023.0], 'Restarts': 0, 'RecordedSite': True, 'State': 'finished', 'ResidentSetSize': [830976], 'TotalUserCpuTimeHistory': [8400], 'SiteHistory': ['Unknown', 'T2_ES_CIEMAT'], 'TotalSysCpuTimeHistory': [54]}, '8': {'Retries': 0, 'WallDurations': [9.0, 8985.0], 'StartTimes': [1506459274.0], 'SubmitTimes': [1506459046.0], 'JobIds': ['11216539.0'], 'EndTimes': [1506468259.0], 'Restarts': 0, 'RecordedSite': True, 'State': 'finished', 'ResidentSetSize': [884944], 'TotalUserCpuTimeHistory': [8654], 'SiteHistory': ['Unknown', 'T2_ES_CIEMAT'], 'TotalSysCpuTimeHistory': [50]}}
INFO 2017-09-27 07:54:16,791: 	 Status on the scheduler:	COMPLETED
INFO 2017-09-27 07:54:16,791: 	 
Jobs status:                    finished      100.0% (12/12)
INFO 2017-09-27 07:54:16,791: 	 
No publication information (publication has been disabled in the CRAB configuration file)
DEBUG 2017-09-27 07:54:16,796: 	 Requesting resubmission of failed jobs in task 170926_204932:mmasciov_crab_stoppedTracks_zjetsHT400to600Sep2017
ERROR 2017-09-27 07:54:16,797: 	 Found no jobs to resubmit. Only jobs in status failed can be resubmitted. Jobs in status finished can also be resubmitted, but only if the jobids are specified and the force option is set.
ERROR 2017-09-27 07:54:16,797: 	 Caught exception
Traceback (most recent call last):
  File "/cvmfs/cms.cern.ch/crab3/slc6_amd64_gcc493/cms/crabclient/3.3.1707.patch1/bin/crab", line 160, in <module>
    client()
  File "/cvmfs/cms.cern.ch/crab3/slc6_amd64_gcc493/cms/crabclient/3.3.1707.patch1/bin/crab", line 148, in __call__
    self.cmd()
  File "/cvmfs/cms.cern.ch/crab3/slc6_amd64_gcc493/cms/crabclient/3.3.1707.patch1/lib/python2.7/site-packages/CRABClient/Commands/resubmit.py", line 60, in __call__
    self.jobids = self.processJobIds(jobList)
  File "/cvmfs/cms.cern.ch/crab3/slc6_amd64_gcc493/cms/crabclient/3.3.1707.patch1/lib/python2.7/site-packages/CRABClient/Commands/resubmit.py", line 161, in processJobIds
    raise ConfigurationException(msg)
ConfigurationException: Found no jobs to resubmit. Only jobs in status failed can be resubmitted. Jobs in status finished can also be resubmitted, but only if the jobids are specified and the force option is set.
DEBUG 2017-09-27 11:17:30,756: 	 Executing command: 'resubmit'
DEBUG 2017-09-27 11:17:30,757: 	 Found CRAB cache file /home/users/mmasciov/.crab3
DEBUG 2017-09-27 11:17:30,764: 	 Checking credentials
DEBUG 2017-09-27 11:17:30,764: 	 Found proxy file /tmp/x509up_u31607
DEBUG 2017-09-27 11:17:30,764: 	 Getting proxy life time left
DEBUG 2017-09-27 11:17:30,867: 	 Executing : 
 command : voms-proxy-info -file /tmp/x509up_u31607 -timeleft
 output : 526265

 error: 
 retcode : 0
DEBUG 2017-09-27 11:17:30,971: 	 Executing : 
 command : voms-proxy-info -file /tmp/x509up_u31607 -actimeleft
 output : 526265

 error: 
 retcode : 0
DEBUG 2017-09-27 11:17:30,971: 	 Proxy valid for 146:11:05 hours
DEBUG 2017-09-27 11:17:31,102: 	 Executing : 
 command : openssl x509 -in ~/.globus/usercert.pem -subject -noout
 output : subject= /DC=ch/DC=cern/OU=Organic Units/OU=Users/CN=mmasciov/CN=720044/CN=Mario Masciovecchio

 error: 
 retcode : 0
DEBUG 2017-09-27 11:17:31,102: 	 Checking credentials
DEBUG 2017-09-27 11:17:31,102: 	 Found proxy file /tmp/x509up_u31607
DEBUG 2017-09-27 11:17:31,103: 	 Getting proxy life time left
DEBUG 2017-09-27 11:17:31,206: 	 Executing : 
 command : voms-proxy-info -file /tmp/x509up_u31607 -timeleft
 output : 526264

 error: 
 retcode : 0
DEBUG 2017-09-27 11:17:31,309: 	 Executing : 
 command : voms-proxy-info -file /tmp/x509up_u31607 -actimeleft
 output : 526264

 error: 
 retcode : 0
DEBUG 2017-09-27 11:17:31,310: 	 Proxy valid for 146:11:04 hours
DEBUG 2017-09-27 11:17:32,493: 	 Registering user credentials for server /DC=ch/DC=cern/OU=computers/CN=vocms(045|052|021|031|0118|0118a|0119|0108|0105|0109).cern.ch
DEBUG 2017-09-27 11:17:32,601: 	 Executing : 
 command : openssl x509 -in ~/.globus/usercert.pem -subject -noout
 output : subject= /DC=ch/DC=cern/OU=Organic Units/OU=Users/CN=mmasciov/CN=720044/CN=Mario Masciovecchio

 error: 
 retcode : 0
DEBUG 2017-09-27 11:17:32,601: 	 Getting myproxy life time left for myproxy.cern.ch
DEBUG 2017-09-27 11:17:32,601: 	 Calculating hash of /DC=ch/DC=cern/OU=Organic Units/OU=Users/CN=mmasciov/CN=720044/CN=Mario Masciovecchio_cmsweb.cern.ch for credential name
DEBUG 2017-09-27 11:17:33,706: 	 Executing : 
 command : myproxy-info -l 675d286d0e68c23071389f9d911f5838308f7790 -s myproxy.cern.ch
 output : username: 675d286d0e68c23071389f9d911f5838308f7790
owner: /DC=ch/DC=cern/OU=Organic Units/OU=Users/CN=mmasciov/CN=720044/CN=Mario Masciovecchio
  renewal policy: /DC=ch/DC=cern/OU=computers/CN=vocms(045|052|021|031|0118|0118a|0119|0108|0105|0109).cern.ch
  trusted retrieval policy: /DC=ch/DC=cern/OU=computers/CN=vocms(045|052|021|031|0118|0118a|0119|0108|0105|0109).cern.ch
  timeleft: 698:10:22  (29.1 days)

 error: 
 retcode : 0
DEBUG 2017-09-27 11:17:33,708: 	 Myproxy is valid: 2513422
DEBUG 2017-09-27 11:17:33,708: 	 Command use: resubmit
DEBUG 2017-09-27 11:17:33,708: 	 Options use: ['-d', 'crab_projects/crab_stoppedTracks_zjetsHT400to600Sep2017/']
DEBUG 2017-09-27 11:17:34,850: 	 CRABClient version: 3.3.1707.patch1
DEBUG 2017-09-27 11:17:34,850: 	 Instance is prod
DEBUG 2017-09-27 11:17:34,850: 	 Server base url is cmsweb.cern.ch
DEBUG 2017-09-27 11:17:34,850: 	 Command url /crabserver/prod/workflow
DEBUG 2017-09-27 11:17:34,850: 	 Executing command: 'status'
DEBUG 2017-09-27 11:17:34,850: 	 Found CRAB cache file /home/users/mmasciov/.crab3
DEBUG 2017-09-27 11:17:34,857: 	 Checking credentials
DEBUG 2017-09-27 11:17:34,857: 	 Found proxy file /tmp/x509up_u31607
DEBUG 2017-09-27 11:17:34,857: 	 Getting proxy life time left
DEBUG 2017-09-27 11:17:34,960: 	 Executing : 
 command : voms-proxy-info -file /tmp/x509up_u31607 -timeleft
 output : 526261

 error: 
 retcode : 0
DEBUG 2017-09-27 11:17:35,064: 	 Executing : 
 command : voms-proxy-info -file /tmp/x509up_u31607 -actimeleft
 output : 526260

 error: 
 retcode : 0
DEBUG 2017-09-27 11:17:35,064: 	 Proxy valid for 146:11:01 hours
DEBUG 2017-09-27 11:17:35,186: 	 Executing : 
 command : openssl x509 -in ~/.globus/usercert.pem -subject -noout
 output : subject= /DC=ch/DC=cern/OU=Organic Units/OU=Users/CN=mmasciov/CN=720044/CN=Mario Masciovecchio

 error: 
 retcode : 0
DEBUG 2017-09-27 11:17:35,187: 	 Checking credentials
DEBUG 2017-09-27 11:17:35,187: 	 Found proxy file /tmp/x509up_u31607
DEBUG 2017-09-27 11:17:35,187: 	 Getting proxy life time left
DEBUG 2017-09-27 11:17:35,290: 	 Executing : 
 command : voms-proxy-info -file /tmp/x509up_u31607 -timeleft
 output : 526260

 error: 
 retcode : 0
DEBUG 2017-09-27 11:17:35,393: 	 Executing : 
 command : voms-proxy-info -file /tmp/x509up_u31607 -actimeleft
 output : 526260

 error: 
 retcode : 0
DEBUG 2017-09-27 11:17:35,394: 	 Proxy valid for 146:11:00 hours
DEBUG 2017-09-27 11:17:36,571: 	 Registering user credentials for server /DC=ch/DC=cern/OU=computers/CN=vocms(045|052|021|031|0118|0118a|0119|0108|0105|0109).cern.ch
DEBUG 2017-09-27 11:17:36,679: 	 Executing : 
 command : openssl x509 -in ~/.globus/usercert.pem -subject -noout
 output : subject= /DC=ch/DC=cern/OU=Organic Units/OU=Users/CN=mmasciov/CN=720044/CN=Mario Masciovecchio

 error: 
 retcode : 0
DEBUG 2017-09-27 11:17:36,679: 	 Getting myproxy life time left for myproxy.cern.ch
DEBUG 2017-09-27 11:17:36,679: 	 Calculating hash of /DC=ch/DC=cern/OU=Organic Units/OU=Users/CN=mmasciov/CN=720044/CN=Mario Masciovecchio_cmsweb.cern.ch for credential name
DEBUG 2017-09-27 11:17:37,684: 	 Executing : 
 command : myproxy-info -l 675d286d0e68c23071389f9d911f5838308f7790 -s myproxy.cern.ch
 output : username: 675d286d0e68c23071389f9d911f5838308f7790
owner: /DC=ch/DC=cern/OU=Organic Units/OU=Users/CN=mmasciov/CN=720044/CN=Mario Masciovecchio
  renewal policy: /DC=ch/DC=cern/OU=computers/CN=vocms(045|052|021|031|0118|0118a|0119|0108|0105|0109).cern.ch
  trusted retrieval policy: /DC=ch/DC=cern/OU=computers/CN=vocms(045|052|021|031|0118|0118a|0119|0108|0105|0109).cern.ch
  timeleft: 698:10:18  (29.1 days)

 error: 
 retcode : 0
DEBUG 2017-09-27 11:17:37,684: 	 Myproxy is valid: 2513418
DEBUG 2017-09-27 11:17:37,684: 	 Command use: status
DEBUG 2017-09-27 11:17:37,684: 	 Options use: []
DEBUG 2017-09-27 11:17:38,840: 	 CRABClient version: 3.3.1707.patch1
DEBUG 2017-09-27 11:17:38,840: 	 Instance is prod
DEBUG 2017-09-27 11:17:38,841: 	 Server base url is cmsweb.cern.ch
DEBUG 2017-09-27 11:17:38,841: 	 Command url /crabserver/prod/workflow
DEBUG 2017-09-27 11:17:40,004: 	 Got information from server oracle database: {u'result': [u'170926_204932:mmasciov_crab_stoppedTracks_zjetsHT400to600Sep2017', u'None', u'SUBMITTED', u'2017-09-26 20:49:33.030913', u'None', u'2017-09-26 20:50:52.449279', u'None', u'CMSSW_8_0_26', u'slc6_amd64_gcc530', u'/ZJetsToNuNu_HT-400To600_13TeV-madgraph/RunIISummer16DR80Premix-PUMoriond17_80X_mcRun2_asymptotic_2016_TrancheIV_v6-v1/AODSIM', u'[]', u'[]', u'FileBased', u"{'splitOnRun': False, 'halt_job_on_file_boundaries': False, 'files_per_job': 10, 'runs': [], 'lumis': []}", u'0', u'ed05c1a8a12780fab5e92ac48d5732b2c67e369ed2ea7dff6e332f9b5008d7f5.tar.gz', u'https://cmsweb.cern.ch/crabcache', u'mmasciov', u'/DC=ch/DC=cern/OU=Organic Units/OU=Users/CN=mmasciov/CN=720044/CN=Mario Masciovecchio', u'cms', u'None', u'None', u'ZJetsToNuNu_HT400to600_SingleLeptFromT_Sep2017-00000000000000000000000000000000', u'T2_US_UCSD', u'https://cmsweb.cern.ch/dbs/prod/global/DBSReader', u'https://cmsweb.cern.ch/dbs/prod/phys03/DBSWriter', u'F', u'Analysis', u'{}', u'[]', u'F', u'vocms052', u'[]', u'1250', u'1', u'2000', u'10', u'None', u'http://vocms0199.cern.ch/mon/cms1422/170926_204932:mmasciov_crab_stoppedTracks_zjetsHT400to600Sep2017', u'None', u'None', u'[]', u'[]', u'[]', u'pythia', u'[]', u"['zjets_ht400to600.root']", u'[]', u'https://cmsweb.cern.ch/crabserver/prod', u'None', u'0', u'cmsgwms-collector-global.cern.ch:9620,cmssrv221.fnal.gov:9620', u'crab3@vocms0199.cern.ch', u'F', u'[]', u'T', u'/store/user/mmasciov/', u'F', u'None', u'F', u'F', u'F', u'None', u'ZJetsToNuNu_HT-400To600_13TeV-madgraph', u'filetransfers', u'SUBMIT', u'11216537', u'fc87b144148bbe00985a8f4484052a11ab3dee11949f6eb3db2407f629081afe.tar.gz', u'169.228.130.5', u'F', u'None'], u'desc': {u'columns': [u'tm_taskname', u'panda_jobset_id', u'tm_task_status', u'tm_start_time', u'tm_start_injection', u'tm_end_injection', u'tm_task_failure', u'tm_job_sw', u'tm_job_arch', u'tm_input_dataset', u'tm_site_whitelist', u'tm_site_blacklist', u'tm_split_algo', u'tm_split_args', u'tm_totalunits', u'tm_user_sandbox', u'tm_cache_url', u'tm_username', u'tm_user_dn', u'tm_user_vo', u'tm_user_role', u'tm_user_group', u'tm_publish_name', u'tm_asyncdest', u'tm_dbs_url', u'tm_publish_dbs_url', u'tm_publication', u'tm_job_type', u'tm_arguments', u'panda_resubmitted_jobs', u'tm_save_logs', u'tw_name', u'tm_user_infiles', u'tm_maxjobruntime', u'tm_numcores', u'tm_maxmemory', u'tm_priority', u'tm_output_dataset', u'tm_user_webdir', u'tm_activity', u'tm_scriptexe', u'tm_scriptargs', u'tm_extrajdl', u'tm_task_warnings', u'tm_generator', u'tm_outfiles', u'tm_tfile_outfiles', u'tm_edm_outfiles', u'tm_asourl', u'tm_events_per_lumi', u'tm_use_parent', u'tm_collector', u'tm_schedd', u'tm_dry_run', u'tm_user_files', u'tm_transfer_outputs', u'tm_output_lfn', u'tm_ignore_locality', u'tm_fail_limit', u'tm_one_event_mode', u'tm_publish_groupname', u'tm_nonvalid_input_dataset', u'tm_secondary_input_dataset', u'tm_primary_dataset', u'tm_asodb', u'tm_task_command', u'clusterid', u'tm_debug_files', u'tm_submitter_ip_addr', u'tm_ignore_global_blacklist', u'tm_last_publication']}}
INFO 2017-09-27 11:17:40,004: 	 CRAB project directory:		/home/users/mmasciov/MT2/8_0_26/src/Histo/HistoAnalyzer/python/crab_projects/crab_stoppedTracks_zjetsHT400to600Sep2017
INFO 2017-09-27 11:17:40,004: 	 Task name:			170926_204932:mmasciov_crab_stoppedTracks_zjetsHT400to600Sep2017
INFO 2017-09-27 11:17:40,004: 	 Grid scheduler:			crab3@vocms0199.cern.ch
INFO 2017-09-27 11:17:40,004: 	 Status on the CRAB server:	SUBMITTED
INFO 2017-09-27 11:17:40,005: 	 Task URL to use for HELP:	https://cmsweb.cern.ch/crabserver/ui/task/170926_204932%3Ammasciov_crab_stoppedTracks_zjetsHT400to600Sep2017
INFO 2017-09-27 11:17:40,005: 	 Dashboard monitoring URL:	http://dashb-cms-job.cern.ch/dashboard/templates/task-analysis/#user=mmasciov&refresh=0&table=Jobs&p=1&records=25&activemenu=2&status=&site=&tid=170926_204932%3Ammasciov_crab_stoppedTracks_zjetsHT400to600Sep2017
DEBUG 2017-09-27 11:17:40,005: 	 The CRAB server submitted your task to the Grid scheduler (cluster ID: 11216537)
DEBUG 2017-09-27 11:17:40,005: 	 Webdir is located at http://vocms0199.cern.ch/mon/cms1422/170926_204932:mmasciov_crab_stoppedTracks_zjetsHT400to600Sep2017
DEBUG 2017-09-27 11:17:42,139: 	 Proxied webdir is located at https://cmsweb.cern.ch/scheddmon/0199/cms1422/170926_204932:mmasciov_crab_stoppedTracks_zjetsHT400to600Sep2017
DEBUG 2017-09-27 11:17:42,139: 	 Retrieving 'status_cache' file from https://cmsweb.cern.ch/scheddmon/0199/cms1422/170926_204932:mmasciov_crab_stoppedTracks_zjetsHT400to600Sep2017/status_cache
DEBUG 2017-09-27 11:17:43,283: 	 Got information from status cache file: {'11': {'Retries': 0, 'WallDurations': [10.0, 7111.0], 'StartTimes': [1506459274.0], 'SubmitTimes': [1506459049.0], 'JobIds': ['11216550.0'], 'EndTimes': [1506466385.0], 'Restarts': 0, 'RecordedSite': True, 'State': 'finished', 'ResidentSetSize': [890236], 'TotalUserCpuTimeHistory': [6840], 'SiteHistory': ['Unknown', 'T2_ES_CIEMAT'], 'TotalSysCpuTimeHistory': [46]}, '10': {'Retries': 0, 'WallDurations': [9.0, 7123.0], 'StartTimes': [1506459274.0], 'SubmitTimes': [1506459049.0], 'JobIds': ['11216549.0'], 'EndTimes': [1506466397.0], 'Restarts': 0, 'RecordedSite': True, 'State': 'finished', 'ResidentSetSize': [860164], 'TotalUserCpuTimeHistory': [6494], 'SiteHistory': ['Unknown', 'T2_ES_CIEMAT'], 'TotalSysCpuTimeHistory': [31]}, '12': {'Retries': 0, 'WallDurations': [9.0, 4273.0], 'StartTimes': [1506459273.0], 'SubmitTimes': [1506459046.0], 'JobIds': ['11216540.0'], 'EndTimes': [1506463546.0], 'Restarts': 0, 'RecordedSite': True, 'State': 'finished', 'ResidentSetSize': [771664], 'TotalUserCpuTimeHistory': [4115], 'SiteHistory': ['Unknown', 'T2_ES_CIEMAT'], 'TotalSysCpuTimeHistory': [27]}, '1': {'Retries': 0, 'WallDurations': [10.0, 7436.0], 'StartTimes': [1506459274.0], 'SubmitTimes': [1506459046.0], 'JobIds': ['11216544.0'], 'EndTimes': [1506466710.0], 'Restarts': 0, 'RecordedSite': True, 'State': 'finished', 'ResidentSetSize': [811220], 'TotalUserCpuTimeHistory': [7163], 'SiteHistory': ['Unknown', 'T2_ES_CIEMAT'], 'TotalSysCpuTimeHistory': [53]}, '3': {'Retries': 0, 'WallDurations': [10.0, 5877.0], 'StartTimes': [1506459273.0], 'SubmitTimes': [1506459049.0], 'JobIds': ['11216548.0'], 'EndTimes': [1506465150.0], 'Restarts': 0, 'RecordedSite': True, 'State': 'finished', 'ResidentSetSize': [886172], 'TotalUserCpuTimeHistory': [5289], 'SiteHistory': ['Unknown', 'T2_ES_CIEMAT'], 'TotalSysCpuTimeHistory': [31]}, '2': {'Retries': 0, 'WallDurations': [9.0, 9126.0], 'StartTimes': [1506459274.0], 'SubmitTimes': [1506459046.0], 'JobIds': ['11216545.0'], 'EndTimes': [1506468400.0], 'Restarts': 0, 'RecordedSite': True, 'State': 'finished', 'ResidentSetSize': [852228], 'TotalUserCpuTimeHistory': [8810], 'SiteHistory': ['Unknown', 'T2_ES_CIEMAT'], 'TotalSysCpuTimeHistory': [47]}, '5': {'Retries': 0, 'WallDurations': [10.0, 4064.0], 'StartTimes': [1506459273.0], 'SubmitTimes': [1506459046.0], 'JobIds': ['11216542.0'], 'EndTimes': [1506463337.0], 'Restarts': 0, 'RecordedSite': True, 'State': 'finished', 'ResidentSetSize': [781972], 'TotalUserCpuTimeHistory': [3891], 'SiteHistory': ['Unknown', 'T2_ES_CIEMAT'], 'TotalSysCpuTimeHistory': [22]}, '4': {'Retries': 0, 'WallDurations': [9.0, 3946.0], 'StartTimes': [1506459274.0], 'SubmitTimes': [1506459046.0], 'JobIds': ['11216541.0'], 'EndTimes': [1506463220.0], 'Restarts': 0, 'RecordedSite': True, 'State': 'finished', 'ResidentSetSize': [761324], 'TotalUserCpuTimeHistory': [3790], 'SiteHistory': ['Unknown', 'T2_ES_CIEMAT'], 'TotalSysCpuTimeHistory': [24]}, '7': {'Retries': 0, 'WallDurations': [9.0, 1818.0, 3591.0], 'StartTimes': [1506459273.0, 1506461177.0], 'SubmitTimes': [1506459046.0, -1], 'JobIds': ['11216546.0', '11216546.0'], 'EndTimes': [1506461091.0, 1506464768.0], 'Restarts': 1, 'RecordedSite': True, 'State': 'finished', 'ResidentSetSize': [749876, 849640], 'TotalUserCpuTimeHistory': [1736.0, 3453], 'SiteHistory': ['Unknown', 'T2_ES_CIEMAT', 'T2_ES_CIEMAT'], 'TotalSysCpuTimeHistory': [11.0, 23]}, '6': {'Retries': 0, 'WallDurations': [9.0, 5301.0], 'StartTimes': [1506459273.0], 'SubmitTimes': [1506459046.0], 'JobIds': ['11216543.0'], 'EndTimes': [1506464574.0], 'Restarts': 0, 'RecordedSite': True, 'State': 'finished', 'ResidentSetSize': [848124], 'TotalUserCpuTimeHistory': [4577], 'SiteHistory': ['Unknown', 'T2_ES_CIEMAT'], 'TotalSysCpuTimeHistory': [31]}, '9': {'Retries': 0, 'WallDurations': [9.0, 8750.0], 'StartTimes': [1506459273.0], 'SubmitTimes': [1506459049.0], 'JobIds': ['11216547.0'], 'EndTimes': [1506468023.0], 'Restarts': 0, 'RecordedSite': True, 'State': 'finished', 'ResidentSetSize': [830976], 'TotalUserCpuTimeHistory': [8400], 'SiteHistory': ['Unknown', 'T2_ES_CIEMAT'], 'TotalSysCpuTimeHistory': [54]}, '8': {'Retries': 0, 'WallDurations': [9.0, 8985.0], 'StartTimes': [1506459274.0], 'SubmitTimes': [1506459046.0], 'JobIds': ['11216539.0'], 'EndTimes': [1506468259.0], 'Restarts': 0, 'RecordedSite': True, 'State': 'finished', 'ResidentSetSize': [884944], 'TotalUserCpuTimeHistory': [8654], 'SiteHistory': ['Unknown', 'T2_ES_CIEMAT'], 'TotalSysCpuTimeHistory': [50]}}
INFO 2017-09-27 11:17:43,283: 	 Status on the scheduler:	COMPLETED
INFO 2017-09-27 11:17:43,283: 	 
Jobs status:                    finished      100.0% (12/12)
INFO 2017-09-27 11:17:43,283: 	 
No publication information (publication has been disabled in the CRAB configuration file)
DEBUG 2017-09-27 11:17:43,305: 	 Requesting resubmission of failed jobs in task 170926_204932:mmasciov_crab_stoppedTracks_zjetsHT400to600Sep2017
ERROR 2017-09-27 11:17:43,305: 	 Found no jobs to resubmit. Only jobs in status failed can be resubmitted. Jobs in status finished can also be resubmitted, but only if the jobids are specified and the force option is set.
ERROR 2017-09-27 11:17:43,305: 	 Caught exception
Traceback (most recent call last):
  File "/cvmfs/cms.cern.ch/crab3/slc6_amd64_gcc493/cms/crabclient/3.3.1707.patch1/bin/crab", line 160, in <module>
    client()
  File "/cvmfs/cms.cern.ch/crab3/slc6_amd64_gcc493/cms/crabclient/3.3.1707.patch1/bin/crab", line 148, in __call__
    self.cmd()
  File "/cvmfs/cms.cern.ch/crab3/slc6_amd64_gcc493/cms/crabclient/3.3.1707.patch1/lib/python2.7/site-packages/CRABClient/Commands/resubmit.py", line 60, in __call__
    self.jobids = self.processJobIds(jobList)
  File "/cvmfs/cms.cern.ch/crab3/slc6_amd64_gcc493/cms/crabclient/3.3.1707.patch1/lib/python2.7/site-packages/CRABClient/Commands/resubmit.py", line 161, in processJobIds
    raise ConfigurationException(msg)
ConfigurationException: Found no jobs to resubmit. Only jobs in status failed can be resubmitted. Jobs in status finished can also be resubmitted, but only if the jobids are specified and the force option is set.
DEBUG 2017-09-27 17:17:23,400: 	 Executing command: 'resubmit'
DEBUG 2017-09-27 17:17:23,400: 	 Found CRAB cache file /home/users/mmasciov/.crab3
DEBUG 2017-09-27 17:17:23,409: 	 Checking credentials
DEBUG 2017-09-27 17:17:23,410: 	 Found proxy file /tmp/x509up_u31607
DEBUG 2017-09-27 17:17:23,410: 	 Getting proxy life time left
DEBUG 2017-09-27 17:17:23,514: 	 Executing : 
 command : voms-proxy-info -file /tmp/x509up_u31607 -timeleft
 output : 86217

 error: 
 retcode : 0
DEBUG 2017-09-27 17:17:23,618: 	 Executing : 
 command : voms-proxy-info -file /tmp/x509up_u31607 -actimeleft
 output : 86217

 error: 
 retcode : 0
DEBUG 2017-09-27 17:17:23,618: 	 Proxy valid for 23:56:57 hours
DEBUG 2017-09-27 17:17:23,765: 	 Executing : 
 command : openssl x509 -in ~/.globus/usercert.pem -subject -noout
 output : subject= /DC=ch/DC=cern/OU=Organic Units/OU=Users/CN=mmasciov/CN=720044/CN=Mario Masciovecchio

 error: 
 retcode : 0
DEBUG 2017-09-27 17:17:23,765: 	 Checking credentials
DEBUG 2017-09-27 17:17:23,765: 	 Found proxy file /tmp/x509up_u31607
DEBUG 2017-09-27 17:17:23,765: 	 Getting proxy life time left
DEBUG 2017-09-27 17:17:23,869: 	 Executing : 
 command : voms-proxy-info -file /tmp/x509up_u31607 -timeleft
 output : 86217

 error: 
 retcode : 0
DEBUG 2017-09-27 17:17:23,973: 	 Executing : 
 command : voms-proxy-info -file /tmp/x509up_u31607 -actimeleft
 output : 86217

 error: 
 retcode : 0
DEBUG 2017-09-27 17:17:23,973: 	 Proxy valid for 23:56:57 hours
DEBUG 2017-09-27 17:17:25,092: 	 Registering user credentials for server /DC=ch/DC=cern/OU=computers/CN=vocms(045|052|021|031|0118|0118a|0119|0108|0105|0109).cern.ch
DEBUG 2017-09-27 17:17:25,202: 	 Executing : 
 command : openssl x509 -in ~/.globus/usercert.pem -subject -noout
 output : subject= /DC=ch/DC=cern/OU=Organic Units/OU=Users/CN=mmasciov/CN=720044/CN=Mario Masciovecchio

 error: 
 retcode : 0
DEBUG 2017-09-27 17:17:25,202: 	 Getting myproxy life time left for myproxy.cern.ch
DEBUG 2017-09-27 17:17:25,203: 	 Calculating hash of /DC=ch/DC=cern/OU=Organic Units/OU=Users/CN=mmasciov/CN=720044/CN=Mario Masciovecchio_cmsweb.cern.ch for credential name
DEBUG 2017-09-27 17:17:26,308: 	 Executing : 
 command : myproxy-info -l 675d286d0e68c23071389f9d911f5838308f7790 -s myproxy.cern.ch
 output : username: 675d286d0e68c23071389f9d911f5838308f7790
owner: /DC=ch/DC=cern/OU=Organic Units/OU=Users/CN=mmasciov/CN=720044/CN=Mario Masciovecchio
  renewal policy: /DC=ch/DC=cern/OU=computers/CN=vocms(045|052|021|031|0118|0118a|0119|0108|0105|0109).cern.ch
  trusted retrieval policy: /DC=ch/DC=cern/OU=computers/CN=vocms(045|052|021|031|0118|0118a|0119|0108|0105|0109).cern.ch
  timeleft: 692:10:29  (28.8 days)

 error: 
 retcode : 0
DEBUG 2017-09-27 17:17:26,310: 	 Myproxy is valid: 2491829
DEBUG 2017-09-27 17:17:26,310: 	 Command use: resubmit
DEBUG 2017-09-27 17:17:26,310: 	 Options use: ['-d', 'crab_projects/crab_stoppedTracks_zjetsHT400to600Sep2017/']
DEBUG 2017-09-27 17:17:27,408: 	 CRABClient version: 3.3.1707.patch1
DEBUG 2017-09-27 17:17:27,408: 	 Instance is prod
DEBUG 2017-09-27 17:17:27,408: 	 Server base url is cmsweb.cern.ch
DEBUG 2017-09-27 17:17:27,408: 	 Command url /crabserver/prod/workflow
DEBUG 2017-09-27 17:17:27,408: 	 Executing command: 'status'
DEBUG 2017-09-27 17:17:27,409: 	 Found CRAB cache file /home/users/mmasciov/.crab3
DEBUG 2017-09-27 17:17:27,417: 	 Checking credentials
DEBUG 2017-09-27 17:17:27,417: 	 Found proxy file /tmp/x509up_u31607
DEBUG 2017-09-27 17:17:27,417: 	 Getting proxy life time left
DEBUG 2017-09-27 17:17:27,521: 	 Executing : 
 command : voms-proxy-info -file /tmp/x509up_u31607 -timeleft
 output : 86213

 error: 
 retcode : 0
DEBUG 2017-09-27 17:17:27,626: 	 Executing : 
 command : voms-proxy-info -file /tmp/x509up_u31607 -actimeleft
 output : 86213

 error: 
 retcode : 0
DEBUG 2017-09-27 17:17:27,626: 	 Proxy valid for 23:56:53 hours
DEBUG 2017-09-27 17:17:27,751: 	 Executing : 
 command : openssl x509 -in ~/.globus/usercert.pem -subject -noout
 output : subject= /DC=ch/DC=cern/OU=Organic Units/OU=Users/CN=mmasciov/CN=720044/CN=Mario Masciovecchio

 error: 
 retcode : 0
DEBUG 2017-09-27 17:17:27,751: 	 Checking credentials
DEBUG 2017-09-27 17:17:27,751: 	 Found proxy file /tmp/x509up_u31607
DEBUG 2017-09-27 17:17:27,751: 	 Getting proxy life time left
DEBUG 2017-09-27 17:17:27,855: 	 Executing : 
 command : voms-proxy-info -file /tmp/x509up_u31607 -timeleft
 output : 86213

 error: 
 retcode : 0
DEBUG 2017-09-27 17:17:27,959: 	 Executing : 
 command : voms-proxy-info -file /tmp/x509up_u31607 -actimeleft
 output : 86213

 error: 
 retcode : 0
DEBUG 2017-09-27 17:17:27,960: 	 Proxy valid for 23:56:53 hours
DEBUG 2017-09-27 17:17:29,079: 	 Registering user credentials for server /DC=ch/DC=cern/OU=computers/CN=vocms(045|052|021|031|0118|0118a|0119|0108|0105|0109).cern.ch
DEBUG 2017-09-27 17:17:29,190: 	 Executing : 
 command : openssl x509 -in ~/.globus/usercert.pem -subject -noout
 output : subject= /DC=ch/DC=cern/OU=Organic Units/OU=Users/CN=mmasciov/CN=720044/CN=Mario Masciovecchio

 error: 
 retcode : 0
DEBUG 2017-09-27 17:17:29,190: 	 Getting myproxy life time left for myproxy.cern.ch
DEBUG 2017-09-27 17:17:29,190: 	 Calculating hash of /DC=ch/DC=cern/OU=Organic Units/OU=Users/CN=mmasciov/CN=720044/CN=Mario Masciovecchio_cmsweb.cern.ch for credential name
DEBUG 2017-09-27 17:17:30,096: 	 Executing : 
 command : myproxy-info -l 675d286d0e68c23071389f9d911f5838308f7790 -s myproxy.cern.ch
 output : username: 675d286d0e68c23071389f9d911f5838308f7790
owner: /DC=ch/DC=cern/OU=Organic Units/OU=Users/CN=mmasciov/CN=720044/CN=Mario Masciovecchio
  renewal policy: /DC=ch/DC=cern/OU=computers/CN=vocms(045|052|021|031|0118|0118a|0119|0108|0105|0109).cern.ch
  trusted retrieval policy: /DC=ch/DC=cern/OU=computers/CN=vocms(045|052|021|031|0118|0118a|0119|0108|0105|0109).cern.ch
  timeleft: 692:10:25  (28.8 days)

 error: 
 retcode : 0
DEBUG 2017-09-27 17:17:30,097: 	 Myproxy is valid: 2491825
DEBUG 2017-09-27 17:17:30,097: 	 Command use: status
DEBUG 2017-09-27 17:17:30,097: 	 Options use: []
DEBUG 2017-09-27 17:17:31,620: 	 CRABClient version: 3.3.1707.patch1
DEBUG 2017-09-27 17:17:31,620: 	 Instance is prod
DEBUG 2017-09-27 17:17:31,620: 	 Server base url is cmsweb.cern.ch
DEBUG 2017-09-27 17:17:31,620: 	 Command url /crabserver/prod/workflow
DEBUG 2017-09-27 17:17:32,750: 	 Got information from server oracle database: {u'result': [u'170926_204932:mmasciov_crab_stoppedTracks_zjetsHT400to600Sep2017', u'None', u'SUBMITTED', u'2017-09-26 20:49:33.030913', u'None', u'2017-09-26 20:50:52.449279', u'None', u'CMSSW_8_0_26', u'slc6_amd64_gcc530', u'/ZJetsToNuNu_HT-400To600_13TeV-madgraph/RunIISummer16DR80Premix-PUMoriond17_80X_mcRun2_asymptotic_2016_TrancheIV_v6-v1/AODSIM', u'[]', u'[]', u'FileBased', u"{'splitOnRun': False, 'halt_job_on_file_boundaries': False, 'files_per_job': 10, 'runs': [], 'lumis': []}", u'0', u'ed05c1a8a12780fab5e92ac48d5732b2c67e369ed2ea7dff6e332f9b5008d7f5.tar.gz', u'https://cmsweb.cern.ch/crabcache', u'mmasciov', u'/DC=ch/DC=cern/OU=Organic Units/OU=Users/CN=mmasciov/CN=720044/CN=Mario Masciovecchio', u'cms', u'None', u'None', u'ZJetsToNuNu_HT400to600_SingleLeptFromT_Sep2017-00000000000000000000000000000000', u'T2_US_UCSD', u'https://cmsweb.cern.ch/dbs/prod/global/DBSReader', u'https://cmsweb.cern.ch/dbs/prod/phys03/DBSWriter', u'F', u'Analysis', u'{}', u'[]', u'F', u'vocms052', u'[]', u'1250', u'1', u'2000', u'10', u'None', u'http://vocms0199.cern.ch/mon/cms1422/170926_204932:mmasciov_crab_stoppedTracks_zjetsHT400to600Sep2017', u'None', u'None', u'[]', u'[]', u'[]', u'pythia', u'[]', u"['zjets_ht400to600.root']", u'[]', u'https://cmsweb.cern.ch/crabserver/prod', u'None', u'0', u'cmsgwms-collector-global.cern.ch:9620,cmssrv221.fnal.gov:9620', u'crab3@vocms0199.cern.ch', u'F', u'[]', u'T', u'/store/user/mmasciov/', u'F', u'None', u'F', u'F', u'F', u'None', u'ZJetsToNuNu_HT-400To600_13TeV-madgraph', u'filetransfers', u'SUBMIT', u'11216537', u'fc87b144148bbe00985a8f4484052a11ab3dee11949f6eb3db2407f629081afe.tar.gz', u'169.228.130.5', u'F', u'None'], u'desc': {u'columns': [u'tm_taskname', u'panda_jobset_id', u'tm_task_status', u'tm_start_time', u'tm_start_injection', u'tm_end_injection', u'tm_task_failure', u'tm_job_sw', u'tm_job_arch', u'tm_input_dataset', u'tm_site_whitelist', u'tm_site_blacklist', u'tm_split_algo', u'tm_split_args', u'tm_totalunits', u'tm_user_sandbox', u'tm_cache_url', u'tm_username', u'tm_user_dn', u'tm_user_vo', u'tm_user_role', u'tm_user_group', u'tm_publish_name', u'tm_asyncdest', u'tm_dbs_url', u'tm_publish_dbs_url', u'tm_publication', u'tm_job_type', u'tm_arguments', u'panda_resubmitted_jobs', u'tm_save_logs', u'tw_name', u'tm_user_infiles', u'tm_maxjobruntime', u'tm_numcores', u'tm_maxmemory', u'tm_priority', u'tm_output_dataset', u'tm_user_webdir', u'tm_activity', u'tm_scriptexe', u'tm_scriptargs', u'tm_extrajdl', u'tm_task_warnings', u'tm_generator', u'tm_outfiles', u'tm_tfile_outfiles', u'tm_edm_outfiles', u'tm_asourl', u'tm_events_per_lumi', u'tm_use_parent', u'tm_collector', u'tm_schedd', u'tm_dry_run', u'tm_user_files', u'tm_transfer_outputs', u'tm_output_lfn', u'tm_ignore_locality', u'tm_fail_limit', u'tm_one_event_mode', u'tm_publish_groupname', u'tm_nonvalid_input_dataset', u'tm_secondary_input_dataset', u'tm_primary_dataset', u'tm_asodb', u'tm_task_command', u'clusterid', u'tm_debug_files', u'tm_submitter_ip_addr', u'tm_ignore_global_blacklist', u'tm_last_publication']}}
INFO 2017-09-27 17:17:32,750: 	 CRAB project directory:		/home/users/mmasciov/MT2/8_0_26/src/Histo/HistoAnalyzer/python/crab_projects/crab_stoppedTracks_zjetsHT400to600Sep2017
INFO 2017-09-27 17:17:32,750: 	 Task name:			170926_204932:mmasciov_crab_stoppedTracks_zjetsHT400to600Sep2017
INFO 2017-09-27 17:17:32,750: 	 Grid scheduler:			crab3@vocms0199.cern.ch
INFO 2017-09-27 17:17:32,750: 	 Status on the CRAB server:	SUBMITTED
INFO 2017-09-27 17:17:32,750: 	 Task URL to use for HELP:	https://cmsweb.cern.ch/crabserver/ui/task/170926_204932%3Ammasciov_crab_stoppedTracks_zjetsHT400to600Sep2017
INFO 2017-09-27 17:17:32,750: 	 Dashboard monitoring URL:	http://dashb-cms-job.cern.ch/dashboard/templates/task-analysis/#user=mmasciov&refresh=0&table=Jobs&p=1&records=25&activemenu=2&status=&site=&tid=170926_204932%3Ammasciov_crab_stoppedTracks_zjetsHT400to600Sep2017
DEBUG 2017-09-27 17:17:32,751: 	 The CRAB server submitted your task to the Grid scheduler (cluster ID: 11216537)
DEBUG 2017-09-27 17:17:32,751: 	 Webdir is located at http://vocms0199.cern.ch/mon/cms1422/170926_204932:mmasciov_crab_stoppedTracks_zjetsHT400to600Sep2017
DEBUG 2017-09-27 17:17:33,837: 	 Proxied webdir is located at https://cmsweb.cern.ch/scheddmon/0199/cms1422/170926_204932:mmasciov_crab_stoppedTracks_zjetsHT400to600Sep2017
DEBUG 2017-09-27 17:17:33,837: 	 Retrieving 'status_cache' file from https://cmsweb.cern.ch/scheddmon/0199/cms1422/170926_204932:mmasciov_crab_stoppedTracks_zjetsHT400to600Sep2017/status_cache
DEBUG 2017-09-27 17:17:34,924: 	 Got information from status cache file: {'11': {'Retries': 0, 'WallDurations': [10.0, 7111.0], 'StartTimes': [1506459274.0], 'SubmitTimes': [1506459049.0], 'JobIds': ['11216550.0'], 'EndTimes': [1506466385.0], 'Restarts': 0, 'RecordedSite': True, 'State': 'finished', 'ResidentSetSize': [890236], 'TotalUserCpuTimeHistory': [6840], 'SiteHistory': ['Unknown', 'T2_ES_CIEMAT'], 'TotalSysCpuTimeHistory': [46]}, '10': {'Retries': 0, 'WallDurations': [9.0, 7123.0], 'StartTimes': [1506459274.0], 'SubmitTimes': [1506459049.0], 'JobIds': ['11216549.0'], 'EndTimes': [1506466397.0], 'Restarts': 0, 'RecordedSite': True, 'State': 'finished', 'ResidentSetSize': [860164], 'TotalUserCpuTimeHistory': [6494], 'SiteHistory': ['Unknown', 'T2_ES_CIEMAT'], 'TotalSysCpuTimeHistory': [31]}, '12': {'Retries': 0, 'WallDurations': [9.0, 4273.0], 'StartTimes': [1506459273.0], 'SubmitTimes': [1506459046.0], 'JobIds': ['11216540.0'], 'EndTimes': [1506463546.0], 'Restarts': 0, 'RecordedSite': True, 'State': 'finished', 'ResidentSetSize': [771664], 'TotalUserCpuTimeHistory': [4115], 'SiteHistory': ['Unknown', 'T2_ES_CIEMAT'], 'TotalSysCpuTimeHistory': [27]}, '1': {'Retries': 0, 'WallDurations': [10.0, 7436.0], 'StartTimes': [1506459274.0], 'SubmitTimes': [1506459046.0], 'JobIds': ['11216544.0'], 'EndTimes': [1506466710.0], 'Restarts': 0, 'RecordedSite': True, 'State': 'finished', 'ResidentSetSize': [811220], 'TotalUserCpuTimeHistory': [7163], 'SiteHistory': ['Unknown', 'T2_ES_CIEMAT'], 'TotalSysCpuTimeHistory': [53]}, '3': {'Retries': 0, 'WallDurations': [10.0, 5877.0], 'StartTimes': [1506459273.0], 'SubmitTimes': [1506459049.0], 'JobIds': ['11216548.0'], 'EndTimes': [1506465150.0], 'Restarts': 0, 'RecordedSite': True, 'State': 'finished', 'ResidentSetSize': [886172], 'TotalUserCpuTimeHistory': [5289], 'SiteHistory': ['Unknown', 'T2_ES_CIEMAT'], 'TotalSysCpuTimeHistory': [31]}, '2': {'Retries': 0, 'WallDurations': [9.0, 9126.0], 'StartTimes': [1506459274.0], 'SubmitTimes': [1506459046.0], 'JobIds': ['11216545.0'], 'EndTimes': [1506468400.0], 'Restarts': 0, 'RecordedSite': True, 'State': 'finished', 'ResidentSetSize': [852228], 'TotalUserCpuTimeHistory': [8810], 'SiteHistory': ['Unknown', 'T2_ES_CIEMAT'], 'TotalSysCpuTimeHistory': [47]}, '5': {'Retries': 0, 'WallDurations': [10.0, 4064.0], 'StartTimes': [1506459273.0], 'SubmitTimes': [1506459046.0], 'JobIds': ['11216542.0'], 'EndTimes': [1506463337.0], 'Restarts': 0, 'RecordedSite': True, 'State': 'finished', 'ResidentSetSize': [781972], 'TotalUserCpuTimeHistory': [3891], 'SiteHistory': ['Unknown', 'T2_ES_CIEMAT'], 'TotalSysCpuTimeHistory': [22]}, '4': {'Retries': 0, 'WallDurations': [9.0, 3946.0], 'StartTimes': [1506459274.0], 'SubmitTimes': [1506459046.0], 'JobIds': ['11216541.0'], 'EndTimes': [1506463220.0], 'Restarts': 0, 'RecordedSite': True, 'State': 'finished', 'ResidentSetSize': [761324], 'TotalUserCpuTimeHistory': [3790], 'SiteHistory': ['Unknown', 'T2_ES_CIEMAT'], 'TotalSysCpuTimeHistory': [24]}, '7': {'Retries': 0, 'WallDurations': [9.0, 1818.0, 3591.0], 'StartTimes': [1506459273.0, 1506461177.0], 'SubmitTimes': [1506459046.0, -1], 'JobIds': ['11216546.0', '11216546.0'], 'EndTimes': [1506461091.0, 1506464768.0], 'Restarts': 1, 'RecordedSite': True, 'State': 'finished', 'ResidentSetSize': [749876, 849640], 'TotalUserCpuTimeHistory': [1736.0, 3453], 'SiteHistory': ['Unknown', 'T2_ES_CIEMAT', 'T2_ES_CIEMAT'], 'TotalSysCpuTimeHistory': [11.0, 23]}, '6': {'Retries': 0, 'WallDurations': [9.0, 5301.0], 'StartTimes': [1506459273.0], 'SubmitTimes': [1506459046.0], 'JobIds': ['11216543.0'], 'EndTimes': [1506464574.0], 'Restarts': 0, 'RecordedSite': True, 'State': 'finished', 'ResidentSetSize': [848124], 'TotalUserCpuTimeHistory': [4577], 'SiteHistory': ['Unknown', 'T2_ES_CIEMAT'], 'TotalSysCpuTimeHistory': [31]}, '9': {'Retries': 0, 'WallDurations': [9.0, 8750.0], 'StartTimes': [1506459273.0], 'SubmitTimes': [1506459049.0], 'JobIds': ['11216547.0'], 'EndTimes': [1506468023.0], 'Restarts': 0, 'RecordedSite': True, 'State': 'finished', 'ResidentSetSize': [830976], 'TotalUserCpuTimeHistory': [8400], 'SiteHistory': ['Unknown', 'T2_ES_CIEMAT'], 'TotalSysCpuTimeHistory': [54]}, '8': {'Retries': 0, 'WallDurations': [9.0, 8985.0], 'StartTimes': [1506459274.0], 'SubmitTimes': [1506459046.0], 'JobIds': ['11216539.0'], 'EndTimes': [1506468259.0], 'Restarts': 0, 'RecordedSite': True, 'State': 'finished', 'ResidentSetSize': [884944], 'TotalUserCpuTimeHistory': [8654], 'SiteHistory': ['Unknown', 'T2_ES_CIEMAT'], 'TotalSysCpuTimeHistory': [50]}}
INFO 2017-09-27 17:17:34,924: 	 Status on the scheduler:	COMPLETED
INFO 2017-09-27 17:17:34,924: 	 
Jobs status:                    finished      100.0% (12/12)
INFO 2017-09-27 17:17:34,924: 	 
No publication information (publication has been disabled in the CRAB configuration file)
DEBUG 2017-09-27 17:17:34,936: 	 Requesting resubmission of failed jobs in task 170926_204932:mmasciov_crab_stoppedTracks_zjetsHT400to600Sep2017
ERROR 2017-09-27 17:17:34,936: 	 Found no jobs to resubmit. Only jobs in status failed can be resubmitted. Jobs in status finished can also be resubmitted, but only if the jobids are specified and the force option is set.
ERROR 2017-09-27 17:17:34,936: 	 Caught exception
Traceback (most recent call last):
  File "/cvmfs/cms.cern.ch/crab3/slc6_amd64_gcc493/cms/crabclient/3.3.1707.patch1/bin/crab", line 160, in <module>
    client()
  File "/cvmfs/cms.cern.ch/crab3/slc6_amd64_gcc493/cms/crabclient/3.3.1707.patch1/bin/crab", line 148, in __call__
    self.cmd()
  File "/cvmfs/cms.cern.ch/crab3/slc6_amd64_gcc493/cms/crabclient/3.3.1707.patch1/lib/python2.7/site-packages/CRABClient/Commands/resubmit.py", line 60, in __call__
    self.jobids = self.processJobIds(jobList)
  File "/cvmfs/cms.cern.ch/crab3/slc6_amd64_gcc493/cms/crabclient/3.3.1707.patch1/lib/python2.7/site-packages/CRABClient/Commands/resubmit.py", line 161, in processJobIds
    raise ConfigurationException(msg)
ConfigurationException: Found no jobs to resubmit. Only jobs in status failed can be resubmitted. Jobs in status finished can also be resubmitted, but only if the jobids are specified and the force option is set.
