DEBUG 2017-06-30 22:57:41,135: 	 Executing command: 'status'
DEBUG 2017-06-30 22:57:41,135: 	 Found CRAB cache file /home/users/mmasciov/.crab3
DEBUG 2017-06-30 23:46:44,778: 	 Executing command: 'status'
DEBUG 2017-06-30 23:46:44,778: 	 Found CRAB cache file /home/users/mmasciov/.crab3
DEBUG 2017-07-04 16:19:55,612: 	 Executing command: 'status'
DEBUG 2017-07-04 16:19:55,614: 	 Found CRAB cache file /home/users/mmasciov/.crab3
ERROR 2017-07-04 16:19:55,615: 	 Error: python/crab_projects/crab_stoppedTracks_MCV2/ is not a valid CRAB project directory.
ERROR 2017-07-04 16:19:55,616: 	 Caught exception
Traceback (most recent call last):
  File "/cvmfs/cms.cern.ch/crab3/slc6_amd64_gcc493/cms/crabclient/3.3.1706/bin/crab", line 160, in <module>
    client()
  File "/cvmfs/cms.cern.ch/crab3/slc6_amd64_gcc493/cms/crabclient/3.3.1706/bin/crab", line 146, in __call__
    self.cmd = sub_cmd(self.logger, args[1:])
  File "/cvmfs/cms.cern.ch/crab3/slc6_amd64_gcc493/cms/crabclient/3.3.1706/lib/python2.7/site-packages/CRABClient/Commands/status.py", line 38, in __init__
    SubCommand.__init__(self, logger, cmdargs)
  File "/cvmfs/cms.cern.ch/crab3/slc6_amd64_gcc493/cms/crabclient/3.3.1706/lib/python2.7/site-packages/CRABClient/Commands/SubCommand.py", line 257, in __init__
    self.validateOptions()
  File "/cvmfs/cms.cern.ch/crab3/slc6_amd64_gcc493/cms/crabclient/3.3.1706/lib/python2.7/site-packages/CRABClient/Commands/status.py", line 883, in validateOptions
    SubCommand.validateOptions(self)
  File "/cvmfs/cms.cern.ch/crab3/slc6_amd64_gcc493/cms/crabclient/3.3.1706/lib/python2.7/site-packages/CRABClient/Commands/SubCommand.py", line 566, in validateOptions
    raise ConfigurationException(msg)
ConfigurationException: [91mError[0m: python/crab_projects/crab_stoppedTracks_MCV2/ is not a valid CRAB project directory.
DEBUG 2017-07-05 11:32:22,983: 	 Executing command: 'resubmit'
DEBUG 2017-07-05 11:32:22,984: 	 Found CRAB cache file /home/users/mmasciov/.crab3
DEBUG 2017-07-05 11:32:22,995: 	 Checking credentials
DEBUG 2017-07-05 11:32:22,998: 	 Found proxy file /tmp/x509up_u31607
DEBUG 2017-07-05 11:32:22,998: 	 Getting proxy life time left
DEBUG 2017-07-05 11:32:23,101: 	 Executing : 
 command : voms-proxy-info -file /tmp/x509up_u31607 -timeleft
 output : 520014

 error: 
 retcode : 0
ERROR 2017-07-05 11:32:23,149: 	 Keyboard Interrupted
