DEBUG 2017-09-26 17:10:54,809: 	 Executing command: 'submit'
DEBUG 2017-09-26 17:10:54,810: 	 Found CRAB cache file /home/users/mmasciov/.crab3
DEBUG 2017-09-26 17:10:54,817: 	 Checking credentials
DEBUG 2017-09-26 17:10:54,818: 	 Found proxy file /tmp/x509up_u31607
DEBUG 2017-09-26 17:10:54,818: 	 Getting proxy life time left
DEBUG 2017-09-26 17:10:54,921: 	 Executing : 
 command : voms-proxy-info -file /tmp/x509up_u31607 -timeleft
 output : 591461

 error: 
 retcode : 0
DEBUG 2017-09-26 17:10:55,024: 	 Executing : 
 command : voms-proxy-info -file /tmp/x509up_u31607 -actimeleft
 output : 591461

 error: 
 retcode : 0
DEBUG 2017-09-26 17:10:55,024: 	 Proxy valid for 164:17:41 hours
INFO 2017-09-26 17:10:55,025: 	 Will use CRAB configuration file crabConfig_MC.py
DEBUG 2017-09-26 17:10:55,025: 	 Loading CRAB configuration file.
DEBUG 2017-09-26 17:10:55,029: 	 Will use CRAB Analysis plugin (i.e. will run an analysis job type).
DEBUG 2017-09-26 17:10:55,161: 	 Executing : 
 command : openssl x509 -in ~/.globus/usercert.pem -subject -noout
 output : subject= /DC=ch/DC=cern/OU=Organic Units/OU=Users/CN=mmasciov/CN=720044/CN=Mario Masciovecchio

 error: 
 retcode : 0
DEBUG 2017-09-26 17:10:55,161: 	 Checking credentials
DEBUG 2017-09-26 17:10:55,161: 	 Found proxy file /tmp/x509up_u31607
DEBUG 2017-09-26 17:10:55,161: 	 Getting proxy life time left
DEBUG 2017-09-26 17:10:55,264: 	 Executing : 
 command : voms-proxy-info -file /tmp/x509up_u31607 -timeleft
 output : 591460

 error: 
 retcode : 0
DEBUG 2017-09-26 17:10:55,368: 	 Executing : 
 command : voms-proxy-info -file /tmp/x509up_u31607 -actimeleft
 output : 591460

 error: 
 retcode : 0
DEBUG 2017-09-26 17:10:55,368: 	 Proxy valid for 164:17:40 hours
DEBUG 2017-09-26 17:10:55,472: 	 Executing : 
 command : env X509_USER_PROXY=/tmp/x509up_u31607 voms-proxy-info -fqan
 output : /cms/Role=NULL/Capability=NULL

 error: 
 retcode : 0
DEBUG 2017-09-26 17:10:57,050: 	 Registering user credentials for server /DC=ch/DC=cern/OU=computers/CN=vocms(045|052|021|031|0118|0118a|0119|0108|0105|0109).cern.ch
DEBUG 2017-09-26 17:10:57,159: 	 Executing : 
 command : openssl x509 -in ~/.globus/usercert.pem -subject -noout
 output : subject= /DC=ch/DC=cern/OU=Organic Units/OU=Users/CN=mmasciov/CN=720044/CN=Mario Masciovecchio

 error: 
 retcode : 0
DEBUG 2017-09-26 17:10:57,159: 	 Getting myproxy life time left for myproxy.cern.ch
DEBUG 2017-09-26 17:10:57,159: 	 Calculating hash of /DC=ch/DC=cern/OU=Organic Units/OU=Users/CN=mmasciov/CN=720044/CN=Mario Masciovecchio_cmsweb.cern.ch for credential name
DEBUG 2017-09-26 17:10:58,566: 	 Executing : 
 command : myproxy-info -l 675d286d0e68c23071389f9d911f5838308f7790 -s myproxy.cern.ch
 output : username: 675d286d0e68c23071389f9d911f5838308f7790
owner: /DC=ch/DC=cern/OU=Organic Units/OU=Users/CN=mmasciov/CN=720044/CN=Mario Masciovecchio
  renewal policy: /DC=ch/DC=cern/OU=computers/CN=vocms(045|052|021|031|0118|0118a|0119|0108|0105|0109).cern.ch
  trusted retrieval policy: /DC=ch/DC=cern/OU=computers/CN=vocms(045|052|021|031|0118|0118a|0119|0108|0105|0109).cern.ch
  timeleft: 716:16:57  (29.8 days)

 error: 
 retcode : 0
DEBUG 2017-09-26 17:10:58,567: 	 Myproxy is valid: 2578617
DEBUG 2017-09-26 17:10:58,567: 	 Command use: submit
DEBUG 2017-09-26 17:10:58,567: 	 Options use: ['-c', 'crabConfig_MC.py']
DEBUG 2017-09-26 17:10:59,990: 	 CRABClient version: 3.3.1707.patch1
DEBUG 2017-09-26 17:10:59,990: 	 Instance is prod
DEBUG 2017-09-26 17:10:59,990: 	 Server base url is cmsweb.cern.ch
DEBUG 2017-09-26 17:10:59,990: 	 Command url /crabserver/prod/workflow
DEBUG 2017-09-26 17:10:59,990: 	 Started submission
DEBUG 2017-09-26 17:10:59,990: 	 Working on /home/users/mmasciov/MT2/8_0_26/src/Histo/HistoAnalyzer/python/crab_projects/crab_stoppedTracks_wlnu_ht1200to2500_Sep2017
DEBUG 2017-09-26 17:11:01,294: 	 Loading required information from the environment
DEBUG 2017-09-26 17:11:01,294: 	 Found CMSSW_8_0_26 for slc6_amd64_gcc530 with base /home/users/mmasciov/MT2/8_0_26
DEBUG 2017-09-26 17:11:01,295: 	 Loading required information from the environment
DEBUG 2017-09-26 17:11:01,295: 	 Found CMSSW_8_0_26 for slc6_amd64_gcc530 with base /home/users/mmasciov/MT2/8_0_26
DEBUG 2017-09-26 17:11:01,309: 	 UNIQUE NAME: tarUUID 286f30c8-7557-4dd0-bd50-d888e42da8e5 
DEBUG 2017-09-26 17:11:01,309: 	 self.config: from WMCore.Configuration import Configuration
config = Configuration()
config.section_('General')
config.General.transferLogs = False
config.General.transferOutputs = True
config.General.workArea = 'crab_projects'
config.General.requestName = 'stoppedTracks_wlnu_ht1200to2500_Sep2017'
config.section_('JobType')
config.JobType.psetName = 'ConfFile_cfg.py'
config.JobType.pluginName = 'Analysis'
config.section_('Data')
config.Data.inputDataset = '/WJetsToLNu_HT-1200To2500_TuneCUETP8M1_13TeV-madgraphMLM-pythia8/RunIISummer16DR80Premix-PUMoriond17_80X_mcRun2_asymptotic_2016_TrancheIV_v6-v1/AODSIM'
config.Data.outputDatasetTag = 'WJetsLNu_HT1200to2500_Sep2017'
config.Data.publication = False
config.Data.unitsPerJob = 10
config.Data.inputDBS = 'global'
config.Data.splitting = 'FileBased'
config.Data.outLFNDirBase = '/store/user/mmasciov/'
config.section_('Site')
config.Site.storageSite = 'T2_US_UCSD'
config.section_('User')
config.section_('Debug')

DEBUG 2017-09-26 17:11:01,309: 	 self.config.JobType.psetName: ConfFile_cfg.py
INFO 2017-09-26 17:11:01,310: 	 Importing CMSSW configuration ConfFile_cfg.py
INFO 2017-09-26 17:11:01,441: 	 Finished importing CMSSW configuration ConfFile_cfg.py
DEBUG 2017-09-26 17:11:01,441: 	 Writing CMSSW configuration to /home/users/mmasciov/MT2/8_0_26/src/Histo/HistoAnalyzer/python/crab_projects/crab_stoppedTracks_wlnu_ht1200to2500_Sep2017/inputs/PSet.py
DEBUG 2017-09-26 17:11:01,466: 	 The following EDM output files will be collected: []
DEBUG 2017-09-26 17:11:01,466: 	 The following TFile output files will be collected: ['wlnu_ht1200to2500.root']
DEBUG 2017-09-26 17:11:01,466: 	 The following user output files will be collected: []
DEBUG 2017-09-26 17:11:01,466: 	 Loading required information from the environment
DEBUG 2017-09-26 17:11:01,466: 	 Found CMSSW_8_0_26 for slc6_amd64_gcc530 with base /home/users/mmasciov/MT2/8_0_26
DEBUG 2017-09-26 17:11:01,466: 	 Making tarball in /home/users/mmasciov/MT2/8_0_26/src/Histo/HistoAnalyzer/python/crab_projects/crab_stoppedTracks_wlnu_ht1200to2500_Sep2017/inputs/286f30c8-7557-4dd0-bd50-d888e42da8e5default.tgz
DEBUG 2017-09-26 17:11:01,544: 	 Checking directory /home/users/mmasciov/MT2/8_0_26/lib
DEBUG 2017-09-26 17:11:01,544: 	 Adding directory /home/users/mmasciov/MT2/8_0_26/lib to tarball
DEBUG 2017-09-26 17:11:01,798: 	 Checking directory /home/users/mmasciov/MT2/8_0_26/biglib
DEBUG 2017-09-26 17:11:01,798: 	 Adding directory /home/users/mmasciov/MT2/8_0_26/biglib to tarball
DEBUG 2017-09-26 17:11:01,800: 	 Checking directory /home/users/mmasciov/MT2/8_0_26/module
DEBUG 2017-09-26 17:11:04,128: 	 Adding data directory /home/users/mmasciov/MT2/8_0_26/src/PhysicsTools/HepMCCandAlgos/data to tarball
DEBUG 2017-09-26 17:11:04,247: 	 Adding data directory /home/users/mmasciov/MT2/8_0_26/src/PhysicsTools/HepMCCandAlgos/interface to tarball
DEBUG 2017-09-26 17:11:05,180: 	 Uploading archive /home/users/mmasciov/MT2/8_0_26/src/Histo/HistoAnalyzer/python/crab_projects/crab_stoppedTracks_wlnu_ht1200to2500_Sep2017/inputs/286f30c8-7557-4dd0-bd50-d888e42da8e5default.tgz (0.693359.1 MB) to the CRAB cache. Using URI https://cmsweb.cern.ch/crabcache
DEBUG 2017-09-26 17:11:08,444: 	 Loading required information from the environment
DEBUG 2017-09-26 17:11:08,444: 	 Found CMSSW_8_0_26 for slc6_amd64_gcc530 with base /home/users/mmasciov/MT2/8_0_26
DEBUG 2017-09-26 17:11:08,444: 	 Making tarball in /home/users/mmasciov/MT2/8_0_26/src/Histo/HistoAnalyzer/python/crab_projects/crab_stoppedTracks_wlnu_ht1200to2500_Sep2017/inputs/debugFiles.tgz
DEBUG 2017-09-26 17:11:08,583: 	 Uploading archive /home/users/mmasciov/MT2/8_0_26/src/Histo/HistoAnalyzer/python/crab_projects/crab_stoppedTracks_wlnu_ht1200to2500_Sep2017/inputs/debugFiles.tgz (1 KB) to the CRAB cache. Using URI https://cmsweb.cern.ch/crabcache
DEBUG 2017-09-26 17:11:10,111: 	 Result uploading input files: 096c45fac4cc9544fb0fb3a8034e2490086c2dda4d7c4d34cc6e0c00a5ebe070.tar.gz 
INFO 2017-09-26 17:11:10,111: 	 Sending the request to the server
DEBUG 2017-09-26 17:11:10,111: 	 Submitting {'maxjobruntime': 1250, 'extrajdl': [], 'ignorelocality': 0, 'savelogsflag': 0, 'useparent': 0, 'asyncdest': 'T2_US_UCSD', 'algoargs': 10, 'cachefilename': '096c45fac4cc9544fb0fb3a8034e2490086c2dda4d7c4d34cc6e0c00a5ebe070.tar.gz', 'numcores': 1, 'addoutputfiles': [], 'generator': 'pythia', 'maxmemory': 2000, 'publishdbsurl': 'https://cmsweb.cern.ch/dbs/prod/phys03/DBSWriter', 'priority': 10, 'jobsw': 'CMSSW_8_0_26', 'edmoutfiles': [], 'userfiles': [], 'primarydataset': '', 'inputdata': '/WJetsToLNu_HT-1200To2500_TuneCUETP8M1_13TeV-madgraphMLM-pythia8/RunIISummer16DR80Premix-PUMoriond17_80X_mcRun2_asymptotic_2016_TrancheIV_v6-v1/AODSIM', 'lfn': '/store/user/mmasciov/', 'dryrun': 0, 'workflow': 'crab_stoppedTracks_wlnu_ht1200to2500_Sep2017', 'cacheurl': u'https://cmsweb.cern.ch/crabcache', 'nonprodsw': 0, 'tfileoutfiles': ['wlnu_ht1200to2500.root'], 'oneEventMode': 0, 'debugfilename': 'ac377fb5607fa85fdd6dcfa30827dddbfca6d307ccbf1ce961e759f4a0fbe861.tar.gz', 'saveoutput': 1, 'publication': 0, 'jobarch': 'slc6_amd64_gcc530', 'totalunits': 0, 'splitalgo': 'FileBased', 'ignoreglobalblacklist': 0, 'nonvaliddata': 0, 'dbsurl': 'https://cmsweb.cern.ch/dbs/prod/global/DBSReader', 'publishgroupname': 0, 'jobtype': 'Analysis', 'publishname2': 'WJetsLNu_HT1200to2500_Sep2017'} 
DEBUG 2017-09-26 17:11:10,111: 	 Encoded submit request: maxjobruntime=1250&ignorelocality=0&savelogsflag=0&useparent=0&asyncdest=T2_US_UCSD&algoargs=10&cachefilename=096c45fac4cc9544fb0fb3a8034e2490086c2dda4d7c4d34cc6e0c00a5ebe070.tar.gz&numcores=1&generator=pythia&maxmemory=2000&publishdbsurl=https%3A%2F%2Fcmsweb.cern.ch%2Fdbs%2Fprod%2Fphys03%2FDBSWriter&priority=10&jobsw=CMSSW_8_0_26&primarydataset=&inputdata=%2FWJetsToLNu_HT-1200To2500_TuneCUETP8M1_13TeV-madgraphMLM-pythia8%2FRunIISummer16DR80Premix-PUMoriond17_80X_mcRun2_asymptotic_2016_TrancheIV_v6-v1%2FAODSIM&lfn=%2Fstore%2Fuser%2Fmmasciov%2F&dryrun=0&workflow=crab_stoppedTracks_wlnu_ht1200to2500_Sep2017&cacheurl=https%3A%2F%2Fcmsweb.cern.ch%2Fcrabcache&nonprodsw=0&oneEventMode=0&debugfilename=ac377fb5607fa85fdd6dcfa30827dddbfca6d307ccbf1ce961e759f4a0fbe861.tar.gz&saveoutput=1&publication=0&jobarch=slc6_amd64_gcc530&totalunits=0&splitalgo=FileBased&ignoreglobalblacklist=0&nonvaliddata=0&dbsurl=https%3A%2F%2Fcmsweb.cern.ch%2Fdbs%2Fprod%2Fglobal%2FDBSReader&publishgroupname=0&jobtype=Analysis&publishname2=WJetsLNu_HT1200to2500_Sep2017&tfileoutfiles=wlnu_ht1200to2500.root
DEBUG 2017-09-26 17:11:11,731: 	 Result: {u'result': [{u'RequestName': u'170927_001111:mmasciov_crab_stoppedTracks_wlnu_ht1200to2500_Sep2017'}]}
INFO 2017-09-26 17:11:11,733: 	 Success: Your task has been delivered to the CRAB3 server.
INFO 2017-09-26 17:11:11,733: 	 Task name: 170927_001111:mmasciov_crab_stoppedTracks_wlnu_ht1200to2500_Sep2017
INFO 2017-09-26 17:11:11,733: 	 Please use 'crab status' to check how the submission process proceeds.
DEBUG 2017-09-26 17:11:11,733: 	 About to return
INFO 2017-09-26 17:11:11,738: 	 Log file is /home/users/mmasciov/MT2/8_0_26/src/Histo/HistoAnalyzer/python/crab_projects/crab_stoppedTracks_wlnu_ht1200to2500_Sep2017/crab.log
DEBUG 2017-09-27 07:51:36,206: 	 Executing command: 'resubmit'
DEBUG 2017-09-27 07:51:36,206: 	 Found CRAB cache file /home/users/mmasciov/.crab3
DEBUG 2017-09-27 07:51:36,213: 	 Checking credentials
DEBUG 2017-09-27 07:51:36,213: 	 Found proxy file /tmp/x509up_u31607
DEBUG 2017-09-27 07:51:36,213: 	 Getting proxy life time left
DEBUG 2017-09-27 07:51:36,316: 	 Executing : 
 command : voms-proxy-info -file /tmp/x509up_u31607 -timeleft
 output : 538619

 error: 
 retcode : 0
DEBUG 2017-09-27 07:51:36,419: 	 Executing : 
 command : voms-proxy-info -file /tmp/x509up_u31607 -actimeleft
 output : 538619

 error: 
 retcode : 0
DEBUG 2017-09-27 07:51:36,420: 	 Proxy valid for 149:36:59 hours
DEBUG 2017-09-27 07:51:36,564: 	 Executing : 
 command : openssl x509 -in ~/.globus/usercert.pem -subject -noout
 output : subject= /DC=ch/DC=cern/OU=Organic Units/OU=Users/CN=mmasciov/CN=720044/CN=Mario Masciovecchio

 error: 
 retcode : 0
DEBUG 2017-09-27 07:51:36,564: 	 Checking credentials
DEBUG 2017-09-27 07:51:36,565: 	 Found proxy file /tmp/x509up_u31607
DEBUG 2017-09-27 07:51:36,565: 	 Getting proxy life time left
DEBUG 2017-09-27 07:51:36,668: 	 Executing : 
 command : voms-proxy-info -file /tmp/x509up_u31607 -timeleft
 output : 538619

 error: 
 retcode : 0
DEBUG 2017-09-27 07:51:36,771: 	 Executing : 
 command : voms-proxy-info -file /tmp/x509up_u31607 -actimeleft
 output : 538619

 error: 
 retcode : 0
DEBUG 2017-09-27 07:51:36,771: 	 Proxy valid for 149:36:59 hours
DEBUG 2017-09-27 07:51:37,940: 	 Registering user credentials for server /DC=ch/DC=cern/OU=computers/CN=vocms(045|052|021|031|0118|0118a|0119|0108|0105|0109).cern.ch
DEBUG 2017-09-27 07:51:38,047: 	 Executing : 
 command : openssl x509 -in ~/.globus/usercert.pem -subject -noout
 output : subject= /DC=ch/DC=cern/OU=Organic Units/OU=Users/CN=mmasciov/CN=720044/CN=Mario Masciovecchio

 error: 
 retcode : 0
DEBUG 2017-09-27 07:51:38,047: 	 Getting myproxy life time left for myproxy.cern.ch
DEBUG 2017-09-27 07:51:38,047: 	 Calculating hash of /DC=ch/DC=cern/OU=Organic Units/OU=Users/CN=mmasciov/CN=720044/CN=Mario Masciovecchio_cmsweb.cern.ch for credential name
DEBUG 2017-09-27 07:51:39,052: 	 Executing : 
 command : myproxy-info -l 675d286d0e68c23071389f9d911f5838308f7790 -s myproxy.cern.ch
 output : username: 675d286d0e68c23071389f9d911f5838308f7790
owner: /DC=ch/DC=cern/OU=Organic Units/OU=Users/CN=mmasciov/CN=720044/CN=Mario Masciovecchio
  renewal policy: /DC=ch/DC=cern/OU=computers/CN=vocms(045|052|021|031|0118|0118a|0119|0108|0105|0109).cern.ch
  trusted retrieval policy: /DC=ch/DC=cern/OU=computers/CN=vocms(045|052|021|031|0118|0118a|0119|0108|0105|0109).cern.ch
  timeleft: 701:36:17  (29.2 days)

 error: 
 retcode : 0
DEBUG 2017-09-27 07:51:39,053: 	 Myproxy is valid: 2525777
DEBUG 2017-09-27 07:51:39,053: 	 Command use: resubmit
DEBUG 2017-09-27 07:51:39,053: 	 Options use: ['-d', 'crab_projects/crab_stoppedTracks_wlnu_ht1200to2500_Sep2017/']
DEBUG 2017-09-27 07:51:40,217: 	 CRABClient version: 3.3.1707.patch1
DEBUG 2017-09-27 07:51:40,217: 	 Instance is prod
DEBUG 2017-09-27 07:51:40,217: 	 Server base url is cmsweb.cern.ch
DEBUG 2017-09-27 07:51:40,217: 	 Command url /crabserver/prod/workflow
DEBUG 2017-09-27 07:51:40,217: 	 Executing command: 'status'
DEBUG 2017-09-27 07:51:40,217: 	 Found CRAB cache file /home/users/mmasciov/.crab3
DEBUG 2017-09-27 07:51:40,223: 	 Checking credentials
DEBUG 2017-09-27 07:51:40,224: 	 Found proxy file /tmp/x509up_u31607
DEBUG 2017-09-27 07:51:40,224: 	 Getting proxy life time left
DEBUG 2017-09-27 07:51:40,327: 	 Executing : 
 command : voms-proxy-info -file /tmp/x509up_u31607 -timeleft
 output : 538615

 error: 
 retcode : 0
DEBUG 2017-09-27 07:51:40,430: 	 Executing : 
 command : voms-proxy-info -file /tmp/x509up_u31607 -actimeleft
 output : 538615

 error: 
 retcode : 0
DEBUG 2017-09-27 07:51:40,430: 	 Proxy valid for 149:36:55 hours
DEBUG 2017-09-27 07:51:40,550: 	 Executing : 
 command : openssl x509 -in ~/.globus/usercert.pem -subject -noout
 output : subject= /DC=ch/DC=cern/OU=Organic Units/OU=Users/CN=mmasciov/CN=720044/CN=Mario Masciovecchio

 error: 
 retcode : 0
DEBUG 2017-09-27 07:51:40,551: 	 Checking credentials
DEBUG 2017-09-27 07:51:40,551: 	 Found proxy file /tmp/x509up_u31607
DEBUG 2017-09-27 07:51:40,551: 	 Getting proxy life time left
DEBUG 2017-09-27 07:51:40,654: 	 Executing : 
 command : voms-proxy-info -file /tmp/x509up_u31607 -timeleft
 output : 538615

 error: 
 retcode : 0
DEBUG 2017-09-27 07:51:40,757: 	 Executing : 
 command : voms-proxy-info -file /tmp/x509up_u31607 -actimeleft
 output : 538615

 error: 
 retcode : 0
DEBUG 2017-09-27 07:51:40,757: 	 Proxy valid for 149:36:55 hours
DEBUG 2017-09-27 07:51:41,910: 	 Registering user credentials for server /DC=ch/DC=cern/OU=computers/CN=vocms(045|052|021|031|0118|0118a|0119|0108|0105|0109).cern.ch
DEBUG 2017-09-27 07:51:42,017: 	 Executing : 
 command : openssl x509 -in ~/.globus/usercert.pem -subject -noout
 output : subject= /DC=ch/DC=cern/OU=Organic Units/OU=Users/CN=mmasciov/CN=720044/CN=Mario Masciovecchio

 error: 
 retcode : 0
DEBUG 2017-09-27 07:51:42,017: 	 Getting myproxy life time left for myproxy.cern.ch
DEBUG 2017-09-27 07:51:42,017: 	 Calculating hash of /DC=ch/DC=cern/OU=Organic Units/OU=Users/CN=mmasciov/CN=720044/CN=Mario Masciovecchio_cmsweb.cern.ch for credential name
DEBUG 2017-09-27 07:51:43,022: 	 Executing : 
 command : myproxy-info -l 675d286d0e68c23071389f9d911f5838308f7790 -s myproxy.cern.ch
 output : username: 675d286d0e68c23071389f9d911f5838308f7790
owner: /DC=ch/DC=cern/OU=Organic Units/OU=Users/CN=mmasciov/CN=720044/CN=Mario Masciovecchio
  renewal policy: /DC=ch/DC=cern/OU=computers/CN=vocms(045|052|021|031|0118|0118a|0119|0108|0105|0109).cern.ch
  trusted retrieval policy: /DC=ch/DC=cern/OU=computers/CN=vocms(045|052|021|031|0118|0118a|0119|0108|0105|0109).cern.ch
  timeleft: 701:36:13  (29.2 days)

 error: 
 retcode : 0
DEBUG 2017-09-27 07:51:43,022: 	 Myproxy is valid: 2525773
DEBUG 2017-09-27 07:51:43,022: 	 Command use: status
DEBUG 2017-09-27 07:51:43,022: 	 Options use: []
DEBUG 2017-09-27 07:51:44,167: 	 CRABClient version: 3.3.1707.patch1
DEBUG 2017-09-27 07:51:44,168: 	 Instance is prod
DEBUG 2017-09-27 07:51:44,168: 	 Server base url is cmsweb.cern.ch
DEBUG 2017-09-27 07:51:44,168: 	 Command url /crabserver/prod/workflow
DEBUG 2017-09-27 07:51:45,322: 	 Got information from server oracle database: {u'result': [u'170927_001111:mmasciov_crab_stoppedTracks_wlnu_ht1200to2500_Sep2017', u'None', u'SUBMITTED', u'2017-09-27 00:11:11.644393', u'None', u'2017-09-27 00:12:07.609808', u'None', u'CMSSW_8_0_26', u'slc6_amd64_gcc530', u'/WJetsToLNu_HT-1200To2500_TuneCUETP8M1_13TeV-madgraphMLM-pythia8/RunIISummer16DR80Premix-PUMoriond17_80X_mcRun2_asymptotic_2016_TrancheIV_v6-v1/AODSIM', u'[]', u'[]', u'FileBased', u"{'splitOnRun': False, 'halt_job_on_file_boundaries': False, 'files_per_job': 10, 'runs': [], 'lumis': []}", u'0', u'096c45fac4cc9544fb0fb3a8034e2490086c2dda4d7c4d34cc6e0c00a5ebe070.tar.gz', u'https://cmsweb.cern.ch/crabcache', u'mmasciov', u'/DC=ch/DC=cern/OU=Organic Units/OU=Users/CN=mmasciov/CN=720044/CN=Mario Masciovecchio', u'cms', u'None', u'None', u'WJetsLNu_HT1200to2500_Sep2017-00000000000000000000000000000000', u'T2_US_UCSD', u'https://cmsweb.cern.ch/dbs/prod/global/DBSReader', u'https://cmsweb.cern.ch/dbs/prod/phys03/DBSWriter', u'F', u'Analysis', u'{}', u'[]', u'F', u'vocms052', u'[]', u'1250', u'1', u'2000', u'10', u'None', u'http://vocms0155.cern.ch/mon/cms1422/170927_001111:mmasciov_crab_stoppedTracks_wlnu_ht1200to2500_Sep2017', u'None', u'None', u'[]', u'[]', u'[]', u'pythia', u'[]', u"['wlnu_ht1200to2500.root']", u'[]', u'https://cmsweb.cern.ch/crabserver/prod', u'None', u'0', u'cmsgwms-collector-global.cern.ch:9620,cmssrv221.fnal.gov:9620', u'crab3@vocms0155.cern.ch', u'F', u'[]', u'T', u'/store/user/mmasciov/', u'F', u'None', u'F', u'F', u'F', u'None', u'WJetsToLNu_HT-1200To2500_TuneCUETP8M1_13TeV-madgraphMLM-pythia8', u'filetransfers', u'SUBMIT', u'13132967', u'ac377fb5607fa85fdd6dcfa30827dddbfca6d307ccbf1ce961e759f4a0fbe861.tar.gz', u'169.228.130.5', u'F', u'None'], u'desc': {u'columns': [u'tm_taskname', u'panda_jobset_id', u'tm_task_status', u'tm_start_time', u'tm_start_injection', u'tm_end_injection', u'tm_task_failure', u'tm_job_sw', u'tm_job_arch', u'tm_input_dataset', u'tm_site_whitelist', u'tm_site_blacklist', u'tm_split_algo', u'tm_split_args', u'tm_totalunits', u'tm_user_sandbox', u'tm_cache_url', u'tm_username', u'tm_user_dn', u'tm_user_vo', u'tm_user_role', u'tm_user_group', u'tm_publish_name', u'tm_asyncdest', u'tm_dbs_url', u'tm_publish_dbs_url', u'tm_publication', u'tm_job_type', u'tm_arguments', u'panda_resubmitted_jobs', u'tm_save_logs', u'tw_name', u'tm_user_infiles', u'tm_maxjobruntime', u'tm_numcores', u'tm_maxmemory', u'tm_priority', u'tm_output_dataset', u'tm_user_webdir', u'tm_activity', u'tm_scriptexe', u'tm_scriptargs', u'tm_extrajdl', u'tm_task_warnings', u'tm_generator', u'tm_outfiles', u'tm_tfile_outfiles', u'tm_edm_outfiles', u'tm_asourl', u'tm_events_per_lumi', u'tm_use_parent', u'tm_collector', u'tm_schedd', u'tm_dry_run', u'tm_user_files', u'tm_transfer_outputs', u'tm_output_lfn', u'tm_ignore_locality', u'tm_fail_limit', u'tm_one_event_mode', u'tm_publish_groupname', u'tm_nonvalid_input_dataset', u'tm_secondary_input_dataset', u'tm_primary_dataset', u'tm_asodb', u'tm_task_command', u'clusterid', u'tm_debug_files', u'tm_submitter_ip_addr', u'tm_ignore_global_blacklist', u'tm_last_publication']}}
INFO 2017-09-27 07:51:45,323: 	 CRAB project directory:		/home/users/mmasciov/MT2/8_0_26/src/Histo/HistoAnalyzer/python/crab_projects/crab_stoppedTracks_wlnu_ht1200to2500_Sep2017
INFO 2017-09-27 07:51:45,323: 	 Task name:			170927_001111:mmasciov_crab_stoppedTracks_wlnu_ht1200to2500_Sep2017
INFO 2017-09-27 07:51:45,323: 	 Grid scheduler:			crab3@vocms0155.cern.ch
INFO 2017-09-27 07:51:45,323: 	 Status on the CRAB server:	SUBMITTED
INFO 2017-09-27 07:51:45,323: 	 Task URL to use for HELP:	https://cmsweb.cern.ch/crabserver/ui/task/170927_001111%3Ammasciov_crab_stoppedTracks_wlnu_ht1200to2500_Sep2017
INFO 2017-09-27 07:51:45,323: 	 Dashboard monitoring URL:	http://dashb-cms-job.cern.ch/dashboard/templates/task-analysis/#user=mmasciov&refresh=0&table=Jobs&p=1&records=25&activemenu=2&status=&site=&tid=170927_001111%3Ammasciov_crab_stoppedTracks_wlnu_ht1200to2500_Sep2017
DEBUG 2017-09-27 07:51:45,323: 	 The CRAB server submitted your task to the Grid scheduler (cluster ID: 13132967)
DEBUG 2017-09-27 07:51:45,323: 	 Webdir is located at http://vocms0155.cern.ch/mon/cms1422/170927_001111:mmasciov_crab_stoppedTracks_wlnu_ht1200to2500_Sep2017
DEBUG 2017-09-27 07:51:46,525: 	 Proxied webdir is located at https://cmsweb.cern.ch/scheddmon/0155/cms1422/170927_001111:mmasciov_crab_stoppedTracks_wlnu_ht1200to2500_Sep2017
DEBUG 2017-09-27 07:51:46,525: 	 Retrieving 'status_cache' file from https://cmsweb.cern.ch/scheddmon/0155/cms1422/170927_001111:mmasciov_crab_stoppedTracks_wlnu_ht1200to2500_Sep2017/status_cache
DEBUG 2017-09-27 07:51:47,650: 	 Got information from status cache file: {'1': {'Retries': 0, 'WallDurations': [10.0, 8577.0], 'StartTimes': [1506471250.0], 'SubmitTimes': [1506471122.0], 'JobIds': ['13132970.0'], 'EndTimes': [1506479827.0], 'Restarts': 0, 'RecordedSite': True, 'State': 'finished', 'ResidentSetSize': [750472], 'TotalUserCpuTimeHistory': [5397], 'SiteHistory': ['Unknown', 'T2_US_UCSD'], 'TotalSysCpuTimeHistory': [60]}, '3': {'Retries': 2, 'WallDurations': [9.0, 7870.0, 8.0, 7271.0, 9.0, 4830.0], 'StartTimes': [1506471248.0, 1506481125.0, 1506490563.0], 'SubmitTimes': [1506471122.0, 1506480989.0, 1506490325.0], 'JobIds': ['13132972.0', '13135842.0', '13137032.0'], 'EndTimes': [1506479118.0, 1506488396.0, 1506495393.0], 'Restarts': 0, 'RecordedSite': True, 'State': 'finished', 'ResidentSetSize': [739628, 743424, 734808], 'TotalUserCpuTimeHistory': [7002, 6516, 4361], 'SiteHistory': ['Unknown', 'T2_US_Wisconsin', 'Unknown', 'T2_US_Wisconsin', 'Unknown', 'T2_US_MIT'], 'TotalSysCpuTimeHistory': [65, 66, 37]}, '2': {'Retries': 2, 'WallDurations': [8.0, 7089.0, 6273.0, 9776.0], 'StartTimes': [1506471247.0, 1506480433.0, 1506488874.0], 'SubmitTimes': [1506471122.0, 1506480210.0, 1506488636.0], 'JobIds': ['13132973.0', '13135790.0', '13136886.0'], 'EndTimes': [1506478336.0, 1506486706.0, 1506498650.0], 'Restarts': 0, 'RecordedSite': True, 'State': 'failed', 'ResidentSetSize': [732928, 758940, 824708], 'Error': [90000, "Got recoverable stageout exception:\nStageout failed with code 1.\nThere were 1 failed/killed stageout jobs.\nFailure reasons (per document) follow:\n- 8285534785b70f1a1deeb87e65ee8fca93669574e496c2fadf7041cf:\n  ['Failure reason unavailable.']\n  The last failure reason is recoverable.", {}], 'TotalUserCpuTimeHistory': [6283, 5590, 8946], 'SiteHistory': ['Unknown', 'T2_US_Purdue', 'T2_US_Wisconsin', 'T2_US_Wisconsin'], 'TotalSysCpuTimeHistory': [62, 57, 94]}, '5': {'Retries': 0, 'WallDurations': [100.0, 235.7059609889984], 'StartTimes': [1506471247.0], 'SubmitTimes': [1506471122.0], 'JobIds': ['13132971.0'], 'EndTimes': [1506471347.0], 'Restarts': 0, 'RecordedSite': True, 'State': 'finished', 'ResidentSetSize': [23784], 'TotalUserCpuTimeHistory': [57], 'SiteHistory': ['Unknown', 'T2_US_Vanderbilt'], 'TotalSysCpuTimeHistory': [1]}, '4': {'Retries': 0, 'WallDurations': [8.0, 7413.0], 'StartTimes': [1506471246.0], 'SubmitTimes': [1506471122.0], 'JobIds': ['13132969.0'], 'EndTimes': [1506478659.0], 'Restarts': 0, 'RecordedSite': True, 'State': 'finished', 'ResidentSetSize': [726652], 'TotalUserCpuTimeHistory': [6742], 'SiteHistory': ['Unknown', 'T2_US_MIT'], 'TotalSysCpuTimeHistory': [68]}}
INFO 2017-09-27 07:51:47,650: 	 Status on the scheduler:	FAILED
INFO 2017-09-27 07:51:47,650: 	 
Jobs status:                    failed         20.0% (1/5)
INFO 2017-09-27 07:51:47,650: 	 				finished       80.0% (4/5)
INFO 2017-09-27 07:51:47,651: 	 
No publication information (publication has been disabled in the CRAB configuration file)
INFO 2017-09-27 07:51:47,651: 	 
Error Summary: (use crab status --verboseErrors for details about the errors)

1 jobs failed in postprocessing step

Have a look at https://twiki.cern.ch/twiki/bin/viewauth/CMSPublic/JobExitCodes for a description of the exit codes.
DEBUG 2017-09-27 07:51:47,673: 	 Requesting resubmission of failed jobs in task 170927_001111:mmasciov_crab_stoppedTracks_wlnu_ht1200to2500_Sep2017
INFO 2017-09-27 07:51:47,673: 	 Sending resubmit request to the server.
DEBUG 2017-09-27 07:51:47,673: 	 Submitting {'publication': 0, 'jobids': ['2'], 'subresource': 'resubmit2', 'workflow': u'170927_001111:mmasciov_crab_stoppedTracks_wlnu_ht1200to2500_Sep2017'} 
DEBUG 2017-09-27 07:51:47,673: 	 Encoded resubmit request: publication=0&subresource=resubmit2&workflow=170927_001111%3Ammasciov_crab_stoppedTracks_wlnu_ht1200to2500_Sep2017&jobids=2
DEBUG 2017-09-27 07:51:48,861: 	 Result: {u'result': [{u'result': u'ok'}], u'desc': {u'columns': [u'tm_site_blacklist', u'tm_site_whitelist', u'tm_maxjobruntime', u'tm_maxmemory', u'tm_numcores', u'tm_priority']}}
INFO 2017-09-27 07:51:48,861: 	 Resubmit request sent to the server.
INFO 2017-09-27 07:51:48,862: 	 Please use 'crab status' to check how the resubmission process proceeds.
Notice it may take a couple of minutes for the resubmission to get fully processed.
INFO 2017-09-27 07:51:48,868: 	 Log file is /home/users/mmasciov/MT2/8_0_26/src/Histo/HistoAnalyzer/python/crab_projects/crab_stoppedTracks_wlnu_ht1200to2500_Sep2017/crab.log
DEBUG 2017-09-27 11:15:06,323: 	 Executing command: 'resubmit'
DEBUG 2017-09-27 11:15:06,323: 	 Found CRAB cache file /home/users/mmasciov/.crab3
DEBUG 2017-09-27 11:15:06,330: 	 Checking credentials
DEBUG 2017-09-27 11:15:06,330: 	 Found proxy file /tmp/x509up_u31607
DEBUG 2017-09-27 11:15:06,330: 	 Getting proxy life time left
DEBUG 2017-09-27 11:15:06,433: 	 Executing : 
 command : voms-proxy-info -file /tmp/x509up_u31607 -timeleft
 output : 526409

 error: 
 retcode : 0
DEBUG 2017-09-27 11:15:06,537: 	 Executing : 
 command : voms-proxy-info -file /tmp/x509up_u31607 -actimeleft
 output : 526409

 error: 
 retcode : 0
DEBUG 2017-09-27 11:15:06,537: 	 Proxy valid for 146:13:29 hours
DEBUG 2017-09-27 11:15:06,668: 	 Executing : 
 command : openssl x509 -in ~/.globus/usercert.pem -subject -noout
 output : subject= /DC=ch/DC=cern/OU=Organic Units/OU=Users/CN=mmasciov/CN=720044/CN=Mario Masciovecchio

 error: 
 retcode : 0
DEBUG 2017-09-27 11:15:06,669: 	 Checking credentials
DEBUG 2017-09-27 11:15:06,669: 	 Found proxy file /tmp/x509up_u31607
DEBUG 2017-09-27 11:15:06,669: 	 Getting proxy life time left
DEBUG 2017-09-27 11:15:06,772: 	 Executing : 
 command : voms-proxy-info -file /tmp/x509up_u31607 -timeleft
 output : 526409

 error: 
 retcode : 0
DEBUG 2017-09-27 11:15:06,875: 	 Executing : 
 command : voms-proxy-info -file /tmp/x509up_u31607 -actimeleft
 output : 526409

 error: 
 retcode : 0
DEBUG 2017-09-27 11:15:06,875: 	 Proxy valid for 146:13:29 hours
DEBUG 2017-09-27 11:15:08,064: 	 Registering user credentials for server /DC=ch/DC=cern/OU=computers/CN=vocms(045|052|021|031|0118|0118a|0119|0108|0105|0109).cern.ch
DEBUG 2017-09-27 11:15:08,172: 	 Executing : 
 command : openssl x509 -in ~/.globus/usercert.pem -subject -noout
 output : subject= /DC=ch/DC=cern/OU=Organic Units/OU=Users/CN=mmasciov/CN=720044/CN=Mario Masciovecchio

 error: 
 retcode : 0
DEBUG 2017-09-27 11:15:08,172: 	 Getting myproxy life time left for myproxy.cern.ch
DEBUG 2017-09-27 11:15:08,172: 	 Calculating hash of /DC=ch/DC=cern/OU=Organic Units/OU=Users/CN=mmasciov/CN=720044/CN=Mario Masciovecchio_cmsweb.cern.ch for credential name
DEBUG 2017-09-27 11:15:09,277: 	 Executing : 
 command : myproxy-info -l 675d286d0e68c23071389f9d911f5838308f7790 -s myproxy.cern.ch
 output : username: 675d286d0e68c23071389f9d911f5838308f7790
owner: /DC=ch/DC=cern/OU=Organic Units/OU=Users/CN=mmasciov/CN=720044/CN=Mario Masciovecchio
  renewal policy: /DC=ch/DC=cern/OU=computers/CN=vocms(045|052|021|031|0118|0118a|0119|0108|0105|0109).cern.ch
  trusted retrieval policy: /DC=ch/DC=cern/OU=computers/CN=vocms(045|052|021|031|0118|0118a|0119|0108|0105|0109).cern.ch
  timeleft: 698:12:46  (29.1 days)

 error: 
 retcode : 0
DEBUG 2017-09-27 11:15:09,279: 	 Myproxy is valid: 2513566
DEBUG 2017-09-27 11:15:09,279: 	 Command use: resubmit
DEBUG 2017-09-27 11:15:09,279: 	 Options use: ['-d', 'crab_projects/crab_stoppedTracks_wlnu_ht1200to2500_Sep2017/']
DEBUG 2017-09-27 11:15:10,445: 	 CRABClient version: 3.3.1707.patch1
DEBUG 2017-09-27 11:15:10,445: 	 Instance is prod
DEBUG 2017-09-27 11:15:10,445: 	 Server base url is cmsweb.cern.ch
DEBUG 2017-09-27 11:15:10,446: 	 Command url /crabserver/prod/workflow
DEBUG 2017-09-27 11:15:10,446: 	 Executing command: 'status'
DEBUG 2017-09-27 11:15:10,446: 	 Found CRAB cache file /home/users/mmasciov/.crab3
DEBUG 2017-09-27 11:15:10,451: 	 Checking credentials
DEBUG 2017-09-27 11:15:10,451: 	 Found proxy file /tmp/x509up_u31607
DEBUG 2017-09-27 11:15:10,452: 	 Getting proxy life time left
DEBUG 2017-09-27 11:15:10,555: 	 Executing : 
 command : voms-proxy-info -file /tmp/x509up_u31607 -timeleft
 output : 526405

 error: 
 retcode : 0
DEBUG 2017-09-27 11:15:10,658: 	 Executing : 
 command : voms-proxy-info -file /tmp/x509up_u31607 -actimeleft
 output : 526405

 error: 
 retcode : 0
DEBUG 2017-09-27 11:15:10,658: 	 Proxy valid for 146:13:25 hours
DEBUG 2017-09-27 11:15:10,823: 	 Executing : 
 command : openssl x509 -in ~/.globus/usercert.pem -subject -noout
 output : subject= /DC=ch/DC=cern/OU=Organic Units/OU=Users/CN=mmasciov/CN=720044/CN=Mario Masciovecchio

 error: 
 retcode : 0
DEBUG 2017-09-27 11:15:10,824: 	 Checking credentials
DEBUG 2017-09-27 11:15:10,824: 	 Found proxy file /tmp/x509up_u31607
DEBUG 2017-09-27 11:15:10,824: 	 Getting proxy life time left
DEBUG 2017-09-27 11:15:10,927: 	 Executing : 
 command : voms-proxy-info -file /tmp/x509up_u31607 -timeleft
 output : 526405

 error: 
 retcode : 0
DEBUG 2017-09-27 11:15:11,031: 	 Executing : 
 command : voms-proxy-info -file /tmp/x509up_u31607 -actimeleft
 output : 526405

 error: 
 retcode : 0
DEBUG 2017-09-27 11:15:11,031: 	 Proxy valid for 146:13:25 hours
DEBUG 2017-09-27 11:15:12,447: 	 Registering user credentials for server /DC=ch/DC=cern/OU=computers/CN=vocms(045|052|021|031|0118|0118a|0119|0108|0105|0109).cern.ch
DEBUG 2017-09-27 11:15:12,556: 	 Executing : 
 command : openssl x509 -in ~/.globus/usercert.pem -subject -noout
 output : subject= /DC=ch/DC=cern/OU=Organic Units/OU=Users/CN=mmasciov/CN=720044/CN=Mario Masciovecchio

 error: 
 retcode : 0
DEBUG 2017-09-27 11:15:12,556: 	 Getting myproxy life time left for myproxy.cern.ch
DEBUG 2017-09-27 11:15:12,557: 	 Calculating hash of /DC=ch/DC=cern/OU=Organic Units/OU=Users/CN=mmasciov/CN=720044/CN=Mario Masciovecchio_cmsweb.cern.ch for credential name
DEBUG 2017-09-27 11:15:13,662: 	 Executing : 
 command : myproxy-info -l 675d286d0e68c23071389f9d911f5838308f7790 -s myproxy.cern.ch
 output : username: 675d286d0e68c23071389f9d911f5838308f7790
owner: /DC=ch/DC=cern/OU=Organic Units/OU=Users/CN=mmasciov/CN=720044/CN=Mario Masciovecchio
  renewal policy: /DC=ch/DC=cern/OU=computers/CN=vocms(045|052|021|031|0118|0118a|0119|0108|0105|0109).cern.ch
  trusted retrieval policy: /DC=ch/DC=cern/OU=computers/CN=vocms(045|052|021|031|0118|0118a|0119|0108|0105|0109).cern.ch
  timeleft: 698:12:42  (29.1 days)

 error: 
 retcode : 0
DEBUG 2017-09-27 11:15:13,663: 	 Myproxy is valid: 2513562
DEBUG 2017-09-27 11:15:13,663: 	 Command use: status
DEBUG 2017-09-27 11:15:13,663: 	 Options use: []
DEBUG 2017-09-27 11:15:14,836: 	 CRABClient version: 3.3.1707.patch1
DEBUG 2017-09-27 11:15:14,836: 	 Instance is prod
DEBUG 2017-09-27 11:15:14,836: 	 Server base url is cmsweb.cern.ch
DEBUG 2017-09-27 11:15:14,836: 	 Command url /crabserver/prod/workflow
DEBUG 2017-09-27 11:15:15,984: 	 Got information from server oracle database: {u'result': [u'170927_001111:mmasciov_crab_stoppedTracks_wlnu_ht1200to2500_Sep2017', u'None', u'SUBMITTED', u'2017-09-27 00:11:11.644393', u'None', u'2017-09-27 00:12:07.609808', u'None', u'CMSSW_8_0_26', u'slc6_amd64_gcc530', u'/WJetsToLNu_HT-1200To2500_TuneCUETP8M1_13TeV-madgraphMLM-pythia8/RunIISummer16DR80Premix-PUMoriond17_80X_mcRun2_asymptotic_2016_TrancheIV_v6-v1/AODSIM', u'[]', u'[]', u'FileBased', u"{'splitOnRun': False, 'halt_job_on_file_boundaries': False, 'files_per_job': 10, 'runs': [], 'lumis': []}", u'0', u'096c45fac4cc9544fb0fb3a8034e2490086c2dda4d7c4d34cc6e0c00a5ebe070.tar.gz', u'https://cmsweb.cern.ch/crabcache', u'mmasciov', u'/DC=ch/DC=cern/OU=Organic Units/OU=Users/CN=mmasciov/CN=720044/CN=Mario Masciovecchio', u'cms', u'None', u'None', u'WJetsLNu_HT1200to2500_Sep2017-00000000000000000000000000000000', u'T2_US_UCSD', u'https://cmsweb.cern.ch/dbs/prod/global/DBSReader', u'https://cmsweb.cern.ch/dbs/prod/phys03/DBSWriter', u'F', u'Analysis', u"{'maxjobruntime': 1250, 'priority': 10, 'site_blacklist': [], 'resubmit_jobids': [2], 'numcores': 1, 'site_whitelist': [], 'maxmemory': 2000, 'resubmit_publication': 0}", u'[]', u'F', u'vocms052', u'[]', u'1250', u'1', u'2000', u'10', u'None', u'http://vocms0155.cern.ch/mon/cms1422/170927_001111:mmasciov_crab_stoppedTracks_wlnu_ht1200to2500_Sep2017', u'None', u'None', u'[]', u'[]', u'[]', u'pythia', u'[]', u"['wlnu_ht1200to2500.root']", u'[]', u'https://cmsweb.cern.ch/crabserver/prod', u'None', u'0', u'cmsgwms-collector-global.cern.ch:9620,cmssrv221.fnal.gov:9620', u'crab3@vocms0155.cern.ch', u'F', u'[]', u'T', u'/store/user/mmasciov/', u'F', u'None', u'F', u'F', u'F', u'None', u'WJetsToLNu_HT-1200To2500_TuneCUETP8M1_13TeV-madgraphMLM-pythia8', u'filetransfers', u'None', u'13132967', u'ac377fb5607fa85fdd6dcfa30827dddbfca6d307ccbf1ce961e759f4a0fbe861.tar.gz', u'169.228.130.5', u'F', u'None'], u'desc': {u'columns': [u'tm_taskname', u'panda_jobset_id', u'tm_task_status', u'tm_start_time', u'tm_start_injection', u'tm_end_injection', u'tm_task_failure', u'tm_job_sw', u'tm_job_arch', u'tm_input_dataset', u'tm_site_whitelist', u'tm_site_blacklist', u'tm_split_algo', u'tm_split_args', u'tm_totalunits', u'tm_user_sandbox', u'tm_cache_url', u'tm_username', u'tm_user_dn', u'tm_user_vo', u'tm_user_role', u'tm_user_group', u'tm_publish_name', u'tm_asyncdest', u'tm_dbs_url', u'tm_publish_dbs_url', u'tm_publication', u'tm_job_type', u'tm_arguments', u'panda_resubmitted_jobs', u'tm_save_logs', u'tw_name', u'tm_user_infiles', u'tm_maxjobruntime', u'tm_numcores', u'tm_maxmemory', u'tm_priority', u'tm_output_dataset', u'tm_user_webdir', u'tm_activity', u'tm_scriptexe', u'tm_scriptargs', u'tm_extrajdl', u'tm_task_warnings', u'tm_generator', u'tm_outfiles', u'tm_tfile_outfiles', u'tm_edm_outfiles', u'tm_asourl', u'tm_events_per_lumi', u'tm_use_parent', u'tm_collector', u'tm_schedd', u'tm_dry_run', u'tm_user_files', u'tm_transfer_outputs', u'tm_output_lfn', u'tm_ignore_locality', u'tm_fail_limit', u'tm_one_event_mode', u'tm_publish_groupname', u'tm_nonvalid_input_dataset', u'tm_secondary_input_dataset', u'tm_primary_dataset', u'tm_asodb', u'tm_task_command', u'clusterid', u'tm_debug_files', u'tm_submitter_ip_addr', u'tm_ignore_global_blacklist', u'tm_last_publication']}}
INFO 2017-09-27 11:15:15,984: 	 CRAB project directory:		/home/users/mmasciov/MT2/8_0_26/src/Histo/HistoAnalyzer/python/crab_projects/crab_stoppedTracks_wlnu_ht1200to2500_Sep2017
INFO 2017-09-27 11:15:15,984: 	 Task name:			170927_001111:mmasciov_crab_stoppedTracks_wlnu_ht1200to2500_Sep2017
INFO 2017-09-27 11:15:15,984: 	 Grid scheduler:			crab3@vocms0155.cern.ch
INFO 2017-09-27 11:15:15,984: 	 Status on the CRAB server:	SUBMITTED
INFO 2017-09-27 11:15:15,984: 	 Task URL to use for HELP:	https://cmsweb.cern.ch/crabserver/ui/task/170927_001111%3Ammasciov_crab_stoppedTracks_wlnu_ht1200to2500_Sep2017
INFO 2017-09-27 11:15:15,984: 	 Dashboard monitoring URL:	http://dashb-cms-job.cern.ch/dashboard/templates/task-analysis/#user=mmasciov&refresh=0&table=Jobs&p=1&records=25&activemenu=2&status=&site=&tid=170927_001111%3Ammasciov_crab_stoppedTracks_wlnu_ht1200to2500_Sep2017
DEBUG 2017-09-27 11:15:15,984: 	 The CRAB server submitted your task to the Grid scheduler (cluster ID: 13132967)
DEBUG 2017-09-27 11:15:15,984: 	 Webdir is located at http://vocms0155.cern.ch/mon/cms1422/170927_001111:mmasciov_crab_stoppedTracks_wlnu_ht1200to2500_Sep2017
DEBUG 2017-09-27 11:15:17,139: 	 Proxied webdir is located at https://cmsweb.cern.ch/scheddmon/0155/cms1422/170927_001111:mmasciov_crab_stoppedTracks_wlnu_ht1200to2500_Sep2017
DEBUG 2017-09-27 11:15:17,139: 	 Retrieving 'status_cache' file from https://cmsweb.cern.ch/scheddmon/0155/cms1422/170927_001111:mmasciov_crab_stoppedTracks_wlnu_ht1200to2500_Sep2017/status_cache
DEBUG 2017-09-27 11:15:18,264: 	 Got information from status cache file: {'1': {'Retries': 0, 'WallDurations': [10.0, 8577.0], 'StartTimes': [1506471250.0], 'SubmitTimes': [1506471122.0], 'JobIds': ['13132970.0'], 'EndTimes': [1506479827.0], 'Restarts': 0, 'RecordedSite': True, 'State': 'finished', 'ResidentSetSize': [750472], 'TotalUserCpuTimeHistory': [5397], 'SiteHistory': ['Unknown', 'T2_US_UCSD'], 'TotalSysCpuTimeHistory': [60]}, '3': {'Retries': 2, 'WallDurations': [9.0, 7870.0, 8.0, 7271.0, 9.0, 4830.0], 'StartTimes': [1506471248.0, 1506481125.0, 1506490563.0], 'SubmitTimes': [1506471122.0, 1506480989.0, 1506490325.0], 'JobIds': ['13132972.0', '13135842.0', '13137032.0'], 'EndTimes': [1506479118.0, 1506488396.0, 1506495393.0], 'Restarts': 0, 'RecordedSite': True, 'State': 'finished', 'ResidentSetSize': [739628, 743424, 734808], 'TotalUserCpuTimeHistory': [7002, 6516, 4361], 'SiteHistory': ['Unknown', 'T2_US_Wisconsin', 'Unknown', 'T2_US_Wisconsin', 'Unknown', 'T2_US_MIT'], 'TotalSysCpuTimeHistory': [65, 66, 37]}, '2': {'Retries': 4, 'WallDurations': [8.0, 7089.0, 6273.0, 9776.0, 9.0, 7162.0, 9.0, 1511.0], 'StartTimes': [1506471247.0, 1506480433.0, 1506488874.0, 1506524628.0, 1506534358.0], 'SubmitTimes': [1506471122.0, 1506480210.0, 1506488636.0, 1506523965.0, 1506533840.0], 'JobIds': ['13132973.0', '13135790.0', '13136886.0', '13150389.0', '13153101.0'], 'TotalUserCpuTimeHistory': [6283, 5590, 8946, 6190, 1385.0], 'EndTimes': [1506478336.0, 1506486706.0, 1506498650.0, 1506531790.0], 'Restarts': 0, 'RecordedSite': True, 'State': 'running', 'ResidentSetSize': [732928, 758940, 824708, 763964, 840232], 'Error': [90000, "Got recoverable stageout exception:\nStageout failed with code 1.\nThere were 1 failed/killed stageout jobs.\nFailure reasons (per document) follow:\n- 8285534785b70f1a1deeb87e65ee8fca93669574e496c2fadf7041cf:\n  ['Failure reason unavailable.']\n  The last failure reason is recoverable.", {}], 'SiteHistory': ['Unknown', 'T2_US_Purdue', 'T2_US_Wisconsin', 'T2_US_Wisconsin', 'Unknown', 'T2_US_Wisconsin', 'Unknown', 'T2_US_MIT'], 'TotalSysCpuTimeHistory': [62, 57, 94, 60, 11.0]}, '5': {'Retries': 0, 'WallDurations': [100.0, 235.7059609889984], 'StartTimes': [1506471247.0], 'SubmitTimes': [1506471122.0], 'JobIds': ['13132971.0'], 'EndTimes': [1506471347.0], 'Restarts': 0, 'RecordedSite': True, 'State': 'finished', 'ResidentSetSize': [23784], 'TotalUserCpuTimeHistory': [57], 'SiteHistory': ['Unknown', 'T2_US_Vanderbilt'], 'TotalSysCpuTimeHistory': [1]}, '4': {'Retries': 0, 'WallDurations': [8.0, 7413.0], 'StartTimes': [1506471246.0], 'SubmitTimes': [1506471122.0], 'JobIds': ['13132969.0'], 'EndTimes': [1506478659.0], 'Restarts': 0, 'RecordedSite': True, 'State': 'finished', 'ResidentSetSize': [726652], 'TotalUserCpuTimeHistory': [6742], 'SiteHistory': ['Unknown', 'T2_US_MIT'], 'TotalSysCpuTimeHistory': [68]}}
INFO 2017-09-27 11:15:18,264: 	 Status on the scheduler:	SUBMITTED
INFO 2017-09-27 11:15:18,265: 	 
Jobs status:                    finished       80.0% (4/5)
INFO 2017-09-27 11:15:18,265: 	 				running        20.0% (1/5)
INFO 2017-09-27 11:15:18,265: 	 
No publication information (publication has been disabled in the CRAB configuration file)
DEBUG 2017-09-27 11:15:18,272: 	 Requesting resubmission of failed jobs in task 170927_001111:mmasciov_crab_stoppedTracks_wlnu_ht1200to2500_Sep2017
ERROR 2017-09-27 11:15:18,272: 	 Found no jobs to resubmit. Only jobs in status failed can be resubmitted. Jobs in status finished can also be resubmitted, but only if the jobids are specified and the force option is set.
ERROR 2017-09-27 11:15:18,272: 	 Caught exception
Traceback (most recent call last):
  File "/cvmfs/cms.cern.ch/crab3/slc6_amd64_gcc493/cms/crabclient/3.3.1707.patch1/bin/crab", line 160, in <module>
    client()
  File "/cvmfs/cms.cern.ch/crab3/slc6_amd64_gcc493/cms/crabclient/3.3.1707.patch1/bin/crab", line 148, in __call__
    self.cmd()
  File "/cvmfs/cms.cern.ch/crab3/slc6_amd64_gcc493/cms/crabclient/3.3.1707.patch1/lib/python2.7/site-packages/CRABClient/Commands/resubmit.py", line 60, in __call__
    self.jobids = self.processJobIds(jobList)
  File "/cvmfs/cms.cern.ch/crab3/slc6_amd64_gcc493/cms/crabclient/3.3.1707.patch1/lib/python2.7/site-packages/CRABClient/Commands/resubmit.py", line 161, in processJobIds
    raise ConfigurationException(msg)
ConfigurationException: Found no jobs to resubmit. Only jobs in status failed can be resubmitted. Jobs in status finished can also be resubmitted, but only if the jobids are specified and the force option is set.
DEBUG 2017-09-27 17:15:01,474: 	 Executing command: 'resubmit'
DEBUG 2017-09-27 17:15:01,476: 	 Found CRAB cache file /home/users/mmasciov/.crab3
DEBUG 2017-09-27 17:15:01,494: 	 Checking credentials
DEBUG 2017-09-27 17:15:01,495: 	 Found proxy file /tmp/x509up_u31607
DEBUG 2017-09-27 17:15:01,495: 	 Getting proxy life time left
DEBUG 2017-09-27 17:15:01,599: 	 Executing : 
 command : voms-proxy-info -file /tmp/x509up_u31607 -timeleft
 output : 86359

 error: 
 retcode : 0
DEBUG 2017-09-27 17:15:01,704: 	 Executing : 
 command : voms-proxy-info -file /tmp/x509up_u31607 -actimeleft
 output : 86359

 error: 
 retcode : 0
DEBUG 2017-09-27 17:15:01,704: 	 Proxy valid for 23:59:19 hours
DEBUG 2017-09-27 17:15:01,868: 	 Executing : 
 command : openssl x509 -in ~/.globus/usercert.pem -subject -noout
 output : subject= /DC=ch/DC=cern/OU=Organic Units/OU=Users/CN=mmasciov/CN=720044/CN=Mario Masciovecchio

 error: 
 retcode : 0
DEBUG 2017-09-27 17:15:01,869: 	 Checking credentials
DEBUG 2017-09-27 17:15:01,869: 	 Found proxy file /tmp/x509up_u31607
DEBUG 2017-09-27 17:15:01,869: 	 Getting proxy life time left
DEBUG 2017-09-27 17:15:01,973: 	 Executing : 
 command : voms-proxy-info -file /tmp/x509up_u31607 -timeleft
 output : 86359

 error: 
 retcode : 0
DEBUG 2017-09-27 17:15:02,077: 	 Executing : 
 command : voms-proxy-info -file /tmp/x509up_u31607 -actimeleft
 output : 86358

 error: 
 retcode : 0
DEBUG 2017-09-27 17:15:02,077: 	 Proxy valid for 23:59:19 hours
DEBUG 2017-09-27 17:15:03,259: 	 Registering user credentials for server /DC=ch/DC=cern/OU=computers/CN=vocms(045|052|021|031|0118|0118a|0119|0108|0105|0109).cern.ch
DEBUG 2017-09-27 17:15:03,373: 	 Executing : 
 command : openssl x509 -in ~/.globus/usercert.pem -subject -noout
 output : subject= /DC=ch/DC=cern/OU=Organic Units/OU=Users/CN=mmasciov/CN=720044/CN=Mario Masciovecchio

 error: 
 retcode : 0
DEBUG 2017-09-27 17:15:03,373: 	 Getting myproxy life time left for myproxy.cern.ch
DEBUG 2017-09-27 17:15:03,373: 	 Calculating hash of /DC=ch/DC=cern/OU=Organic Units/OU=Users/CN=mmasciov/CN=720044/CN=Mario Masciovecchio_cmsweb.cern.ch for credential name
DEBUG 2017-09-27 17:15:04,579: 	 Executing : 
 command : myproxy-info -l 675d286d0e68c23071389f9d911f5838308f7790 -s myproxy.cern.ch
 output : username: 675d286d0e68c23071389f9d911f5838308f7790
owner: /DC=ch/DC=cern/OU=Organic Units/OU=Users/CN=mmasciov/CN=720044/CN=Mario Masciovecchio
  renewal policy: /DC=ch/DC=cern/OU=computers/CN=vocms(045|052|021|031|0118|0118a|0119|0108|0105|0109).cern.ch
  trusted retrieval policy: /DC=ch/DC=cern/OU=computers/CN=vocms(045|052|021|031|0118|0118a|0119|0108|0105|0109).cern.ch
  timeleft: 692:12:51  (28.8 days)

 error: 
 retcode : 0
DEBUG 2017-09-27 17:15:04,581: 	 Myproxy is valid: 2491971
DEBUG 2017-09-27 17:15:04,581: 	 Command use: resubmit
DEBUG 2017-09-27 17:15:04,581: 	 Options use: ['-d', 'crab_projects/crab_stoppedTracks_wlnu_ht1200to2500_Sep2017/']
DEBUG 2017-09-27 17:15:05,694: 	 CRABClient version: 3.3.1707.patch1
DEBUG 2017-09-27 17:15:05,694: 	 Instance is prod
DEBUG 2017-09-27 17:15:05,694: 	 Server base url is cmsweb.cern.ch
DEBUG 2017-09-27 17:15:05,694: 	 Command url /crabserver/prod/workflow
DEBUG 2017-09-27 17:15:05,694: 	 Executing command: 'status'
DEBUG 2017-09-27 17:15:05,695: 	 Found CRAB cache file /home/users/mmasciov/.crab3
DEBUG 2017-09-27 17:15:05,703: 	 Checking credentials
DEBUG 2017-09-27 17:15:05,704: 	 Found proxy file /tmp/x509up_u31607
DEBUG 2017-09-27 17:15:05,704: 	 Getting proxy life time left
DEBUG 2017-09-27 17:15:05,808: 	 Executing : 
 command : voms-proxy-info -file /tmp/x509up_u31607 -timeleft
 output : 86355

 error: 
 retcode : 0
DEBUG 2017-09-27 17:15:05,912: 	 Executing : 
 command : voms-proxy-info -file /tmp/x509up_u31607 -actimeleft
 output : 86355

 error: 
 retcode : 0
DEBUG 2017-09-27 17:15:05,913: 	 Proxy valid for 23:59:15 hours
DEBUG 2017-09-27 17:15:06,049: 	 Executing : 
 command : openssl x509 -in ~/.globus/usercert.pem -subject -noout
 output : subject= /DC=ch/DC=cern/OU=Organic Units/OU=Users/CN=mmasciov/CN=720044/CN=Mario Masciovecchio

 error: 
 retcode : 0
DEBUG 2017-09-27 17:15:06,050: 	 Checking credentials
DEBUG 2017-09-27 17:15:06,050: 	 Found proxy file /tmp/x509up_u31607
DEBUG 2017-09-27 17:15:06,050: 	 Getting proxy life time left
DEBUG 2017-09-27 17:15:06,155: 	 Executing : 
 command : voms-proxy-info -file /tmp/x509up_u31607 -timeleft
 output : 86354

 error: 
 retcode : 0
DEBUG 2017-09-27 17:15:06,259: 	 Executing : 
 command : voms-proxy-info -file /tmp/x509up_u31607 -actimeleft
 output : 86354

 error: 
 retcode : 0
DEBUG 2017-09-27 17:15:06,260: 	 Proxy valid for 23:59:14 hours
DEBUG 2017-09-27 17:15:07,453: 	 Registering user credentials for server /DC=ch/DC=cern/OU=computers/CN=vocms(045|052|021|031|0118|0118a|0119|0108|0105|0109).cern.ch
DEBUG 2017-09-27 17:15:07,566: 	 Executing : 
 command : openssl x509 -in ~/.globus/usercert.pem -subject -noout
 output : subject= /DC=ch/DC=cern/OU=Organic Units/OU=Users/CN=mmasciov/CN=720044/CN=Mario Masciovecchio

 error: 
 retcode : 0
DEBUG 2017-09-27 17:15:07,566: 	 Getting myproxy life time left for myproxy.cern.ch
DEBUG 2017-09-27 17:15:07,566: 	 Calculating hash of /DC=ch/DC=cern/OU=Organic Units/OU=Users/CN=mmasciov/CN=720044/CN=Mario Masciovecchio_cmsweb.cern.ch for credential name
DEBUG 2017-09-27 17:15:08,673: 	 Executing : 
 command : myproxy-info -l 675d286d0e68c23071389f9d911f5838308f7790 -s myproxy.cern.ch
 output : username: 675d286d0e68c23071389f9d911f5838308f7790
owner: /DC=ch/DC=cern/OU=Organic Units/OU=Users/CN=mmasciov/CN=720044/CN=Mario Masciovecchio
  renewal policy: /DC=ch/DC=cern/OU=computers/CN=vocms(045|052|021|031|0118|0118a|0119|0108|0105|0109).cern.ch
  trusted retrieval policy: /DC=ch/DC=cern/OU=computers/CN=vocms(045|052|021|031|0118|0118a|0119|0108|0105|0109).cern.ch
  timeleft: 692:12:47  (28.8 days)

 error: 
 retcode : 0
DEBUG 2017-09-27 17:15:08,673: 	 Myproxy is valid: 2491967
DEBUG 2017-09-27 17:15:08,673: 	 Command use: status
DEBUG 2017-09-27 17:15:08,673: 	 Options use: []
DEBUG 2017-09-27 17:15:09,808: 	 CRABClient version: 3.3.1707.patch1
DEBUG 2017-09-27 17:15:09,808: 	 Instance is prod
DEBUG 2017-09-27 17:15:09,808: 	 Server base url is cmsweb.cern.ch
DEBUG 2017-09-27 17:15:09,808: 	 Command url /crabserver/prod/workflow
DEBUG 2017-09-27 17:15:10,918: 	 Got information from server oracle database: {u'result': [u'170927_001111:mmasciov_crab_stoppedTracks_wlnu_ht1200to2500_Sep2017', u'None', u'SUBMITTED', u'2017-09-27 00:11:11.644393', u'None', u'2017-09-27 00:12:07.609808', u'None', u'CMSSW_8_0_26', u'slc6_amd64_gcc530', u'/WJetsToLNu_HT-1200To2500_TuneCUETP8M1_13TeV-madgraphMLM-pythia8/RunIISummer16DR80Premix-PUMoriond17_80X_mcRun2_asymptotic_2016_TrancheIV_v6-v1/AODSIM', u'[]', u'[]', u'FileBased', u"{'splitOnRun': False, 'halt_job_on_file_boundaries': False, 'files_per_job': 10, 'runs': [], 'lumis': []}", u'0', u'096c45fac4cc9544fb0fb3a8034e2490086c2dda4d7c4d34cc6e0c00a5ebe070.tar.gz', u'https://cmsweb.cern.ch/crabcache', u'mmasciov', u'/DC=ch/DC=cern/OU=Organic Units/OU=Users/CN=mmasciov/CN=720044/CN=Mario Masciovecchio', u'cms', u'None', u'None', u'WJetsLNu_HT1200to2500_Sep2017-00000000000000000000000000000000', u'T2_US_UCSD', u'https://cmsweb.cern.ch/dbs/prod/global/DBSReader', u'https://cmsweb.cern.ch/dbs/prod/phys03/DBSWriter', u'F', u'Analysis', u"{'maxjobruntime': 1250, 'priority': 10, 'site_blacklist': [], 'resubmit_jobids': [2], 'numcores': 1, 'site_whitelist': [], 'maxmemory': 2000, 'resubmit_publication': 0}", u'[]', u'F', u'vocms052', u'[]', u'1250', u'1', u'2000', u'10', u'None', u'http://vocms0155.cern.ch/mon/cms1422/170927_001111:mmasciov_crab_stoppedTracks_wlnu_ht1200to2500_Sep2017', u'None', u'None', u'[]', u'[]', u'[]', u'pythia', u'[]', u"['wlnu_ht1200to2500.root']", u'[]', u'https://cmsweb.cern.ch/crabserver/prod', u'None', u'0', u'cmsgwms-collector-global.cern.ch:9620,cmssrv221.fnal.gov:9620', u'crab3@vocms0155.cern.ch', u'F', u'[]', u'T', u'/store/user/mmasciov/', u'F', u'None', u'F', u'F', u'F', u'None', u'WJetsToLNu_HT-1200To2500_TuneCUETP8M1_13TeV-madgraphMLM-pythia8', u'filetransfers', u'None', u'13132967', u'ac377fb5607fa85fdd6dcfa30827dddbfca6d307ccbf1ce961e759f4a0fbe861.tar.gz', u'169.228.130.5', u'F', u'None'], u'desc': {u'columns': [u'tm_taskname', u'panda_jobset_id', u'tm_task_status', u'tm_start_time', u'tm_start_injection', u'tm_end_injection', u'tm_task_failure', u'tm_job_sw', u'tm_job_arch', u'tm_input_dataset', u'tm_site_whitelist', u'tm_site_blacklist', u'tm_split_algo', u'tm_split_args', u'tm_totalunits', u'tm_user_sandbox', u'tm_cache_url', u'tm_username', u'tm_user_dn', u'tm_user_vo', u'tm_user_role', u'tm_user_group', u'tm_publish_name', u'tm_asyncdest', u'tm_dbs_url', u'tm_publish_dbs_url', u'tm_publication', u'tm_job_type', u'tm_arguments', u'panda_resubmitted_jobs', u'tm_save_logs', u'tw_name', u'tm_user_infiles', u'tm_maxjobruntime', u'tm_numcores', u'tm_maxmemory', u'tm_priority', u'tm_output_dataset', u'tm_user_webdir', u'tm_activity', u'tm_scriptexe', u'tm_scriptargs', u'tm_extrajdl', u'tm_task_warnings', u'tm_generator', u'tm_outfiles', u'tm_tfile_outfiles', u'tm_edm_outfiles', u'tm_asourl', u'tm_events_per_lumi', u'tm_use_parent', u'tm_collector', u'tm_schedd', u'tm_dry_run', u'tm_user_files', u'tm_transfer_outputs', u'tm_output_lfn', u'tm_ignore_locality', u'tm_fail_limit', u'tm_one_event_mode', u'tm_publish_groupname', u'tm_nonvalid_input_dataset', u'tm_secondary_input_dataset', u'tm_primary_dataset', u'tm_asodb', u'tm_task_command', u'clusterid', u'tm_debug_files', u'tm_submitter_ip_addr', u'tm_ignore_global_blacklist', u'tm_last_publication']}}
INFO 2017-09-27 17:15:10,919: 	 CRAB project directory:		/home/users/mmasciov/MT2/8_0_26/src/Histo/HistoAnalyzer/python/crab_projects/crab_stoppedTracks_wlnu_ht1200to2500_Sep2017
INFO 2017-09-27 17:15:10,919: 	 Task name:			170927_001111:mmasciov_crab_stoppedTracks_wlnu_ht1200to2500_Sep2017
INFO 2017-09-27 17:15:10,919: 	 Grid scheduler:			crab3@vocms0155.cern.ch
INFO 2017-09-27 17:15:10,919: 	 Status on the CRAB server:	SUBMITTED
INFO 2017-09-27 17:15:10,919: 	 Task URL to use for HELP:	https://cmsweb.cern.ch/crabserver/ui/task/170927_001111%3Ammasciov_crab_stoppedTracks_wlnu_ht1200to2500_Sep2017
INFO 2017-09-27 17:15:10,920: 	 Dashboard monitoring URL:	http://dashb-cms-job.cern.ch/dashboard/templates/task-analysis/#user=mmasciov&refresh=0&table=Jobs&p=1&records=25&activemenu=2&status=&site=&tid=170927_001111%3Ammasciov_crab_stoppedTracks_wlnu_ht1200to2500_Sep2017
DEBUG 2017-09-27 17:15:10,920: 	 The CRAB server submitted your task to the Grid scheduler (cluster ID: 13132967)
DEBUG 2017-09-27 17:15:10,920: 	 Webdir is located at http://vocms0155.cern.ch/mon/cms1422/170927_001111:mmasciov_crab_stoppedTracks_wlnu_ht1200to2500_Sep2017
DEBUG 2017-09-27 17:15:12,039: 	 Proxied webdir is located at https://cmsweb.cern.ch/scheddmon/0155/cms1422/170927_001111:mmasciov_crab_stoppedTracks_wlnu_ht1200to2500_Sep2017
DEBUG 2017-09-27 17:15:12,039: 	 Retrieving 'status_cache' file from https://cmsweb.cern.ch/scheddmon/0155/cms1422/170927_001111:mmasciov_crab_stoppedTracks_wlnu_ht1200to2500_Sep2017/status_cache
DEBUG 2017-09-27 17:15:13,150: 	 Got information from status cache file: {'1': {'Retries': 0, 'WallDurations': [10.0, 8577.0], 'StartTimes': [1506471250.0], 'SubmitTimes': [1506471122.0], 'JobIds': ['13132970.0'], 'EndTimes': [1506479827.0], 'Restarts': 0, 'RecordedSite': True, 'State': 'finished', 'ResidentSetSize': [750472], 'TotalUserCpuTimeHistory': [5397], 'SiteHistory': ['Unknown', 'T2_US_UCSD'], 'TotalSysCpuTimeHistory': [60]}, '3': {'Retries': 2, 'WallDurations': [9.0, 7870.0, 8.0, 7271.0, 9.0, 4830.0], 'StartTimes': [1506471248.0, 1506481125.0, 1506490563.0], 'SubmitTimes': [1506471122.0, 1506480989.0, 1506490325.0], 'JobIds': ['13132972.0', '13135842.0', '13137032.0'], 'EndTimes': [1506479118.0, 1506488396.0, 1506495393.0], 'Restarts': 0, 'RecordedSite': True, 'State': 'finished', 'ResidentSetSize': [739628, 743424, 734808], 'TotalUserCpuTimeHistory': [7002, 6516, 4361], 'SiteHistory': ['Unknown', 'T2_US_Wisconsin', 'Unknown', 'T2_US_Wisconsin', 'Unknown', 'T2_US_MIT'], 'TotalSysCpuTimeHistory': [65, 66, 37]}, '2': {'Retries': 4, 'WallDurations': [8.0, 7089.0, 6273.0, 9776.0, 9.0, 7162.0, 9.0, 7572.0], 'StartTimes': [1506471247.0, 1506480433.0, 1506488874.0, 1506524628.0, 1506534358.0], 'SubmitTimes': [1506471122.0, 1506480210.0, 1506488636.0, 1506523965.0, 1506533840.0], 'JobIds': ['13132973.0', '13135790.0', '13136886.0', '13150389.0', '13153101.0'], 'TotalUserCpuTimeHistory': [6283, 5590, 8946, 6190, 7068], 'EndTimes': [1506478336.0, 1506486706.0, 1506498650.0, 1506531790.0, 1506541930.0], 'Restarts': 0, 'RecordedSite': True, 'State': 'finished', 'ResidentSetSize': [732928, 758940, 824708, 763964, 877400], 'Error': [90000, "Got recoverable stageout exception:\nStageout failed with code 1.\nThere were 1 failed/killed stageout jobs.\nFailure reasons (per document) follow:\n- 8285534785b70f1a1deeb87e65ee8fca93669574e496c2fadf7041cf:\n  ['Failure reason unavailable.']\n  The last failure reason is recoverable.", {}], 'SiteHistory': ['Unknown', 'T2_US_Purdue', 'T2_US_Wisconsin', 'T2_US_Wisconsin', 'Unknown', 'T2_US_Wisconsin', 'Unknown', 'T2_US_MIT'], 'TotalSysCpuTimeHistory': [62, 57, 94, 60, 43]}, '5': {'Retries': 0, 'WallDurations': [100.0, 235.7059609889984], 'StartTimes': [1506471247.0], 'SubmitTimes': [1506471122.0], 'JobIds': ['13132971.0'], 'EndTimes': [1506471347.0], 'Restarts': 0, 'RecordedSite': True, 'State': 'finished', 'ResidentSetSize': [23784], 'TotalUserCpuTimeHistory': [57], 'SiteHistory': ['Unknown', 'T2_US_Vanderbilt'], 'TotalSysCpuTimeHistory': [1]}, '4': {'Retries': 0, 'WallDurations': [8.0, 7413.0], 'StartTimes': [1506471246.0], 'SubmitTimes': [1506471122.0], 'JobIds': ['13132969.0'], 'EndTimes': [1506478659.0], 'Restarts': 0, 'RecordedSite': True, 'State': 'finished', 'ResidentSetSize': [726652], 'TotalUserCpuTimeHistory': [6742], 'SiteHistory': ['Unknown', 'T2_US_MIT'], 'TotalSysCpuTimeHistory': [68]}}
INFO 2017-09-27 17:15:13,150: 	 Status on the scheduler:	COMPLETED
INFO 2017-09-27 17:15:13,150: 	 
Jobs status:                    finished      100.0% (5/5)
INFO 2017-09-27 17:15:13,150: 	 
No publication information (publication has been disabled in the CRAB configuration file)
DEBUG 2017-09-27 17:15:13,158: 	 Requesting resubmission of failed jobs in task 170927_001111:mmasciov_crab_stoppedTracks_wlnu_ht1200to2500_Sep2017
ERROR 2017-09-27 17:15:13,158: 	 Found no jobs to resubmit. Only jobs in status failed can be resubmitted. Jobs in status finished can also be resubmitted, but only if the jobids are specified and the force option is set.
ERROR 2017-09-27 17:15:13,158: 	 Caught exception
Traceback (most recent call last):
  File "/cvmfs/cms.cern.ch/crab3/slc6_amd64_gcc493/cms/crabclient/3.3.1707.patch1/bin/crab", line 160, in <module>
    client()
  File "/cvmfs/cms.cern.ch/crab3/slc6_amd64_gcc493/cms/crabclient/3.3.1707.patch1/bin/crab", line 148, in __call__
    self.cmd()
  File "/cvmfs/cms.cern.ch/crab3/slc6_amd64_gcc493/cms/crabclient/3.3.1707.patch1/lib/python2.7/site-packages/CRABClient/Commands/resubmit.py", line 60, in __call__
    self.jobids = self.processJobIds(jobList)
  File "/cvmfs/cms.cern.ch/crab3/slc6_amd64_gcc493/cms/crabclient/3.3.1707.patch1/lib/python2.7/site-packages/CRABClient/Commands/resubmit.py", line 161, in processJobIds
    raise ConfigurationException(msg)
ConfigurationException: Found no jobs to resubmit. Only jobs in status failed can be resubmitted. Jobs in status finished can also be resubmitted, but only if the jobids are specified and the force option is set.
